APRINT
APRINT0
ASCII
BLANKS
BLPRINT
BOX0
BUTTONPRESS
CALCFIELDS
CHANGECLR
COMPACT
DATE2NUM
DISPLAYSCRN
DOSERROR
DOSVER
EDATE2NUM
EDITFORM
ENUM2DATE
EXIST
FCLOSE
FGET
FGETA
FGETT
FILESIZE
FILEVIEW
FINDLAST
FLINPUT
FLOF
FOPEN
FSEEK
FUDGEFACTOR
FUSING
GETCURSOR
GETFLDDEF
GETVMODE
HIDECURSOR
INCOUNT
INITMOUSE
LIB2SCRN
LIBFILE2SCRN
LIBGETADDRESSES
LIBGETFLDDEF
LIBNO
LIBNUMBEROFFIELDS
LIBSCRNAME
LOADSCREEN
LOADSCRNLIB
MAXINT
MBUFFSIZE
MGETKEY
MGETSTATE
MININT
MONITOR
MOUSETRAP
MOVESCREEN
MPAINTBOX
MPRESTORE
MQPRINT
MSCRNREST
MSCRNSAVE
MSETSTATE
NULL
NUM2DATE
NUMBEROFFIELDS
PAUSE
PAUSE3
PDQTIMER
PEEK1
PMATCH
PRINTARRAY
PROPERNAME
QBLOAD
QINSTRB
QPRINTRC
QPRTRIM
QPTRIM
SAVEFIELD
SCRNLIBSIZE
SCROLLD
SCROLLL
SCROLLR
SCROLLU
SHOWCURSOR
SORTT2
SPLITCOLOR
STUFFBUF
TEXTCURSOR
TRAPINT
UNPACKBUFFER
VERTMENU
WAITKEY
WRITESCREEN
