CMDHCOM.LOG                Ver. 2.00        (C) Copyright Husky Computers Ltd. December 1993.
15/11/102 15:56:32  Data transfer completed on handheld.
15/11/102 16:21:39  Transmit UBCUSTTR.DAT 
15/11/102 16:21:59  Data transfer completed on handheld.
18/11/102 15:58:04  Receive UBCUSTTR.DAT 
18/11/102 15:58:28  Data transfer completed on handheld.
18/11/102 15:59:36  Transmit UBCUSTTR.DAT 
18/11/102 16:00:04  Data transfer completed on handheld.
19/11/102 16:04:17  ERROR: Could not connect to handheld.
19/11/102 16:05:26  Receive UBCUSTTR.DAT 
19/11/102 16:05:57  Data transfer completed on handheld.
10/12/102 15:02:48  Transmit UBCUSTTR.DAT 
10/12/102 15:03:21  Data transfer completed on handheld.
10/12/102 15:03:55  Transmit UBCUSTTR.DAT 
10/12/102 15:04:42  Data transfer completed on handheld.
12/12/102 16:50:52  Receive UBCUSTTR.DAT 
12/12/102 16:51:54  Data transfer completed on handheld.
12/12/102 16:52:55  Transmit UBCUSTTR.DAT 
12/12/102 16:53:33  Data transfer completed on handheld.
12/12/102 16:54:08  Receive UBCUSTTR.DAT 
12/12/102 16:54:51  Data transfer completed on handheld.
12/12/102 16:56:09  Transmit UBCUSTTR.DAT 
12/12/102 16:56:41  Data transfer completed on handheld.
16/12/102 15:47:22  Receive UBCUSTTR.DAT 
16/12/102 15:47:58  Data transfer completed on handheld.
16/12/102 15:49:22  Transmit UBCUSTTR.DAT 
16/12/102 15:49:43  Data transfer completed on handheld.
16/12/102 15:50:35  Receive UBCUSTTR.DAT 
16/12/102 15:51:23  Data transfer completed on handheld.
16/12/102 15:54:15  Transmit UBCUSTTR.DAT 
16/12/102 15:54:43  Data transfer completed on handheld.
17/12/102 16:04:07  Receive UBCUSTTR.DAT 
17/12/102 16:04:50  Data transfer completed on handheld.
17/12/102 16:06:04  Receive UBCUSTTR.DAT 
17/12/102 16:06:29  Data transfer completed on handheld.
10/01/103 13:50:21  Transmit UBCUSTTR.DAT 
10/01/103 13:50:54  Data transfer completed on handheld.
10/01/103 13:51:21  Transmit UBCUSTTR.DAT 
10/01/103 13:52:08  Data transfer completed on handheld.
14/01/103 15:46:09  Receive UBCUSTTR.DAT 
14/01/103 15:46:51  Data transfer completed on handheld.
14/01/103 15:50:28  Receive UBCUSTTR.DAT 
14/01/103 15:50:36  Data transfer completed on handheld.
14/01/103 15:52:16  Receive UBCUSTTR.DAT 
14/01/103 15:53:15  Data transfer completed on handheld.
14/01/103 15:54:22  Transmit UBCUSTTR.DAT 
14/01/103 15:55:00  Data transfer completed on handheld.
14/01/103 15:55:42  Transmit UBCUSTTR.DAT 
14/01/103 15:56:14  Data transfer completed on handheld.
16/01/103 15:25:52  Receive UBCUSTTR.DAT 
16/01/103 15:26:28  Data transfer completed on handheld.
16/01/103 15:27:25  Transmit UBCUSTTR.DAT 
16/01/103 15:27:45  Data transfer completed on handheld.
16/01/103 15:41:22  Receive UBCUSTTR.DAT 
16/01/103 15:42:06  Data transfer completed on handheld.
16/01/103 15:46:45  Transmit UBCUSTTR.DAT 
16/01/103 15:47:14  Data transfer completed on handheld.
17/01/103 16:07:01  Receive UBCUSTTR.DAT 
17/01/103 16:07:34  Data transfer completed on handheld.
17/01/103 16:09:02  Receive UBCUSTTR.DAT 
17/01/103 16:09:25  Data transfer completed on handheld.
13/02/103 16:13:58  Transmit UBCUSTTR.DAT 
13/02/103 16:14:31  Data transfer completed on handheld.
13/02/103 16:14:58  Transmit UBCUSTTR.DAT 
13/02/103 16:15:45  Data transfer completed on handheld.
11/02/103 15:41:09  Receive UBCUSTTR.DAT 
11/02/103 15:41:52  Data transfer completed on handheld.
11/02/103 15:43:33  Transmit UBCUSTTR.DAT 
11/02/103 15:44:16  Data transfer completed on handheld.
11/02/103 15:52:51  Receive UBCUSTTR.DAT 
11/02/103 15:53:56  Data transfer completed on handheld.
11/02/103 15:57:50  Transmit UBCUSTTR.DAT 
11/02/103 15:58:22  Data transfer completed on handheld.
14/02/103  8:39:30  Receive UBCUSTTR.DAT 
14/02/103  8:40:22  Data transfer completed on handheld.
14/02/103  8:41:43  Transmit UBCUSTTR.DAT 
14/02/103  8:42:04  Data transfer completed on handheld.
14/02/103  8:42:55  Receive UBCUSTTR.DAT 
14/02/103  8:43:28  Data transfer completed on handheld.
14/02/103  8:44:30  Transmit UBCUSTTR.DAT 
14/02/103  8:44:59  Data transfer completed on handheld.
20/02/103 11:55:47  ERROR: Could not connect to handheld.
20/02/103 11:56:14  Receive UBCUSTTR.DAT 
20/02/103 11:56:54  Data transfer completed on handheld.
20/02/103 11:57:40  ERROR: Could not connect to handheld.
20/02/103 11:58:42  ERROR: Could not connect to handheld.
20/02/103 12:00:12  ERROR: Could not connect to handheld.
20/02/103 12:00:25  Receive UBCUSTTR.DAT 
20/02/103 12:00:53  Data transfer completed on handheld.
12/03/103 16:14:13  Transmit UBCUSTTR.DAT 
12/03/103 16:14:49  Data transfer completed on handheld.
12/03/103 16:15:49  ERROR: Could not connect to handheld.
12/03/103 16:16:50  ERROR: Could not connect to handheld.
12/03/103 16:17:43  ERROR: Could not connect to handheld.
12/03/103 16:18:37  Transmit UBCUSTTR.DAT 
12/03/103 16:19:28  Data transfer completed on handheld.
16/03/103 15:52:29  Receive UBCUSTTR.DAT 
16/03/103 15:53:24  Data transfer completed on handheld.
16/03/103 15:54:18  Transmit UBCUSTTR.DAT 
16/03/103 15:54:58  Data transfer completed on handheld.
16/03/103 15:58:32  Receive UBCUSTTR.DAT 
16/03/103 15:59:10  Data transfer completed on handheld.
16/03/103 16:02:20  Transmit UBCUSTTR.DAT 
16/03/103 16:02:55  Data transfer completed on handheld.
20/03/103  9:07:12  Connected at 19200                
20/03/103  9:07:12  Receive UBCUSTTR.DAT 
20/03/103  9:07:53  Data transfer completed on handheld.
20/03/103  9:10:01  Transmit UBCUSTTR.DAT 
20/03/103  9:10:26  Data transfer completed on handheld.
20/03/103  9:12:07  Receive UBCUSTTR.DAT 
20/03/103  9:12:41  Data transfer completed on handheld.
20/03/103  9:15:08  Transmit UBCUSTTR.DAT 
20/03/103  9:15:43  Data transfer completed on handheld.
20/03/103 16:16:35  Receive UBCUSTTR.DAT 
20/03/103 16:17:08  Data transfer completed on handheld.
20/03/103 16:18:19  Receive UBCUSTTR.DAT 
20/03/103 16:18:43  Data transfer completed on handheld.
10/04/103 14:02:45  Connected at 19200                
10/04/103 14:02:45  Transmit UBCUSTTR.DAT 
10/04/103 14:03:24  Data transfer completed on handheld.
10/04/103 14:04:13  Transmit UBCUSTTR.DAT 
10/04/103 14:05:09  Data transfer completed on handheld.
10/04/103 16:07:08  Connected at 19200                
10/04/103 16:07:09  Receive UBCUSTTR.DAT 
10/04/103 16:08:04  Data transfer completed on handheld.
10/04/103 16:10:47  Transmit UBCUSTTR.DAT 
10/04/103 16:11:28  Data transfer completed on handheld.
10/04/103 16:12:14  Receive UBCUSTTR.DAT 
10/04/103 16:12:53  Data transfer completed on handheld.
10/04/103 16:14:55  Transmit UBCUSTTR.DAT 
10/04/103 16:15:29  Data transfer completed on handheld.
13/04/103  9:14:52  Connected at 19200                
13/04/103  9:14:52  Receive UBCUSTTR.DAT 
13/04/103  9:15:26  Data transfer completed on handheld.
13/04/103  9:16:47  Transmit UBCUSTTR.DAT 
13/04/103  9:17:12  Data transfer completed on handheld.
13/04/103  9:18:11  Receive UBCUSTTR.DAT 
13/04/103  9:18:52  Data transfer completed on handheld.
13/04/103  9:20:13  Transmit UBCUSTTR.DAT 
13/04/103  9:20:48  Data transfer completed on handheld.
13/04/103 16:15:58  Receive UBCUSTTR.DAT 
13/04/103 16:16:29  Data transfer completed on handheld.
13/04/103 16:17:23  Receive UBCUSTTR.DAT 
13/04/103 16:17:45  Data transfer completed on handheld.
13/05/103 16:08:34  Transmit UBCUSTTR.DAT 
13/05/103 16:09:13  Data transfer completed on handheld.
13/05/103 16:09:57  Transmit UBCUSTTR.DAT 
13/05/103 16:10:53  Data transfer completed on handheld.
12/05/103 16:39:41  Receive UBCUSTTR.DAT 
12/05/103 16:40:36  Data transfer completed on handheld.
12/05/103 16:41:27  Transmit UBCUSTTR.DAT 
12/05/103 16:42:08  Data transfer completed on handheld.
12/05/103 16:43:11  Receive UBCUSTTR.DAT 
12/05/103 16:43:49  Data transfer completed on handheld.
12/05/103 16:44:54  Transmit UBCUSTTR.DAT 
12/05/103 16:45:29  Data transfer completed on handheld.
16/05/103 16:54:39  Connected at 19200                
16/05/103 16:54:39  Receive UBCUSTTR.DAT 
16/05/103 16:55:17  Data transfer completed on handheld.
16/05/103 16:58:03  Transmit UBCUSTTR.DAT 
16/05/103 16:58:25  Data transfer completed on handheld.
16/05/103 16:58:50  Receive UBCUSTTR.DAT 
16/05/103 16:59:35  Data transfer completed on handheld.
16/05/103 17:03:33  Transmit UBCUSTTR.DAT 
16/05/103 17:04:04  Data transfer completed on handheld.
26/05/103  9:39:50  Connected at 19200                
26/05/103  9:39:51  Receive UBCUSTTR.DAT 
26/05/103  9:40:12  Data transfer completed on handheld.
26/05/103  9:41:51  Receive UBCUSTTR.DAT 
26/05/103  9:42:21  Data transfer completed on handheld.
12/06/103 13:46:17  Connected at 19200                
12/06/103 13:46:17  Transmit UBCUSTTR.DAT 
12/06/103 13:46:52  Data transfer completed on handheld.
12/06/103 13:48:29  Transmit UBCUSTTR.DAT 
12/06/103 13:49:18  Data transfer completed on handheld.
14/06/103 16:55:52  Connected at 19200                
14/06/103 16:55:52  Receive UBCUSTTR.DAT 
14/06/103 16:56:46  Data transfer completed on handheld.
14/06/103 16:57:43  Transmit UBCUSTTR.DAT 
14/06/103 16:58:23  Data transfer completed on handheld.
14/06/103 16:59:32  Receive UBCUSTTR.DAT 
14/06/103 17:00:35  ERROR: Receive - Communications Failure.
14/06/103 17:01:25  Receive UBCUSTTR.DAT 
14/06/103 17:02:28  ERROR: Receive - Communications Failure.
14/06/103 17:03:20  ERROR: Could not connect to handheld.
14/06/103 17:03:34  Receive UBCUSTTR.DAT 
14/06/103 17:04:37  ERROR: Receive - Communications Failure.
14/06/103 17:05:41  Receive UBCUSTTR.DAT 
14/06/103 17:06:44  ERROR: Receive - Communications Failure.
14/06/103 17:06:54  ERROR: Could not connect to handheld.
15/06/103 11:28:29  ERROR: Could not connect to handheld.
15/06/103 11:28:51  ERROR: Could not connect to handheld.
15/06/103 11:29:43  ERROR: Could not connect to handheld.
15/06/103 11:45:43  ERROR: Could not connect to handheld.
15/06/103 11:52:21  Connected at 19200                
15/06/103 11:52:21  Receive UBCUSTTR.DAT 
15/06/103 11:53:21  ERROR: Receive - Communications Failure.
16/06/103 16:18:39  Connected at 19200                
16/06/103 16:18:39  Receive UBCUSTTR.DAT 
16/06/103 16:19:22  Data transfer completed on handheld.
16/06/103 16:20:17  Transmit UBCUSTTR.DAT 
16/06/103 16:20:39  Data transfer completed on handheld.
17/06/103 16:26:29  Connected at 19200                
17/06/103 16:26:29  Receive UBCUSTTR.DAT 
17/06/103 16:26:51  Data transfer completed on handheld.
09/07/103 16:42:34  Connected at 19200                
09/07/103 16:42:34  Transmit UBCUSTTR.DAT 
09/07/103 16:43:09  Data transfer completed on handheld.
09/07/103 16:44:05  ERROR: Could not connect to handheld.
09/07/103 16:44:50  Transmit UBCUSTTR.DAT 
09/07/103 16:45:40  Data transfer completed on handheld.
13/07/103 16:28:02  Receive UBCUSTTR.DAT 
13/07/103 16:28:57  Data transfer completed on handheld.
13/07/103 16:29:52  Transmit UBCUSTTR.DAT 
13/07/103 16:30:32  Data transfer completed on handheld.
13/07/103 16:32:16  Receive UBCUSTTR.DAT 
13/07/103 16:32:53  Data transfer completed on handheld.
13/07/103 16:34:02  Transmit UBCUSTTR.DAT 
13/07/103 16:34:37  Data transfer completed on handheld.
15/07/103 16:47:27  ERROR: Could not connect to handheld.
15/07/103 16:47:44  Receive UBCUSTTR.DAT 
15/07/103 16:48:24  Data transfer completed on handheld.
15/07/103 16:49:08  Transmit UBCUSTTR.DAT 
15/07/103 16:49:33  Data transfer completed on handheld.
15/07/103 16:51:42  Receive UBCUSTTR.DAT 
15/07/103 16:52:16  Data transfer completed on handheld.
15/07/103 16:53:03  Transmit UBCUSTTR.DAT 
15/07/103 16:53:36  Data transfer completed on handheld.
24/07/103 11:07:39  Connected at 19200                
24/07/103 11:07:39  Receive UBCUSTTR.DAT 
24/07/103 11:08:09  Data transfer completed on handheld.
24/07/103 11:12:38  Receive UBCUSTTR.DAT 
24/07/103 11:13:00  Data transfer completed on handheld.
12/08/103 16:42:13  Connected at 19200                
12/08/103 16:42:13  Transmit UBCUSTTR.DAT 
12/08/103 16:42:47  Data transfer completed on handheld.
12/08/103 16:46:23  Transmit UBCUSTTR.DAT 
12/08/103 16:47:13  Data transfer completed on handheld.
10/08/103 16:33:59  Connected at 19200                
10/08/103 16:33:59  Receive UBCUSTTR.DAT 
10/08/103 16:34:37  Data transfer completed on handheld.
10/08/103 16:36:48  Transmit UBCUSTTR.DAT 
10/08/103 16:37:28  Data transfer completed on handheld.
10/08/103 16:39:43  Receive UBCUSTTR.DAT 
10/08/103 16:40:38  Data transfer completed on handheld.
10/08/103 16:42:46  Transmit UBCUSTTR.DAT 
10/08/103 16:43:21  Data transfer completed on handheld.
18/08/103 17:00:25  Receive UBCUSTTR.DAT 
18/08/103 17:01:04  Data transfer completed on handheld.
18/08/103 17:05:45  Receive UBCUSTTR.DAT 
18/08/103 17:06:24  Data transfer completed on handheld.
18/08/103 17:08:23  Receive UBCUSTTR.DAT 
18/08/103 17:09:06  Data transfer completed on handheld.
18/08/103 17:10:56  Transmit UBCUSTTR.DAT 
18/08/103 17:11:18  Data transfer completed on handheld.
18/08/103 17:12:03  Transmit UBCUSTTR.DAT 
18/08/103 17:12:33  Data transfer completed on handheld.
19/08/103 16:40:12  Connected at 19200                
19/08/103 16:40:13  Receive UBCUSTTR.DAT 
19/08/103 16:40:43  Data transfer completed on handheld.
19/08/103 16:43:23  Receive UBCUSTTR.DAT 
19/08/103 16:43:44  Data transfer completed on handheld.
12/09/103 17:09:35  Connected at 19200                
12/09/103 17:09:35  Transmit UBCUSTTR.DAT 
12/09/103 17:10:13  Data transfer completed on handheld.
12/09/103 17:10:51  Transmit UBCUSTTR.DAT 
12/09/103 17:11:46  Data transfer completed on handheld.
12/09/103 16:56:17  Connected at 19200                
12/09/103 16:56:17  Receive UBCUSTTR.DAT 
12/09/103 16:57:12  Data transfer completed on handheld.
12/09/103 16:58:59  Transmit UBCUSTTR.DAT 
12/09/103 16:59:39  Data transfer completed on handheld.
12/09/103 17:02:06  Receive UBCUSTTR.DAT 
12/09/103 17:02:44  Data transfer completed on handheld.
12/09/103 17:03:49  Transmit UBCUSTTR.DAT 
12/09/103 17:04:25  Data transfer completed on handheld.
14/09/103 17:07:04  Connected at 19200                
14/09/103 17:07:04  Receive UBCUSTTR.DAT 
14/09/103 17:07:39  Data transfer completed on handheld.
14/09/103 17:09:06  Transmit UBCUSTTR.DAT 
14/09/103 17:09:30  Data transfer completed on handheld.
14/09/103 17:10:22  Receive UBCUSTTR.DAT 
14/09/103 17:11:01  Data transfer completed on handheld.
14/09/103 17:12:39  Transmit UBCUSTTR.DAT 
14/09/103 17:13:13  Data transfer completed on handheld.
15/09/103 15:55:01  Connected at 19200                
15/09/103 15:55:01  Receive UBCUSTTR.DAT 
15/09/103 15:55:35  Data transfer completed on handheld.
15/09/103 16:07:35  Receive UBCUSTTR.DAT 
15/09/103 16:07:59  Data transfer completed on handheld.
10/10/103 12:54:17  Transmit UBCUSTTR.DAT 
10/10/103 12:54:52  Data transfer completed on handheld.
10/10/103 12:55:45  Transmit UBCUSTTR.DAT 
10/10/103 12:56:34  Data transfer completed on handheld.
14/10/103 16:13:10  Connected at 19200                
14/10/103 16:13:10  Receive UBCUSTTR.DAT 
14/10/103 16:13:47  Data transfer completed on handheld.
14/10/103 16:14:47  Transmit UBCUSTTR.DAT 
14/10/103 16:15:37  Data transfer completed on handheld.
14/10/103 16:16:42  Transmit UBCUSTTR.DAT 
14/10/103 16:17:22  Data transfer completed on handheld.
14/10/103 16:18:16  Receive UBCUSTTR.DAT 
14/10/103 16:19:11  Data transfer completed on handheld.
14/10/103 16:42:49  Transmit UBCUSTTR.DAT 
14/10/103 16:43:24  Data transfer completed on handheld.
16/10/103 16:09:55  Connected at 19200                
16/10/103 16:09:55  Receive UBCUSTTR.DAT 
16/10/103 16:10:33  Data transfer completed on handheld.
16/10/103 16:12:08  Transmit UBCUSTTR.DAT 
16/10/103 16:12:29  Data transfer completed on handheld.
16/10/103 16:13:52  Receive UBCUSTTR.DAT 
16/10/103 16:14:35  Data transfer completed on handheld.
16/10/103 16:15:59  Transmit UBCUSTTR.DAT 
16/10/103 16:16:30  Data transfer completed on handheld.
17/10/103 15:55:37  Receive UBCUSTTR.DAT 
17/10/103 15:56:10  Data transfer completed on handheld.
17/10/103 16:13:18  Receive UBCUSTTR.DAT 
17/10/103 16:13:42  Data transfer completed on handheld.
10/11/103 15:38:42  Connected at 19200                
10/11/103 15:38:42  Transmit UBCUSTTR.DAT 
10/11/103 15:39:16  Data transfer completed on handheld.
10/11/103 15:58:14  Transmit UBCUSTTR.DAT 
10/11/103 15:59:04  Data transfer completed on handheld.
14/11/103 16:59:58  Connected at 19200                
14/11/103 16:59:58  Receive UBCUSTTR.DAT 
14/11/103 17:00:47  Data transfer completed on handheld.
14/11/103 17:09:02  Transmit UBCUSTTR.DAT 
14/11/103 17:09:47  Data transfer completed on handheld.
14/11/103 17:11:40  Receive UBCUSTTR.DAT 
14/11/103 17:12:14  Data transfer completed on handheld.
14/11/103 17:14:26  Transmit UBCUSTTR.DAT 
14/11/103 17:15:05  Data transfer completed on handheld.
17/11/103  9:16:45  Connected at 19200                
17/11/103  9:16:45  Receive UBCUSTTR.DAT 
17/11/103  9:17:25  Data transfer completed on handheld.
17/11/103  9:18:46  Receive UBCUSTTR.DAT 
17/11/103  9:19:21  Data transfer completed on handheld.
