Invoice Posting started @ 14:50:18 on 01-26-2005
Invoice Posting started @ 17:22:14 on 02-07-2005
Invoice Posting started @ 14:59:45 on 03-01-2005
Invoice Posting started @ 12:04:48 on 03-08-2005
Invoice Posting started @ 10:57:40 on 03-24-2005
Invoice Posting started @ 14:46:55 on 04-04-2005
Invoice Posting started @ 14:51:30 on 04-12-2005
Invoice Posting started @ 14:35:16 on 04-15-2005
Invoice Posting started @ 14:45:08 on 04-27-2005
Invoice Posting started @ 15:07:30 on 04-29-2005
Invoice Posting started @ 16:54:37 on 05-10-2005
Invoice Posting started @ 10:43:17 on 05-17-2005
Invoice Posting started @ 10:43:50 on 05-20-2005
Invoice Posting started @ 10:48:27 on 05-24-2005
Invoice Posting started @ 15:17:08 on 05-26-2005
Invoice Posting started @ 12:21:45 on 06-01-2005
Invoice Posting started @ 13:13:55 on 06-07-2005
Invoice Posting started @ 17:06:27 on 06-14-2005
Invoice Posting started @ 11:00:45 on 06-23-2005
Invoice Posting started @ 14:49:56 on 06-29-2005
Invoice Posting started @ 15:49:15 on 07-01-2005
Invoice Posting started @ 11:35:29 on 07-14-2005
Invoice Posting started @ 16:27:44 on 07-20-2005
Invoice Posting started @ 11:54:58 on 07-27-2005
Invoice Posting started @ 11:58:40 on 07-27-2005
Invoice Posting started @ 15:25:56 on 07-29-2005
Invoice Posting started @ 16:13:28 on 08-10-2005
Invoice Posting started @ 15:18:12 on 08-22-2005
Invoice Posting started @ 17:02:50 on 08-30-2005
Invoice Posting started @ 11:18:48 on 09-07-2005
Invoice Posting started @ 12:52:41 on 09-13-2005
Invoice Posting started @ 10:42:55 on 09-21-2005
Invoice Posting started @ 14:01:57 on 09-28-2005
Invoice Posting started @ 14:09:08 on 09-30-2005
Invoice Posting started @ 12:09:27 on 10-05-2005
Invoice Posting started @ 12:20:47 on 10-05-2005
Invoice Posting started @ 14:17:54 on 10-11-2005
Invoice Posting started @ 09:53:47 on 10-12-2005
Invoice Posting started @ 10:50:18 on 10-20-2005
Invoice Posting started @ 11:36:54 on 10-27-2005
Invoice Posting started @ 16:02:15 on 11-02-2005
Invoice Posting started @ 14:50:10 on 11-08-2005
Invoice Posting started @ 15:52:53 on 11-08-2005
Invoice Posting started @ 11:38:12 on 11-16-2005
Invoice Posting started @ 10:17:58 on 11-22-2005
Invoice Posting started @ 15:44:59 on 11-30-2005
Invoice Posting started @ 11:12:10 on 12-07-2005
Invoice Posting started @ 14:59:36 on 12-08-2005
Invoice Posting started @ 13:26:13 on 12-14-2005
Invoice Posting started @ 09:28:59 on 12-20-2005
Invoice Posting started @ 09:54:11 on 12-20-2005
Invoice Posting started @ 15:55:07 on 12-29-2005
Invoice Posting started @ 16:59:50 on 01-05-2006
Invoice Posting started @ 11:46:50 on 01-11-2006
Invoice Posting started @ 15:27:54 on 01-18-2006
Invoice Posting started @ 11:03:34 on 01-24-2006
Invoice Posting started @ 10:44:55 on 02-01-2006
Invoice Posting started @ 12:18:26 on 02-08-2006
Invoice Posting started @ 11:09:47 on 02-22-2006
Invoice Posting started @ 10:49:51 on 03-01-2006
Invoice Posting started @ 11:57:11 on 03-03-2006
Invoice Posting started @ 14:45:01 on 03-08-2006
Invoice Posting started @ 16:26:59 on 03-13-2006
Invoice Posting started @ 16:36:26 on 03-13-2006
Invoice Posting started @ 10:14:12 on 03-22-2006
Invoice Posting started @ 10:59:05 on 03-30-2006
Invoice Posting started @ 13:47:58 on 04-05-2006
Invoice Posting started @ 10:37:24 on 04-13-2006
Invoice Posting started @ 14:37:27 on 04-20-2006
Invoice Posting started @ 14:28:16 on 04-24-2006
Invoice Posting started @ 16:28:29 on 05-01-2006
Invoice Posting started @ 11:43:59 on 05-03-2006
Invoice Posting started @ 11:00:58 on 05-09-2006
Invoice Posting started @ 14:39:12 on 05-10-2006
Invoice Posting started @ 10:59:07 on 05-18-2006
Invoice Posting started @ 15:34:28 on 05-26-2006
Invoice Posting started @ 10:40:55 on 05-31-2006
Invoice Posting started @ 16:48:35 on 06-01-2006
Invoice Posting started @ 12:27:39 on 06-07-2006
Invoice Posting started @ 11:47:16 on 06-14-2006
Invoice Posting started @ 15:19:52 on 06-14-2006
Invoice Posting started @ 14:45:07 on 06-22-2006
Invoice Posting started @ 12:50:14 on 06-30-2006
Invoice Posting started @ 16:14:29 on 06-30-2006
Invoice Posting started @ 19:00:02 on 07-10-2006
Invoice Posting started @ 17:08:23 on 07-13-2006
Invoice Posting started @ 15:48:11 on 07-14-2006
Invoice Posting started @ 11:38:17 on 07-18-2006
Invoice Posting started @ 11:44:20 on 07-26-2006
Invoice Posting started @ 17:01:43 on 08-10-2006
Invoice Posting started @ 15:32:03 on 08-22-2006
Invoice Posting started @ 15:14:12 on 08-30-2006
Invoice Posting started @ 15:12:28 on 09-08-2006
Invoice Posting started @ 15:32:21 on 09-14-2006
Invoice Posting started @ 14:42:56 on 09-21-2006
Invoice Posting started @ 16:02:38 on 09-29-2006
Invoice Posting started @ 11:34:08 on 10-03-2006
Invoice Posting started @ 09:54:58 on 10-13-2006
Invoice Posting started @ 16:50:23 on 10-19-2006
Invoice Posting started @ 13:43:18 on 11-01-2006
Invoice Posting started @ 13:53:04 on 11-01-2006
Invoice Posting started @ 16:14:10 on 11-08-2006
Invoice Posting started @ 14:56:55 on 11-14-2006
Invoice Posting started @ 12:32:00 on 11-16-2006
Invoice Posting started @ 16:38:22 on 11-22-2006
Invoice Posting started @ 12:44:40 on 11-30-2006
Invoice Posting started @ 14:44:50 on 12-06-2006
Invoice Posting started @ 14:38:08 on 12-15-2006
Invoice Posting started @ 15:30:05 on 01-03-2007
Invoice Posting started @ 16:04:13 on 01-09-2007
Invoice Posting started @ 16:06:41 on 01-29-2007
Invoice Posting started @ 14:38:48 on 01-31-2007
Invoice Posting started @ 14:44:36 on 02-16-2007
Invoice Posting started @ 12:25:34 on 02-28-2007
Invoice Posting started @ 10:29:36 on 03-01-2007
Invoice Posting started @ 09:11:50 on 03-09-2007
Invoice Posting started @ 15:36:22 on 03-13-2007
Invoice Posting started @ 16:10:51 on 03-22-2007
Invoice Posting started @ 15:43:05 on 03-27-2007
Invoice Posting started @ 15:05:31 on 04-02-2007
Invoice Posting started @ 16:33:59 on 04-13-2007
Invoice Posting started @ 16:26:14 on 04-24-2007
Invoice Posting started @ 16:51:47 on 04-24-2007
Invoice Posting started @ 16:49:29 on 04-27-2007
Invoice Posting started @ 13:31:21 on 05-02-2007
Invoice Posting started @ 16:38:39 on 05-09-2007
Invoice Posting started @ 15:16:01 on 05-11-2007
Invoice Posting started @ 11:16:09 on 06-01-2007
Invoice Posting started @ 15:38:54 on 06-15-2007
Invoice Posting started @ 11:45:45 on 06-19-2007
Invoice Posting started @ 11:58:35 on 06-19-2007
Invoice Posting started @ 16:27:33 on 06-19-2007
Invoice Posting started @ 17:23:21 on 06-29-2007
Invoice Posting started @ 14:39:17 on 07-02-2007
Invoice Posting started @ 15:41:57 on 07-02-2007
Invoice Posting started @ 12:25:43 on 07-18-2007
Invoice Posting started @ 14:23:38 on 07-19-2007
Invoice Posting started @ 12:43:06 on 07-27-2007
Invoice Posting started @ 16:36:04 on 07-27-2007
Invoice Posting started @ 16:27:54 on 08-10-2007
Invoice Posting started @ 14:29:28 on 08-20-2007
Invoice Posting started @ 15:24:47 on 08-31-2007
Invoice Posting started @ 15:26:23 on 08-31-2007
Invoice Posting started @ 15:12:54 on 09-20-2007
Invoice Posting started @ 15:31:37 on 09-28-2007
Invoice Posting started @ 12:22:05 on 10-05-2007
Invoice Posting started @ 16:47:43 on 10-12-2007
Invoice Posting started @ 15:41:41 on 10-24-2007
Invoice Posting started @ 10:56:49 on 11-02-2007
Invoice Posting started @ 15:41:55 on 11-09-2007
Invoice Posting started @ 17:06:38 on 11-20-2007
Invoice Posting started @ 16:06:44 on 11-30-2007
Invoice Posting started @ 16:40:57 on 12-10-2007
Invoice Posting started @ 11:04:01 on 12-17-2007
Invoice Posting started @ 12:05:55 on 12-17-2007
Invoice Posting started @ 14:31:51 on 01-03-2008
Invoice Posting started @ 14:02:00 on 01-08-2008
Invoice Posting started @ 14:08:42 on 01-08-2008
Invoice Posting started @ 14:12:10 on 01-08-2008
Invoice Posting started @ 15:11:41 on 01-14-2008
Invoice Posting started @ 10:42:26 on 01-25-2008
Invoice Posting started @ 15:53:43 on 02-05-2008
Invoice Posting started @ 16:05:17 on 02-05-2008
Invoice Posting started @ 11:22:45 on 02-14-2008
Invoice Posting started @ 10:11:32 on 02-22-2008
Invoice Posting started @ 14:50:25 on 02-28-2008
Invoice Posting started @ 10:43:32 on 03-07-2008
Invoice Posting started @ 15:28:06 on 03-13-2008
Invoice Posting started @ 15:18:51 on 03-18-2008
Invoice Posting started @ 10:12:58 on 04-02-2008
Invoice Posting started @ 16:52:00 on 04-11-2008
Invoice Posting started @ 16:22:37 on 04-15-2008
Invoice Posting started @ 16:48:50 on 04-23-2008
Invoice Posting started @ 15:03:49 on 04-30-2008
Invoice Posting started @ 10:21:40 on 05-09-2008
Invoice Posting started @ 16:11:44 on 05-20-2008
Invoice Posting started @ 16:48:07 on 05-22-2008
Invoice Posting started @ 14:17:07 on 06-03-2008
Invoice Posting started @ 15:35:51 on 06-03-2008
Invoice Posting started @ 16:31:34 on 06-10-2008
Invoice Posting started @ 17:09:24 on 06-26-2008
Invoice Posting started @ 14:58:12 on 06-30-2008
Invoice Posting started @ 10:38:55 on 07-02-2008
Invoice Posting started @ 10:42:53 on 07-02-2008
Invoice Posting started @ 14:25:30 on 07-10-2008
Invoice Posting started @ 10:31:27 on 07-16-2008
Invoice Posting started @ 13:20:35 on 07-16-2008
Invoice Posting started @ 14:14:51 on 07-21-2008
Invoice Posting started @ 15:30:52 on 07-22-2008
Invoice Posting started @ 12:21:53 on 07-25-2008
Invoice Posting started @ 15:17:14 on 08-01-2008
Invoice Posting started @ 12:07:30 on 08-04-2008
Invoice Posting started @ 14:56:04 on 08-12-2008
Invoice Posting started @ 16:47:59 on 08-12-2008
Invoice Posting started @ 13:43:51 on 08-18-2008
Invoice Posting started @ 16:26:42 on 08-18-2008
Invoice Posting started @ 15:56:07 on 08-22-2008
Invoice Posting started @ 10:32:41 on 08-27-2008
Invoice Posting started @ 14:33:07 on 09-05-2008
Invoice Posting started @ 10:39:40 on 09-10-2008
Invoice Posting started @ 11:28:44 on 09-10-2008
Invoice Posting started @ 14:14:07 on 09-17-2008
Invoice Posting started @ 16:39:40 on 09-23-2008
Invoice Posting started @ 13:22:30 on 09-30-2008
Invoice Posting started @ 15:26:32 on 10-07-2008
Invoice Posting started @ 13:58:52 on 10-08-2008
Invoice Posting started @ 10:50:46 on 10-15-2008
Invoice Posting started @ 15:58:45 on 10-17-2008
Invoice Posting started @ 14:00:49 on 10-22-2008
Invoice Posting started @ 11:40:00 on 10-23-2008
Invoice Posting started @ 14:02:41 on 10-23-2008
Invoice Posting started @ 09:40:13 on 10-27-2008
Invoice Posting started @ 15:17:15 on 10-30-2008
Invoice Posting started @ 10:17:18 on 11-04-2008
Invoice Posting started @ 14:59:30 on 11-04-2008
Invoice Posting started @ 15:00:42 on 11-12-2008
Invoice Posting started @ 15:23:48 on 11-17-2008
Invoice Posting started @ 14:15:29 on 11-25-2008
Invoice Posting started @ 14:53:13 on 11-26-2008
Invoice Posting started @ 10:41:40 on 12-05-2008
Invoice Posting started @ 13:28:28 on 12-10-2008
Invoice Posting started @ 16:49:01 on 12-17-2008
Invoice Posting started @ 16:54:10 on 12-17-2008
Invoice Posting started @ 15:13:25 on 12-30-2008
Invoice Posting started @ 15:22:30 on 12-31-2008
Invoice Posting started @ 15:00:39 on 01-13-2009
Invoice Posting started @ 15:27:14 on 01-16-2009
Invoice Posting started @ 16:07:05 on 01-16-2009
Invoice Posting started @ 16:28:30 on 01-26-2009
Invoice Posting started @ 13:28:48 on 01-28-2009
Invoice Posting started @ 10:45:05 on 01-30-2009
Invoice Posting started @ 13:40:07 on 02-02-2009
Invoice Posting started @ 15:47:45 on 02-11-2009
Invoice Posting started @ 16:05:36 on 02-12-2009
Invoice Posting started @ 12:04:44 on 02-17-2009
Invoice Posting started @ 10:35:53 on 02-23-2009
Invoice Posting started @ 14:36:07 on 02-23-2009
Invoice Posting started @ 14:33:12 on 02-24-2009
Invoice Posting started @ 14:59:50 on 02-27-2009
Invoice Posting started @ 13:15:55 on 03-04-2009
Invoice Posting started @ 15:14:24 on 03-11-2009
Invoice Posting started @ 14:42:33 on 03-24-2009
Invoice Posting started @ 09:37:04 on 03-31-2009
Invoice Posting started @ 13:33:09 on 04-01-2009
Invoice Posting started @ 10:40:53 on 04-08-2009
Invoice Posting started @ 10:35:45 on 04-15-2009
Invoice Posting started @ 14:09:11 on 04-16-2009
Invoice Posting started @ 11:11:35 on 04-21-2009
Invoice Posting started @ 15:48:34 on 04-23-2009
Invoice Posting started @ 15:10:32 on 04-30-2009
Invoice Posting started @ 20:09:27 on 05-04-2009
Invoice Posting started @ 13:20:22 on 05-06-2009
Invoice Posting started @ 17:16:50 on 05-12-2009
Invoice Posting started @ 09:59:06 on 05-13-2009
Invoice Posting started @ 10:28:36 on 05-19-2009
Invoice Posting started @ 11:41:00 on 05-19-2009
Invoice Posting started @ 09:04:27 on 05-21-2009
Invoice Posting started @ 10:18:49 on 05-28-2009
Invoice Posting started @ 14:03:48 on 05-28-2009
Invoice Posting started @ 15:08:55 on 06-01-2009
Invoice Posting started @ 14:22:21 on 06-11-2009
Invoice Posting started @ 14:56:31 on 06-16-2009
Invoice Posting started @ 15:13:18 on 06-16-2009
Invoice Posting started @ 15:22:24 on 06-19-2009
Invoice Posting started @ 17:01:02 on 06-24-2009
Invoice Posting started @ 16:40:15 on 06-26-2009
Invoice Posting started @ 18:14:26 on 06-26-2009
Invoice Posting started @ 16:13:54 on 07-02-2009
Invoice Posting started @ 14:45:31 on 07-10-2009
Invoice Posting started @ 16:45:26 on 07-14-2009
Invoice Posting started @ 07:09:53 on 07-18-2009
Invoice Posting started @ 13:56:55 on 07-27-2009
Invoice Posting started @ 13:46:28 on 07-31-2009
Invoice Posting started @ 15:21:09 on 08-12-2009
Invoice Posting started @ 16:08:39 on 08-14-2009
Invoice Posting started @ 10:49:39 on 08-24-2009
Invoice Posting started @ 16:06:02 on 08-31-2009
Invoice Posting started @ 11:08:02 on 09-08-2009
Invoice Posting started @ 13:31:42 on 09-15-2009
Invoice Posting started @ 13:23:43 on 09-30-2009
Invoice Posting started @ 15:55:18 on 10-14-2009
Invoice Posting started @ 16:17:51 on 10-22-2009
Invoice Posting started @ 14:26:53 on 10-30-2009
Invoice Posting started @ 16:17:44 on 11-06-2009
Invoice Posting started @ 09:58:29 on 11-13-2009
Invoice Posting started @ 13:41:58 on 11-30-2009
Invoice Posting started @ 13:34:36 on 12-10-2009
Invoice Posting started @ 15:40:58 on 12-11-2009
Invoice Posting started @ 11:30:13 on 12-15-2009
Invoice Posting started @ 12:25:24 on 12-23-2009
Invoice Posting started @ 14:16:22 on 12-30-2009
Invoice Posting started @ 09:25:53 on 01-13-2010
Invoice Posting started @ 17:50:26 on 01-14-2010
Invoice Posting started @ 13:21:58 on 01-29-2010
Invoice Posting started @ 15:41:10 on 02-01-2010
Invoice Posting started @ 14:51:26 on 02-04-2010
Invoice Posting started @ 11:16:37 on 02-09-2010
Invoice Posting started @ 13:51:10 on 02-22-2010
Invoice Posting started @ 14:38:32 on 03-02-2010
Invoice Posting started @ 13:40:48 on 03-12-2010
Invoice Posting started @ 14:17:04 on 03-12-2010
Invoice Posting started @ 11:53:07 on 03-17-2010
Invoice Posting started @ 14:40:30 on 03-17-2010
Invoice Posting started @ 15:35:08 on 03-18-2010
Invoice Posting started @ 15:08:03 on 03-30-2010
Invoice Posting started @ 13:35:44 on 04-14-2010
Invoice Posting started @ 13:43:18 on 04-14-2010
Invoice Posting started @ 16:22:03 on 04-16-2010
Invoice Posting started @ 09:10:13 on 04-29-2010
Invoice Posting started @ 12:19:03 on 04-30-2010
Invoice Posting started @ 10:20:54 on 05-03-2010
Invoice Posting started @ 15:31:50 on 05-04-2010
Invoice Posting started @ 16:11:49 on 05-04-2010
Invoice Posting started @ 10:45:59 on 05-07-2010
Invoice Posting started @ 15:40:19 on 05-12-2010
Invoice Posting started @ 16:54:12 on 05-20-2010
Invoice Posting started @ 14:26:29 on 05-21-2010
Invoice Posting started @ 09:07:00 on 05-28-2010
Invoice Posting started @ 15:56:09 on 06-04-2010
Invoice Posting started @ 14:21:14 on 06-08-2010
Invoice Posting started @ 16:26:29 on 06-11-2010
Invoice Posting started @ 15:41:38 on 06-18-2010
Invoice Posting started @ 15:56:50 on 06-29-2010
Invoice Posting started @ 16:24:46 on 06-30-2010
Invoice Posting started @ 13:44:13 on 07-07-2010
Invoice Posting started @ 13:24:26 on 07-13-2010
Invoice Posting started @ 18:49:06 on 07-13-2010
Invoice Posting started @ 14:50:49 on 07-15-2010
Invoice Posting started @ 15:17:05 on 07-15-2010
Invoice Posting started @ 17:37:38 on 07-15-2010
Invoice Posting started @ 17:06:09 on 07-16-2010
Invoice Posting started @ 14:13:05 on 07-27-2010
Invoice Posting started @ 14:25:15 on 07-27-2010
Invoice Posting started @ 14:08:57 on 07-28-2010
Invoice Posting started @ 17:32:21 on 07-28-2010
Invoice Posting started @ 15:06:04 on 07-29-2010
Invoice Posting started @ 10:19:44 on 08-09-2010
Invoice Posting started @ 10:57:18 on 08-24-2010
Invoice Posting started @ 17:30:47 on 08-26-2010
Invoice Posting started @ 15:58:07 on 08-28-2010
Invoice Posting started @ 15:04:20 on 09-08-2010
Invoice Posting started @ 15:21:21 on 09-09-2010
Invoice Posting started @ 10:40:20 on 09-13-2010
Invoice Posting started @ 11:02:37 on 09-14-2010
Invoice Posting started @ 13:40:41 on 09-14-2010
Invoice Posting started @ 14:54:49 on 09-21-2010
Invoice Posting started @ 10:37:31 on 09-24-2010
Invoice Posting started @ 09:21:54 on 09-29-2010
Invoice Posting started @ 10:43:35 on 09-30-2010
Invoice Posting started @ 11:10:22 on 10-12-2010
Invoice Posting started @ 10:57:04 on 10-18-2010
Invoice Posting started @ 11:07:36 on 10-27-2010
Invoice Posting started @ 13:51:39 on 11-05-2010
Invoice Posting started @ 10:50:11 on 11-10-2010
Invoice Posting started @ 14:36:03 on 11-29-2010
Invoice Posting started @ 12:01:51 on 12-01-2010
Invoice Posting started @ 12:23:00 on 12-08-2010
Invoice Posting started @ 14:16:29 on 12-10-2010
Invoice Posting started @ 09:46:39 on 12-17-2010
Invoice Posting started @ 12:08:46 on 12-22-2010
Invoice Posting started @ 12:50:47 on 12-29-2010
Invoice Posting started @ 10:38:17 on 01-07-2011
Invoice Posting started @ 15:58:15 on 01-12-2011
Invoice Posting started @ 13:03:46 on 01-19-2011
Invoice Posting started @ 13:41:05 on 01-31-2011
Invoice Posting started @ 15:19:19 on 02-02-2011
Invoice Posting started @ 15:03:23 on 02-03-2011
Invoice Posting started @ 13:06:24 on 02-08-2011
Invoice Posting started @ 13:14:07 on 02-08-2011
Invoice Posting started @ 11:02:38 on 02-11-2011
Invoice Posting started @ 11:10:49 on 02-22-2011
Invoice Posting started @ 14:48:16 on 03-03-2011
Invoice Posting started @ 10:11:51 on 03-08-2011
Invoice Posting started @ 15:49:48 on 03-15-2011
Invoice Posting started @ 15:25:40 on 03-17-2011
Invoice Posting started @ 11:44:40 on 03-21-2011
Invoice Posting started @ 14:29:14 on 03-22-2011
Invoice Posting started @ 15:21:53 on 03-29-2011
Invoice Posting started @ 15:46:07 on 03-29-2011
Invoice Posting started @ 11:45:11 on 04-01-2011
Invoice Posting started @ 11:00:47 on 04-05-2011
Invoice Posting started @ 12:21:44 on 04-14-2011
Invoice Posting started @ 16:52:30 on 04-18-2011
Invoice Posting started @ 09:11:21 on 04-19-2011
Invoice Posting started @ 15:20:12 on 04-20-2011
Invoice Posting started @ 09:42:27 on 04-26-2011
Invoice Posting started @ 09:45:00 on 04-26-2011
Invoice Posting started @ 10:12:52 on 04-28-2011
Invoice Posting started @ 11:17:11 on 05-03-2011
Invoice Posting started @ 15:22:25 on 05-06-2011
Invoice Posting started @ 14:01:31 on 05-09-2011
Invoice Posting started @ 14:49:42 on 05-09-2011
Invoice Posting started @ 10:44:46 on 05-20-2011
Invoice Posting started @ 15:02:00 on 05-20-2011
Invoice Posting started @ 14:28:31 on 05-27-2011
Invoice Posting started @ 13:27:14 on 05-31-2011
Invoice Posting started @ 15:42:15 on 06-03-2011
Invoice Posting started @ 10:37:52 on 06-07-2011
Invoice Posting started @ 12:35:03 on 06-09-2011
Invoice Posting started @ 13:12:16 on 06-09-2011
Invoice Posting started @ 13:19:12 on 06-09-2011
Invoice Posting started @ 13:21:26 on 06-13-2011
Invoice Posting started @ 10:40:53 on 06-15-2011
Invoice Posting started @ 14:31:46 on 06-27-2011
Invoice Posting started @ 17:36:21 on 06-30-2011
Invoice Posting started @ 17:45:21 on 06-30-2011
Invoice Posting started @ 09:17:47 on 07-11-2011
Invoice Posting started @ 10:22:11 on 07-11-2011
Invoice Posting started @ 10:45:52 on 07-11-2011
Invoice Posting started @ 10:10:29 on 07-14-2011
Invoice Posting started @ 18:42:06 on 07-14-2011
Invoice Posting started @ 09:09:34 on 07-15-2011
Invoice Posting started @ 21:47:26 on 07-15-2011
Invoice Posting started @ 11:29:54 on 07-18-2011
Invoice Posting started @ 10:39:02 on 07-21-2011
Invoice Posting started @ 14:49:39 on 07-22-2011
Invoice Posting started @ 14:45:57 on 07-26-2011
Invoice Posting started @ 15:00:26 on 07-26-2011
Invoice Posting started @ 16:55:20 on 07-29-2011
Invoice Posting started @ 14:37:53 on 08-01-2011
Invoice Posting started @ 09:57:51 on 08-04-2011
Invoice Posting started @ 14:52:51 on 08-11-2011
Invoice Posting started @ 11:50:53 on 08-12-2011
Invoice Posting started @ 10:27:39 on 08-26-2011
Invoice Posting started @ 16:18:25 on 08-29-2011
Invoice Posting started @ 11:30:47 on 08-31-2011
Invoice Posting started @ 09:25:34 on 09-07-2011
Invoice Posting started @ 14:48:11 on 09-12-2011
Invoice Posting started @ 09:42:41 on 09-22-2011
Invoice Posting started @ 15:55:15 on 09-23-2011
Invoice Posting started @ 14:58:38 on 09-29-2011
Invoice Posting started @ 14:25:45 on 10-10-2011
Invoice Posting started @ 09:40:21 on 10-13-2011
Invoice Posting started @ 09:38:35 on 10-21-2011
Invoice Posting started @ 13:54:51 on 10-22-2011
Invoice Posting started @ 10:55:31 on 10-26-2011
Invoice Posting started @ 17:04:47 on 10-28-2011
Invoice Posting started @ 15:20:56 on 11-08-2011
Invoice Posting started @ 15:19:38 on 11-22-2011
Invoice Posting started @ 15:24:57 on 11-23-2011
Invoice Posting started @ 18:14:28 on 11-29-2011
Invoice Posting started @ 15:54:27 on 12-02-2011
Invoice Posting started @ 16:33:45 on 12-06-2011
Invoice Posting started @ 10:24:55 on 12-15-2011
Invoice Posting started @ 11:01:19 on 12-16-2011
Invoice Posting started @ 16:41:40 on 12-22-2011
Invoice Posting started @ 14:43:36 on 12-28-2011
Invoice Posting started @ 19:01:27 on 01-05-2012
Invoice Posting started @ 15:16:56 on 01-12-2012
Invoice Posting started @ 15:58:47 on 01-25-2012
Invoice Posting started @ 11:29:21 on 01-30-2012
Invoice Posting started @ 14:22:12 on 02-10-2012
Invoice Posting started @ 14:43:16 on 02-15-2012
Invoice Posting started @ 15:26:58 on 02-21-2012
Invoice Posting started @ 11:10:05 on 02-24-2012
Invoice Posting started @ 13:18:33 on 02-27-2012
Invoice Posting started @ 17:03:37 on 03-02-2012
Invoice Posting started @ 14:25:07 on 03-14-2012
Invoice Posting started @ 13:02:56 on 03-16-2012
Invoice Posting started @ 10:44:32 on 03-19-2012
Invoice Posting started @ 09:15:48 on 03-20-2012
Invoice Posting started @ 09:19:08 on 03-20-2012
Invoice Posting started @ 09:57:53 on 03-26-2012
Invoice Posting started @ 14:23:12 on 03-28-2012
Invoice Posting started @ 10:51:04 on 04-03-2012
Invoice Posting started @ 09:33:00 on 04-04-2012
Invoice Posting started @ 09:40:58 on 04-12-2012
Invoice Posting started @ 13:36:36 on 04-20-2012
Invoice Posting started @ 11:23:19 on 04-27-2012
Invoice Posting started @ 10:54:16 on 05-08-2012
Invoice Posting started @ 13:26:52 on 05-17-2012
Invoice Posting started @ 11:03:39 on 05-30-2012
Invoice Posting started @ 14:45:12 on 06-05-2012
Invoice Posting started @ 11:27:22 on 06-11-2012
Invoice Posting started @ 15:40:43 on 06-19-2012
Invoice Posting started @ 14:04:01 on 06-30-2012
Invoice Posting started @ 09:39:23 on 07-11-2012
Invoice Posting started @ 18:26:39 on 07-12-2012
Invoice Posting started @ 11:46:20 on 07-19-2012
Invoice Posting started @ 15:22:54 on 07-23-2012
Invoice Posting started @ 13:23:21 on 07-26-2012
Invoice Posting started @ 10:52:33 on 07-31-2012
Invoice Posting started @ 09:52:34 on 08-08-2012
Invoice Posting started @ 11:06:50 on 08-14-2012
Invoice Posting started @ 10:54:14 on 08-22-2012
Invoice Posting started @ 14:31:13 on 08-24-2012
Invoice Posting started @ 14:47:57 on 08-30-2012
Invoice Posting started @ 15:23:52 on 08-30-2012
Invoice Posting started @ 14:44:43 on 09-07-2012
Invoice Posting started @ 14:27:04 on 09-17-2012
Purchase Order initiated on 09-24-2012 @ 16:58:57
No Posting Errors. Posted Transaction Count:    5
--------------------------------------------------------------------------------
Invoice Posting started @ 13:19:18 on 09-27-2012
Purchase Order initiated on 09-27-2012 @ 13:19:18
No Posting Errors. Posted Transaction Count:   10
--------------------------------------------------------------------------------
Purchase Order initiated on 10-04-2012 @ 14:55:02
No Posting Errors. Posted Transaction Count:    1
--------------------------------------------------------------------------------
Invoice Posting started @ 15:38:24 on 10-05-2012
Invoice Posting started @ 13:21:38 on 10-08-2012
Invoice Posting started @ 13:57:53 on 10-08-2012
Invoice Posting started @ 13:41:06 on 10-12-2012
Invoice Posting started @ 11:35:11 on 10-24-2012
Invoice Posting started @ 11:12:36 on 11-01-2012
Invoice Posting started @ 12:11:23 on 11-05-2012
Invoice Posting started @ 13:22:33 on 11-08-2012
Invoice Posting started @ 12:37:14 on 11-16-2012
Invoice Posting started @ 10:20:08 on 11-20-2012
Invoice Posting started @ 11:48:18 on 11-21-2012
Invoice Posting started @ 11:08:50 on 11-30-2012
Invoice Posting started @ 14:09:32 on 12-05-2012
Invoice Posting started @ 10:21:15 on 12-18-2012
Invoice Posting started @ 10:29:33 on 12-21-2012
Invoice Posting started @ 09:13:06 on 12-31-2012
Invoice Posting started @ 10:13:14 on 01-04-2013
Invoice Posting started @ 11:44:58 on 01-08-2013
Invoice Posting started @ 10:05:41 on 01-17-2013
Invoice Posting started @ 13:55:04 on 01-22-2013
Invoice Posting started @ 12:34:34 on 01-30-2013
Invoice Posting started @ 14:32:07 on 01-30-2013
Invoice Posting started @ 10:15:19 on 02-08-2013
Invoice Posting started @ 10:34:39 on 02-14-2013
Invoice Posting started @ 11:32:57 on 02-25-2013
Invoice Posting started @ 11:26:44 on 02-27-2013
Invoice Posting started @ 10:17:56 on 03-08-2013
Invoice Posting started @ 12:24:09 on 03-13-2013
Invoice Posting started @ 10:06:37 on 03-14-2013
Invoice Posting started @ 10:13:54 on 03-14-2013
Invoice Posting started @ 11:03:13 on 03-19-2013
Invoice Posting started @ 14:07:30 on 03-27-2013
Invoice Posting started @ 16:12:24 on 04-02-2013
Invoice Posting started @ 16:24:33 on 04-02-2013
Invoice Posting started @ 11:29:19 on 04-11-2013
Invoice Posting started @ 13:24:42 on 04-16-2013
Invoice Posting started @ 13:57:44 on 04-24-2013
Invoice Posting started @ 14:31:52 on 04-29-2013
Invoice Posting started @ 11:26:38 on 05-02-2013
Invoice Posting started @ 13:32:18 on 05-09-2013
Invoice Posting started @ 13:53:05 on 05-13-2013
Invoice Posting started @ 10:54:13 on 05-14-2013
Invoice Posting started @ 10:18:11 on 05-16-2013
Invoice Posting started @ 13:26:56 on 05-22-2013
Invoice Posting started @ 10:21:28 on 05-30-2013
Invoice Posting started @ 11:05:09 on 06-06-2013
Invoice Posting started @ 14:04:16 on 06-13-2013
Invoice Posting started @ 13:07:04 on 06-18-2013
Invoice Posting started @ 16:44:14 on 06-18-2013
Invoice Posting started @ 13:39:29 on 06-21-2013
Invoice Posting started @ 16:40:11 on 06-27-2013
Invoice Posting started @ 12:11:09 on 06-28-2013
Invoice Posting started @ 12:24:10 on 06-28-2013
Invoice Posting started @ 09:21:49 on 07-01-2013
Invoice Posting started @ 15:09:58 on 07-05-2013
Invoice Posting started @ 14:32:32 on 07-15-2013
Invoice Posting started @ 14:15:18 on 07-19-2013
Invoice Posting started @ 13:36:02 on 07-23-2013
Invoice Posting started @ 11:08:09 on 07-30-2013
Invoice Posting started @ 15:57:01 on 08-05-2013
Invoice Posting started @ 14:33:04 on 08-12-2013
Invoice Posting started @ 12:58:25 on 08-20-2013
Invoice Posting started @ 16:34:24 on 08-23-2013
Invoice Posting started @ 13:56:19 on 08-28-2013
Invoice Posting started @ 13:55:04 on 09-05-2013
Invoice Posting started @ 12:57:19 on 09-09-2013
Invoice Posting started @ 10:49:03 on 09-13-2013
Invoice Posting started @ 12:43:52 on 09-18-2013
Invoice Posting started @ 20:19:02 on 09-25-2013
Invoice Posting started @ 12:32:09 on 09-28-2013
Invoice Posting started @ 10:20:35 on 09-30-2013
Invoice Posting started @ 11:03:26 on 10-04-2013
Invoice Posting started @ 11:23:53 on 10-16-2013
Invoice Posting started @ 13:42:31 on 10-18-2013
Invoice Posting started @ 12:00:29 on 10-23-2013
Invoice Posting started @ 10:25:31 on 10-25-2013
Invoice Posting started @ 12:12:36 on 10-28-2013
Invoice Posting started @ 11:02:35 on 11-05-2013
Invoice Posting started @ 11:05:17 on 11-06-2013
Invoice Posting started @ 13:03:08 on 11-12-2013
Invoice Posting started @ 13:49:00 on 11-21-2013
Invoice Posting started @ 13:11:49 on 11-25-2013
Invoice Posting started @ 13:06:56 on 11-26-2013
Invoice Posting started @ 10:22:14 on 12-03-2013
Invoice Posting started @ 11:16:55 on 12-05-2013
Invoice Posting started @ 11:56:10 on 12-06-2013
Invoice Posting started @ 11:12:02 on 12-12-2013
Invoice Posting started @ 12:15:48 on 12-16-2013
Invoice Posting started @ 16:12:51 on 12-16-2013
Invoice Posting started @ 09:47:43 on 12-20-2013
Invoice Posting started @ 10:12:24 on 12-23-2013
Invoice Posting started @ 13:18:15 on 12-30-2013
Invoice Posting started @ 14:52:44 on 12-30-2013
Invoice Posting started @ 09:26:55 on 01-06-2014
Invoice Posting started @ 15:13:54 on 01-07-2014
Invoice Posting started @ 09:32:37 on 01-08-2014
Invoice Posting started @ 11:10:19 on 01-08-2014
Invoice Posting started @ 13:09:32 on 01-10-2014
Invoice Posting started @ 12:45:48 on 01-13-2014
Invoice Posting started @ 11:46:03 on 01-21-2014
Invoice Posting started @ 12:13:24 on 01-27-2014
Invoice Posting started @ 11:01:28 on 01-31-2014
Invoice Posting started @ 10:59:57 on 02-05-2014
Invoice Posting started @ 13:00:31 on 02-06-2014
Invoice Posting started @ 09:37:09 on 02-19-2014
Invoice Posting started @ 10:53:24 on 02-24-2014
Invoice Posting started @ 14:21:20 on 02-27-2014
Invoice Posting started @ 12:23:31 on 03-03-2014
Invoice Posting started @ 10:40:06 on 03-07-2014
Invoice Posting started @ 15:06:08 on 03-10-2014
Invoice Posting started @ 10:15:55 on 03-14-2014
Invoice Posting started @ 11:08:27 on 03-17-2014
Invoice Posting started @ 15:34:07 on 03-17-2014
Invoice Posting started @ 12:20:01 on 03-21-2014
Invoice Posting started @ 12:59:49 on 03-24-2014
Invoice Posting started @ 10:59:16 on 03-28-2014
Invoice Posting started @ 11:12:52 on 03-28-2014
Invoice Posting started @ 11:26:37 on 04-07-2014
Invoice Posting started @ 12:02:42 on 04-11-2014
Invoice Posting started @ 12:17:59 on 04-14-2014
Invoice Posting started @ 11:28:41 on 04-17-2014
Invoice Posting started @ 13:55:15 on 04-21-2014
Invoice Posting started @ 11:13:23 on 04-28-2014
Invoice Posting started @ 11:29:10 on 05-05-2014
Invoice Posting started @ 10:59:30 on 05-06-2014
Invoice Posting started @ 10:06:43 on 05-07-2014
Invoice Posting started @ 10:36:43 on 05-15-2014
Invoice Posting started @ 09:23:39 on 05-16-2014
Invoice Posting started @ 11:00:46 on 05-23-2014
Invoice Posting started @ 12:35:08 on 05-30-2014
Invoice Posting started @ 13:12:07 on 06-02-2014
Invoice Posting started @ 15:05:14 on 06-06-2014
Invoice Posting started @ 10:26:46 on 06-13-2014
Invoice Posting started @ 14:27:06 on 06-16-2014
Invoice Posting started @ 11:33:43 on 06-27-2014
Invoice Posting started @ 12:50:07 on 06-27-2014
Invoice Posting started @ 10:01:03 on 06-30-2014
Invoice Posting started @ 16:58:33 on 06-30-2014
Invoice Posting started @ 11:31:45 on 07-02-2014
Invoice Posting started @ 15:59:10 on 07-07-2014
Invoice Posting started @ 12:01:13 on 07-14-2014
Invoice Posting started @ 14:00:08 on 07-14-2014
Invoice Posting started @ 13:26:02 on 07-18-2014
Invoice Posting started @ 16:18:14 on 07-18-2014
Invoice Posting started @ 13:53:47 on 07-23-2014
Invoice Posting started @ 14:27:07 on 07-23-2014
Invoice Posting started @ 11:51:16 on 07-29-2014
Invoice Posting started @ 10:06:32 on 07-30-2014
Invoice Posting started @ 10:28:09 on 08-04-2014
Invoice Posting started @ 10:50:16 on 08-11-2014
Invoice Posting started @ 11:28:31 on 08-20-2014
Invoice Posting started @ 11:21:48 on 08-25-2014
Invoice Posting started @ 13:39:45 on 08-28-2014
Invoice Posting started @ 13:09:15 on 09-02-2014
Invoice Posting started @ 11:21:39 on 09-15-2014
Invoice Posting started @ 11:31:02 on 09-15-2014
Invoice Posting started @ 10:32:05 on 09-16-2014
Invoice Posting started @ 10:38:41 on 09-16-2014
Invoice Posting started @ 09:29:23 on 09-22-2014
Invoice Posting started @ 13:13:48 on 09-25-2014
Invoice Posting started @ 10:46:05 on 09-27-2014
Invoice Posting started @ 10:36:11 on 09-29-2014
Invoice Posting started @ 10:08:56 on 10-06-2014
Invoice Posting started @ 09:44:58 on 10-13-2014
Invoice Posting started @ 11:22:08 on 10-20-2014
Invoice Posting started @ 09:59:35 on 10-22-2014
Invoice Posting started @ 11:52:33 on 10-27-2014
Invoice Posting started @ 11:53:23 on 10-27-2014
Invoice Posting started @ 11:54:35 on 10-27-2014
Invoice Posting started @ 12:38:17 on 10-27-2014
Invoice Posting started @ 12:49:34 on 10-27-2014
Invoice Posting started @ 16:05:33 on 10-27-2014
Invoice Posting started @ 16:08:44 on 10-27-2014
Invoice Posting started @ 13:44:09 on 10-29-2014
Invoice Posting started @ 09:10:46 on 10-31-2014
Invoice Posting started @ 12:07:03 on 11-03-2014
Invoice Posting started @ 12:22:18 on 11-10-2014
Invoice Posting started @ 10:13:41 on 11-24-2014
Invoice Posting started @ 13:40:20 on 11-26-2014
Invoice Posting started @ 13:43:36 on 12-02-2014
Invoice Posting started @ 11:17:21 on 12-05-2014
Invoice Posting started @ 09:19:06 on 12-11-2014
Invoice Posting started @ 09:20:52 on 12-16-2014
Invoice Posting started @ 10:50:27 on 12-19-2014
Invoice Posting started @ 11:23:05 on 12-19-2014
Invoice Posting started @ 14:56:51 on 12-29-2014
Invoice Posting started @ 15:52:14 on 12-31-2014
Invoice Posting started @ 10:58:31 on 01-05-2015
Invoice Posting started @ 13:45:04 on 01-12-2015
Invoice Posting started @ 11:38:33 on 01-22-2015
Invoice Posting started @ 14:55:53 on 01-22-2015
Invoice Posting started @ 09:59:14 on 01-30-2015
Invoice Posting started @ 09:44:03 on 02-09-2015
Invoice Posting started @ 13:21:47 on 02-13-2015
Invoice Posting started @ 10:13:28 on 02-28-2015
Invoice Posting started @ 14:05:12 on 03-02-2015
Invoice Posting started @ 12:06:24 on 03-05-2015
Invoice Posting started @ 15:11:06 on 03-09-2015
Invoice Posting started @ 16:11:54 on 03-20-2015
Invoice Posting started @ 11:32:30 on 03-24-2015
Invoice Posting started @ 12:20:30 on 03-28-2015
Invoice Posting started @ 11:55:28 on 03-31-2015
Invoice Posting started @ 13:27:34 on 04-06-2015
Invoice Posting started @ 10:12:21 on 04-07-2015
Invoice Posting started @ 13:49:28 on 04-09-2015
Invoice Posting started @ 14:05:31 on 04-14-2015
Invoice Posting started @ 11:05:25 on 04-20-2015
Invoice Posting started @ 12:43:29 on 04-28-2015
Invoice Posting started @ 14:53:14 on 05-04-2015
Invoice Posting started @ 11:19:54 on 05-11-2015
Invoice Posting started @ 12:14:54 on 05-11-2015
Invoice Posting started @ 16:13:01 on 05-12-2015
Invoice Posting started @ 13:48:58 on 05-18-2015
Invoice Posting started @ 13:35:11 on 05-26-2015
Invoice Posting started @ 10:02:49 on 05-28-2015
Invoice Posting started @ 10:13:40 on 05-28-2015
Invoice Posting started @ 13:22:33 on 05-29-2015
Invoice Posting started @ 13:31:08 on 06-01-2015
Invoice Posting started @ 11:27:20 on 06-03-2015
Invoice Posting started @ 16:02:06 on 06-08-2015
Invoice Posting started @ 14:06:30 on 06-10-2015
Invoice Posting started @ 16:55:47 on 06-10-2015
Invoice Posting started @ 15:01:38 on 06-12-2015
Invoice Posting started @ 10:29:27 on 06-22-2015
Invoice Posting started @ 11:51:40 on 06-26-2015
Invoice Posting started @ 12:13:36 on 06-30-2015
Invoice Posting started @ 11:20:45 on 07-01-2015
Invoice Posting started @ 14:02:47 on 07-01-2015
Invoice Posting started @ 16:23:50 on 07-06-2015
Invoice Posting started @ 15:21:45 on 07-10-2015
Invoice Posting started @ 10:56:14 on 07-14-2015
Invoice Posting started @ 08:06:40 on 07-18-2015
Invoice Posting started @ 12:09:37 on 07-18-2015
Invoice Posting started @ 14:13:57 on 07-18-2015
Invoice Posting started @ 15:43:59 on 07-20-2015
Invoice Posting started @ 15:38:21 on 07-27-2015
Invoice Posting started @ 11:11:25 on 08-03-2015
Invoice Posting started @ 14:31:13 on 08-03-2015
Invoice Posting started @ 13:58:42 on 08-06-2015
Invoice Posting started @ 15:58:12 on 08-14-2015
Invoice Posting started @ 15:41:55 on 08-17-2015
Invoice Posting started @ 15:04:55 on 08-20-2015
Invoice Posting started @ 10:41:47 on 08-22-2015
Invoice Posting started @ 11:21:13 on 08-26-2015
Invoice Posting started @ 13:41:20 on 08-28-2015
Invoice Posting started @ 13:43:01 on 08-31-2015
Invoice Posting started @ 11:30:52 on 09-01-2015
Invoice Posting started @ 11:13:05 on 09-08-2015
Invoice Posting started @ 13:03:25 on 09-08-2015
Invoice Posting started @ 14:04:49 on 09-15-2015
Invoice Posting started @ 15:04:22 on 09-17-2015
Invoice Posting started @ 14:57:05 on 09-18-2015
Invoice Posting started @ 13:34:14 on 09-22-2015
Invoice Posting started @ 14:48:28 on 09-28-2015
Invoice Posting started @ 15:38:10 on 09-28-2015
Invoice Posting started @ 13:12:34 on 09-30-2015
Invoice Posting started @ 14:00:07 on 10-06-2015
Invoice Posting started @ 11:01:06 on 10-07-2015
Invoice Posting started @ 13:39:17 on 10-12-2015
Invoice Posting started @ 13:32:11 on 10-19-2015
Invoice Posting started @ 10:08:12 on 10-23-2015
Invoice Posting started @ 14:51:48 on 10-28-2015
Invoice Posting started @ 15:55:28 on 11-03-2015
Invoice Posting started @ 10:07:01 on 11-05-2015
Invoice Posting started @ 10:33:03 on 11-09-2015
Invoice Posting started @ 14:10:35 on 11-10-2015
Invoice Posting started @ 10:47:54 on 11-17-2015
Invoice Posting started @ 09:45:58 on 11-23-2015
Invoice Posting started @ 11:32:19 on 11-23-2015
Invoice Posting started @ 14:57:33 on 11-24-2015
Invoice Posting started @ 14:42:16 on 11-30-2015
Invoice Posting started @ 10:38:20 on 12-03-2015
Invoice Posting started @ 14:09:24 on 12-03-2015
Invoice Posting started @ 10:52:51 on 12-07-2015
Invoice Posting started @ 11:52:37 on 12-08-2015
Invoice Posting started @ 16:19:45 on 12-16-2015
Invoice Posting started @ 16:00:17 on 12-22-2015
Invoice Posting started @ 15:10:59 on 12-30-2015
Invoice Posting started @ 16:09:21 on 12-31-2015
Invoice Posting started @ 11:59:58 on 01-04-2016
Invoice Posting started @ 14:58:44 on 01-07-2016
Invoice Posting started @ 15:33:12 on 01-11-2016
Invoice Posting started @ 12:01:21 on 01-21-2016
Invoice Posting started @ 11:01:01 on 02-01-2016
Invoice Posting started @ 09:46:44 on 02-09-2016
Invoice Posting started @ 10:06:31 on 02-09-2016
Invoice Posting started @ 15:07:00 on 02-12-2016
Invoice Posting started @ 12:32:36 on 02-22-2016
Invoice Posting started @ 11:41:09 on 02-26-2016
Invoice Posting started @ 15:05:36 on 03-02-2016
Invoice Posting started @ 09:49:42 on 03-14-2016
Invoice Posting started @ 12:55:12 on 03-19-2016
Invoice Posting started @ 16:06:32 on 03-23-2016
Invoice Posting started @ 09:48:50 on 04-01-2016
Invoice Posting started @ 14:42:51 on 04-01-2016
Invoice Posting started @ 10:04:27 on 04-05-2016
Invoice Posting started @ 16:26:53 on 04-05-2016
Invoice Posting started @ 14:33:39 on 04-07-2016
Invoice Posting started @ 10:35:15 on 04-14-2016
Invoice Posting started @ 15:08:47 on 04-25-2016
Invoice Posting started @ 15:00:39 on 04-29-2016
Invoice Posting started @ 12:22:48 on 05-03-2016
Invoice Posting started @ 10:57:46 on 05-04-2016
Invoice Posting started @ 13:12:02 on 05-06-2016
Invoice Posting started @ 16:06:28 on 05-12-2016
Invoice Posting started @ 10:11:06 on 05-18-2016
Invoice Posting started @ 12:59:18 on 05-20-2016
Invoice Posting started @ 14:06:59 on 05-20-2016
Invoice Posting started @ 10:12:35 on 05-24-2016
Invoice Posting started @ 13:33:38 on 05-31-2016
Invoice Posting started @ 14:53:20 on 06-01-2016
Invoice Posting started @ 16:14:42 on 06-03-2016
Invoice Posting started @ 12:15:02 on 06-06-2016
Invoice Posting started @ 10:26:37 on 06-07-2016
Invoice Posting started @ 18:09:21 on 06-07-2016
Invoice Posting started @ 16:35:09 on 06-09-2016
Invoice Posting started @ 10:09:21 on 06-23-2016
Invoice Posting started @ 15:16:26 on 06-27-2016
Invoice Posting started @ 16:04:15 on 06-30-2016
Invoice Posting started @ 09:54:55 on 07-06-2016
Invoice Posting started @ 10:41:38 on 07-06-2016
Invoice Posting started @ 10:34:22 on 07-12-2016
Invoice Posting started @ 20:26:35 on 07-15-2016
Invoice Posting started @ 13:05:48 on 07-16-2016
Invoice Posting started @ 15:34:35 on 07-18-2016
Invoice Posting started @ 16:57:17 on 07-19-2016
Invoice Posting started @ 16:03:19 on 07-25-2016
Invoice Posting started @ 15:11:31 on 07-26-2016
Invoice Posting started @ 13:16:37 on 07-29-2016
Invoice Posting started @ 11:55:40 on 08-01-2016
Invoice Posting started @ 10:42:19 on 08-03-2016
Invoice Posting started @ 10:48:39 on 08-09-2016
Invoice Posting started @ 11:51:38 on 08-18-2016
Invoice Posting started @ 14:31:47 on 08-22-2016
Invoice Posting started @ 15:56:01 on 08-24-2016
Invoice Posting started @ 11:36:53 on 08-29-2016
Invoice Posting started @ 16:29:03 on 08-30-2016
Invoice Posting started @ 14:27:42 on 09-01-2016
Invoice Posting started @ 12:04:45 on 09-13-2016
Invoice Posting started @ 15:13:59 on 09-28-2016
Invoice Posting started @ 11:48:52 on 10-05-2016
Invoice Posting started @ 16:29:49 on 10-20-2016
Invoice Posting started @ 15:49:00 on 10-24-2016
Invoice Posting started @ 10:03:11 on 10-31-2016
Invoice Posting started @ 13:48:46 on 11-01-2016
Invoice Posting started @ 15:33:19 on 11-07-2016
Invoice Posting started @ 14:54:03 on 11-10-2016
Invoice Posting started @ 15:42:32 on 11-14-2016
Invoice Posting started @ 11:59:23 on 11-21-2016
Invoice Posting started @ 15:23:57 on 11-30-2016
Invoice Posting started @ 16:26:40 on 12-02-2016
Invoice Posting started @ 13:57:03 on 12-06-2016
Invoice Posting started @ 10:57:34 on 12-12-2016
Invoice Posting started @ 11:48:18 on 12-15-2016
Invoice Posting started @ 09:21:39 on 12-22-2016
Invoice Posting started @ 10:51:02 on 12-30-2016
Invoice Posting started @ 10:20:36 on 01-04-2017
Invoice Posting started @ 14:12:56 on 01-05-2017
Invoice Posting started @ 09:22:58 on 01-12-2017
Invoice Posting started @ 15:27:00 on 01-18-2017
Invoice Posting started @ 09:50:01 on 01-23-2017
Invoice Posting started @ 11:58:54 on 01-24-2017
Invoice Posting started @ 12:20:49 on 01-27-2017
Invoice Posting started @ 14:48:52 on 01-27-2017
Invoice Posting started @ 14:07:04 on 01-31-2017
Invoice Posting started @ 16:50:45 on 02-01-2017
Invoice Posting started @ 14:07:49 on 02-03-2017
Invoice Posting started @ 16:37:41 on 02-08-2017
Invoice Posting started @ 15:17:27 on 02-10-2017
Invoice Posting started @ 15:27:01 on 02-15-2017
Invoice Posting started @ 16:20:51 on 02-28-2017
Invoice Posting started @ 10:11:08 on 03-07-2017
Invoice Posting started @ 14:42:22 on 03-07-2017
Invoice Posting started @ 16:04:50 on 03-08-2017
Invoice Posting started @ 10:12:57 on 03-10-2017
Invoice Posting started @ 12:12:51 on 03-23-2017
Invoice Posting started @ 11:17:35 on 03-28-2017
Invoice Posting started @ 15:29:44 on 04-03-2017
Invoice Posting started @ 18:45:04 on 04-03-2017
Invoice Posting started @ 16:02:42 on 04-06-2017
Invoice Posting started @ 15:39:30 on 04-10-2017
Invoice Posting started @ 11:01:35 on 04-13-2017
Invoice Posting started @ 10:50:26 on 04-24-2017
Invoice Posting started @ 17:03:21 on 04-28-2017
Invoice Posting started @ 11:20:22 on 05-01-2017
Invoice Posting started @ 07:15:39 on 05-02-2017
Invoice Posting started @ 13:19:33 on 05-04-2017
Invoice Posting started @ 14:38:10 on 05-10-2017
Invoice Posting started @ 10:11:34 on 05-18-2017
Invoice Posting started @ 16:04:08 on 05-22-2017
Invoice Posting started @ 12:10:10 on 05-26-2017
Invoice Posting started @ 13:39:47 on 06-01-2017
Invoice Posting started @ 15:17:55 on 06-05-2017
Invoice Posting started @ 13:39:00 on 06-06-2017
Invoice Posting started @ 12:13:08 on 06-16-2017
Invoice Posting started @ 12:23:03 on 06-23-2017
Invoice Posting started @ 15:52:17 on 06-30-2017
Invoice Posting started @ 11:01:17 on 07-10-2017
Invoice Posting started @ 11:18:58 on 07-11-2017
Invoice Posting started @ 17:50:53 on 07-14-2017
Invoice Posting started @ 11:14:49 on 07-21-2017
Invoice Posting started @ 14:00:12 on 08-01-2017
Invoice Posting started @ 10:53:57 on 08-02-2017
Invoice Posting started @ 15:05:05 on 08-17-2017
Invoice Posting started @ 12:10:52 on 08-28-2017
Invoice Posting started @ 16:53:12 on 08-31-2017
Invoice Posting started @ 15:47:53 on 09-05-2017
Invoice Posting started @ 10:03:53 on 09-06-2017
Invoice Posting started @ 16:17:27 on 09-07-2017
Invoice Posting started @ 15:40:02 on 09-19-2017
Invoice Posting started @ 15:46:19 on 10-02-2017
Invoice Posting started @ 15:53:09 on 10-06-2017
Invoice Posting started @ 15:24:23 on 10-09-2017
Invoice Posting started @ 11:08:58 on 10-20-2017
Invoice Posting started @ 16:17:32 on 10-27-2017
Invoice Posting started @ 13:42:50 on 11-03-2017
Invoice Posting started @ 15:44:45 on 11-07-2017
