APRINT
APRINT0
APRINTT0
ASCII
BLANKS
BLOCKCLEAR
BOX0
BUTTONPRESS
CHANGECLR
COMPACT
DATE2NUM
DELETET
DOSERROR
DOSVER
EDATE2NUM
EDITFORM
ENUM2DATE
EXIST
FACTORIAL
FCLOSE
FGET
FGETA
FGETT
FOPENS
FILEVIEW
FINDLAST
FLINPUT
FLOF
FOPENALL
FSEEK
FUDGEFACTOR
FUSING
GETCURSOR
GETVMODE
HIDECURSOR
INCOUNT
INITMOUSE
LIBGETFLDDEF
LIBNO
MAXINT
MININT
MONITOR
MOUSETRAP
MOVESCREEN
MPAINTBOX
MPRESTORE
MQPRINT
MSCRNREST
MSCRNSAVE
MSGBOX
NULL
NUM2DATE
PAUSE
PAUSE3
PDQTIMER
PEEK1
PMATCH
PROPERNAME
QBLOAD
QINSTRB
QPLEN
QPRINTRC
QPRTRIM
QPSTRI
QPSTRL
QPTRIM
SHOWCURSOR
SORTT
STUFFBUF
TEXTCURSOR
WAZZWIND
WENVTEST
WHICHERROR
WRITESCREEN

