Post to General Ledger initiated on 02-18-1997 @ 20:29:27
No Posting Errors. Posted Transaction Count:   5
Debits Posted  :    44,936.34
Credits Posted :    44,936.34
------------------------------------------------------------------------------
Post to General Ledger initiated on 02-18-1997 @ 20:54:53
No Posting Errors. Posted Transaction Count:  17
Debits Posted  :     5,348.77
Credits Posted :     5,348.77
------------------------------------------------------------------------------
Post to General Ledger initiated on 02-18-1997 @ 21:00:55
No Posting Errors. Posted Transaction Count:   2
Debits Posted  :       959.64
Credits Posted :       959.64
------------------------------------------------------------------------------
Post to General Ledger initiated on 03-10-1997 @ 20:27:25
No Posting Errors. Posted Transaction Count:  10
Debits Posted  :     2,269.97
Credits Posted :     2,269.97
------------------------------------------------------------------------------
Post to General Ledger initiated on 03-10-1997 @ 21:16:57
No Posting Errors. Posted Transaction Count:   4
Debits Posted  :     1,964.01
Credits Posted :     1,964.01
------------------------------------------------------------------------------
Post to General Ledger initiated on 03-10-1997 @ 21:24:41
No Posting Errors. Posted Transaction Count:   2
Debits Posted  :        25.00
Credits Posted :        25.00
------------------------------------------------------------------------------
Post to General Ledger initiated on 03-10-1997 @ 21:33:48
No Posting Errors. Posted Transaction Count:   4
Debits Posted  :        50.92
Credits Posted :        50.92
------------------------------------------------------------------------------
Post to General Ledger initiated on 03-10-1997 @ 22:13:36
No Posting Errors. Posted Transaction Count:   4
Debits Posted  :        50.92
Credits Posted :        50.92
------------------------------------------------------------------------------
Post to General Ledger initiated on 03-10-1997 @ 22:20:40
No Posting Errors. Posted Transaction Count:   2
Debits Posted  :        25.00
Credits Posted :        25.00
------------------------------------------------------------------------------
Post to General Ledger initiated on 03-11-1997 @ 23:08:49
No Posting Errors. Posted Transaction Count:   2
Debits Posted  :        25.00
Credits Posted :        25.00
------------------------------------------------------------------------------
Post to General Ledger initiated on 04-07-1997 @ 22:46:19
No Posting Errors. Posted Transaction Count:  33
Debits Posted  :     4,627.84
Credits Posted :     4,627.84
------------------------------------------------------------------------------
Post to General Ledger initiated on 04-07-1997 @ 22:48:00
No Posting Errors. Posted Transaction Count:  14
Debits Posted  :     4,673.90
Credits Posted :     4,673.90
------------------------------------------------------------------------------
