Invoice Posting started @ 09:31:14 on 09-24-2012
Invoice Posting started @ 09:43:24 on 09-24-2012
Invoice Posting started @ 09:57:47 on 09-24-2012
Purchase Order initiated on 09-24-2012 @ 10:02:34
No Posting Errors. Posted Transaction Count:    2
--------------------------------------------------------------------------------
Invoice Posting started @ 10:04:18 on 09-24-2012
Invoice Posting started @ 10:13:14 on 09-24-2012
Invoice Posting started @ 11:05:31 on 09-24-2012
Invoice Posting started @ 11:09:20 on 09-24-2012
Purchase Order initiated on 09-24-2012 @ 11:09:20
No Posting Errors. Posted Transaction Count:    4
--------------------------------------------------------------------------------

Removed transactions procedure started @ 11-09-2012 10:33:00
10-43110-27011/08/2012 VML INSURANCE PROG 0         4306     P-2012-2  AP110812 
10-44220-27011/08/2012 VML INSURANCE PROG 0         6335     P-2012-2  AP110812 
10-41211-27011/08/2012 VML INSURANCE PROG 0         1229     P-2012-2  AP110812 
10-41211-53011/08/2012 VML INSURANCE PROG 0         6331     P-2012-2  AP110812 
10-21000-02011/08/2012 VML INSURANCE PROG 18201     0        P-2012-2  AP110812 
10-41211-27011/08/2012 VML INSURANCE PROG 0         282.8    028249    AP110812 
10-44220-27011/08/2012 VML INSURANCE PROG 0         282.8    028249    AP110812 
10-43110-27011/08/2012 VML INSURANCE PROG 0         282.8    028249    AP110812 
51-44410-27011/08/2012 VML INSURANCE PROG 0         282.8    028249    AP110812 
52-44420-27011/08/2012 VML INSURANCE PROG 0         282.8    028249    AP110812 
10-21000-02011/08/2012 VML INSURANCE PROG 848.4     0        028249    AP110812 
51-21000-02011/08/2012 VML INSURANCE PROG 282.8     0        028249    AP110812 
52-21000-02011/08/2012 VML INSURANCE PROG 282.8     0        028249    AP110812 
10-44220-33111/15/2012 WATTS' TOWING & ST 0         200      5112      AP110812 
10-21000-02011/15/2012 WATTS' TOWING & ST 200       0        5112      AP110812 
10-41211-52411/15/2012 WSVS-GEE COMMUNICA 0         75       Dec 24    AP110812 
10-21000-02011/15/2012 WSVS-GEE COMMUNICA 75        0        Dec 24    AP110812 
51-44410-60011/15/2012 JOHN DEERE FINANCI 0         6.32     10114     AP110812 
51-21000-02011/15/2012 JOHN DEERE FINANCI 6.32      0        10114     AP110812 
52-44420-33111/15/2012 JOHN DEERE FINANCI 0         13.99    11426     AP110812 
52-21000-02011/15/2012 JOHN DEERE FINANCI 13.99     0        11426     AP110812 
10-43110-27011/08/2012 VML INSURANCE PROG 0         4306     P-2012-2  AP110812 
10-44220-27011/08/2012 VML INSURANCE PROG 0         6335     P-2012-2  AP110812 
10-41211-27011/08/2012 VML INSURANCE PROG 0         1229     P-2012-2  AP110812 
10-41211-53011/08/2012 VML INSURANCE PROG 0         6331     P-2012-2  AP110812 
10-21000-02011/08/2012 VML INSURANCE PROG 18201     0        P-2012-2  AP110812 
10-41211-27011/08/2012 VML INSURANCE PROG 0         282.8    028249    AP110812 
10-44220-27011/08/2012 VML INSURANCE PROG 0         282.8    028249    AP110812 
10-43110-27011/08/2012 VML INSURANCE PROG 0         282.8    028249    AP110812 
51-44410-27011/08/2012 VML INSURANCE PROG 0         282.8    028249    AP110812 
52-44420-27011/08/2012 VML INSURANCE PROG 0         282.8    028249    AP110812 
10-21000-02011/08/2012 VML INSURANCE PROG 848.4     0        028249    AP110812 
51-21000-02011/08/2012 VML INSURANCE PROG 282.8     0        028249    AP110812 
52-21000-02011/08/2012 VML INSURANCE PROG 282.8     0        028249    AP110812 
10-44220-33111/15/2012 WATTS' TOWING & ST 0         200      5112      AP110812 
10-21000-02011/15/2012 WATTS' TOWING & ST 200       0        5112      AP110812 
10-41211-52411/15/2012 WSVS-GEE COMMUNICA 0         75       Dec 24    AP110812 
10-21000-02011/15/2012 WSVS-GEE COMMUNICA 75        0        Dec 24    AP110812 
51-44410-60011/15/2012 JOHN DEERE FINANCI 0         6.32     10114     AP110812 
51-21000-02011/15/2012 JOHN DEERE FINANCI 6.32      0        10114     AP110812 
52-44420-33111/15/2012 JOHN DEERE FINANCI 0         13.99    11426     AP110812 
52-21000-02011/15/2012 JOHN DEERE FINANCI 13.99     0        11426     AP110812 
10-43110-27011/08/2012 VML INSURANCE PROG 0         4306     P-2012-2  AP110812 
10-44220-27011/08/2012 VML INSURANCE PROG 0         6335     P-2012-2  AP110812 
10-41211-27011/08/2012 VML INSURANCE PROG 0         1229     P-2012-2  AP110812 
10-41211-53011/08/2012 VML INSURANCE PROG 0         6331     P-2012-2  AP110812 
10-21000-02011/08/2012 VML INSURANCE PROG 18201     0        P-2012-2  AP110812 
10-41211-27011/08/2012 VML INSURANCE PROG 0         282.8    028249    AP110812 
10-44220-27011/08/2012 VML INSURANCE PROG 0         282.8    028249    AP110812 
10-43110-27011/08/2012 VML INSURANCE PROG 0         282.8    028249    AP110812 
51-44410-27011/08/2012 VML INSURANCE PROG 0         282.8    028249    AP110812 
52-44420-27011/08/2012 VML INSURANCE PROG 0         282.8    028249    AP110812 
10-21000-02011/08/2012 VML INSURANCE PROG 848.4     0        028249    AP110812 
51-21000-02011/08/2012 VML INSURANCE PROG 282.8     0        028249    AP110812 
52-21000-02011/08/2012 VML INSURANCE PROG 282.8     0        028249    AP110812 
10-44220-33111/15/2012 WATTS' TOWING & ST 0         200      5112      AP110812 
10-21000-02011/15/2012 WATTS' TOWING & ST 200       0        5112      AP110812 
10-41211-52411/15/2012 WSVS-GEE COMMUNICA 0         75       Dec 24    AP110812 
10-21000-02011/15/2012 WSVS-GEE COMMUNICA 75        0        Dec 24    AP110812 
51-44410-60011/15/2012 JOHN DEERE FINANCI 0         6.32     10114     AP110812 
51-21000-02011/15/2012 JOHN DEERE FINANCI 6.32      0        10114     AP110812 
52-44420-33111/15/2012 JOHN DEERE FINANCI 0         13.99    11426     AP110812 
52-21000-02011/15/2012 JOHN DEERE FINANCI 13.99     0        11426     AP110812 
10-43110-27011/08/2012 VML INSURANCE PROG 0         4306     P-2012-2  AP110812 
10-44220-27011/08/2012 VML INSURANCE PROG 0         6335     P-2012-2  AP110812 
10-41211-27011/08/2012 VML INSURANCE PROG 0         1229     P-2012-2  AP110812 
10-41211-53011/08/2012 VML INSURANCE PROG 0         6331     P-2012-2  AP110812 
10-21000-02011/08/2012 VML INSURANCE PROG 18201     0        P-2012-2  AP110812 
10-41211-27011/08/2012 VML INSURANCE PROG 0         282.8    028249    AP110812 
10-44220-27011/08/2012 VML INSURANCE PROG 0         282.8    028249    AP110812 
10-43110-27011/08/2012 VML INSURANCE PROG 0         282.8    028249    AP110812 
51-44410-27011/08/2012 VML INSURANCE PROG 0         282.8    028249    AP110812 
52-44420-27011/08/2012 VML INSURANCE PROG 0         282.8    028249    AP110812 
10-21000-02011/08/2012 VML INSURANCE PROG 848.4     0        028249    AP110812 
51-21000-02011/08/2012 VML INSURANCE PROG 282.8     0        028249    AP110812 
52-21000-02011/08/2012 VML INSURANCE PROG 282.8     0        028249    AP110812 
10-44220-33111/15/2012 WATTS' TOWING & ST 0         200      5112      AP110812 
10-21000-02011/15/2012 WATTS' TOWING & ST 200       0        5112      AP110812 
10-41211-52411/15/2012 WSVS-GEE COMMUNICA 0         75       Dec 24    AP110812 
10-21000-02011/15/2012 WSVS-GEE COMMUNICA 75        0        Dec 24    AP110812 
51-44410-60011/15/2012 JOHN DEERE FINANCI 0         6.32     10114     AP110812 
51-21000-02011/15/2012 JOHN DEERE FINANCI 6.32      0        10114     AP110812 
52-44420-33111/15/2012 JOHN DEERE FINANCI 0         13.99    11426     AP110812 
52-21000-02011/15/2012 JOHN DEERE FINANCI 13.99     0        11426     AP110812 
10-43110-27011/08/2012 VML INSURANCE PROG 0         4306     P-2012-2  AP110812 
10-44220-27011/08/2012 VML INSURANCE PROG 0         6335     P-2012-2  AP110812 
10-41211-27011/08/2012 VML INSURANCE PROG 0         1229     P-2012-2  AP110812 
10-41211-53011/08/2012 VML INSURANCE PROG 0         6331     P-2012-2  AP110812 
10-21000-02011/08/2012 VML INSURANCE PROG 18201     0        P-2012-2  AP110812 
10-41211-27011/08/2012 VML INSURANCE PROG 0         282.8    028249    AP110812 
10-44220-27011/08/2012 VML INSURANCE PROG 0         282.8    028249    AP110812 
10-43110-27011/08/2012 VML INSURANCE PROG 0         282.8    028249    AP110812 
51-44410-27011/08/2012 VML INSURANCE PROG 0         282.8    028249    AP110812 
52-44420-27011/08/2012 VML INSURANCE PROG 0         282.8    028249    AP110812 
10-21000-02011/08/2012 VML INSURANCE PROG 848.4     0        028249    AP110812 
51-21000-02011/08/2012 VML INSURANCE PROG 282.8     0        028249    AP110812 
52-21000-02011/08/2012 VML INSURANCE PROG 282.8     0        028249    AP110812 
10-44220-33111/15/2012 WATTS' TOWING & ST 0         200      5112      AP110812 
10-21000-02011/15/2012 WATTS' TOWING & ST 200       0        5112      AP110812 
10-41211-52411/15/2012 WSVS-GEE COMMUNICA 0         75       Dec 24    AP110812 
10-21000-02011/15/2012 WSVS-GEE COMMUNICA 75        0        Dec 24    AP110812 
51-44410-60011/15/2012 JOHN DEERE FINANCI 0         6.32     10114     AP110812 
51-21000-02011/15/2012 JOHN DEERE FINANCI 6.32      0        10114     AP110812 
52-44420-33111/15/2012 JOHN DEERE FINANCI 0         13.99    11426     AP110812 
52-21000-02011/15/2012 JOHN DEERE FINANCI 13.99     0        11426     AP110812 
10-41211-60011/15/2012 RICOH AMERICAS COR 0         111.04   15537512  AP110812 
10-21000-02011/15/2012 RICOH AMERICAS COR 111.04    0        15537512  AP110812 
10-43110-27011/08/2012 VML INSURANCE PROG 0         4306     P-2012-2  AP110812 
10-44220-27011/08/2012 VML INSURANCE PROG 0         6335     P-2012-2  AP110812 
10-41211-27011/08/2012 VML INSURANCE PROG 0         1229     P-2012-2  AP110812 
10-41211-53011/08/2012 VML INSURANCE PROG 0         6331     P-2012-2  AP110812 
10-21000-02011/08/2012 VML INSURANCE PROG 18201     0        P-2012-2  AP110812 
10-41211-27011/08/2012 VML INSURANCE PROG 0         282.8    028249    AP110812 
10-44220-27011/08/2012 VML INSURANCE PROG 0         282.8    028249    AP110812 
10-43110-27011/08/2012 VML INSURANCE PROG 0         282.8    028249    AP110812 
51-44410-27011/08/2012 VML INSURANCE PROG 0         282.8    028249    AP110812 
52-44420-27011/08/2012 VML INSURANCE PROG 0         282.8    028249    AP110812 
10-21000-02011/08/2012 VML INSURANCE PROG 848.4     0        028249    AP110812 
51-21000-02011/08/2012 VML INSURANCE PROG 282.8     0        028249    AP110812 
52-21000-02011/08/2012 VML INSURANCE PROG 282.8     0        028249    AP110812 
10-44220-33111/15/2012 WATTS' TOWING & ST 0         200      5112      AP110812 
10-21000-02011/15/2012 WATTS' TOWING & ST 200       0        5112      AP110812 
10-41211-52411/15/2012 WSVS-GEE COMMUNICA 0         75       Dec 24    AP110812 
10-21000-02011/15/2012 WSVS-GEE COMMUNICA 75        0        Dec 24    AP110812 
51-44410-60011/15/2012 JOHN DEERE FINANCI 0         6.32     10114     AP110812 
51-21000-02011/15/2012 JOHN DEERE FINANCI 6.32      0        10114     AP110812 
52-44420-33111/15/2012 JOHN DEERE FINANCI 0         13.99    11426     AP110812 
52-21000-02011/15/2012 JOHN DEERE FINANCI 13.99     0        11426     AP110812 

Transactions removed:  128 
Total Debits removed:  119572.9
Total Credits removed:  119572.9


Removed transactions procedure started @ 11-09-2012 10:37:53
10-43110-27011/08/2012 VML INSURANCE PROG 0         4306     P-2012-2  AP110812 
10-44220-27011/08/2012 VML INSURANCE PROG 0         6335     P-2012-2  AP110812 
10-41211-27011/08/2012 VML INSURANCE PROG 0         1229     P-2012-2  AP110812 
10-41211-53011/08/2012 VML INSURANCE PROG 0         6331     P-2012-2  AP110812 
10-21000-02011/08/2012 VML INSURANCE PROG 18201     0        P-2012-2  AP110812 
10-41211-27011/08/2012 VML INSURANCE PROG 0         282.8    028249    AP110812 
10-44220-27011/08/2012 VML INSURANCE PROG 0         282.8    028249    AP110812 
10-43110-27011/08/2012 VML INSURANCE PROG 0         282.8    028249    AP110812 
51-44410-27011/08/2012 VML INSURANCE PROG 0         282.8    028249    AP110812 
52-44420-27011/08/2012 VML INSURANCE PROG 0         282.8    028249    AP110812 
10-21000-02011/08/2012 VML INSURANCE PROG 848.4     0        028249    AP110812 
51-21000-02011/08/2012 VML INSURANCE PROG 282.8     0        028249    AP110812 
52-21000-02011/08/2012 VML INSURANCE PROG 282.8     0        028249    AP110812 
10-44220-33111/15/2012 WATTS' TOWING & ST 0         200      5112      AP110812 
10-21000-02011/15/2012 WATTS' TOWING & ST 200       0        5112      AP110812 
10-41211-52411/15/2012 WSVS-GEE COMMUNICA 0         75       Dec 24    AP110812 
10-21000-02011/15/2012 WSVS-GEE COMMUNICA 75        0        Dec 24    AP110812 
51-44410-60011/15/2012 JOHN DEERE FINANCI 0         6.32     10114     AP110812 
51-21000-02011/15/2012 JOHN DEERE FINANCI 6.32      0        10114     AP110812 
52-44420-33111/15/2012 JOHN DEERE FINANCI 0         13.99    11426     AP110812 
52-21000-02011/15/2012 JOHN DEERE FINANCI 13.99     0        11426     AP110812 
10-43110-27011/08/2012 VML INSURANCE PROG 0         4306     P-2012-2  AP110812 
10-44220-27011/08/2012 VML INSURANCE PROG 0         6335     P-2012-2  AP110812 
10-41211-27011/08/2012 VML INSURANCE PROG 0         1229     P-2012-2  AP110812 
10-41211-53011/08/2012 VML INSURANCE PROG 0         6331     P-2012-2  AP110812 
10-21000-02011/08/2012 VML INSURANCE PROG 18201     0        P-2012-2  AP110812 
10-41211-27011/08/2012 VML INSURANCE PROG 0         282.8    028249    AP110812 
10-44220-27011/08/2012 VML INSURANCE PROG 0         282.8    028249    AP110812 
10-43110-27011/08/2012 VML INSURANCE PROG 0         282.8    028249    AP110812 
51-44410-27011/08/2012 VML INSURANCE PROG 0         282.8    028249    AP110812 
52-44420-27011/08/2012 VML INSURANCE PROG 0         282.8    028249    AP110812 
10-21000-02011/08/2012 VML INSURANCE PROG 848.4     0        028249    AP110812 
51-21000-02011/08/2012 VML INSURANCE PROG 282.8     0        028249    AP110812 
52-21000-02011/08/2012 VML INSURANCE PROG 282.8     0        028249    AP110812 
10-44220-33111/15/2012 WATTS' TOWING & ST 0         200      5112      AP110812 
10-21000-02011/15/2012 WATTS' TOWING & ST 200       0        5112      AP110812 
10-41211-52411/15/2012 WSVS-GEE COMMUNICA 0         75       Dec 24    AP110812 
10-21000-02011/15/2012 WSVS-GEE COMMUNICA 75        0        Dec 24    AP110812 
51-44410-60011/15/2012 JOHN DEERE FINANCI 0         6.32     10114     AP110812 
51-21000-02011/15/2012 JOHN DEERE FINANCI 6.32      0        10114     AP110812 
52-44420-33111/15/2012 JOHN DEERE FINANCI 0         13.99    11426     AP110812 
52-21000-02011/15/2012 JOHN DEERE FINANCI 13.99     0        11426     AP110812 
10-43110-27011/08/2012 VML INSURANCE PROG 0         4306     P-2012-2  AP110812 
10-44220-27011/08/2012 VML INSURANCE PROG 0         6335     P-2012-2  AP110812 
10-41211-27011/08/2012 VML INSURANCE PROG 0         1229     P-2012-2  AP110812 
10-41211-53011/08/2012 VML INSURANCE PROG 0         6331     P-2012-2  AP110812 
10-21000-02011/08/2012 VML INSURANCE PROG 18201     0        P-2012-2  AP110812 
10-41211-27011/08/2012 VML INSURANCE PROG 0         282.8    028249    AP110812 
10-44220-27011/08/2012 VML INSURANCE PROG 0         282.8    028249    AP110812 
10-43110-27011/08/2012 VML INSURANCE PROG 0         282.8    028249    AP110812 
51-44410-27011/08/2012 VML INSURANCE PROG 0         282.8    028249    AP110812 
52-44420-27011/08/2012 VML INSURANCE PROG 0         282.8    028249    AP110812 
10-21000-02011/08/2012 VML INSURANCE PROG 848.4     0        028249    AP110812 
51-21000-02011/08/2012 VML INSURANCE PROG 282.8     0        028249    AP110812 
52-21000-02011/08/2012 VML INSURANCE PROG 282.8     0        028249    AP110812 
10-44220-33111/15/2012 WATTS' TOWING & ST 0         200      5112      AP110812 
10-21000-02011/15/2012 WATTS' TOWING & ST 200       0        5112      AP110812 
10-41211-52411/15/2012 WSVS-GEE COMMUNICA 0         75       Dec 24    AP110812 
10-21000-02011/15/2012 WSVS-GEE COMMUNICA 75        0        Dec 24    AP110812 
51-44410-60011/15/2012 JOHN DEERE FINANCI 0         6.32     10114     AP110812 
51-21000-02011/15/2012 JOHN DEERE FINANCI 6.32      0        10114     AP110812 
52-44420-33111/15/2012 JOHN DEERE FINANCI 0         13.99    11426     AP110812 
52-21000-02011/15/2012 JOHN DEERE FINANCI 13.99     0        11426     AP110812 
10-43110-27011/08/2012 VML INSURANCE PROG 0         4306     P-2012-2  AP110812 
10-44220-27011/08/2012 VML INSURANCE PROG 0         6335     P-2012-2  AP110812 
10-41211-27011/08/2012 VML INSURANCE PROG 0         1229     P-2012-2  AP110812 
10-41211-53011/08/2012 VML INSURANCE PROG 0         6331     P-2012-2  AP110812 
10-21000-02011/08/2012 VML INSURANCE PROG 18201     0        P-2012-2  AP110812 
10-41211-27011/08/2012 VML INSURANCE PROG 0         282.8    028249    AP110812 
10-44220-27011/08/2012 VML INSURANCE PROG 0         282.8    028249    AP110812 
10-43110-27011/08/2012 VML INSURANCE PROG 0         282.8    028249    AP110812 
51-44410-27011/08/2012 VML INSURANCE PROG 0         282.8    028249    AP110812 
52-44420-27011/08/2012 VML INSURANCE PROG 0         282.8    028249    AP110812 
10-21000-02011/08/2012 VML INSURANCE PROG 848.4     0        028249    AP110812 
51-21000-02011/08/2012 VML INSURANCE PROG 282.8     0        028249    AP110812 
52-21000-02011/08/2012 VML INSURANCE PROG 282.8     0        028249    AP110812 
10-44220-33111/15/2012 WATTS' TOWING & ST 0         200      5112      AP110812 
10-21000-02011/15/2012 WATTS' TOWING & ST 200       0        5112      AP110812 
10-41211-52411/15/2012 WSVS-GEE COMMUNICA 0         75       Dec 24    AP110812 
10-21000-02011/15/2012 WSVS-GEE COMMUNICA 75        0        Dec 24    AP110812 
51-44410-60011/15/2012 JOHN DEERE FINANCI 0         6.32     10114     AP110812 
51-21000-02011/15/2012 JOHN DEERE FINANCI 6.32      0        10114     AP110812 
52-44420-33111/15/2012 JOHN DEERE FINANCI 0         13.99    11426     AP110812 
52-21000-02011/15/2012 JOHN DEERE FINANCI 13.99     0        11426     AP110812 
10-43110-27011/08/2012 VML INSURANCE PROG 0         4306     P-2012-2  AP110812 
10-44220-27011/08/2012 VML INSURANCE PROG 0         6335     P-2012-2  AP110812 
10-41211-27011/08/2012 VML INSURANCE PROG 0         1229     P-2012-2  AP110812 
10-41211-53011/08/2012 VML INSURANCE PROG 0         6331     P-2012-2  AP110812 
10-21000-02011/08/2012 VML INSURANCE PROG 18201     0        P-2012-2  AP110812 
10-41211-27011/08/2012 VML INSURANCE PROG 0         282.8    028249    AP110812 
10-44220-27011/08/2012 VML INSURANCE PROG 0         282.8    028249    AP110812 
10-43110-27011/08/2012 VML INSURANCE PROG 0         282.8    028249    AP110812 
51-44410-27011/08/2012 VML INSURANCE PROG 0         282.8    028249    AP110812 
52-44420-27011/08/2012 VML INSURANCE PROG 0         282.8    028249    AP110812 
10-21000-02011/08/2012 VML INSURANCE PROG 848.4     0        028249    AP110812 
51-21000-02011/08/2012 VML INSURANCE PROG 282.8     0        028249    AP110812 
52-21000-02011/08/2012 VML INSURANCE PROG 282.8     0        028249    AP110812 
10-44220-33111/15/2012 WATTS' TOWING & ST 0         200      5112      AP110812 
10-21000-02011/15/2012 WATTS' TOWING & ST 200       0        5112      AP110812 
10-41211-52411/15/2012 WSVS-GEE COMMUNICA 0         75       Dec 24    AP110812 
10-21000-02011/15/2012 WSVS-GEE COMMUNICA 75        0        Dec 24    AP110812 
51-44410-60011/15/2012 JOHN DEERE FINANCI 0         6.32     10114     AP110812 
51-21000-02011/15/2012 JOHN DEERE FINANCI 6.32      0        10114     AP110812 
52-44420-33111/15/2012 JOHN DEERE FINANCI 0         13.99    11426     AP110812 
52-21000-02011/15/2012 JOHN DEERE FINANCI 13.99     0        11426     AP110812 
10-41211-60011/15/2012 RICOH AMERICAS COR 0         111.04   15537512  AP110812 
10-21000-02011/15/2012 RICOH AMERICAS COR 111.04    0        15537512  AP110812 
10-43110-27011/08/2012 VML INSURANCE PROG 0         4306     P-2012-2  AP110812 
10-44220-27011/08/2012 VML INSURANCE PROG 0         6335     P-2012-2  AP110812 
10-41211-27011/08/2012 VML INSURANCE PROG 0         1229     P-2012-2  AP110812 
10-41211-53011/08/2012 VML INSURANCE PROG 0         6331     P-2012-2  AP110812 
10-21000-02011/08/2012 VML INSURANCE PROG 18201     0        P-2012-2  AP110812 
10-41211-27011/08/2012 VML INSURANCE PROG 0         282.8    028249    AP110812 
10-44220-27011/08/2012 VML INSURANCE PROG 0         282.8    028249    AP110812 
10-43110-27011/08/2012 VML INSURANCE PROG 0         282.8    028249    AP110812 
51-44410-27011/08/2012 VML INSURANCE PROG 0         282.8    028249    AP110812 
52-44420-27011/08/2012 VML INSURANCE PROG 0         282.8    028249    AP110812 
10-21000-02011/08/2012 VML INSURANCE PROG 848.4     0        028249    AP110812 
51-21000-02011/08/2012 VML INSURANCE PROG 282.8     0        028249    AP110812 
52-21000-02011/08/2012 VML INSURANCE PROG 282.8     0        028249    AP110812 
10-44220-33111/15/2012 WATTS' TOWING & ST 0         200      5112      AP110812 
10-21000-02011/15/2012 WATTS' TOWING & ST 200       0        5112      AP110812 
10-41211-52411/15/2012 WSVS-GEE COMMUNICA 0         75       Dec 24    AP110812 
10-21000-02011/15/2012 WSVS-GEE COMMUNICA 75        0        Dec 24    AP110812 
51-44410-60011/15/2012 JOHN DEERE FINANCI 0         6.32     10114     AP110812 
51-21000-02011/15/2012 JOHN DEERE FINANCI 6.32      0        10114     AP110812 
52-44420-33111/15/2012 JOHN DEERE FINANCI 0         13.99    11426     AP110812 
52-21000-02011/15/2012 JOHN DEERE FINANCI 13.99     0        11426     AP110812 

Transactions removed:  128 
Total Debits removed:  119572.9
Total Credits removed:  119572.9


Removed transactions procedure started @ 11-09-2012 10:40:25
10-43110-27011/08/2012 VML INSURANCE PROG 0         4306     P-2012-2  AP110812 
10-44220-27011/08/2012 VML INSURANCE PROG 0         6335     P-2012-2  AP110812 
10-41211-27011/08/2012 VML INSURANCE PROG 0         1229     P-2012-2  AP110812 
10-41211-53011/08/2012 VML INSURANCE PROG 0         6331     P-2012-2  AP110812 
10-21000-02011/08/2012 VML INSURANCE PROG 18201     0        P-2012-2  AP110812 
10-41211-27011/08/2012 VML INSURANCE PROG 0         282.8    028249    AP110812 
10-44220-27011/08/2012 VML INSURANCE PROG 0         282.8    028249    AP110812 
10-43110-27011/08/2012 VML INSURANCE PROG 0         282.8    028249    AP110812 
51-44410-27011/08/2012 VML INSURANCE PROG 0         282.8    028249    AP110812 
52-44420-27011/08/2012 VML INSURANCE PROG 0         282.8    028249    AP110812 
10-21000-02011/08/2012 VML INSURANCE PROG 848.4     0        028249    AP110812 
51-21000-02011/08/2012 VML INSURANCE PROG 282.8     0        028249    AP110812 
52-21000-02011/08/2012 VML INSURANCE PROG 282.8     0        028249    AP110812 
10-44220-33111/15/2012 WATTS' TOWING & ST 0         200      5112      AP110812 
10-21000-02011/15/2012 WATTS' TOWING & ST 200       0        5112      AP110812 
10-41211-52411/15/2012 WSVS-GEE COMMUNICA 0         75       Dec 24    AP110812 
10-21000-02011/15/2012 WSVS-GEE COMMUNICA 75        0        Dec 24    AP110812 
51-44410-60011/15/2012 JOHN DEERE FINANCI 0         6.32     10114     AP110812 
51-21000-02011/15/2012 JOHN DEERE FINANCI 6.32      0        10114     AP110812 
52-44420-33111/15/2012 JOHN DEERE FINANCI 0         13.99    11426     AP110812 
52-21000-02011/15/2012 JOHN DEERE FINANCI 13.99     0        11426     AP110812 
10-43110-27011/08/2012 VML INSURANCE PROG 0         4306     P-2012-2  AP110812 
10-44220-27011/08/2012 VML INSURANCE PROG 0         6335     P-2012-2  AP110812 
10-41211-27011/08/2012 VML INSURANCE PROG 0         1229     P-2012-2  AP110812 
10-41211-53011/08/2012 VML INSURANCE PROG 0         6331     P-2012-2  AP110812 
10-21000-02011/08/2012 VML INSURANCE PROG 18201     0        P-2012-2  AP110812 
10-41211-27011/08/2012 VML INSURANCE PROG 0         282.8    028249    AP110812 
10-44220-27011/08/2012 VML INSURANCE PROG 0         282.8    028249    AP110812 
10-43110-27011/08/2012 VML INSURANCE PROG 0         282.8    028249    AP110812 
51-44410-27011/08/2012 VML INSURANCE PROG 0         282.8    028249    AP110812 
52-44420-27011/08/2012 VML INSURANCE PROG 0         282.8    028249    AP110812 
10-21000-02011/08/2012 VML INSURANCE PROG 848.4     0        028249    AP110812 
51-21000-02011/08/2012 VML INSURANCE PROG 282.8     0        028249    AP110812 
52-21000-02011/08/2012 VML INSURANCE PROG 282.8     0        028249    AP110812 
10-44220-33111/15/2012 WATTS' TOWING & ST 0         200      5112      AP110812 
10-21000-02011/15/2012 WATTS' TOWING & ST 200       0        5112      AP110812 
10-41211-52411/15/2012 WSVS-GEE COMMUNICA 0         75       Dec 24    AP110812 
10-21000-02011/15/2012 WSVS-GEE COMMUNICA 75        0        Dec 24    AP110812 
51-44410-60011/15/2012 JOHN DEERE FINANCI 0         6.32     10114     AP110812 
51-21000-02011/15/2012 JOHN DEERE FINANCI 6.32      0        10114     AP110812 
52-44420-33111/15/2012 JOHN DEERE FINANCI 0         13.99    11426     AP110812 
52-21000-02011/15/2012 JOHN DEERE FINANCI 13.99     0        11426     AP110812 
10-43110-27011/08/2012 VML INSURANCE PROG 0         4306     P-2012-2  AP110812 
10-44220-27011/08/2012 VML INSURANCE PROG 0         6335     P-2012-2  AP110812 
10-41211-27011/08/2012 VML INSURANCE PROG 0         1229     P-2012-2  AP110812 
10-41211-53011/08/2012 VML INSURANCE PROG 0         6331     P-2012-2  AP110812 
10-21000-02011/08/2012 VML INSURANCE PROG 18201     0        P-2012-2  AP110812 
10-41211-27011/08/2012 VML INSURANCE PROG 0         282.8    028249    AP110812 
10-44220-27011/08/2012 VML INSURANCE PROG 0         282.8    028249    AP110812 
10-43110-27011/08/2012 VML INSURANCE PROG 0         282.8    028249    AP110812 
51-44410-27011/08/2012 VML INSURANCE PROG 0         282.8    028249    AP110812 
52-44420-27011/08/2012 VML INSURANCE PROG 0         282.8    028249    AP110812 
10-21000-02011/08/2012 VML INSURANCE PROG 848.4     0        028249    AP110812 
51-21000-02011/08/2012 VML INSURANCE PROG 282.8     0        028249    AP110812 
52-21000-02011/08/2012 VML INSURANCE PROG 282.8     0        028249    AP110812 
10-44220-33111/15/2012 WATTS' TOWING & ST 0         200      5112      AP110812 
10-21000-02011/15/2012 WATTS' TOWING & ST 200       0        5112      AP110812 
10-41211-52411/15/2012 WSVS-GEE COMMUNICA 0         75       Dec 24    AP110812 
10-21000-02011/15/2012 WSVS-GEE COMMUNICA 75        0        Dec 24    AP110812 
51-44410-60011/15/2012 JOHN DEERE FINANCI 0         6.32     10114     AP110812 
51-21000-02011/15/2012 JOHN DEERE FINANCI 6.32      0        10114     AP110812 
52-44420-33111/15/2012 JOHN DEERE FINANCI 0         13.99    11426     AP110812 
52-21000-02011/15/2012 JOHN DEERE FINANCI 13.99     0        11426     AP110812 
10-43110-27011/08/2012 VML INSURANCE PROG 0         4306     P-2012-2  AP110812 
10-44220-27011/08/2012 VML INSURANCE PROG 0         6335     P-2012-2  AP110812 
10-41211-27011/08/2012 VML INSURANCE PROG 0         1229     P-2012-2  AP110812 
10-41211-53011/08/2012 VML INSURANCE PROG 0         6331     P-2012-2  AP110812 
10-21000-02011/08/2012 VML INSURANCE PROG 18201     0        P-2012-2  AP110812 
10-41211-27011/08/2012 VML INSURANCE PROG 0         282.8    028249    AP110812 
10-44220-27011/08/2012 VML INSURANCE PROG 0         282.8    028249    AP110812 
10-43110-27011/08/2012 VML INSURANCE PROG 0         282.8    028249    AP110812 
51-44410-27011/08/2012 VML INSURANCE PROG 0         282.8    028249    AP110812 
52-44420-27011/08/2012 VML INSURANCE PROG 0         282.8    028249    AP110812 
10-21000-02011/08/2012 VML INSURANCE PROG 848.4     0        028249    AP110812 
51-21000-02011/08/2012 VML INSURANCE PROG 282.8     0        028249    AP110812 
52-21000-02011/08/2012 VML INSURANCE PROG 282.8     0        028249    AP110812 
10-44220-33111/15/2012 WATTS' TOWING & ST 0         200      5112      AP110812 
10-21000-02011/15/2012 WATTS' TOWING & ST 200       0        5112      AP110812 
10-41211-52411/15/2012 WSVS-GEE COMMUNICA 0         75       Dec 24    AP110812 
10-21000-02011/15/2012 WSVS-GEE COMMUNICA 75        0        Dec 24    AP110812 
51-44410-60011/15/2012 JOHN DEERE FINANCI 0         6.32     10114     AP110812 
51-21000-02011/15/2012 JOHN DEERE FINANCI 6.32      0        10114     AP110812 
52-44420-33111/15/2012 JOHN DEERE FINANCI 0         13.99    11426     AP110812 
52-21000-02011/15/2012 JOHN DEERE FINANCI 13.99     0        11426     AP110812 
10-43110-27011/08/2012 VML INSURANCE PROG 0         4306     P-2012-2  AP110812 
10-44220-27011/08/2012 VML INSURANCE PROG 0         6335     P-2012-2  AP110812 
10-41211-27011/08/2012 VML INSURANCE PROG 0         1229     P-2012-2  AP110812 
10-41211-53011/08/2012 VML INSURANCE PROG 0         6331     P-2012-2  AP110812 
10-21000-02011/08/2012 VML INSURANCE PROG 18201     0        P-2012-2  AP110812 
10-41211-27011/08/2012 VML INSURANCE PROG 0         282.8    028249    AP110812 
10-44220-27011/08/2012 VML INSURANCE PROG 0         282.8    028249    AP110812 
10-43110-27011/08/2012 VML INSURANCE PROG 0         282.8    028249    AP110812 
51-44410-27011/08/2012 VML INSURANCE PROG 0         282.8    028249    AP110812 
52-44420-27011/08/2012 VML INSURANCE PROG 0         282.8    028249    AP110812 
10-21000-02011/08/2012 VML INSURANCE PROG 848.4     0        028249    AP110812 
51-21000-02011/08/2012 VML INSURANCE PROG 282.8     0        028249    AP110812 
52-21000-02011/08/2012 VML INSURANCE PROG 282.8     0        028249    AP110812 
10-44220-33111/15/2012 WATTS' TOWING & ST 0         200      5112      AP110812 
10-21000-02011/15/2012 WATTS' TOWING & ST 200       0        5112      AP110812 
10-41211-52411/15/2012 WSVS-GEE COMMUNICA 0         75       Dec 24    AP110812 
10-21000-02011/15/2012 WSVS-GEE COMMUNICA 75        0        Dec 24    AP110812 
51-44410-60011/15/2012 JOHN DEERE FINANCI 0         6.32     10114     AP110812 
51-21000-02011/15/2012 JOHN DEERE FINANCI 6.32      0        10114     AP110812 
52-44420-33111/15/2012 JOHN DEERE FINANCI 0         13.99    11426     AP110812 
52-21000-02011/15/2012 JOHN DEERE FINANCI 13.99     0        11426     AP110812 
10-41211-60011/15/2012 RICOH AMERICAS COR 0         111.04   15537512  AP110812 
10-21000-02011/15/2012 RICOH AMERICAS COR 111.04    0        15537512  AP110812 
10-43110-27011/08/2012 VML INSURANCE PROG 0         4306     P-2012-2  AP110812 
10-44220-27011/08/2012 VML INSURANCE PROG 0         6335     P-2012-2  AP110812 
10-41211-27011/08/2012 VML INSURANCE PROG 0         1229     P-2012-2  AP110812 
10-41211-53011/08/2012 VML INSURANCE PROG 0         6331     P-2012-2  AP110812 
10-21000-02011/08/2012 VML INSURANCE PROG 18201     0        P-2012-2  AP110812 
10-41211-27011/08/2012 VML INSURANCE PROG 0         282.8    028249    AP110812 
10-44220-27011/08/2012 VML INSURANCE PROG 0         282.8    028249    AP110812 
10-43110-27011/08/2012 VML INSURANCE PROG 0         282.8    028249    AP110812 
51-44410-27011/08/2012 VML INSURANCE PROG 0         282.8    028249    AP110812 
52-44420-27011/08/2012 VML INSURANCE PROG 0         282.8    028249    AP110812 
10-21000-02011/08/2012 VML INSURANCE PROG 848.4     0        028249    AP110812 
51-21000-02011/08/2012 VML INSURANCE PROG 282.8     0        028249    AP110812 
52-21000-02011/08/2012 VML INSURANCE PROG 282.8     0        028249    AP110812 
10-44220-33111/15/2012 WATTS' TOWING & ST 0         200      5112      AP110812 
10-21000-02011/15/2012 WATTS' TOWING & ST 200       0        5112      AP110812 
10-41211-52411/15/2012 WSVS-GEE COMMUNICA 0         75       Dec 24    AP110812 
10-21000-02011/15/2012 WSVS-GEE COMMUNICA 75        0        Dec 24    AP110812 
51-44410-60011/15/2012 JOHN DEERE FINANCI 0         6.32     10114     AP110812 
51-21000-02011/15/2012 JOHN DEERE FINANCI 6.32      0        10114     AP110812 
52-44420-33111/15/2012 JOHN DEERE FINANCI 0         13.99    11426     AP110812 
52-21000-02011/15/2012 JOHN DEERE FINANCI 13.99     0        11426     AP110812 

Transactions removed:  128 
Total Debits removed:  119572.9
Total Credits removed:  119572.9


Removed transactions procedure started @ 11-09-2012 10:45:52
10-43110-27011/08/2012 VML INSURANCE PROG 0         4306     P-2012-2  AP110812 
10-44220-27011/08/2012 VML INSURANCE PROG 0         6335     P-2012-2  AP110812 
10-41211-27011/08/2012 VML INSURANCE PROG 0         1229     P-2012-2  AP110812 
10-41211-53011/08/2012 VML INSURANCE PROG 0         6331     P-2012-2  AP110812 
10-21000-02011/08/2012 VML INSURANCE PROG 18201     0        P-2012-2  AP110812 
10-41211-27011/08/2012 VML INSURANCE PROG 0         282.8    028249    AP110812 
10-44220-27011/08/2012 VML INSURANCE PROG 0         282.8    028249    AP110812 
10-43110-27011/08/2012 VML INSURANCE PROG 0         282.8    028249    AP110812 
51-44410-27011/08/2012 VML INSURANCE PROG 0         282.8    028249    AP110812 
52-44420-27011/08/2012 VML INSURANCE PROG 0         282.8    028249    AP110812 
10-21000-02011/08/2012 VML INSURANCE PROG 848.4     0        028249    AP110812 
51-21000-02011/08/2012 VML INSURANCE PROG 282.8     0        028249    AP110812 
52-21000-02011/08/2012 VML INSURANCE PROG 282.8     0        028249    AP110812 
10-44220-33111/15/2012 WATTS' TOWING & ST 0         200      5112      AP110812 
10-21000-02011/15/2012 WATTS' TOWING & ST 200       0        5112      AP110812 
10-41211-52411/15/2012 WSVS-GEE COMMUNICA 0         75       Dec 24    AP110812 
10-21000-02011/15/2012 WSVS-GEE COMMUNICA 75        0        Dec 24    AP110812 
51-44410-60011/15/2012 JOHN DEERE FINANCI 0         6.32     10114     AP110812 
51-21000-02011/15/2012 JOHN DEERE FINANCI 6.32      0        10114     AP110812 
52-44420-33111/15/2012 JOHN DEERE FINANCI 0         13.99    11426     AP110812 
52-21000-02011/15/2012 JOHN DEERE FINANCI 13.99     0        11426     AP110812 
10-43110-27011/08/2012 VML INSURANCE PROG 0         4306     P-2012-2  AP110812 
10-44220-27011/08/2012 VML INSURANCE PROG 0         6335     P-2012-2  AP110812 
10-41211-27011/08/2012 VML INSURANCE PROG 0         1229     P-2012-2  AP110812 
10-41211-53011/08/2012 VML INSURANCE PROG 0         6331     P-2012-2  AP110812 
10-21000-02011/08/2012 VML INSURANCE PROG 18201     0        P-2012-2  AP110812 
10-41211-27011/08/2012 VML INSURANCE PROG 0         282.8    028249    AP110812 
10-44220-27011/08/2012 VML INSURANCE PROG 0         282.8    028249    AP110812 
10-43110-27011/08/2012 VML INSURANCE PROG 0         282.8    028249    AP110812 
51-44410-27011/08/2012 VML INSURANCE PROG 0         282.8    028249    AP110812 
52-44420-27011/08/2012 VML INSURANCE PROG 0         282.8    028249    AP110812 
10-21000-02011/08/2012 VML INSURANCE PROG 848.4     0        028249    AP110812 
51-21000-02011/08/2012 VML INSURANCE PROG 282.8     0        028249    AP110812 
52-21000-02011/08/2012 VML INSURANCE PROG 282.8     0        028249    AP110812 
10-44220-33111/15/2012 WATTS' TOWING & ST 0         200      5112      AP110812 
10-21000-02011/15/2012 WATTS' TOWING & ST 200       0        5112      AP110812 
10-41211-52411/15/2012 WSVS-GEE COMMUNICA 0         75       Dec 24    AP110812 
10-21000-02011/15/2012 WSVS-GEE COMMUNICA 75        0        Dec 24    AP110812 
51-44410-60011/15/2012 JOHN DEERE FINANCI 0         6.32     10114     AP110812 
51-21000-02011/15/2012 JOHN DEERE FINANCI 6.32      0        10114     AP110812 
52-44420-33111/15/2012 JOHN DEERE FINANCI 0         13.99    11426     AP110812 
52-21000-02011/15/2012 JOHN DEERE FINANCI 13.99     0        11426     AP110812 

Transactions removed:  42 
Total Debits removed:  39820.62
Total Credits removed:  39820.62


Removed transactions procedure started @ 11-09-2012 12:31:58
10-41211-60011/15/2012 RICOH AMERICAS COR 0         111.04   15537512  AP110812 
10-21000-02011/15/2012 RICOH AMERICAS COR 111.04    0        15537512  AP110812 

Transactions removed:  2 
Total Debits removed:  111.04
Total Credits removed:  111.04


Removed transactions procedure started @ 02-15-2013 12:46:24
10-100-01   09/01/2011 Opening Entry      0         350      Sys       GJ011112 
10-101-01   09/01/2011 Opening Entry      0         583772.29Sys       GJ011112 

Transactions removed:  2 
Total Debits removed:  584122.29
Total Credits removed:  0


Removed transactions procedure started @ 02-15-2013 12:47:27
10-100-01   09/01/2011 Opening Entry      0         350      Sys       GJ011112 
10-101-01   09/01/2011 Opening Entry      0         583772.29Sys       GJ011112 

Transactions removed:  2 
Total Debits removed:  584122.29
Total Credits removed:  0


Removed transactions procedure started @ 04-26-2017 14:26:13
10-410-0900 03/09/2017 mit****            0         4066.44            GJ030917 
10-101-0000 03/09/2017 mit****            4066.44   0                  GJ030917 
10-410-0901 03/09/2017 mit****            0         3119.44            GJ030917 
10-101-0000 03/09/2017 mit****            3119.44   0                  GJ030917 
10-219-0000 03/09/2017 mit****            0         224                GJ030917 
10-101-0000 03/09/2017 mit****            224       0                  GJ030917 
10-219-1000 03/09/2017 mit****            0         21                 GJ030917 
10-101-0000 03/09/2017 mit****            21        0                  GJ030917 
30-480-5500 03/09/2017 mit****            0         8364.6             GJ030917 
30-101-0000 03/09/2017 mit****            8364.6    0                  GJ030917 

Transactions removed:  10 
Total Debits removed:  15795.48
Total Credits removed:  15795.48


Removed transactions procedure started @ 04-26-2017 14:30:26
10-410-0900 03/09/2017 mit****            0         4066.44            GJ030917 
10-101-0000 03/09/2017 mit****            4066.44   0                  GJ030917 
10-410-0901 03/09/2017 mit****            0         3119.44            GJ030917 
10-101-0000 03/09/2017 mit****            3119.44   0                  GJ030917 
10-219-0000 03/09/2017 mit****            0         224                GJ030917 
10-101-0000 03/09/2017 mit****            224       0                  GJ030917 
10-219-1000 03/09/2017 mit****            0         21                 GJ030917 
10-101-0000 03/09/2017 mit****            21        0                  GJ030917 
30-480-5500 03/09/2017 mit****            0         8364.6             GJ030917 
30-101-0000 03/09/2017 mit****            8364.6    0                  GJ030917 

Transactions removed:  10 
Total Debits removed:  15795.48
Total Credits removed:  15795.48


Removed transactions procedure started @ 04-26-2017 14:36:48
10-410-0900 03/09/2017 mit****            0         4066.44            GJ030917 
10-101-0000 03/09/2017 mit****            4066.44   0                  GJ030917 
10-410-0901 03/09/2017 mit****            0         3119.44            GJ030917 
10-101-0000 03/09/2017 mit****            3119.44   0                  GJ030917 
10-219-0000 03/09/2017 mit****            0         224                GJ030917 
10-101-0000 03/09/2017 mit****            224       0                  GJ030917 
10-219-1000 03/09/2017 mit****            0         21                 GJ030917 
10-101-0000 03/09/2017 mit****            21        0                  GJ030917 
30-480-5500 03/09/2017 mit****            0         8364.6             GJ030917 
30-101-0000 03/09/2017 mit****            8364.6    0                  GJ030917 

Transactions removed:  10 
Total Debits removed:  15795.48
Total Credits removed:  15795.48

