APRINT
APRINT0
ASCII
BLANKS
BOX0
BUTTONPRESS
COMPACT
DATE2NUM
DOSERROR
DOSVER
EDATE2NUM
ENUM2DATE
EXIST
FACTORIAL
FCLOSE
FGET
FGETA
FGETT
FILEVIEW
FINDLAST
FLINPUT
FLOF
FOPENALL
FSEEK
FUDGEFACTOR
FUSING
GETCURSOR
GETVMODE
HIDECURSOR
INCOUNT
INITMOUSE
MAXINT
MININT
MONITOR
MOUSETRAP
MOVESCREEN
MPAINTBOX
MPRESTORE
MQPRINT
MSCRNREST
MSCRNSAVE
NULL
NUM2DATE
PAUSE
PAUSE3
PDQTIMER
PEEK1
PMATCH
PROPERNAME
QBLOAD
QINSTRB
QPLEN
QPRINTRC
QPRTRIM
QPSTRI
QPSTRL
QPTRIM
SHOWCURSOR
STUFFBUF
TEXTCURSOR
WHICHERROR
WRITESCREEN
