
 Volume in drive D is unlabeled      Serial number is 9E84:7957
 Directory of  d:\cp8\ub\compile\*.exe

UBADJUST.EXE   165706  11-11-98 12:26p 
UBBILLIN.EXE   208342  11-11-98 12:26p 
UBCUSTRE.EXE   239490  11-11-98 12:26p 
UBDRAFT.EXE    221386  11-11-98 12:26p 
UBEXPORT.EXE   169008  11-11-98 12:26p 
UBFINBIL.EXE   218104  11-11-98 12:26p 
UBINDPRN.EXE   206238  11-11-98 12:26p 
UBLNPRNT.EXE   171086  11-11-98 12:26p 
UBMAILLB.EXE   172990  11-11-98 12:26p 
UBMENU.EXE     203616  11-11-98 12:26p 
UBMISC.EXE     193306  11-11-98 12:26p 
UBMTREAD.EXE   261182  11-11-98 12:26p 
UBPAYMNT.EXE   223378  11-11-98 12:26p 
UBPENLTY.EXE   180264  11-11-98 12:26p 
UBPRNBIL.EXE   198338  11-11-98 12:26p 
UBPRNFIN.EXE   198902  11-11-98 12:26p 
UBREFUND.EXE   176908  11-11-98 12:26p 
UBRUN1ST.EXE    36874  11-11-98 12:26p 
UBSETUP.EXE    170642  11-11-98 12:26p 
UBSTATRE.EXE   197448  11-11-98 12:26p 
UBWACK.EXE     169454  11-11-98 12:26p 
UBWRKORD.EXE   189204  11-11-98 12:26p 
UBZAP.EXE      172598  11-11-98 12:26p 
   4,344,464 bytes in 23 file(s)         4,816,896 bytes allocated
 914,915,328 bytes free

 Volume in drive D is unlabeled      Serial number is 9E84:7957
 Directory of  d:\cp8\ub\compile\*.exe

UBADJUST.EXE   162116  11-11-98  2:40p 
UBBILLIN.EXE   204768  11-11-98  2:40p 
UBCUSTRE.EXE   239924  11-11-98  2:40p 
UBDRAFT.EXE    217812  11-11-98  2:40p 
UBEXPORT.EXE   165434  11-11-98  2:40p 
UBFINBIL.EXE   214530  11-11-98  2:40p 
UBINDPRN.EXE   202648  11-11-98  2:40p 
UBLNPRNT.EXE   167512  11-11-98  2:40p 
UBMAILLB.EXE   169416  11-11-98  2:40p 
UBMENU.EXE     204050  11-11-98  2:40p 
UBMISC.EXE     189732  11-11-98  2:40p 
UBMTREAD.EXE   257448  11-11-98  2:40p 
UBPAYMNT.EXE   219804  11-11-98  2:40p 
UBPENLTY.EXE   176674  11-11-98  2:40p 
UBPRNBIL.EXE   194748  11-11-98  2:40p 
UBPRNFIN.EXE   195328  11-11-98  2:40p 
UBREFUND.EXE   173318  11-11-98  2:40p 
UBRUN1ST.EXE    36874  11-11-98  2:40p 
UBSETUP.EXE    167052  11-11-98  2:40p 
UBSTATRE.EXE   193874  11-11-98  2:40p 
UBWACK.EXE     165880  11-11-98  2:40p 
UBWRKORD.EXE   189622  11-11-98  2:40p 
UBZAP.EXE      169024  11-11-98  2:40p 
   4,277,588 bytes in 23 file(s)         4,685,824 bytes allocated
 913,932,288 bytes free

 Volume in drive D is unlabeled      Serial number is 9E84:7957
 Directory of  d:\cp8\ub\compile\*.exe

UBADJUST.EXE   162116  11-11-98  3:11p 
UBBILLIN.EXE   204768  11-11-98  3:11p 
UBCUSTRE.EXE   239924  11-11-98  3:11p 
UBDRAFT.EXE    217812  11-11-98  3:12p 
UBEXPORT.EXE   165434  11-11-98  3:12p 
UBFINBIL.EXE   214530  11-11-98  3:11p 
UBINDPRN.EXE   202648  11-11-98  3:11p 
UBLNPRNT.EXE   167512  11-11-98  3:12p 
UBMAILLB.EXE   169416  11-11-98  3:11p 
UBMENU.EXE     202246  11-11-98  3:11p 
UBMISC.EXE     189732  11-11-98  3:11p 
UBMTREAD.EXE   257448  11-11-98  3:12p 
UBPAYMNT.EXE   219804  11-11-98  3:12p 
UBPENLTY.EXE   176674  11-11-98  3:12p 
UBPRNBIL.EXE   194748  11-11-98  3:11p 
UBPRNFIN.EXE   195328  11-11-98  3:11p 
UBREFUND.EXE   173318  11-11-98  3:11p 
UBRUN1ST.EXE    36874  11-11-98  3:12p 
UBSETUP.EXE    167052  11-11-98  3:11p 
UBSTATRE.EXE   193874  11-11-98  3:11p 
UBWACK.EXE     165880  11-11-98  3:11p 
UBWRKORD.EXE   189622  11-11-98  3:11p 
UBZAP.EXE      169024  11-11-98  3:11p 
   4,275,784 bytes in 23 file(s)         4,685,824 bytes allocated
 913,768,448 bytes free
