
 Volume in drive F is unlabeled   
 Directory of  f:\incfiles\ub*.bi

UBALBERT.BI      5291   3-11-98  8:07a 
UBANSON.BI       2442   6-25-97  3:13a 
UBAPPLCH.BI      4820   2-26-98  9:23a 
UBBRANCH.BI      4101   5-27-97  4:16a 
UBBROKNL.BI      5077   2-25-98  4:26p 
UBBURNET.BI      3052   6-02-97  2:44a 
UBCASHON.BI      5699  10-16-97  1:53p 
UBCEDAR.BI       3540   1-02-98  2:23p 
UBCHILHO.BI      4808   3-04-98 12:43p 
UBCMBKGD.BI        25   4-02-96 11:06a 
UBCMINPT.BI        53   6-18-96  9:58p 
UBCMMISC.BI       545   6-18-96 10:00p 
UBCMPOST.BI        53   6-18-96  9:58p 
UBCMUTIL.BI       731   6-18-96  9:57p 
UBCONCRD.BI      2447   3-19-97  9:18a 
UBCUST.BI        3322   1-20-97  3:44p 
UBCUST1.BI        509   3-28-96  3:54p 
UBCUST2.BI        722   4-01-96 12:53p 
UBCUST2B.BI       277   3-28-96 11:10a 
UBCUST3.BI        169   3-28-96  4:01p 
UBCUST4.BI        309   3-28-96 11:24a 
UBDENTON.BI      5720  12-19-97  2:16p 
UBDRAFT.BI       5143   9-03-96  9:46a 
UBDUBLIN.BI      3378   6-25-97  3:01a 
UBELLEN.BI       2335   4-23-97  5:52a 
UBFILES.BI       7489   5-07-96  2:01p 
UBFINMTR.BI       384  10-08-96  8:20a 
UBGATECT.BI      4225   2-26-98  9:51a 
UBGILBRT.BI      4709   7-16-97  1:24p 
UBGILES.BI       4608   9-24-97  8:18a 
UBGILSEN.BI      1019   6-12-97  8:54a 
UBGORDON.BI      8594  10-17-97  7:25a 
UBGROVER.BI      5132   7-15-97  9:46a 
UBHEMIBL.BI      4165   6-03-97  6:04a 
UBHILBIL.BI      5741   2-12-98  3:35p 
UBHOLLY.BI       3354   3-06-98 10:02a 
UBHRTFRD.BI      4147  12-08-97  8:25a 
UBIFDAT.BI        639   4-11-96  8:15p 
UBINDIAN.BI      3603   3-09-98  9:44a 
UBJONSVL.BI      4145   1-26-98  7:51a 
UBJOSTON.BI      3655   8-07-97  8:58a 
UBJVILLE.BI      6314   2-13-98  8:20a 
UBLANDIS.BI      5854   2-25-98  4:06p 
UBLAWRNC.BI      5038   3-03-98  8:13a 
UBLOC.BI         1947   2-11-97  2:14p 
UBLONGV1.BI      4946   2-20-97 12:06p 
UBLONGVW.BI      8784   2-26-98  7:51a 
UBMACCLS.BI      6236  12-01-97  3:53p 
UBMARSH.BI       3269   6-24-97  7:44a 
UBMCMICK.BI      5343   9-05-97 12:02p 
UBMETER.BI        481   3-28-96  5:26p 
UBMIDTWN.BI      3030   3-04-98  3:38p 
UBMIDVIL.BI      4167   6-25-97  6:03a 
UBMINCO.BI       5332   1-13-98 11:09a 
UBMTRIN.BI         74   8-20-96  6:27a 
UBMTRIN2.BI       398   8-20-96  6:26a 
UBNEWPRT.BI      5430   1-13-98 11:17a 
UBOAKCTY.BI      6232  12-30-97  7:54a 
UBOLDSDS.BI      4661  10-29-97  8:43a 
UBOLDSTD.BI      3489   1-30-98  4:23p 
UBOPERIN.BI        78   4-02-96 11:10a 
UBPAYMNT.BI      1326  12-09-96 10:19a 
UBPAYMT.BI        253   3-29-96 11:12a 
UBPEACHB.BI      3326   2-18-98  2:00p 
UBPINFO.BI        740   3-09-98  8:26a 
UBPLYMTH.BI      4279  12-22-97  8:07a 
UBPOLKTN.BI      3571  10-31-97  1:09p 
UBRATE.BI         698  11-20-97  8:32a 
UBROLES.BI       6996   7-02-97  6:20a 
UBRUSLCO.BI      3570   2-12-98 11:37a 
UBSETBAL.BI       276   9-10-96 10:14a 
UBSETUP.BI       4232   3-09-98  2:49p 
UBSETUP1.BI       412   3-28-96  2:51p 
UBSETUP2.BI      1915   3-28-96  2:51p 
UBSETUP3.BI       212   3-27-96  6:35p 
UBSPENNC.BI      9070   9-24-97 10:59a 
UBSTDBIL.BI      5521   3-09-98  8:55a 
UBSTPAUL.BI      3419   2-23-98  7:44a 
UBTRANS.BI       3877  12-08-97  9:49a 
UBTROUTM.BI      4100   6-19-97 10:04a 
UBTUSK.BI        6937   8-27-97 11:31a 
UBWADES.BI       4738  12-22-97  7:44a 
UBWAGRAM.BI      3536   2-18-98  2:34p 
UBWHITKR.BI      3526  12-22-97  8:58a 
UBWINGAT.BI      3036   3-02-98  8:41a 
UBYONGBL.BI      5407  11-25-97  1:17p 
     296,253 bytes in 86 file(s)         2,818,048 bytes allocated
 105,250,816 bytes free
