Line 19: Class LpLib.fpCombo of control fpcboPrinters was not a loaded control class.
Line 137: Class fpBtnAtlLibCtl.fpBtn of control cmdCancel was not a loaded control class.
Line 174: Class EditLib.fpLongInteger of control txtCopies was not a loaded control class.
Line 265: Class fpBtnAtlLibCtl.fpBtn of control cmdPrint was not a loaded control class.
Line 25: The property name _Version in fpcboPrinters is invalid.
Line 26: The property name _ExtentX in fpcboPrinters is invalid.
Line 27: The property name _ExtentY in fpcboPrinters is invalid.
Line 28: The property name Text in fpcboPrinters is invalid.
Line 40: The property name Object.TabStop in fpcboPrinters is invalid.
Line 43: The property name Text in fpcboPrinters is invalid.
Line 44: The property name Columns in fpcboPrinters is invalid.
Line 45: The property name Sorted in fpcboPrinters is invalid.
Line 46: The property name SelDrawFocusRect in fpcboPrinters is invalid.
Line 47: The property name ColumnSeparatorChar in fpcboPrinters is invalid.
Line 48: The property name ColumnSearch in fpcboPrinters is invalid.
Line 49: The property name ColumnWidthScale in fpcboPrinters is invalid.
Line 50: The property name RowHeight in fpcboPrinters is invalid.
Line 51: The property name WrapList in fpcboPrinters is invalid.
Line 52: The property name WrapWidth in fpcboPrinters is invalid.
Line 53: The property name AutoSearch in fpcboPrinters is invalid.
Line 54: The property name SearchMethod in fpcboPrinters is invalid.
Line 55: The property name VirtualMode in fpcboPrinters is invalid.
Line 56: The property name VRowCount in fpcboPrinters is invalid.
Line 57: The property name DataSync in fpcboPrinters is invalid.
Line 58: The property name ThreeDInsideStyle in fpcboPrinters is invalid.
Line 59: The property name ThreeDInsideHighlightColor in fpcboPrinters is invalid.
Line 60: The property name ThreeDInsideShadowColor in fpcboPrinters is invalid.
Line 61: The property name ThreeDInsideWidth in fpcboPrinters is invalid.
Line 62: The property name ThreeDOutsideStyle in fpcboPrinters is invalid.
Line 63: The property name ThreeDOutsideHighlightColor in fpcboPrinters is invalid.
Line 64: The property name ThreeDOutsideShadowColor in fpcboPrinters is invalid.
Line 65: The property name ThreeDOutsideWidth in fpcboPrinters is invalid.
Line 66: The property name ThreeDFrameWidth in fpcboPrinters is invalid.
Line 68: The property name BorderColor in fpcboPrinters is invalid.
Line 69: The property name BorderWidth in fpcboPrinters is invalid.
Line 70: The property name ThreeDOnFocusInvert in fpcboPrinters is invalid.
Line 71: The property name ThreeDFrameColor in fpcboPrinters is invalid.
Line 73: The property name BorderDropShadow in fpcboPrinters is invalid.
Line 74: The property name BorderDropShadowColor in fpcboPrinters is invalid.
Line 75: The property name BorderDropShadowWidth in fpcboPrinters is invalid.
Line 76: The property name ScrollHScale in fpcboPrinters is invalid.
Line 77: The property name ScrollHInc in fpcboPrinters is invalid.
Line 78: The property name ColsFrozen in fpcboPrinters is invalid.
Line 79: The property name ScrollBarV in fpcboPrinters is invalid.
Line 80: The property name NoIntegralHeight in fpcboPrinters is invalid.
Line 81: The property name HighestPrecedence in fpcboPrinters is invalid.
Line 82: The property name AllowColResize in fpcboPrinters is invalid.
Line 83: The property name AllowColDragDrop in fpcboPrinters is invalid.
Line 84: The property name ReadOnly in fpcboPrinters is invalid.
Line 85: The property name VScrollSpecial in fpcboPrinters is invalid.
Line 86: The property name VScrollSpecialType in fpcboPrinters is invalid.
Line 87: The property name EnableKeyEvents in fpcboPrinters is invalid.
Line 88: The property name EnableTopChangeEvent in fpcboPrinters is invalid.
Line 89: The property name DataAutoHeadings in fpcboPrinters is invalid.
Line 90: The property name DataAutoSizeCols in fpcboPrinters is invalid.
Line 91: The property name SearchIgnoreCase in fpcboPrinters is invalid.
Line 92: The property name ScrollBarH in fpcboPrinters is invalid.
Line 93: The property name DataFieldList in fpcboPrinters is invalid.
Line 94: The property name ColumnEdit in fpcboPrinters is invalid.
Line 95: The property name ColumnBound in fpcboPrinters is invalid.
Line 96: The property name Style in fpcboPrinters is invalid.
Line 97: The property name MaxDrop in fpcboPrinters is invalid.
Line 98: The property name ListWidth in fpcboPrinters is invalid.
Line 99: The property name EditHeight in fpcboPrinters is invalid.
Line 100: The property name GrayAreaColor in fpcboPrinters is invalid.
Line 101: The property name ListLeftOffset in fpcboPrinters is invalid.
Line 102: The property name ComboGap in fpcboPrinters is invalid.
Line 103: The property name MaxEditLen in fpcboPrinters is invalid.
Line 104: The property name VirtualPageSize in fpcboPrinters is invalid.
Line 105: The property name VirtualPagesAhead in fpcboPrinters is invalid.
Line 106: The property name ExtendCol in fpcboPrinters is invalid.
Line 107: The property name ColumnLevels in fpcboPrinters is invalid.
Line 108: The property name ListGrayAreaColor in fpcboPrinters is invalid.
Line 109: The property name GroupHeaderHeight in fpcboPrinters is invalid.
Line 110: The property name GroupHeaderShow in fpcboPrinters is invalid.
Line 111: The property name AllowGrpResize in fpcboPrinters is invalid.
Line 112: The property name AllowGrpDragDrop in fpcboPrinters is invalid.
Line 113: The property name MergeAdjustView in fpcboPrinters is invalid.
Line 114: The property name ColumnHeaderShow in fpcboPrinters is invalid.
Line 115: The property name ColumnHeaderHeight in fpcboPrinters is invalid.
Line 116: The property name GrpsFrozen in fpcboPrinters is invalid.
Line 117: The property name BorderGrayAreaColor in fpcboPrinters is invalid.
Line 118: The property name ExtendRow in fpcboPrinters is invalid.
Line 119: The property name ListPosition in fpcboPrinters is invalid.
Line 120: The property name ButtonThreeDAppearance in fpcboPrinters is invalid.
Line 123: The property name Redraw in fpcboPrinters is invalid.
Line 124: The property name AutoSearchFill in fpcboPrinters is invalid.
Line 125: The property name AutoSearchFillDelay in fpcboPrinters is invalid.
Line 126: The property name EditMarginLeft in fpcboPrinters is invalid.
Line 127: The property name EditMarginTop in fpcboPrinters is invalid.
Line 128: The property name EditMarginRight in fpcboPrinters is invalid.
Line 129: The property name EditMarginBottom in fpcboPrinters is invalid.
Line 130: The property name ResizeRowToFont in fpcboPrinters is invalid.
Line 131: The property name TextTipMultiLine in fpcboPrinters is invalid.
Line 132: The property name AutoMenu in fpcboPrinters is invalid.
Line 133: The property name EditAlignH in fpcboPrinters is invalid.
Line 134: The property name EditAlignV in fpcboPrinters is invalid.
Line 135: The property name ColDesigner in fpcboPrinters is invalid.
Line 19: Property Appearance in fpcboPrinters could not be set.
Line 144: The property name _Version in cmdCancel is invalid.
Line 145: The property name _ExtentX in cmdCancel is invalid.
Line 146: The property name _ExtentY in cmdCancel is invalid.
Line 149: The property name Object.TabStop in cmdCancel is invalid.
Line 150: The property name GrayAreaColor in cmdCancel is invalid.
Line 151: The property name BorderShowDefault in cmdCancel is invalid.
Line 152: The property name ButtonType in cmdCancel is invalid.
Line 153: The property name NoPointerFocus in cmdCancel is invalid.
Line 154: The property name Value in cmdCancel is invalid.
Line 155: The property name GroupID in cmdCancel is invalid.
Line 156: The property name GroupSelect in cmdCancel is invalid.
Line 157: The property name DrawFocusRect in cmdCancel is invalid.
Line 158: The property name DrawFocusRectCell in cmdCancel is invalid.
Line 159: The property name GrayAreaPictureStyle in cmdCancel is invalid.
Line 160: The property name Static in cmdCancel is invalid.
Line 161: The property name BackStyle in cmdCancel is invalid.
Line 163: The property name AutoSizeOffsetTop in cmdCancel is invalid.
Line 164: The property name AutoSizeOffsetBottom in cmdCancel is invalid.
Line 165: The property name AutoSizeOffsetLeft in cmdCancel is invalid.
Line 166: The property name AutoSizeOffsetRight in cmdCancel is invalid.
Line 167: The property name DropShadowOffsetX in cmdCancel is invalid.
Line 168: The property name DropShadowOffsetY in cmdCancel is invalid.
Line 169: The property name DropShadowType in cmdCancel is invalid.
Line 170: The property name DropShadowColor in cmdCancel is invalid.
Line 171: The property name Redraw in cmdCancel is invalid.
Line 172: The property name ButtonDesigner in cmdCancel is invalid.
Line 180: The property name _Version in txtCopies is invalid.
Line 181: The property name _ExtentX in txtCopies is invalid.
Line 182: The property name _ExtentY in txtCopies is invalid.
Line 185: The property name Object.TabStop in txtCopies is invalid.
Line 197: The property name ThreeDInsideStyle in txtCopies is invalid.
Line 198: The property name ThreeDInsideHighlightColor in txtCopies is invalid.
Line 199: The property name ThreeDInsideShadowColor in txtCopies is invalid.
Line 200: The property name ThreeDInsideWidth in txtCopies is invalid.
Line 201: The property name ThreeDOutsideStyle in txtCopies is invalid.
Line 202: The property name ThreeDOutsideHighlightColor in txtCopies is invalid.
Line 203: The property name ThreeDOutsideShadowColor in txtCopies is invalid.
Line 204: The property name ThreeDOutsideWidth in txtCopies is invalid.
Line 205: The property name ThreeDFrameWidth in txtCopies is invalid.
Line 207: The property name BorderColor in txtCopies is invalid.
Line 208: The property name BorderWidth in txtCopies is invalid.
Line 209: The property name ButtonDisable in txtCopies is invalid.
Line 210: The property name ButtonHide in txtCopies is invalid.
Line 211: The property name ButtonIncrement in txtCopies is invalid.
Line 212: The property name ButtonMin in txtCopies is invalid.
Line 213: The property name ButtonMax in txtCopies is invalid.
Line 214: The property name ButtonStyle in txtCopies is invalid.
Line 215: The property name ButtonWidth in txtCopies is invalid.
Line 216: The property name ButtonWrap in txtCopies is invalid.
Line 217: The property name ButtonDefaultAction in txtCopies is invalid.
Line 218: The property name ThreeDText in txtCopies is invalid.
Line 219: The property name ThreeDTextHighlightColor in txtCopies is invalid.
Line 220: The property name ThreeDTextShadowColor in txtCopies is invalid.
Line 221: The property name ThreeDTextOffset in txtCopies is invalid.
Line 222: The property name AlignTextH in txtCopies is invalid.
Line 223: The property name AlignTextV in txtCopies is invalid.
Line 224: The property name AllowNull in txtCopies is invalid.
Line 225: The property name NoSpecialKeys in txtCopies is invalid.
Line 226: The property name AutoAdvance in txtCopies is invalid.
Line 227: The property name AutoBeep in txtCopies is invalid.
Line 228: The property name CaretInsert in txtCopies is invalid.
Line 229: The property name CaretOverWrite in txtCopies is invalid.
Line 230: The property name UserEntry in txtCopies is invalid.
Line 231: The property name HideSelection in txtCopies is invalid.
Line 232: The property name InvalidColor in txtCopies is invalid.
Line 233: The property name InvalidOption in txtCopies is invalid.
Line 234: The property name MarginLeft in txtCopies is invalid.
Line 235: The property name MarginTop in txtCopies is invalid.
Line 236: The property name MarginRight in txtCopies is invalid.
Line 237: The property name MarginBottom in txtCopies is invalid.
Line 238: The property name NullColor in txtCopies is invalid.
Line 239: The property name OnFocusAlignH in txtCopies is invalid.
Line 240: The property name OnFocusAlignV in txtCopies is invalid.
Line 241: The property name OnFocusNoSelect in txtCopies is invalid.
Line 242: The property name OnFocusPosition in txtCopies is invalid.
Line 243: The property name ControlType in txtCopies is invalid.
Line 244: The property name Text in txtCopies is invalid.
Line 245: The property name MaxValue in txtCopies is invalid.
Line 246: The property name MinValue in txtCopies is invalid.
Line 247: The property name NegFormat in txtCopies is invalid.
Line 248: The property name NegToggle in txtCopies is invalid.
Line 249: The property name Separator in txtCopies is invalid.
Line 250: The property name UseSeparator in txtCopies is invalid.
Line 251: The property name IncInt in txtCopies is invalid.
Line 252: The property name BorderGrayAreaColor in txtCopies is invalid.
Line 253: The property name ThreeDOnFocusInvert in txtCopies is invalid.
Line 254: The property name ThreeDFrameColor in txtCopies is invalid.
Line 256: The property name BorderDropShadow in txtCopies is invalid.
Line 257: The property name BorderDropShadowColor in txtCopies is invalid.
Line 258: The property name BorderDropShadowWidth in txtCopies is invalid.
Line 259: The property name ButtonColor in txtCopies is invalid.
Line 260: The property name AutoMenu in txtCopies is invalid.
Line 261: The property name ButtonAlign in txtCopies is invalid.
Line 174: Property Appearance in txtCopies could not be set.
Line 272: The property name _Version in cmdPrint is invalid.
Line 273: The property name _ExtentX in cmdPrint is invalid.
Line 274: The property name _ExtentY in cmdPrint is invalid.
Line 277: The property name Object.TabStop in cmdPrint is invalid.
Line 278: The property name GrayAreaColor in cmdPrint is invalid.
Line 279: The property name BorderShowDefault in cmdPrint is invalid.
Line 280: The property name ButtonType in cmdPrint is invalid.
Line 281: The property name NoPointerFocus in cmdPrint is invalid.
Line 282: The property name Value in cmdPrint is invalid.
Line 283: The property name GroupID in cmdPrint is invalid.
Line 284: The property name GroupSelect in cmdPrint is invalid.
Line 285: The property name DrawFocusRect in cmdPrint is invalid.
Line 286: The property name DrawFocusRectCell in cmdPrint is invalid.
Line 287: The property name GrayAreaPictureStyle in cmdPrint is invalid.
Line 288: The property name Static in cmdPrint is invalid.
Line 289: The property name BackStyle in cmdPrint is invalid.
Line 291: The property name AutoSizeOffsetTop in cmdPrint is invalid.
Line 292: The property name AutoSizeOffsetBottom in cmdPrint is invalid.
Line 293: The property name AutoSizeOffsetLeft in cmdPrint is invalid.
Line 294: The property name AutoSizeOffsetRight in cmdPrint is invalid.
Line 295: The property name DropShadowOffsetX in cmdPrint is invalid.
Line 296: The property name DropShadowOffsetY in cmdPrint is invalid.
Line 297: The property name DropShadowType in cmdPrint is invalid.
Line 298: The property name DropShadowColor in cmdPrint is invalid.
Line 299: The property name Redraw in cmdPrint is invalid.
Line 300: The property name ButtonDesigner in cmdPrint is invalid.
