Line 72: Class MemoLib.fpMemo of control fpMemo1 was not a loaded control class.
Line 140: Class fpBtnAtlLibCtl.fpBtn of control cmdAlignment was not a loaded control class.
Line 177: Class fpBtnAtlLibCtl.fpBtn of control cmdPrnScn was not a loaded control class.
Line 214: Class fpBtnAtlLibCtl.fpBtn of control cmdPrint was not a loaded control class.
Line 251: Class fpBtnAtlLibCtl.fpBtn of control cmdSave was not a loaded control class.
Line 288: Class fpBtnAtlLibCtl.fpBtn of control cmdExit was not a loaded control class.
Line 78: The property name _Version in fpMemo1 is invalid.
Line 79: The property name _ExtentX in fpMemo1 is invalid.
Line 80: The property name _ExtentY in fpMemo1 is invalid.
Line 83: The property name Object.TabStop in fpMemo1 is invalid.
Line 95: The property name ThreeDInsideStyle in fpMemo1 is invalid.
Line 96: The property name ThreeDInsideHighlightColor in fpMemo1 is invalid.
Line 97: The property name ThreeDInsideShadowColor in fpMemo1 is invalid.
Line 98: The property name ThreeDInsideWidth in fpMemo1 is invalid.
Line 99: The property name ThreeDOutsideStyle in fpMemo1 is invalid.
Line 100: The property name ThreeDOutsideHighlightColor in fpMemo1 is invalid.
Line 101: The property name ThreeDOutsideShadowColor in fpMemo1 is invalid.
Line 102: The property name ThreeDOutsideWidth in fpMemo1 is invalid.
Line 103: The property name ThreeDFrameWidth in fpMemo1 is invalid.
Line 105: The property name BorderColor in fpMemo1 is invalid.
Line 106: The property name BorderWidth in fpMemo1 is invalid.
Line 107: The property name AllowNull in fpMemo1 is invalid.
Line 108: The property name NoSpecialKeys in fpMemo1 is invalid.
Line 109: The property name AutoAdvance in fpMemo1 is invalid.
Line 110: The property name AutoBeep in fpMemo1 is invalid.
Line 111: The property name CaretInsert in fpMemo1 is invalid.
Line 112: The property name CaretOverWrite in fpMemo1 is invalid.
Line 113: The property name HideSelection in fpMemo1 is invalid.
Line 114: The property name NullColor in fpMemo1 is invalid.
Line 115: The property name OnFocusNoSelect in fpMemo1 is invalid.
Line 116: The property name OnFocusPosition in fpMemo1 is invalid.
Line 117: The property name ControlType in fpMemo1 is invalid.
Line 118: The property name Text in fpMemo1 is invalid.
Line 119: The property name WordWrap in fpMemo1 is invalid.
Line 120: The property name ShowEOL in fpMemo1 is invalid.
Line 121: The property name SelMode in fpMemo1 is invalid.
Line 122: The property name LineLimit in fpMemo1 is invalid.
Line 123: The property name ScrollBars in fpMemo1 is invalid.
Line 124: The property name PageWidth in fpMemo1 is invalid.
Line 125: The property name SelBackColor in fpMemo1 is invalid.
Line 126: The property name SelForeColor in fpMemo1 is invalid.
Line 127: The property name BorderGrayAreaColor in fpMemo1 is invalid.
Line 128: The property name ThreeDOnFocusInvert in fpMemo1 is invalid.
Line 129: The property name ThreeDFrameColor in fpMemo1 is invalid.
Line 131: The property name BorderDropShadow in fpMemo1 is invalid.
Line 132: The property name BorderDropShadowColor in fpMemo1 is invalid.
Line 133: The property name BorderDropShadowWidth in fpMemo1 is invalid.
Line 134: The property name ProcessTab in fpMemo1 is invalid.
Line 135: The property name TabLength in fpMemo1 is invalid.
Line 136: The property name AutoMenu in fpMemo1 is invalid.
Line 72: Property Appearance in fpMemo1 could not be set.
Line 147: The property name _Version in cmdAlignment is invalid.
Line 148: The property name _ExtentX in cmdAlignment is invalid.
Line 149: The property name _ExtentY in cmdAlignment is invalid.
Line 152: The property name Object.TabStop in cmdAlignment is invalid.
Line 153: The property name GrayAreaColor in cmdAlignment is invalid.
Line 154: The property name BorderShowDefault in cmdAlignment is invalid.
Line 155: The property name ButtonType in cmdAlignment is invalid.
Line 156: The property name NoPointerFocus in cmdAlignment is invalid.
Line 157: The property name Value in cmdAlignment is invalid.
Line 158: The property name GroupID in cmdAlignment is invalid.
Line 159: The property name GroupSelect in cmdAlignment is invalid.
Line 160: The property name DrawFocusRect in cmdAlignment is invalid.
Line 161: The property name DrawFocusRectCell in cmdAlignment is invalid.
Line 162: The property name GrayAreaPictureStyle in cmdAlignment is invalid.
Line 163: The property name Static in cmdAlignment is invalid.
Line 164: The property name BackStyle in cmdAlignment is invalid.
Line 166: The property name AutoSizeOffsetTop in cmdAlignment is invalid.
Line 167: The property name AutoSizeOffsetBottom in cmdAlignment is invalid.
Line 168: The property name AutoSizeOffsetLeft in cmdAlignment is invalid.
Line 169: The property name AutoSizeOffsetRight in cmdAlignment is invalid.
Line 170: The property name DropShadowOffsetX in cmdAlignment is invalid.
Line 171: The property name DropShadowOffsetY in cmdAlignment is invalid.
Line 172: The property name DropShadowType in cmdAlignment is invalid.
Line 173: The property name DropShadowColor in cmdAlignment is invalid.
Line 174: The property name Redraw in cmdAlignment is invalid.
Line 175: The property name ButtonDesigner in cmdAlignment is invalid.
Line 184: The property name _Version in cmdPrnScn is invalid.
Line 185: The property name _ExtentX in cmdPrnScn is invalid.
Line 186: The property name _ExtentY in cmdPrnScn is invalid.
Line 189: The property name Object.TabStop in cmdPrnScn is invalid.
Line 190: The property name GrayAreaColor in cmdPrnScn is invalid.
Line 191: The property name BorderShowDefault in cmdPrnScn is invalid.
Line 192: The property name ButtonType in cmdPrnScn is invalid.
Line 193: The property name NoPointerFocus in cmdPrnScn is invalid.
Line 194: The property name Value in cmdPrnScn is invalid.
Line 195: The property name GroupID in cmdPrnScn is invalid.
Line 196: The property name GroupSelect in cmdPrnScn is invalid.
Line 197: The property name DrawFocusRect in cmdPrnScn is invalid.
Line 198: The property name DrawFocusRectCell in cmdPrnScn is invalid.
Line 199: The property name GrayAreaPictureStyle in cmdPrnScn is invalid.
Line 200: The property name Static in cmdPrnScn is invalid.
Line 201: The property name BackStyle in cmdPrnScn is invalid.
Line 203: The property name AutoSizeOffsetTop in cmdPrnScn is invalid.
Line 204: The property name AutoSizeOffsetBottom in cmdPrnScn is invalid.
Line 205: The property name AutoSizeOffsetLeft in cmdPrnScn is invalid.
Line 206: The property name AutoSizeOffsetRight in cmdPrnScn is invalid.
Line 207: The property name DropShadowOffsetX in cmdPrnScn is invalid.
Line 208: The property name DropShadowOffsetY in cmdPrnScn is invalid.
Line 209: The property name DropShadowType in cmdPrnScn is invalid.
Line 210: The property name DropShadowColor in cmdPrnScn is invalid.
Line 211: The property name Redraw in cmdPrnScn is invalid.
Line 212: The property name ButtonDesigner in cmdPrnScn is invalid.
Line 221: The property name _Version in cmdPrint is invalid.
Line 222: The property name _ExtentX in cmdPrint is invalid.
Line 223: The property name _ExtentY in cmdPrint is invalid.
Line 226: The property name Object.TabStop in cmdPrint is invalid.
Line 227: The property name GrayAreaColor in cmdPrint is invalid.
Line 228: The property name BorderShowDefault in cmdPrint is invalid.
Line 229: The property name ButtonType in cmdPrint is invalid.
Line 230: The property name NoPointerFocus in cmdPrint is invalid.
Line 231: The property name Value in cmdPrint is invalid.
Line 232: The property name GroupID in cmdPrint is invalid.
Line 233: The property name GroupSelect in cmdPrint is invalid.
Line 234: The property name DrawFocusRect in cmdPrint is invalid.
Line 235: The property name DrawFocusRectCell in cmdPrint is invalid.
Line 236: The property name GrayAreaPictureStyle in cmdPrint is invalid.
Line 237: The property name Static in cmdPrint is invalid.
Line 238: The property name BackStyle in cmdPrint is invalid.
Line 240: The property name AutoSizeOffsetTop in cmdPrint is invalid.
Line 241: The property name AutoSizeOffsetBottom in cmdPrint is invalid.
Line 242: The property name AutoSizeOffsetLeft in cmdPrint is invalid.
Line 243: The property name AutoSizeOffsetRight in cmdPrint is invalid.
Line 244: The property name DropShadowOffsetX in cmdPrint is invalid.
Line 245: The property name DropShadowOffsetY in cmdPrint is invalid.
Line 246: The property name DropShadowType in cmdPrint is invalid.
Line 247: The property name DropShadowColor in cmdPrint is invalid.
Line 248: The property name Redraw in cmdPrint is invalid.
Line 249: The property name ButtonDesigner in cmdPrint is invalid.
Line 258: The property name _Version in cmdSave is invalid.
Line 259: The property name _ExtentX in cmdSave is invalid.
Line 260: The property name _ExtentY in cmdSave is invalid.
Line 263: The property name Object.TabStop in cmdSave is invalid.
Line 264: The property name GrayAreaColor in cmdSave is invalid.
Line 265: The property name BorderShowDefault in cmdSave is invalid.
Line 266: The property name ButtonType in cmdSave is invalid.
Line 267: The property name NoPointerFocus in cmdSave is invalid.
Line 268: The property name Value in cmdSave is invalid.
Line 269: The property name GroupID in cmdSave is invalid.
Line 270: The property name GroupSelect in cmdSave is invalid.
Line 271: The property name DrawFocusRect in cmdSave is invalid.
Line 272: The property name DrawFocusRectCell in cmdSave is invalid.
Line 273: The property name GrayAreaPictureStyle in cmdSave is invalid.
Line 274: The property name Static in cmdSave is invalid.
Line 275: The property name BackStyle in cmdSave is invalid.
Line 277: The property name AutoSizeOffsetTop in cmdSave is invalid.
Line 278: The property name AutoSizeOffsetBottom in cmdSave is invalid.
Line 279: The property name AutoSizeOffsetLeft in cmdSave is invalid.
Line 280: The property name AutoSizeOffsetRight in cmdSave is invalid.
Line 281: The property name DropShadowOffsetX in cmdSave is invalid.
Line 282: The property name DropShadowOffsetY in cmdSave is invalid.
Line 283: The property name DropShadowType in cmdSave is invalid.
Line 284: The property name DropShadowColor in cmdSave is invalid.
Line 285: The property name Redraw in cmdSave is invalid.
Line 286: The property name ButtonDesigner in cmdSave is invalid.
Line 295: The property name _Version in cmdExit is invalid.
Line 296: The property name _ExtentX in cmdExit is invalid.
Line 297: The property name _ExtentY in cmdExit is invalid.
Line 300: The property name Object.TabStop in cmdExit is invalid.
Line 301: The property name GrayAreaColor in cmdExit is invalid.
Line 302: The property name BorderShowDefault in cmdExit is invalid.
Line 303: The property name ButtonType in cmdExit is invalid.
Line 304: The property name NoPointerFocus in cmdExit is invalid.
Line 305: The property name Value in cmdExit is invalid.
Line 306: The property name GroupID in cmdExit is invalid.
Line 307: The property name GroupSelect in cmdExit is invalid.
Line 308: The property name DrawFocusRect in cmdExit is invalid.
Line 309: The property name DrawFocusRectCell in cmdExit is invalid.
Line 310: The property name GrayAreaPictureStyle in cmdExit is invalid.
Line 311: The property name Static in cmdExit is invalid.
Line 312: The property name BackStyle in cmdExit is invalid.
Line 314: The property name AutoSizeOffsetTop in cmdExit is invalid.
Line 315: The property name AutoSizeOffsetBottom in cmdExit is invalid.
Line 316: The property name AutoSizeOffsetLeft in cmdExit is invalid.
Line 317: The property name AutoSizeOffsetRight in cmdExit is invalid.
Line 318: The property name DropShadowOffsetX in cmdExit is invalid.
Line 319: The property name DropShadowOffsetY in cmdExit is invalid.
Line 320: The property name DropShadowType in cmdExit is invalid.
Line 321: The property name DropShadowColor in cmdExit is invalid.
Line 322: The property name Redraw in cmdExit is invalid.
Line 323: The property name ButtonDesigner in cmdExit is invalid.
