Line 22: Class LpLib.fpCombo of control fpcmbPayer was not a loaded control class.
Line 159: Class EditLib.fpMask of control fptxtTelephone was not a loaded control class.
Line 251: Class EditLib.fpCurrency of control fpcurrSick was not a loaded control class.
Line 349: Class EditLib.fpText of control fptxtContact was not a loaded control class.
Line 441: Class EditLib.fpMask of control fptxtZip was not a loaded control class.
Line 533: Class EditLib.fpText of control fptxtEmpIDNum was not a loaded control class.
Line 625: Class fpBtnAtlLibCtl.fpBtn of control cmdExit was not a loaded control class.
Line 663: Class fpBtnAtlLibCtl.fpBtn of control cmdSave was not a loaded control class.
Line 701: Class fpBtnAtlLibCtl.fpBtn of control cmdPrintScreen was not a loaded control class.
Line 738: Class EditLib.fpText of control fptxtControlNum was not a loaded control class.
Line 830: Class EditLib.fpText of control fptxtEstNum was not a loaded control class.
Line 922: Class EditLib.fpText of control fptxtEmpName was not a loaded control class.
Line 1014: Class EditLib.fpText of control fptxtAdd1 was not a loaded control class.
Line 1106: Class EditLib.fpText of control fptxtAdd2 was not a loaded control class.
Line 1198: Class EditLib.fpText of control fptxtCity was not a loaded control class.
Line 1290: Class EditLib.fpText of control fptxtState was not a loaded control class.
Line 1383: Class EditLib.fpText of control fptxtOtherEIN was not a loaded control class.
Line 1475: Class EditLib.fpText of control fptxtStateID was not a loaded control class.
Line 1567: Class EditLib.fpText of control fptxtState2 was not a loaded control class.
Line 1660: Class EditLib.fpText of control fptxtNumOfForms was not a loaded control class.
Line 1752: Class EditLib.fpText of control fptxtSickOnly was not a loaded control class.
Line 1844: Class EditLib.fpText of control fptxtEmail was not a loaded control class.
Line 1936: Class EditLib.fpMask of control fptxtFax was not a loaded control class.
Line 2028: Class EditLib.fpCurrency of control fpcurrFedWages was not a loaded control class.
Line 2126: Class EditLib.fpCurrency of control fpcurrFedTax was not a loaded control class.
Line 2224: Class EditLib.fpCurrency of control fpcurrSocSecWages was not a loaded control class.
Line 2322: Class EditLib.fpCurrency of control fpcurrSocSecTax was not a loaded control class.
Line 2420: Class EditLib.fpCurrency of control fpcurrMedWages was not a loaded control class.
Line 2518: Class EditLib.fpCurrency of control fpcurrMedTax was not a loaded control class.
Line 2616: Class EditLib.fpCurrency of control fpcurrSocSecTips was not a loaded control class.
Line 2714: Class EditLib.fpCurrency of control fpcurrAlloTips was not a loaded control class.
Line 2812: Class EditLib.fpCurrency of control fpcurrAdvEIC was not a loaded control class.
Line 2910: Class EditLib.fpCurrency of control fpcurrDepCare was not a loaded control class.
Line 3008: Class EditLib.fpCurrency of control fpcurrNQP was not a loaded control class.
Line 3106: Class EditLib.fpCurrency of control fpcurrDefComp was not a loaded control class.
Line 3205: Class EditLib.fpCurrency of control fpcurrStateWages was not a loaded control class.
Line 3303: Class EditLib.fpCurrency of control fpcurrStateTax was not a loaded control class.
Line 3401: Class EditLib.fpCurrency of control fpcurrLocalWages was not a loaded control class.
Line 3499: Class EditLib.fpCurrency of control fpcurrLocalTax was not a loaded control class.
Line 3597: Class fpBtnAtlLibCtl.fpBtn of control cmdPrint was not a loaded control class.
