Line 30: Class EditLib.fpCurrency of control fpcurrSeeInstr12c was not a loaded control class.
Line 129: Class EditLib.fpText of control fptxtOtherb was not a loaded control class.
Line 222: Class EditLib.fpText of control fptxtOthera was not a loaded control class.
Line 315: Class EditLib.fpText of control fptxtBox12b was not a loaded control class.
Line 408: Class EditLib.fpCurrency of control fpcurrOtherb was not a loaded control class.
Line 507: Class EditLib.fpCurrency of control fpcurrSeeInstr12b was not a loaded control class.
Line 606: Class EditLib.fpText of control fptxtLocality19 was not a loaded control class.
Line 699: Class EditLib.fpText of control fptxtState16 was not a loaded control class.
Line 792: Class EditLib.fpCurrency of control fpcurrLocalIncTax21 was not a loaded control class.
Line 891: Class EditLib.fpCurrency of control fpcurrLocalWages20 was not a loaded control class.
Line 990: Class EditLib.fpCurrency of control fpcurrStateIncTax18 was not a loaded control class.
Line 1089: Class EditLib.fpCurrency of control fpcurrOthera was not a loaded control class.
Line 1188: Class EditLib.fpCurrency of control fpcurrSeeInstr12a was not a loaded control class.
Line 1287: Class EditLib.fpCurrency of control fpcurrDepCareBene10 was not a loaded control class.
Line 1386: Class EditLib.fpCurrency of control fpcurrAdvanceEIC9 was not a loaded control class.
Line 1485: Class EditLib.fpCurrency of control fpcurrAlloTips8 was not a loaded control class.
Line 1584: Class EditLib.fpCurrency of control fpcurrSocSecTips7 was not a loaded control class.
Line 1683: Class EditLib.fpCurrency of control fpcurrMedTaxWH6 was not a loaded control class.
Line 1782: Class EditLib.fpCurrency of control fpcurrMedWages5 was not a loaded control class.
Line 1881: Class EditLib.fpCurrency of control fpcurrSocSecWH4 was not a loaded control class.
Line 1980: Class EditLib.fpCurrency of control fpcurrFedIncTax2 was not a loaded control class.
Line 2079: Class EditLib.fpCurrency of control fpcurrSocSecWages3 was not a loaded control class.
Line 2205: Class EditLib.fpCurrency of control fpcurrWagesTips1 was not a loaded control class.
Line 2304: Class EditLib.fpCurrency of control fpcurrStateWages17 was not a loaded control class.
Line 2403: Class EditLib.fpCurrency of control fpcurrNonQPlans11 was not a loaded control class.
Line 2502: Class EditLib.fpText of control fptxtBox12a was not a loaded control class.
Line 2595: Class EditLib.fpText of control fptxtFirstName was not a loaded control class.
Line 2688: Class EditLib.fpText of control fptxtLastName was not a loaded control class.
Line 2781: Class EditLib.fpText of control fptxtSuffix was not a loaded control class.
Line 2874: Class EditLib.fpText of control fptxtMiddleName was not a loaded control class.
Line 2967: Class fpBtnAtlLibCtl.fpBtn of control cmdExit was not a loaded control class.
Line 3004: Class fpBtnAtlLibCtl.fpBtn of control cmdSave was not a loaded control class.
Line 3041: Class fpBtnAtlLibCtl.fpBtn of control cmdPrintForm was not a loaded control class.
Line 3077: Class EditLib.fpText of control fptxtBox12c was not a loaded control class.
Line 3170: Class EditLib.fpCurrency of control fpcurrSeeInstr12d was not a loaded control class.
Line 3269: Class EditLib.fpText of control fptxtBox12d was not a loaded control class.
