
 Volume in drive D is unlabeled      Serial number is 9E84:7957
 Directory of  d:\cp8\ub\compile\ub*.exe

UBADJUST.EXE   166488   UBADJUST.EXE   166488   9-08-99 10:14a 9-08-99 10:03a
UBBILLIN.EXE   208616   UBBILLIN.EXE   208616   9-08-99 10:14a 9-08-99 10:03a
UBCUSTRE.EXE   257270   UBCUSTRE.EXE   257270   9-08-99 10:14a 9-08-99 10:03a
UBDRAFT.EXE    223428   UBDRAFT.EXE    223428   9-08-99 10:14a 9-08-99 10:03a
UBEXPORT.EXE   173298   UBEXPORT.EXE   173298   9-08-99 10:14a 9-08-99 10:03a
UBFINBIL.EXE   223372   UBFINBIL.EXE   223372   9-08-99 10:14a 9-08-99 10:03a
UBLNPRNT.EXE   180100   UBLNPRNT.EXE   180100   9-08-99 10:14a 9-08-99 10:03a
UBMAILLB.EXE   175176   UBMAILLB.EXE   175176   9-08-99 10:14a 9-08-99 10:03a
UBMENU.EXE     207252   UBMENU.EXE     207252   9-08-99 10:14a 9-08-99 10:03a
UBMISC.EXE     194300   UBMISC.EXE     194300   9-08-99 10:14a 9-08-99 10:03a
UBMTREAD.EXE   298958   UBMTREAD.EXE   298958   9-08-99 10:14a 9-08-99 10:03a
UBPAYMNT.EXE   237252   UBPAYMNT.EXE   237252   9-08-99 10:14a 9-08-99 10:03a
UBPENLTY.EXE   199164   UBPENLTY.EXE   199164   9-08-99 10:14a 9-08-99 10:03a
UBPRNBIL.EXE   210086   UBPRNBIL.EXE   210086   9-08-99 10:14a 9-08-99 10:03a
UBPRNFIN.EXE   200488   UBPRNFIN.EXE   200488   9-08-99 10:14a 9-08-99 10:03a
UBREFUND.EXE   176796   UBREFUND.EXE   176796   9-08-99 10:14a 9-08-99 10:03a
UBRUN1ST.EXE    46346   UBRUN1ST.EXE    46346   9-08-99 10:14a 9-08-99 10:03a
UBSETUP.EXE    169326   UBSETUP.EXE    169326   9-08-99 10:14a 9-08-99 10:03a
UBSTATRE.EXE   197512   UBSTATRE.EXE   197512   9-08-99 10:14a 9-08-99 10:03a
UBWACK.EXE     172856   UBWACK.EXE     172856   9-08-99 10:14a 9-08-99 10:03a
UBWRKORD.EXE   187372   UBWRKORD.EXE   187372   9-08-99 10:14a 9-08-99 10:03a
UBZAP.EXE      171096   UBZAP.EXE      171096   9-08-99 10:14a 9-08-99 10:03a
UBEXPSEW.EXE   154242   UBEXPSEW.EXE   154242   9-08-99 10:14a 9-08-99 10:03a
UBIMPSEW.EXE   156424   UBIMPSEW.EXE   156424   9-08-99 10:14a 9-08-99 10:03a
   4,587,218 bytes in 24 file(s)         5,046,272 bytes allocated
1,022,132,224 bytes free

 Volume in drive D is unlabeled      Serial number is 9E84:7957
 Directory of  d:\cp8\ub\compile\ub*.exe

UBADJUST.EXE   166488   9-08-99 10:12a 
UBBILLIN.EXE   208616   9-08-99 10:12a 
UBCUSTRE.EXE   257270   9-08-99 10:12a 
UBDRAFT.EXE    223428   9-08-99 10:12a 
UBEXPORT.EXE   173298   9-08-99 10:12a 
UBFINBIL.EXE   223372   9-08-99 10:12a 
UBLNPRNT.EXE   180100   9-08-99 10:12a 
UBMAILLB.EXE   175176   9-08-99 10:12a 
UBMENU.EXE     207252   9-08-99 10:12a 
UBMISC.EXE     194300   9-08-99 10:12a 
UBMTREAD.EXE   298958   9-08-99 10:12a 
UBPAYMNT.EXE   237252   9-08-99 10:12a 
UBPENLTY.EXE   199164   9-08-99 10:12a 
UBPRNBIL.EXE   210086   9-08-99 10:12a 
UBPRNFIN.EXE   200488   9-08-99 10:12a 
UBREFUND.EXE   176796   9-08-99 10:12a 
UBRUN1ST.EXE    46346   9-08-99 10:12a 
UBSETUP.EXE    169326   9-08-99 10:12a 
UBSTATRE.EXE   197512   9-08-99 10:12a 
UBWACK.EXE     172856   9-08-99 10:12a 
UBWRKORD.EXE   187372   9-08-99 10:12a 
UBZAP.EXE      171096   9-08-99 10:12a 
UBEXPSEW.EXE   154242   9-08-99 10:12a 
UBIMPSEW.EXE   156424   9-08-99 10:12a 
   4,587,218 bytes in 24 file(s)         5,046,272 bytes allocated
1,022,164,992 bytes free

 Volume in drive D is unlabeled      Serial number is 9E84:7957
 Directory of  d:\cp8\ub\compile\ub*.exe

























   4,587,218 bytes in 24 file(s)         5,046,272 bytes allocated
1,022,132,224 bytes free
