Microsoft (R) BASIC Compiler Version 7.10
Copyright (C) Microsoft Corporation 1982-1990. All rights reserved.

45762 Bytes Available
20084 Bytes Free

    0 Warning Error(s)
    0 Severe  Error(s)
Microsoft (R) BASIC Compiler Version 7.10
Copyright (C) Microsoft Corporation 1982-1990. All rights reserved.

45758 Bytes Available
20637 Bytes Free

    0 Warning Error(s)
    0 Severe  Error(s)
Microsoft (R) BASIC Compiler Version 7.10
Copyright (C) Microsoft Corporation 1982-1990. All rights reserved.

45758 Bytes Available
 7093 Bytes Free

    0 Warning Error(s)
    0 Severe  Error(s)
Microsoft (R) BASIC Compiler Version 7.10
Copyright (C) Microsoft Corporation 1982-1990. All rights reserved.

45762 Bytes Available
34671 Bytes Free

    0 Warning Error(s)
    0 Severe  Error(s)
Microsoft (R) BASIC Compiler Version 7.10
Copyright (C) Microsoft Corporation 1982-1990. All rights reserved.

45762 Bytes Available
45077 Bytes Free

    0 Warning Error(s)
    0 Severe  Error(s)
Microsoft (R) BASIC Compiler Version 7.10
Copyright (C) Microsoft Corporation 1982-1990. All rights reserved.

45750 Bytes Available
25327 Bytes Free

    0 Warning Error(s)
    0 Severe  Error(s)
Microsoft (R) BASIC Compiler Version 7.10
Copyright (C) Microsoft Corporation 1982-1990. All rights reserved.

45758 Bytes Available
39089 Bytes Free

    0 Warning Error(s)
    0 Severe  Error(s)
Microsoft (R) BASIC Compiler Version 7.10
Copyright (C) Microsoft Corporation 1982-1990. All rights reserved.

45762 Bytes Available
20072 Bytes Free

    0 Warning Error(s)
    0 Severe  Error(s)
Microsoft (R) BASIC Compiler Version 7.10
Copyright (C) Microsoft Corporation 1982-1990. All rights reserved.

45750 Bytes Available
43672 Bytes Free

    0 Warning Error(s)
    0 Severe  Error(s)
Microsoft (R) BASIC Compiler Version 7.10
Copyright (C) Microsoft Corporation 1982-1990. All rights reserved.

45750 Bytes Available
19316 Bytes Free

    0 Warning Error(s)
    0 Severe  Error(s)
Microsoft (R) BASIC Compiler Version 7.10
Copyright (C) Microsoft Corporation 1982-1990. All rights reserved.

45758 Bytes Available
45603 Bytes Free

    0 Warning Error(s)
    0 Severe  Error(s)
Microsoft (R) BASIC Compiler Version 7.10
Copyright (C) Microsoft Corporation 1982-1990. All rights reserved.

45758 Bytes Available
44202 Bytes Free

    0 Warning Error(s)
    0 Severe  Error(s)
Microsoft (R) BASIC Compiler Version 7.10
Copyright (C) Microsoft Corporation 1982-1990. All rights reserved.

45750 Bytes Available
20877 Bytes Free

    0 Warning Error(s)
    0 Severe  Error(s)
Microsoft (R) BASIC Compiler Version 7.10
Copyright (C) Microsoft Corporation 1982-1990. All rights reserved.

45762 Bytes Available
38781 Bytes Free

    0 Warning Error(s)
    0 Severe  Error(s)
Microsoft (R) BASIC Compiler Version 7.10
Copyright (C) Microsoft Corporation 1982-1990. All rights reserved.

45762 Bytes Available
37974 Bytes Free

    0 Warning Error(s)
    0 Severe  Error(s)
Microsoft (R) BASIC Compiler Version 7.10
Copyright (C) Microsoft Corporation 1982-1990. All rights reserved.

45762 Bytes Available
35319 Bytes Free

    0 Warning Error(s)
    0 Severe  Error(s)
Microsoft (R) BASIC Compiler Version 7.10
Copyright (C) Microsoft Corporation 1982-1990. All rights reserved.

45750 Bytes Available
39477 Bytes Free

    0 Warning Error(s)
    0 Severe  Error(s)
Microsoft (R) BASIC Compiler Version 7.10
Copyright (C) Microsoft Corporation 1982-1990. All rights reserved.

45750 Bytes Available
42187 Bytes Free

    0 Warning Error(s)
    0 Severe  Error(s)
Microsoft (R) BASIC Compiler Version 7.10
Copyright (C) Microsoft Corporation 1982-1990. All rights reserved.

45758 Bytes Available
39607 Bytes Free

    0 Warning Error(s)
    0 Severe  Error(s)
Microsoft (R) BASIC Compiler Version 7.10
Copyright (C) Microsoft Corporation 1982-1990. All rights reserved.

45758 Bytes Available
37981 Bytes Free

    0 Warning Error(s)
    0 Severe  Error(s)
Microsoft (R) BASIC Compiler Version 7.10
Copyright (C) Microsoft Corporation 1982-1990. All rights reserved.

45750 Bytes Available
 2640 Bytes Free

    0 Warning Error(s)
    0 Severe  Error(s)
Microsoft (R) BASIC Compiler Version 7.10
Copyright (C) Microsoft Corporation 1982-1990. All rights reserved.

45750 Bytes Available
36707 Bytes Free

    0 Warning Error(s)
    0 Severe  Error(s)
Microsoft (R) BASIC Compiler Version 7.10
Copyright (C) Microsoft Corporation 1982-1990. All rights reserved.

45750 Bytes Available
43380 Bytes Free

    0 Warning Error(s)
    0 Severe  Error(s)
Microsoft (R) BASIC Compiler Version 7.10
Copyright (C) Microsoft Corporation 1982-1990. All rights reserved.

45750 Bytes Available
37284 Bytes Free

    0 Warning Error(s)
    0 Severe  Error(s)
Microsoft (R) BASIC Compiler Version 7.10
Copyright (C) Microsoft Corporation 1982-1990. All rights reserved.

45768 Bytes Available
19334 Bytes Free

    0 Warning Error(s)
    0 Severe  Error(s)
Microsoft (R) BASIC Compiler Version 7.10
Copyright (C) Microsoft Corporation 1982-1990. All rights reserved.

45776 Bytes Available
16964 Bytes Free

    0 Warning Error(s)
    0 Severe  Error(s)

Microsoft (R) Segmented-Executable Linker  Version 5.10    
Copyright (C) Microsoft Corp 1984-1990.  All rights reserved.

Object Modules [.OBJ]: /NOE /SE:200 /exe CMMENU UBPAYMNT CMPJOUR FORMEDIT UBAUX01+
Object Modules [.OBJ]: PREVAL+QSCALC+NONOTES+FORMLIB+SCRNLIB+SCRNDISP+NCPFPRNT+
Object Modules [.OBJ]: COMNAUX+FILEIO+NOLOCAT+MAKEBOXS+WAZZWIND+WVERTMNT+VERTMENU
Run File [CMMENU.exe]: CMMENU.EXE,
List File [E:CMMENU.map]: nul,
Libraries [.LIB]: pro;
Temporary file .\ln001568 has been created.
Deleting e:\citipak8\cmsource\work2\comp2\cmmenu.obj
Deleting e:\citipak8\cmsource\work2\comp2\cmpjour.obj
Deleting e:\citipak8\cmsource\work2\comp2\comnaux.obj
Deleting e:\citipak8\cmsource\work2\comp2\cpmenu.obj
Deleting e:\citipak8\cmsource\work2\comp2\fileio.obj
Deleting e:\citipak8\cmsource\work2\comp2\formedit.obj
Deleting e:\citipak8\cmsource\work2\comp2\formlib.obj
Deleting e:\citipak8\cmsource\work2\comp2\fullcm.obj
Deleting e:\citipak8\cmsource\work2\comp2\makeboxs.obj
Deleting e:\citipak8\cmsource\work2\comp2\ncpfprnt.obj
Deleting e:\citipak8\cmsource\work2\comp2\nolocat.obj
Deleting e:\citipak8\cmsource\work2\comp2\nonotes.obj
Deleting e:\citipak8\cmsource\work2\comp2\ocmpjour.obj
Deleting e:\citipak8\cmsource\work2\comp2\preval.obj
Deleting e:\citipak8\cmsource\work2\comp2\qscalc.obj
Deleting e:\citipak8\cmsource\work2\comp2\scraux.obj
Deleting e:\citipak8\cmsource\work2\comp2\scrndisp.obj
Deleting e:\citipak8\cmsource\work2\comp2\scrnfile.obj
Deleting e:\citipak8\cmsource\work2\comp2\scrnlib.obj
Deleting e:\citipak8\cmsource\work2\comp2\ubaux01.obj
Deleting e:\citipak8\cmsource\work2\comp2\ubpaymnt.obj
Deleting e:\citipak8\cmsource\work2\comp2\vertmenu.obj
Deleting e:\citipak8\cmsource\work2\comp2\wazzwind.obj
Deleting e:\citipak8\cmsource\work2\comp2\wvertmnt.obj
    24 file(s) deleted
