f:\citipak8\gl85\compile\glrpt.bas -> f:\citipak8\gl85\compile\glrpt.src
     1 file(s) renamed
f:\citipak8\gl85\compile\glrpt2.bas -> f:\citipak8\gl85\compile\glrpt2.src
     1 file(s) renamed
f:\citipak8\gl85\compile\glrptrd.bas -> f:\citipak8\gl85\compile\glrptrd.src
     1 file(s) renamed
f:\citipak8\gl85\compile\ncpfprnt.bas -> f:\citipak8\gl85\compile\ncpfprnt.src
     1 file(s) renamed
f:\citipak8\gl85\compile\glcopyrg.bas -> f:\citipak8\gl85\compile\glcopyrg.src
     1 file(s) renamed
ap1099.bas
Microsoft (R) BASIC Compiler Version 7.10
Copyright (C) Microsoft Corporation 1982-1990. All rights reserved.

45650 Bytes Available
17253 Bytes Free

    0 Warning Error(s)
    0 Severe  Error(s)
apaux.bas
Microsoft (R) BASIC Compiler Version 7.10
Copyright (C) Microsoft Corporation 1982-1990. All rights reserved.

45658 Bytes Available
34400 Bytes Free

    0 Warning Error(s)
    0 Severe  Error(s)
apaux1.bas
Microsoft (R) BASIC Compiler Version 7.10
Copyright (C) Microsoft Corporation 1982-1990. All rights reserved.

45650 Bytes Available
36653 Bytes Free

    0 Warning Error(s)
    0 Severe  Error(s)
apcheck.bas
Microsoft (R) BASIC Compiler Version 7.10
Copyright (C) Microsoft Corporation 1982-1990. All rights reserved.

45646 Bytes Available
 5644 Bytes Free

    0 Warning Error(s)
    0 Severe  Error(s)
apinv.bas
Microsoft (R) BASIC Compiler Version 7.10
Copyright (C) Microsoft Corporation 1982-1990. All rights reserved.

45658 Bytes Available
 2851 Bytes Free

    0 Warning Error(s)
    0 Severe  Error(s)
aplink.bas
Microsoft (R) BASIC Compiler Version 7.10
Copyright (C) Microsoft Corporation 1982-1990. All rights reserved.

45650 Bytes Available
29915 Bytes Free

    0 Warning Error(s)
    0 Severe  Error(s)
apmenu.bas
Microsoft (R) BASIC Compiler Version 7.10
Copyright (C) Microsoft Corporation 1982-1990. All rights reserved.

45650 Bytes Available
33325 Bytes Free

    0 Warning Error(s)
    0 Severe  Error(s)
appo.bas
Microsoft (R) BASIC Compiler Version 7.10
Copyright (C) Microsoft Corporation 1982-1990. All rights reserved.

45662 Bytes Available
 6917 Bytes Free

    0 Warning Error(s)
    0 Severe  Error(s)
appoaux.bas
Microsoft (R) BASIC Compiler Version 7.10
Copyright (C) Microsoft Corporation 1982-1990. All rights reserved.

45646 Bytes Available
32632 Bytes Free

    0 Warning Error(s)
    0 Severe  Error(s)
appowb.bas
Microsoft (R) BASIC Compiler Version 7.10
Copyright (C) Microsoft Corporation 1982-1990. All rights reserved.

45650 Bytes Available
 7238 Bytes Free

    0 Warning Error(s)
    0 Severe  Error(s)
aprpt1.bas
Microsoft (R) BASIC Compiler Version 7.10
Copyright (C) Microsoft Corporation 1982-1990. All rights reserved.

45650 Bytes Available
 5523 Bytes Free

    0 Warning Error(s)
    0 Severe  Error(s)
aprptrd.bas
Microsoft (R) BASIC Compiler Version 7.10
Copyright (C) Microsoft Corporation 1982-1990. All rights reserved.

45646 Bytes Available
 5517 Bytes Free

    0 Warning Error(s)
    0 Severe  Error(s)
aputil.bas
Microsoft (R) BASIC Compiler Version 7.10
Copyright (C) Microsoft Corporation 1982-1990. All rights reserved.

45650 Bytes Available
28088 Bytes Free

    0 Warning Error(s)
    0 Severe  Error(s)
aputilx.bas
Microsoft (R) BASIC Compiler Version 7.10
Copyright (C) Microsoft Corporation 1982-1990. All rights reserved.

45646 Bytes Available
29285 Bytes Free

    0 Warning Error(s)
    0 Severe  Error(s)
apv.bas
Microsoft (R) BASIC Compiler Version 7.10
Copyright (C) Microsoft Corporation 1982-1990. All rights reserved.

45670 Bytes Available
17275 Bytes Free

    0 Warning Error(s)
    0 Severe  Error(s)
apvertt.bas
Microsoft (R) BASIC Compiler Version 7.10
Copyright (C) Microsoft Corporation 1982-1990. All rights reserved.

45646 Bytes Available
39134 Bytes Free

    0 Warning Error(s)
    0 Severe  Error(s)
ba2gl.bas
Microsoft (R) BASIC Compiler Version 7.10
Copyright (C) Microsoft Corporation 1982-1990. All rights reserved.

45658 Bytes Available
32772 Bytes Free

    0 Warning Error(s)
    0 Severe  Error(s)
bgtedit.bas
Microsoft (R) BASIC Compiler Version 7.10
Copyright (C) Microsoft Corporation 1982-1990. All rights reserved.

45646 Bytes Available
21161 Bytes Free

    0 Warning Error(s)
    0 Severe  Error(s)
bgtprep.bas
Microsoft (R) BASIC Compiler Version 7.10
Copyright (C) Microsoft Corporation 1982-1990. All rights reserved.

45646 Bytes Available
16328 Bytes Free

    0 Warning Error(s)
    0 Severe  Error(s)
camglmnu.bas
Microsoft (R) BASIC Compiler Version 7.10
Copyright (C) Microsoft Corporation 1982-1990. All rights reserved.

45638 Bytes Available
31896 Bytes Free

    0 Warning Error(s)
    0 Severe  Error(s)
chkaux01.bas
Microsoft (R) BASIC Compiler Version 7.10
Copyright (C) Microsoft Corporation 1982-1990. All rights reserved.

45638 Bytes Available
24438 Bytes Free

    0 Warning Error(s)
    0 Severe  Error(s)
chkrecb.bas
Microsoft (R) BASIC Compiler Version 7.10
Copyright (C) Microsoft Corporation 1982-1990. All rights reserved.

45646 Bytes Available
31959 Bytes Free

    0 Warning Error(s)
    0 Severe  Error(s)
chkrecb1.bas
Microsoft (R) BASIC Compiler Version 7.10
Copyright (C) Microsoft Corporation 1982-1990. All rights reserved.

45638 Bytes Available
31605 Bytes Free

    0 Warning Error(s)
    0 Severe  Error(s)
cmjourrd.bas
Microsoft (R) BASIC Compiler Version 7.10
Copyright (C) Microsoft Corporation 1982-1990. All rights reserved.

45638 Bytes Available
26320 Bytes Free

    0 Warning Error(s)
    0 Severe  Error(s)
cmmenu.bas
Microsoft (R) BASIC Compiler Version 7.10
Copyright (C) Microsoft Corporation 1982-1990. All rights reserved.

45650 Bytes Available
 9166 Bytes Free

    0 Warning Error(s)
    0 Severe  Error(s)
cmpjour.bas
Microsoft (R) BASIC Compiler Version 7.10
Copyright (C) Microsoft Corporation 1982-1990. All rights reserved.

45646 Bytes Available
25164 Bytes Free

    0 Warning Error(s)
    0 Severe  Error(s)
cmsendgl.bas
Microsoft (R) BASIC Compiler Version 7.10
Copyright (C) Microsoft Corporation 1982-1990. All rights reserved.

45638 Bytes Available
29248 Bytes Free

    0 Warning Error(s)
    0 Severe  Error(s)
comnaux.bas
Microsoft (R) BASIC Compiler Version 7.10
Copyright (C) Microsoft Corporation 1982-1990. All rights reserved.

45646 Bytes Available
29229 Bytes Free

    0 Warning Error(s)
    0 Severe  Error(s)
cpmenu.bas
Microsoft (R) BASIC Compiler Version 7.10
Copyright (C) Microsoft Corporation 1982-1990. All rights reserved.

45650 Bytes Available
30338 Bytes Free

    0 Warning Error(s)
    0 Severe  Error(s)
cpmenu1.bas
Microsoft (R) BASIC Compiler Version 7.10
Copyright (C) Microsoft Corporation 1982-1990. All rights reserved.

45646 Bytes Available
30283 Bytes Free

    0 Warning Error(s)
    0 Severe  Error(s)
cprdmenu.bas
Microsoft (R) BASIC Compiler Version 7.10
Copyright (C) Microsoft Corporation 1982-1990. All rights reserved.

45638 Bytes Available
31039 Bytes Free

    0 Warning Error(s)
    0 Severe  Error(s)
cpread.bas
Microsoft (R) BASIC Compiler Version 7.10
Copyright (C) Microsoft Corporation 1982-1990. All rights reserved.

45650 Bytes Available
30288 Bytes Free

    0 Warning Error(s)
    0 Severe  Error(s)
crmenu.bas
Microsoft (R) BASIC Compiler Version 7.10
Copyright (C) Microsoft Corporation 1982-1990. All rights reserved.

45650 Bytes Available
38522 Bytes Free

    0 Warning Error(s)
    0 Severe  Error(s)
datein.bas
Microsoft (R) BASIC Compiler Version 7.10
Copyright (C) Microsoft Corporation 1982-1990. All rights reserved.

45650 Bytes Available
43744 Bytes Free

    0 Warning Error(s)
    0 Severe  Error(s)
dcpaymen.bas
Microsoft (R) BASIC Compiler Version 7.10
Copyright (C) Microsoft Corporation 1982-1990. All rights reserved.

45638 Bytes Available
19332 Bytes Free

    0 Warning Error(s)
    0 Severe  Error(s)
dmakebox.bas
Microsoft (R) BASIC Compiler Version 7.10
Copyright (C) Microsoft Corporation 1982-1990. All rights reserved.

45638 Bytes Available
43620 Bytes Free

    0 Warning Error(s)
    0 Severe  Error(s)
evaluate.bas
Microsoft (R) BASIC Compiler Version 7.10
Copyright (C) Microsoft Corporation 1982-1990. All rights reserved.

45638 Bytes Available
35106 Bytes Free

    0 Warning Error(s)
    0 Severe  Error(s)
fileio.bas
Microsoft (R) BASIC Compiler Version 7.10
Copyright (C) Microsoft Corporation 1982-1990. All rights reserved.

45650 Bytes Available
44965 Bytes Free

    0 Warning Error(s)
    0 Severe  Error(s)
formedit.bas
Microsoft (R) BASIC Compiler Version 7.10
Copyright (C) Microsoft Corporation 1982-1990. All rights reserved.

45638 Bytes Available
31815 Bytes Free

    0 Warning Error(s)
    0 Severe  Error(s)
formlib.bas
Microsoft (R) BASIC Compiler Version 7.10
Copyright (C) Microsoft Corporation 1982-1990. All rights reserved.

45646 Bytes Available
40860 Bytes Free

    0 Warning Error(s)
    0 Severe  Error(s)
glacct.bas
Microsoft (R) BASIC Compiler Version 7.10
Copyright (C) Microsoft Corporation 1982-1990. All rights reserved.

45650 Bytes Available
27777 Bytes Free

    0 Warning Error(s)
    0 Severe  Error(s)
glacctd.bas
Microsoft (R) BASIC Compiler Version 7.10
Copyright (C) Microsoft Corporation 1982-1990. All rights reserved.

45646 Bytes Available
27707 Bytes Free

    0 Warning Error(s)
    0 Severe  Error(s)
glaux.bas
Microsoft (R) BASIC Compiler Version 7.10
Copyright (C) Microsoft Corporation 1982-1990. All rights reserved.

45658 Bytes Available
30011 Bytes Free

    0 Warning Error(s)
    0 Severe  Error(s)
glbank.bas
Microsoft (R) BASIC Compiler Version 7.10
Copyright (C) Microsoft Corporation 1982-1990. All rights reserved.

45650 Bytes Available
28449 Bytes Free

    0 Warning Error(s)
    0 Severe  Error(s)
glcj.bas
Microsoft (R) BASIC Compiler Version 7.10
Copyright (C) Microsoft Corporation 1982-1990. All rights reserved.

45662 Bytes Available
18319 Bytes Free

    0 Warning Error(s)
    0 Severe  Error(s)
glclose.bas
Microsoft (R) BASIC Compiler Version 7.10
Copyright (C) Microsoft Corporation 1982-1990. All rights reserved.

45646 Bytes Available
18400 Bytes Free

    0 Warning Error(s)
    0 Severe  Error(s)
gldept.bas
Microsoft (R) BASIC Compiler Version 7.10
Copyright (C) Microsoft Corporation 1982-1990. All rights reserved.

45650 Bytes Available
29070 Bytes Free

    0 Warning Error(s)
    0 Severe  Error(s)
glfund.bas
Microsoft (R) BASIC Compiler Version 7.10
Copyright (C) Microsoft Corporation 1982-1990. All rights reserved.

45650 Bytes Available
28659 Bytes Free

    0 Warning Error(s)
    0 Severe  Error(s)
glgettr.bas
Microsoft (R) BASIC Compiler Version 7.10
Copyright (C) Microsoft Corporation 1982-1990. All rights reserved.

45646 Bytes Available
 6449 Bytes Free

    0 Warning Error(s)
    0 Severe  Error(s)
glgjed.bas
Microsoft (R) BASIC Compiler Version 7.10
Copyright (C) Microsoft Corporation 1982-1990. All rights reserved.

45650 Bytes Available
23711 Bytes Free

    0 Warning Error(s)
    0 Severe  Error(s)
glif.bas
Microsoft (R) BASIC Compiler Version 7.10
Copyright (C) Microsoft Corporation 1982-1990. All rights reserved.

45662 Bytes Available
27159 Bytes Free

    0 Warning Error(s)
    0 Severe  Error(s)
glif1.bas
Microsoft (R) BASIC Compiler Version 7.10
Copyright (C) Microsoft Corporation 1982-1990. All rights reserved.

45658 Bytes Available
26934 Bytes Free

    0 Warning Error(s)
    0 Severe  Error(s)
glifba.bas
Microsoft (R) BASIC Compiler Version 7.10
Copyright (C) Microsoft Corporation 1982-1990. All rights reserved.

45650 Bytes Available
26026 Bytes Free

    0 Warning Error(s)
    0 Severe  Error(s)
glifba1.bas
Microsoft (R) BASIC Compiler Version 7.10
Copyright (C) Microsoft Corporation 1982-1990. All rights reserved.

45646 Bytes Available
25493 Bytes Free

    0 Warning Error(s)
    0 Severe  Error(s)
glifmenu.bas
Microsoft (R) BASIC Compiler Version 7.10
Copyright (C) Microsoft Corporation 1982-1990. All rights reserved.

45638 Bytes Available
28244 Bytes Free

    0 Warning Error(s)
    0 Severe  Error(s)
glifstub.bas
Microsoft (R) BASIC Compiler Version 7.10
Copyright (C) Microsoft Corporation 1982-1990. All rights reserved.

45638 Bytes Available
44961 Bytes Free

    0 Warning Error(s)
    0 Severe  Error(s)
gllink.bas
Microsoft (R) BASIC Compiler Version 7.10
Copyright (C) Microsoft Corporation 1982-1990. All rights reserved.

45650 Bytes Available
33946 Bytes Free

    0 Warning Error(s)
    0 Severe  Error(s)
glmaint.bas
Microsoft (R) BASIC Compiler Version 7.10
Copyright (C) Microsoft Corporation 1982-1990. All rights reserved.

45646 Bytes Available
29939 Bytes Free

    0 Warning Error(s)
    0 Severe  Error(s)
glmenu.bas
Microsoft (R) BASIC Compiler Version 7.10
Copyright (C) Microsoft Corporation 1982-1990. All rights reserved.

45650 Bytes Available
31825 Bytes Free

    0 Warning Error(s)
    0 Severe  Error(s)
glrpt830.bas
Microsoft (R) BASIC Compiler Version 7.10
Copyright (C) Microsoft Corporation 1982-1990. All rights reserved.

45638 Bytes Available
13802 Bytes Free

    0 Warning Error(s)
    0 Severe  Error(s)
glsys.bas
Microsoft (R) BASIC Compiler Version 7.10
Copyright (C) Microsoft Corporation 1982-1990. All rights reserved.

45658 Bytes Available
28766 Bytes Free

    0 Warning Error(s)
    0 Severe  Error(s)
glutil.bas
Microsoft (R) BASIC Compiler Version 7.10
Copyright (C) Microsoft Corporation 1982-1990. All rights reserved.

45650 Bytes Available
13802 Bytes Free

    0 Warning Error(s)
    0 Severe  Error(s)
glutil1.bas
Microsoft (R) BASIC Compiler Version 7.10
Copyright (C) Microsoft Corporation 1982-1990. All rights reserved.

45646 Bytes Available
25629 Bytes Free

    0 Warning Error(s)
    0 Severe  Error(s)
glutil2.bas
Microsoft (R) BASIC Compiler Version 7.10
Copyright (C) Microsoft Corporation 1982-1990. All rights reserved.

45646 Bytes Available
26067 Bytes Free

    0 Warning Error(s)
    0 Severe  Error(s)
jpraux1.bas
Microsoft (R) BASIC Compiler Version 7.10
Copyright (C) Microsoft Corporation 1982-1990. All rights reserved.

45646 Bytes Available
37901 Bytes Free

    0 Warning Error(s)
    0 Severe  Error(s)
makeboxs.bas
Microsoft (R) BASIC Compiler Version 7.10
Copyright (C) Microsoft Corporation 1982-1990. All rights reserved.

45638 Bytes Available
43620 Bytes Free

    0 Warning Error(s)
    0 Severe  Error(s)
mtitle.bas
Microsoft (R) BASIC Compiler Version 7.10
Copyright (C) Microsoft Corporation 1982-1990. All rights reserved.

45650 Bytes Available
43895 Bytes Free

    0 Warning Error(s)
    0 Severe  Error(s)
nocalc.bas
Microsoft (R) BASIC Compiler Version 7.10
Copyright (C) Microsoft Corporation 1982-1990. All rights reserved.

45650 Bytes Available
42398 Bytes Free

    0 Warning Error(s)
    0 Severe  Error(s)
nonotes.bas
Microsoft (R) BASIC Compiler Version 7.10
Copyright (C) Microsoft Corporation 1982-1990. All rights reserved.

45646 Bytes Available
44142 Bytes Free

    0 Warning Error(s)
    0 Severe  Error(s)
password.bas
Microsoft (R) BASIC Compiler Version 7.10
Copyright (C) Microsoft Corporation 1982-1990. All rights reserved.

45638 Bytes Available
43683 Bytes Free

    0 Warning Error(s)
    0 Severe  Error(s)
picklist.bas
Microsoft (R) BASIC Compiler Version 7.10
Copyright (C) Microsoft Corporation 1982-1990. All rights reserved.

45638 Bytes Available
42339 Bytes Free

    0 Warning Error(s)
    0 Severe  Error(s)
preval.bas
Microsoft (R) BASIC Compiler Version 7.10
Copyright (C) Microsoft Corporation 1982-1990. All rights reserved.

45650 Bytes Available
40614 Bytes Free

    0 Warning Error(s)
    0 Severe  Error(s)
qscalc.bas
Microsoft (R) BASIC Compiler Version 7.10
Copyright (C) Microsoft Corporation 1982-1990. All rights reserved.

45650 Bytes Available
40007 Bytes Free

    0 Warning Error(s)
    0 Severe  Error(s)
rptprn.bas
Microsoft (R) BASIC Compiler Version 7.10
Copyright (C) Microsoft Corporation 1982-1990. All rights reserved.

45650 Bytes Available
42249 Bytes Free

    0 Warning Error(s)
    0 Severe  Error(s)
scraux.bas
Microsoft (R) BASIC Compiler Version 7.10
Copyright (C) Microsoft Corporation 1982-1990. All rights reserved.

45650 Bytes Available
38016 Bytes Free

    0 Warning Error(s)
    0 Severe  Error(s)
scrndisp.bas
Microsoft (R) BASIC Compiler Version 7.10
Copyright (C) Microsoft Corporation 1982-1990. All rights reserved.

45638 Bytes Available
40578 Bytes Free

    0 Warning Error(s)
    0 Severe  Error(s)
scrnfile.bas
Microsoft (R) BASIC Compiler Version 7.10
Copyright (C) Microsoft Corporation 1982-1990. All rights reserved.

45638 Bytes Available
42593 Bytes Free

    0 Warning Error(s)
    0 Severe  Error(s)
scrnlib.bas
Microsoft (R) BASIC Compiler Version 7.10
Copyright (C) Microsoft Corporation 1982-1990. All rights reserved.

45646 Bytes Available
40665 Bytes Free

    0 Warning Error(s)
    0 Severe  Error(s)
spellnum.bas
Microsoft (R) BASIC Compiler Version 7.10
Copyright (C) Microsoft Corporation 1982-1990. All rights reserved.

45638 Bytes Available
43473 Bytes Free

    0 Warning Error(s)
    0 Severe  Error(s)
textin.bas
Microsoft (R) BASIC Compiler Version 7.10
Copyright (C) Microsoft Corporation 1982-1990. All rights reserved.

45650 Bytes Available
43378 Bytes Free

    0 Warning Error(s)
    0 Severe  Error(s)
unique.bas
Microsoft (R) BASIC Compiler Version 7.10
Copyright (C) Microsoft Corporation 1982-1990. All rights reserved.

45650 Bytes Available
44636 Bytes Free

    0 Warning Error(s)
    0 Severe  Error(s)
vertmenu.bas
Microsoft (R) BASIC Compiler Version 7.10
Copyright (C) Microsoft Corporation 1982-1990. All rights reserved.

45638 Bytes Available
38755 Bytes Free

    0 Warning Error(s)
    0 Severe  Error(s)
wazzwind.bas
Microsoft (R) BASIC Compiler Version 7.10
Copyright (C) Microsoft Corporation 1982-1990. All rights reserved.

45638 Bytes Available
43607 Bytes Free

    0 Warning Error(s)
    0 Severe  Error(s)
wpicklst.bas
Microsoft (R) BASIC Compiler Version 7.10
Copyright (C) Microsoft Corporation 1982-1990. All rights reserved.

45638 Bytes Available
41586 Bytes Free

    0 Warning Error(s)
    0 Severe  Error(s)
wvertmnt.bas
Microsoft (R) BASIC Compiler Version 7.10
Copyright (C) Microsoft Corporation 1982-1990. All rights reserved.

45638 Bytes Available
39124 Bytes Free

    0 Warning Error(s)
    0 Severe  Error(s)
yesnob.bas
Microsoft (R) BASIC Compiler Version 7.10
Copyright (C) Microsoft Corporation 1982-1990. All rights reserved.

45650 Bytes Available
44571 Bytes Free

    0 Warning Error(s)
    0 Severe  Error(s)
zerobgt.bas
Microsoft (R) BASIC Compiler Version 7.10
Copyright (C) Microsoft Corporation 1982-1990. All rights reserved.

45646 Bytes Available
41762 Bytes Free

    0 Warning Error(s)
    0 Severe  Error(s)
f:\citipak8\gl85\compile\glcopyrg.src -> f:\citipak8\gl85\compile\glcopyrg.bas
     1 file(s) renamed
f:\citipak8\gl85\compile\ncpfprnt.src -> f:\citipak8\gl85\compile\ncpfprnt.bas
     1 file(s) renamed
f:\citipak8\gl85\compile\glrpt.src -> f:\citipak8\gl85\compile\glrpt.bas
     1 file(s) renamed
f:\citipak8\gl85\compile\glrptrd.src -> f:\citipak8\gl85\compile\glrptrd.bas
     1 file(s) renamed
f:\citipak8\gl85\compile\glrpt2.src -> f:\citipak8\gl85\compile\glrpt2.bas
     1 file(s) renamed
Microsoft (R) BASIC Compiler Version 7.10
Copyright (C) Microsoft Corporation 1982-1990. All rights reserved.

45648 Bytes Available
41273 Bytes Free

    0 Warning Error(s)
    0 Severe  Error(s)
Microsoft (R) BASIC Compiler Version 7.10
Copyright (C) Microsoft Corporation 1982-1990. All rights reserved.

45668 Bytes Available
13541 Bytes Free

    0 Warning Error(s)
    0 Severe  Error(s)
Microsoft (R) BASIC Compiler Version 7.10
Copyright (C) Microsoft Corporation 1982-1990. All rights reserved.

45660 Bytes Available
15018 Bytes Free

    0 Warning Error(s)
    0 Severe  Error(s)
Microsoft (R) BASIC Compiler Version 7.10
Copyright (C) Microsoft Corporation 1982-1990. All rights reserved.

45656 Bytes Available
13569 Bytes Free

    0 Warning Error(s)
    0 Severe  Error(s)
Microsoft (R) BASIC Compiler Version 7.10
Copyright (C) Microsoft Corporation 1982-1990. All rights reserved.

45652 Bytes Available
24871 Bytes Free

    0 Warning Error(s)
    0 Severe  Error(s)

Microsoft (R) Segmented-Executable Linker  Version 5.10    
Copyright (C) Microsoft Corp 1984-1990.  All rights reserved.

Object Modules [.OBJ]: /NOE /SE:200 CPMENU FORMEDIT VERTMENU GLAUX PREVAL+
Object Modules [.OBJ]: NOCALC+NONOTES+FORMLIB+SCRNLIB+SCRNDISP+SCRAUX+FILEIO+
Object Modules [.OBJ]: MTITLE+WAZZWIND
Run File [CPMENU.exe]: CPMENU.EXE,
List File [F:CPMENU.map]: nul,
Libraries [.LIB]: pro;

Microsoft (R) Segmented-Executable Linker  Version 5.10    
Copyright (C) Microsoft Corp 1984-1990.  All rights reserved.

Object Modules [.OBJ]: /NOE /SE:200 GLMENU FORMEDIT VERTMENU COMNAUX SCRAUX+
Object Modules [.OBJ]: PREVAL+NOCALC+NONOTES+FORMLIB+SCRNLIB+SCRNDISP+
Object Modules [.OBJ]: GLCJ+FILEIO+MTITLE+WAZZWIND+NCPFPRNT+APVERTT
Run File [GLMENU.exe]: GLMENU.EXE,
List File [F:GLMENU.map]: nul,
Libraries [.LIB]: pro;

Microsoft (R) Segmented-Executable Linker  Version 5.10    
Copyright (C) Microsoft Corp 1984-1990.  All rights reserved.

Object Modules [.OBJ]: /NOE /SE:200 BGTEDIT FORMEDIT VERTMENU GLAUX SCRAUX+
Object Modules [.OBJ]: PREVAL+QSCALC+NONOTES+FORMLIB+SCRNLIB+SCRNDISP+
Object Modules [.OBJ]: FILEIO+MTITLE+WAZZWIND+NCPFPRNT+APVERTT
Run File [BGTEDIT.exe]: BGTEDIT.EXE,
List File [F:BGTEDIT.map]: nul,
Libraries [.LIB]: pro;

Microsoft (R) Segmented-Executable Linker  Version 5.10    
Copyright (C) Microsoft Corp 1984-1990.  All rights reserved.

Object Modules [.OBJ]: /NOE /SE:200 BGTPREP FORMEDIT VERTMENU GLAUX SCRAUX+
Object Modules [.OBJ]: PREVAL+QSCALC+NONOTES+FORMLIB+SCRNLIB+SCRNDISP+
Object Modules [.OBJ]: FILEIO+MTITLE+WAZZWIND+NCPFPRNT
Run File [BGTPREP.exe]: BGTPREP.EXE,
List File [F:BGTPREP.map]: nul,
Libraries [.LIB]: pro;

Microsoft (R) Segmented-Executable Linker  Version 5.10    
Copyright (C) Microsoft Corp 1984-1990.  All rights reserved.

Object Modules [.OBJ]: /NOE /SE:200 GLGJED FORMEDIT VERTMENU GLAUX SCRAUX+
Object Modules [.OBJ]: PREVAL+QSCALC+NONOTES+FORMLIB+SCRNLIB+SCRNDISP+
Object Modules [.OBJ]: FILEIO+MTITLE+WAZZWIND+NCPFPRNT+APVERTT
Run File [GLGJED.exe]: GLGJED.EXE,
List File [F:GLGJED.map]: nul,
Libraries [.LIB]: pro;

Microsoft (R) Segmented-Executable Linker  Version 5.10    
Copyright (C) Microsoft Corp 1984-1990.  All rights reserved.

Object Modules [.OBJ]: /NOE /SE:200 GLMAINT FORMEDIT VERTMENU GLAUX SCRAUX+
Object Modules [.OBJ]: PREVAL+QSCALC+NONOTES+FORMLIB+SCRNLIB+SCRNDISP+
Object Modules [.OBJ]: FILEIO+MTITLE+WAZZWIND+NCPFPRNT
Run File [GLMAINT.exe]: GLMAINT.EXE,
List File [F:GLMAINT.map]: nul,
Libraries [.LIB]: pro;

Microsoft (R) Segmented-Executable Linker  Version 5.10    
Copyright (C) Microsoft Corp 1984-1990.  All rights reserved.

Object Modules [.OBJ]: /NOE /SE:200 GLSYS FORMEDIT VERTMENU COMNAUX SCRAUX+
Object Modules [.OBJ]: PREVAL+QSCALC+NONOTES+FORMLIB+SCRNLIB+SCRNDISP+
Object Modules [.OBJ]: FILEIO+MTITLE+WAZZWIND+NCPFPRNT+APVERTT
Run File [GLSYS.exe]: GLSYS.EXE,
List File [F:GLSYS.map]: nul,
Libraries [.LIB]: pro;

Microsoft (R) Segmented-Executable Linker  Version 5.10    
Copyright (C) Microsoft Corp 1984-1990.  All rights reserved.

Object Modules [.OBJ]: /NOE /SE:200 GLFUND FORMEDIT VERTMENU GLAUX SCRAUX+
Object Modules [.OBJ]: PREVAL+QSCALC+NONOTES+FORMLIB+SCRNLIB+SCRNDISP+
Object Modules [.OBJ]: FILEIO+MTITLE+WAZZWIND+NCPFPRNT
Run File [GLFUND.exe]: GLFUND.EXE,
List File [F:GLFUND.map]: nul,
Libraries [.LIB]: pro;

Microsoft (R) Segmented-Executable Linker  Version 5.10    
Copyright (C) Microsoft Corp 1984-1990.  All rights reserved.

Object Modules [.OBJ]: /NOE /SE:200 GLACCT FORMEDIT VERTMENU GLAUX SCRAUX+
Object Modules [.OBJ]: PREVAL+QSCALC+NONOTES+FORMLIB+SCRNLIB+SCRNDISP+
Object Modules [.OBJ]: FILEIO+MTITLE+WAZZWIND+NCPFPRNT
Run File [GLACCT.exe]: GLACCT.EXE,
List File [F:GLACCT.map]: nul,
Libraries [.LIB]: pro;

Microsoft (R) Segmented-Executable Linker  Version 5.10    
Copyright (C) Microsoft Corp 1984-1990.  All rights reserved.

Object Modules [.OBJ]: /NOE /SE:200 GLDEPT FORMEDIT VERTMENU GLAUX SCRAUX+
Object Modules [.OBJ]: PREVAL+QSCALC+NONOTES+FORMLIB+SCRNLIB+SCRNDISP+
Object Modules [.OBJ]: FILEIO+MTITLE+WAZZWIND+NCPFPRNT
Run File [GLDEPT.exe]: GLDEPT.EXE,
List File [F:GLDEPT.map]: nul,
Libraries [.LIB]: pro;

Microsoft (R) Segmented-Executable Linker  Version 5.10    
Copyright (C) Microsoft Corp 1984-1990.  All rights reserved.

Object Modules [.OBJ]: /NOE /SE:200 GLBANK FORMEDIT VERTMENU SCRAUX+
Object Modules [.OBJ]: +PREVAL+QSCALC+NONOTES+FORMLIB+SCRNLIB+SCRNDISP+
Object Modules [.OBJ]: FILEIO+MTITLE+WAZZWIND+NCPFPRNT
Run File [GLBANK.exe]: GLBANK.EXE,
List File [F:GLBANK.map]: nul,
Libraries [.LIB]: pro;

Microsoft (R) Segmented-Executable Linker  Version 5.10    
Copyright (C) Microsoft Corp 1984-1990.  All rights reserved.

Object Modules [.OBJ]: /NOE /SE:200 GLRPT GLRPT2 FORMEDIT VERTMENU GLAUX UNIQUE+
Object Modules [.OBJ]: SCRAUX+PREVAL+QSCALC+NONOTES+FORMLIB+SCRNLIB+SCRNDISP+
Object Modules [.OBJ]: FILEIO+MTITLE+WAZZWIND+NCPFPRNT
Run File [GLRPT.exe]: GLRPT.EXE,
List File [F:GLRPT.map]: nul,
Libraries [.LIB]: pro;
Temporary file .\ln001136 has been created.

Microsoft (R) Segmented-Executable Linker  Version 5.10    
Copyright (C) Microsoft Corp 1984-1990.  All rights reserved.

Object Modules [.OBJ]: /NOE /SE:200 GLRPTRD GLRPT2 FORMEDIT VERTMENU GLAUX UNIQUE+
Object Modules [.OBJ]: SCRAUX+PREVAL+QSCALC+NONOTES+FORMLIB+SCRNLIB+SCRNDISP+
Object Modules [.OBJ]: FILEIO+MTITLE+WAZZWIND+NCPFPRNT
Run File [GLRPTRD.exe]: GLRPTRD.EXE,
List File [F:GLRPTRD.map]: nul,
Libraries [.LIB]: pro;
Temporary file .\ln001136 has been created.

Microsoft (R) Segmented-Executable Linker  Version 5.10    
Copyright (C) Microsoft Corp 1984-1990.  All rights reserved.

Object Modules [.OBJ]: /NOE /SE:200 GLCOPYRG 
Run File [GLCOPYRG.exe]: GLCOPYRG.EXE,
List File [F:GLCOPYRG.map]: nul,
Libraries [.LIB]: pro;

Microsoft (R) Segmented-Executable Linker  Version 5.10    
Copyright (C) Microsoft Corp 1984-1990.  All rights reserved.

Object Modules [.OBJ]: /NOE /SE:200 GLCLOSE FORMEDIT VERTMENU WVERTMNT APVERTT GLAUX+
Object Modules [.OBJ]: SCRAUX+PREVAL+QSCALC+NONOTES+FORMLIB+SCRNLIB+SCRNDISP+
Object Modules [.OBJ]: FILEIO+MTITLE+WAZZWIND+NCPFPRNT+PICKLIST+GLLINK
Run File [GLCLOSE.exe]: GLCLOSE.EXE,
List File [F:GLCLOSE.map]: nul,
Libraries [.LIB]: pro;

Microsoft (R) Segmented-Executable Linker  Version 5.10    
Copyright (C) Microsoft Corp 1984-1990.  All rights reserved.

Object Modules [.OBJ]: /NOE /SE:200 GLUTIL FORMEDIT VERTMENU GLAUX SCRAUX+
Object Modules [.OBJ]: PREVAL+QSCALC+NONOTES+FORMLIB+SCRNLIB+SCRNDISP+
Object Modules [.OBJ]: FILEIO+MTITLE+WAZZWIND+NCPFPRNT+GLLINK
Run File [GLUTIL.exe]: GLUTIL.EXE,
List File [F:GLUTIL.map]: nul,
Libraries [.LIB]: pro;

Microsoft (R) Segmented-Executable Linker  Version 5.10    
Copyright (C) Microsoft Corp 1984-1990.  All rights reserved.

Object Modules [.OBJ]: /NOE /SE:200 GLGETTR FORMEDIT VERTMENU SCRAUX PREVAL+
Object Modules [.OBJ]: QSCALC+NONOTES+FORMLIB+SCRNLIB+SCRNDISP+COMNAUX+
Object Modules [.OBJ]: FILEIO+MTITLE+WAZZWIND+NCPFPRNT+APVERTT
Run File [GLGETTR.exe]: GLGETTR.EXE,
List File [F:GLGETTR.map]: nul,
Libraries [.LIB]: pro;

Microsoft (R) Segmented-Executable Linker  Version 5.10    
Copyright (C) Microsoft Corp 1984-1990.  All rights reserved.

Object Modules [.OBJ]: /NOE /SE:200 APMENU FORMEDIT VERTMENU SCRAUX+
Object Modules [.OBJ]: PREVAL+QSCALC+NONOTES+FORMLIB+SCRNLIB+SCRNDISP+
Object Modules [.OBJ]: APVERTT+FILEIO+MTITLE+WAZZWIND
Run File [APMENU.exe]: APMENU.EXE,
List File [F:APMENU.map]: nul,
Libraries [.LIB]: pro;

Microsoft (R) Segmented-Executable Linker  Version 5.10    
Copyright (C) Microsoft Corp 1984-1990.  All rights reserved.

Object Modules [.OBJ]: /NOE /SE:200 APV FORMEDIT WVERTMNT APAUX SCRAUX+
Object Modules [.OBJ]: COMNAUX+PREVAL+QSCALC+NONOTES+FORMLIB+SCRNLIB+SCRNDISP+
Object Modules [.OBJ]: APVERTT+VERTMENU+NCPFPRNT+FILEIO+MTITLE+WAZZWIND
Run File [APV.exe]: APV.EXE,
List File [F:APV.map]: nul,
Libraries [.LIB]: pro;

Microsoft (R) Segmented-Executable Linker  Version 5.10    
Copyright (C) Microsoft Corp 1984-1990.  All rights reserved.

Object Modules [.OBJ]: /NOE /SE:200 APPO FORMEDIT VERTMENU APPOAUX+
Object Modules [.OBJ]: SCRAUX+EVALUATE+QSCALC+NONOTES+FORMLIB+SCRNLIB+
Object Modules [.OBJ]: SCRNDISP+APVERTT+COMNAUX+FILEIO+MTITLE+WVERTMNT+
Object Modules [.OBJ]: WAZZWIND+NCPFPRNT+PICKLIST
Run File [APPO.exe]: APPO.EXE,
List File [F:APPO.map]: nul,
Libraries [.LIB]: pro;

Microsoft (R) Segmented-Executable Linker  Version 5.10    
Copyright (C) Microsoft Corp 1984-1990.  All rights reserved.

Object Modules [.OBJ]: /NOE /SE:200 APINV FORMEDIT FORMLIB VERTMENU+
Object Modules [.OBJ]: +APAUX+SCRAUX+PREVAL+QSCALC+NONOTES+SCRNLIB+
Object Modules [.OBJ]: SCRNDISP+APVERTT+WVERTMNT+COMNAUX+FILEIO+
Object Modules [.OBJ]: MTITLE+WAZZWIND+NCPFPRNT+WPICKLST
Run File [APINV.exe]: APINV.EXE,
List File [F:APINV.map]: nul,
Libraries [.LIB]: pro;
Temporary file .\ln001136 has been created.

Microsoft (R) Segmented-Executable Linker  Version 5.10    
Copyright (C) Microsoft Corp 1984-1990.  All rights reserved.

Object Modules [.OBJ]: /NOE /SE:200 APCHECK FORMEDIT WVERTMNT APVERTT APAUX+
Object Modules [.OBJ]: SCRAUX+PREVAL+QSCALC+NONOTES+FORMLIB+SCRNLIB+SCRNDISP+
Object Modules [.OBJ]: PICKLIST+SPELLNUM+NCPFPRNT+COMNAUX+VERTMENU+FILEIO+
Object Modules [.OBJ]: MTITLE+WAZZWIND
Run File [APCHECK.exe]: APCHECK.EXE,
List File [F:APCHECK.map]: nul,
Libraries [.LIB]: pro;

Microsoft (R) Segmented-Executable Linker  Version 5.10    
Copyright (C) Microsoft Corp 1984-1990.  All rights reserved.

Object Modules [.OBJ]: /NOE /SE:200 APRPT1 FORMEDIT WVERTMNT APVERTT APAUX+
Object Modules [.OBJ]: SCRAUX+PREVAL+QSCALC+NONOTES+FORMLIB+SCRNLIB+SCRNDISP+
Object Modules [.OBJ]: PICKLIST+SPELLNUM+NCPFPRNT+COMNAUX+VERTMENU+FILEIO+
Object Modules [.OBJ]: MTITLE+WAZZWIND
Run File [APRPT1.exe]: APRPT1.EXE,
List File [F:APRPT1.map]: nul,
Libraries [.LIB]: pro;
Temporary file .\ln001136 has been created.

Microsoft (R) Segmented-Executable Linker  Version 5.10    
Copyright (C) Microsoft Corp 1984-1990.  All rights reserved.

Object Modules [.OBJ]: /NOE /SE:200 APRPTRD FORMEDIT WVERTMNT APVERTT APAUX+
Object Modules [.OBJ]: SCRAUX+PREVAL+QSCALC+NONOTES+FORMLIB+SCRNLIB+SCRNDISP+
Object Modules [.OBJ]: PICKLIST+SPELLNUM+NCPFPRNT+COMNAUX+VERTMENU+FILEIO+
Object Modules [.OBJ]: MTITLE+WAZZWIND
Run File [APRPTRD.exe]: APRPTRD.EXE,
List File [F:APRPTRD.map]: nul,
Libraries [.LIB]: pro;
Temporary file .\ln001136 has been created.

Microsoft (R) Segmented-Executable Linker  Version 5.10    
Copyright (C) Microsoft Corp 1984-1990.  All rights reserved.

Object Modules [.OBJ]: /NOE /SE:200 APLINK APAUX1 COMNAUX 
Run File [APLINK.exe]: APLINK.EXE,
List File [F:APLINK.map]: nul,
Libraries [.LIB]: pro;

COMNAUX.obj(comnaux.bas) : error L2029: 'MSGBOX' : unresolved external


There was 1 error detected

Microsoft (R) Segmented-Executable Linker  Version 5.10    
Copyright (C) Microsoft Corp 1984-1990.  All rights reserved.

Object Modules [.OBJ]: /NOE /SE:200 AP1099 FORMEDIT WVERTMNT APAUX SCRAUX+
Object Modules [.OBJ]: COMNAUX+PREVAL+QSCALC+NONOTES+FORMLIB+SCRNLIB+SCRNDISP+
Object Modules [.OBJ]: APVERTT+VERTMENU+NCPFPRNT+FILEIO+MTITLE+WAZZWIND
Run File [AP1099.exe]: AP1099.EXE,
List File [F:AP1099.map]: nul,
Libraries [.LIB]: pro;

Microsoft (R) Segmented-Executable Linker  Version 5.10    
Copyright (C) Microsoft Corp 1984-1990.  All rights reserved.

Object Modules [.OBJ]: /NOE /SE:200 CPRDMENU FORMEDIT VERTMENU GLAUX PREVAL+
Object Modules [.OBJ]: NOCALC+NONOTES+FORMLIB+SCRNLIB+SCRNDISP+SCRAUX+FILEIO+
Object Modules [.OBJ]: MTITLE+WAZZWIND
Run File [CPRDMENU.exe]: CPRDMENU.EXE,
List File [F:CPRDMENU.map]: nul,
Libraries [.LIB]: pro;
