General Ledger Post began @ 05-22-1996 @ 15:51:03
No Posting Errors. Posted Transaction Count:   6
--------------------------------------------------
General Ledger Post began @ 05-31-1996 @ 12:54:57
No Posting Errors. Posted Transaction Count:   6
--------------------------------------------------
General Ledger Post began @ 05-31-1996 @ 16:18:49
No Posting Errors. Posted Transaction Count:  18
--------------------------------------------------
General Ledger Post began @ 05-31-1996 @ 16:57:39
No Posting Errors. Posted Transaction Count:   4
--------------------------------------------------
General Ledger Post began @ 06-04-1996 @ 10:33:59
No Posting Errors. Posted Transaction Count:  35
--------------------------------------------------
General Ledger Post began @ 06-04-1996 @ 13:28:28
No Posting Errors. Posted Transaction Count:   8
--------------------------------------------------
General Ledger Post began @ 06-04-1996 @ 16:12:03
No Posting Errors. Posted Transaction Count: 102
--------------------------------------------------
General Ledger Post began @ 06-05-1996 @ 09:19:17
No Posting Errors. Posted Transaction Count:   4
--------------------------------------------------
General Ledger Post began @ 06-05-1996 @ 10:11:32
No Posting Errors. Posted Transaction Count:  32
--------------------------------------------------
General Ledger Post began @ 06-05-1996 @ 14:53:23
No Posting Errors. Posted Transaction Count:   2
--------------------------------------------------
General Ledger Post began @ 06-05-1996 @ 14:58:18
No Posting Errors. Posted Transaction Count:   2
--------------------------------------------------
General Ledger Post began @ 06-10-1996 @ 15:38:51
No Posting Errors. Posted Transaction Count:  20
--------------------------------------------------
General Ledger Post began @ 06-10-1996 @ 15:52:03
No Posting Errors. Posted Transaction Count:   6
--------------------------------------------------
General Ledger Post began @ 06-13-1996 @ 13:29:21
No Posting Errors. Posted Transaction Count:  12
--------------------------------------------------
General Ledger Post began @ 06-13-1996 @ 14:01:29
No Posting Errors. Posted Transaction Count:   2
--------------------------------------------------
General Ledger Post began @ 06-24-1996 @ 16:05:23
No Posting Errors. Posted Transaction Count:  54
--------------------------------------------------
General Ledger Post began @ 06-26-1996 @ 13:57:27
No Posting Errors. Posted Transaction Count:  77
--------------------------------------------------
General Ledger Post began @ 06-26-1996 @ 14:16:37
No Posting Errors. Posted Transaction Count:   8
--------------------------------------------------
General Ledger Post began @ 06-26-1996 @ 14:53:11
No Posting Errors. Posted Transaction Count:   5
--------------------------------------------------
General Ledger Post began @ 06-26-1996 @ 14:54:59
No Posting Errors. Posted Transaction Count:   2
--------------------------------------------------
General Ledger Post began @ 06-26-1996 @ 15:09:40
No Posting Errors. Posted Transaction Count:   6
--------------------------------------------------
General Ledger Post began @ 06-27-1996 @ 11:59:14
No Posting Errors. Posted Transaction Count:  14
--------------------------------------------------
General Ledger Post began @ 07-03-1996 @ 11:25:57
No Posting Errors. Posted Transaction Count:  13
--------------------------------------------------
General Ledger Post began @ 07-03-1996 @ 12:54:33
No Posting Errors. Posted Transaction Count:  18
--------------------------------------------------
General Ledger Post began @ 07-08-1996 @ 14:45:13
No Posting Errors. Posted Transaction Count:  42
--------------------------------------------------
General Ledger Post began @ 07-08-1996 @ 15:41:41
No Posting Errors. Posted Transaction Count:   6
--------------------------------------------------
General Ledger Post began @ 07-12-1996 @ 10:02:47
No Posting Errors. Posted Transaction Count:  49
--------------------------------------------------
General Ledger Post began @ 07-12-1996 @ 10:06:19
No Posting Errors. Posted Transaction Count:   4
--------------------------------------------------
General Ledger Post began @ 07-12-1996 @ 13:07:02
No Posting Errors. Posted Transaction Count:   6
--------------------------------------------------
General Ledger Post began @ 07-24-1996 @ 10:56:36
No Posting Errors. Posted Transaction Count:  52
--------------------------------------------------
General Ledger Post began @ 07-25-1996 @ 14:37:27
No Posting Errors. Posted Transaction Count:   8
--------------------------------------------------
General Ledger Post began @ 07-26-1996 @ 13:29:42
No Posting Errors. Posted Transaction Count:   4
--------------------------------------------------
General Ledger Post began @ 07-29-1996 @ 08:53:36
No Posting Errors. Posted Transaction Count:  50
--------------------------------------------------
General Ledger Post began @ 08-07-1996 @ 10:06:15
No Posting Errors. Posted Transaction Count:   9
--------------------------------------------------
General Ledger Post began @ 08-07-1996 @ 10:19:27
No Posting Errors. Posted Transaction Count:  22
--------------------------------------------------
General Ledger Post began @ 08-07-1996 @ 16:42:14
No Posting Errors. Posted Transaction Count:  74
--------------------------------------------------
General Ledger Post began @ 08-09-1996 @ 10:35:44
No Posting Errors. Posted Transaction Count:   2
--------------------------------------------------
General Ledger Post began @ 08-12-1996 @ 14:30:52
No Posting Errors. Posted Transaction Count:  12
--------------------------------------------------
General Ledger Post began @ 08-12-1996 @ 15:26:16
No Posting Errors. Posted Transaction Count:   6
--------------------------------------------------
General Ledger Post began @ 08-20-1996 @ 15:04:12
No Posting Errors. Posted Transaction Count:  53
--------------------------------------------------
General Ledger Post began @ 08-23-1996 @ 13:54:42
No Posting Errors. Posted Transaction Count:  42
--------------------------------------------------
General Ledger Post began @ 08-23-1996 @ 14:16:24
No Posting Errors. Posted Transaction Count:   4
--------------------------------------------------
General Ledger Post began @ 08-26-1996 @ 14:44:55
No Posting Errors. Posted Transaction Count:  22
--------------------------------------------------
General Ledger Post began @ 08-26-1996 @ 14:58:01
No Posting Errors. Posted Transaction Count:   4
--------------------------------------------------
General Ledger Post began @ 09-04-1996 @ 13:21:56
No Posting Errors. Posted Transaction Count:  31
--------------------------------------------------
General Ledger Post began @ 09-04-1996 @ 13:37:22
No Posting Errors. Posted Transaction Count:  20
--------------------------------------------------
General Ledger Post began @ 09-09-1996 @ 14:29:01
No Posting Errors. Posted Transaction Count:  42
--------------------------------------------------
General Ledger Post began @ 09-09-1996 @ 14:45:56
No Posting Errors. Posted Transaction Count:   6
--------------------------------------------------
General Ledger Post began @ 09-11-1996 @ 14:13:25
No Posting Errors. Posted Transaction Count:   2
--------------------------------------------------
General Ledger Post began @ 09-11-1996 @ 14:17:00
No Posting Errors. Posted Transaction Count:   2
--------------------------------------------------
General Ledger Post began @ 09-26-1996 @ 13:03:15
No Posting Errors. Posted Transaction Count:  91
--------------------------------------------------
General Ledger Post began @ 09-30-1996 @ 14:19:23
No Posting Errors. Posted Transaction Count:   8
--------------------------------------------------
General Ledger Post began @ 09-30-1996 @ 16:44:38
No Posting Errors. Posted Transaction Count:  83
--------------------------------------------------
General Ledger Post began @ 10-01-1996 @ 13:19:03
No Posting Errors. Posted Transaction Count:   6
--------------------------------------------------
General Ledger Post began @ 10-02-1996 @ 10:38:19
No Posting Errors. Posted Transaction Count:   2
--------------------------------------------------
General Ledger Post began @ 10-02-1996 @ 10:41:41
No Posting Errors. Posted Transaction Count:   2
--------------------------------------------------
General Ledger Post began @ 10-08-1996 @ 11:24:30
No Posting Errors. Posted Transaction Count:   4
--------------------------------------------------
General Ledger Post began @ 10-08-1996 @ 13:15:02
No Posting Errors. Posted Transaction Count:   8
--------------------------------------------------
General Ledger Post began @ 10-08-1996 @ 13:34:55
No Posting Errors. Posted Transaction Count:  26
--------------------------------------------------
General Ledger Post began @ 10-09-1996 @ 10:23:09
No Posting Errors. Posted Transaction Count:  52
--------------------------------------------------
General Ledger Post began @ 10-10-1996 @ 12:21:42
No Posting Errors. Posted Transaction Count:   8
--------------------------------------------------
General Ledger Post began @ 10-10-1996 @ 12:44:30
No Posting Errors. Posted Transaction Count:   6
--------------------------------------------------
General Ledger Post began @ 10-15-1996 @ 12:52:13
No Posting Errors. Posted Transaction Count:   8
--------------------------------------------------
General Ledger Post began @ 10-15-1996 @ 15:21:53
No Posting Errors. Posted Transaction Count:   4
--------------------------------------------------
General Ledger Post began @ 10-24-1996 @ 15:42:43
No Posting Errors. Posted Transaction Count:  65
--------------------------------------------------
General Ledger Post began @ 10-31-1996 @ 12:55:02
No Posting Errors. Posted Transaction Count:  18
--------------------------------------------------
General Ledger Post began @ 10-31-1996 @ 13:10:38
No Posting Errors. Posted Transaction Count:   4
--------------------------------------------------
General Ledger Post began @ 11-01-1996 @ 11:56:34
No Posting Errors. Posted Transaction Count: 131
--------------------------------------------------
General Ledger Post began @ 11-04-1996 @ 11:42:41
No Posting Errors. Posted Transaction Count:  20
--------------------------------------------------
General Ledger Post began @ 11-08-1996 @ 11:52:58
No Posting Errors. Posted Transaction Count:  26
--------------------------------------------------
General Ledger Post began @ 11-11-1996 @ 14:13:00
No Posting Errors. Posted Transaction Count:   4
--------------------------------------------------
General Ledger Post began @ 11-11-1996 @ 16:10:14
No Posting Errors. Posted Transaction Count:   6
--------------------------------------------------
General Ledger Post began @ 11-25-1996 @ 12:05:47
No Posting Errors. Posted Transaction Count:   8
--------------------------------------------------
General Ledger Post began @ 11-25-1996 @ 12:10:53
No Posting Errors. Posted Transaction Count:   4
--------------------------------------------------
General Ledger Post began @ 11-25-1996 @ 16:28:40
No Posting Errors. Posted Transaction Count:  94
--------------------------------------------------
General Ledger Post began @ 12-03-1996 @ 12:19:12
No Posting Errors. Posted Transaction Count:  77
--------------------------------------------------
General Ledger Post began @ 12-03-1996 @ 12:51:51
No Posting Errors. Posted Transaction Count:   6
--------------------------------------------------
General Ledger Post began @ 12-04-1996 @ 14:29:42
No Posting Errors. Posted Transaction Count:  18
--------------------------------------------------
General Ledger Post began @ 12-04-1996 @ 14:34:24
No Posting Errors. Posted Transaction Count:  11
--------------------------------------------------
General Ledger Post began @ 12-05-1996 @ 12:12:34
No Posting Errors. Posted Transaction Count:  10
--------------------------------------------------
General Ledger Post began @ 12-09-1996 @ 16:48:39
No Posting Errors. Posted Transaction Count:  12
--------------------------------------------------
General Ledger Post began @ 12-09-1996 @ 17:15:11
No Posting Errors. Posted Transaction Count:   6
--------------------------------------------------
General Ledger Post began @ 12-10-1996 @ 11:27:15
No Posting Errors. Posted Transaction Count:   2
--------------------------------------------------
General Ledger Post began @ 12-10-1996 @ 14:54:10
No Posting Errors. Posted Transaction Count:  13
--------------------------------------------------
General Ledger Post began @ 12-10-1996 @ 15:05:45
No Posting Errors. Posted Transaction Count:   4
--------------------------------------------------
General Ledger Post began @ 12-12-1996 @ 17:09:58
No Posting Errors. Posted Transaction Count:  12
--------------------------------------------------
General Ledger Post began @ 12-12-1996 @ 17:29:18
No Posting Errors. Posted Transaction Count:   2
--------------------------------------------------
General Ledger Post began @ 12-18-1996 @ 16:45:19
No Posting Errors. Posted Transaction Count:  65
--------------------------------------------------
General Ledger Post began @ 12-19-1996 @ 14:07:50
No Posting Errors. Posted Transaction Count:  35
--------------------------------------------------
General Ledger Post began @ 12-19-1996 @ 14:48:25
No Posting Errors. Posted Transaction Count:   6
--------------------------------------------------
General Ledger Post began @ 12-27-1996 @ 14:28:58
No Posting Errors. Posted Transaction Count:  30
--------------------------------------------------
General Ledger Post began @ 12-27-1996 @ 14:38:17
No Posting Errors. Posted Transaction Count:   4
--------------------------------------------------
General Ledger Post began @ 01-02-1997 @ 16:21:05
No Posting Errors. Posted Transaction Count:  20
--------------------------------------------------
General Ledger Post began @ 01-03-1997 @ 12:25:27
No Posting Errors. Posted Transaction Count:  34
--------------------------------------------------
General Ledger Post began @ 01-07-1997 @ 13:49:50
No Posting Errors. Posted Transaction Count:   6
--------------------------------------------------
General Ledger Post began @ 01-07-1997 @ 15:13:00
No Posting Errors. Posted Transaction Count:  48
--------------------------------------------------
General Ledger Post began @ 01-07-1997 @ 16:14:30
No Posting Errors. Posted Transaction Count:   4
--------------------------------------------------
General Ledger Post began @ 01-09-1997 @ 12:12:56
No Posting Errors. Posted Transaction Count:   4
--------------------------------------------------
General Ledger Post began @ 01-13-1997 @ 14:40:22
No Posting Errors. Posted Transaction Count:  22
--------------------------------------------------
General Ledger Post began @ 01-13-1997 @ 16:24:16
No Posting Errors. Posted Transaction Count:   6
--------------------------------------------------
General Ledger Post began @ 01-23-1997 @ 12:21:43
No Posting Errors. Posted Transaction Count:  45
--------------------------------------------------
General Ledger Post began @ 01-23-1997 @ 12:31:03
No Posting Errors. Posted Transaction Count:   4
--------------------------------------------------
