CMDHCOM.LOG                Ver. 2.00        (C) Copyright Husky Computers Ltd. December 1993.
20/11/97 13:05:27  ERROR: Invalid parameter '/xt=ubcusttr.dat'.
20/11/97 13:06:00  WARNING: Transmit - file not found 'ubcustre.dat'.
20/11/97 13:06:09  Transmit UBCUSTTR.DAT 
20/11/97 13:06:11  ERROR: Transmit - User pressed ESC.
20/11/97 13:09:53  ERROR: Could not connect to handheld.
20/11/97 13:09:59  Transmit UBCUSTTR.DAT 
20/11/97 13:10:32  ERROR: Invalid parameter '/xt=ubcusttr.dat'.
20/11/97 13:13:27  Transmit UBCUSTTR.DAT 
20/11/97 13:13:57  Data transfer completed on handheld.
20/11/97 13:22:06  Transmit UBCUSTTR.DAT 
20/11/97 13:22:36  Data transfer completed on handheld.
21/11/97  7:58:44  ERROR: Could not connect to handheld.
21/11/97  7:59:05  Transmit UBCUSTTR.DAT 
21/11/97  7:59:27  Data transfer completed on handheld.
21/11/97  9:22:53  ERROR: Could not connect to handheld.
21/11/97  9:23:24  Transmit UBCUSTTR.DAT 
21/11/97  9:23:53  Data transfer completed on handheld.
24/11/97  9:01:08  Transmit UBCUSTTR.DAT 
24/11/97  9:01:37  Data transfer completed on handheld.
24/11/97  9:03:12  ERROR: Could not connect to handheld.
24/11/97  9:03:35  Transmit UBCUSTTR.DAT 
24/11/97  9:04:05  Data transfer completed on handheld.
24/11/97  9:16:50  Transmit UBCUSTTR.DAT 
24/11/97  9:17:19  Data transfer completed on handheld.
24/11/97  9:29:55  Receive UBCUSTTR.DAT 
24/11/97  9:30:27  Data transfer completed on handheld.
24/11/97 10:06:59  Receive UBCUSTTR.DAT 
24/11/97 10:07:31  Data transfer completed on handheld.
25/11/97 16:29:44  Transmit UBCUSTTR.DAT 
25/11/97 16:31:20  Data transfer completed on handheld.
26/11/97 12:06:45  Transmit UBCUSTTR.DAT 
26/11/97 12:07:13  Data transfer completed on handheld.
26/11/97 12:13:18  Transmit UBCUSTTR.DAT 
26/11/97 12:13:45  ERROR: Transmit - User pressed ESC.
26/11/97 12:13:48  Transmit UBCUSTTR.DAT 
26/11/97 12:14:16  Data transfer completed on handheld.
26/11/97 12:14:40  Receive UBCUSTTR.DAT 
26/11/97 12:15:11  Data transfer completed on handheld.
26/11/97 12:15:43  Receive UBCUSTTR.DAT 
26/11/97 12:16:14  Data transfer completed on handheld.
08/12/97 10:29:18  ERROR: Could not connect to handheld.
08/12/97 15:43:00  Transmit UBCUSTTR.DAT 
08/12/97 15:43:54  Data transfer completed on handheld.
08/12/97 15:44:32  Transmit UBCUSTTR.DAT 
08/12/97 15:46:06  Data transfer completed on handheld.
08/12/97 15:56:49  Transmit UBCUSTTR.DAT 
08/12/97 15:57:43  Data transfer completed on handheld.
17/12/97 10:31:52  ERROR: Could not connect to handheld.
29/12/97  8:45:06  ERROR: Could not connect to handheld.
15/01/98 14:53:48  ERROR: Could not connect to handheld.
20/03/98 10:10:58  ERROR: Could not connect to handheld.
20/03/98 10:13:13  ERROR: Invalid IRQ or ADDR.
20/03/98 10:15:09  Transmit UBCUSTTR.DAT 
20/03/98 10:15:19  Data transfer completed on handheld.
06/04/98  9:02:25  ERROR: Could not connect to handheld.
06/04/98  9:03:01  ERROR: Could not connect to handheld.
08/04/98 11:29:44  ERROR: Could not connect to handheld.
08/04/98 11:30:45  ERROR: Could not connect to handheld.
08/04/98 11:31:16  ERROR: Could not connect to handheld.
08/04/98 11:31:27  ERROR: Could not connect to handheld.
08/04/98 11:52:32  ERROR: Could not connect to handheld.
13/04/98 13:26:20  ERROR: Could not connect to handheld.
20/07/98 13:46:06  Transmit UBCUSTTR.DAT 
20/07/98 13:46:23  Data transfer completed on handheld.
15/08/100 15:02:07  ERROR: Could not connect to handheld.
19/12/100 12:03:44  ERROR: Could not connect to handheld.
05/09/101 16:17:39  ERROR: Could not connect to handheld.
