
 Volume in drive C is unlabeled      Serial number is 2246:14F0
 Directory of  c:\procomm\*.*

.            <DIR>      3-30-98 11:26a 
..           <DIR>      3-30-98 11:26a 
CMDCNVT.EXE     19172  10-23-86 10:57a 
PRCM243.NEW      5785  12-20-88 11:38a 
PROCOMM.EXE    167200   2-15-89  1:54p 
COMPUSRV.CMD     1451  11-04-86  9:55a 
FIDO.CMD         1990  11-04-86  9:54a 
PCP-MENU.CMD    13948   9-21-86 11:31p 
PRCMSORT.EXE     9808   1-11-87  6:55p 
RBBS.CMD         1830  11-04-86  9:54a 
README.TEF        180  10-07-86  6:09p 
SOURCE.CMD       1527  11-04-86  9:54a 
TEF.EXE         15728   2-21-86  2:47p 
PROCOMM.DOC    272204  12-05-88 12:42p 
LICENSE.DOC     11233   1-01-89 12:00a 
PROCOMM.PRM       631   3-30-98  1:22p 
PROCOMM.XLT       256   3-30-98 10:44a 
PROCOMM.KEY       500   3-30-98 10:44a 
PROCOMM.DIR      6150   3-30-98 10:48a 
UBCUSTTR.DAT   210560   3-30-98 11:29a 
DIR.LST             0   3-30-98  1:22p 
     740,153 bytes in 21 file(s)         1,212,416 bytes allocated
1,027,702,784 bytes free
