ASKABANDONPRINT
BCOPY
BLOCKCLEAR
CHK4DUPEBOOKSEQNUM
COMPARE3
CURSOROFF
CUSTMESSAGESYSTEM
DELETECUST
DISPLAYUBSCRN
EDITCUSTOMER
EDITFORM
FCLOSE
FGETAH
FGETRTA
FILESIZE
FLDNUM
FMTBOOK
FMTSEQN
FOPENS
FPUTAH
FUSING
GETNUMRATERECS
INITMOUSE
INSERTT
KILLFILE
LIBGETFLDDEF
LIBNUMBEROFFIELDS
LOADUBSETUPFILE
LOOKUP
MONITOR
PRESSBUTTON
PRINTRPTFILE
PROMPTSAVEDATA
QPRINTRC
QPTRIM
QPVALL
RESTSCRN
SAVESCRN
SETCUSTFINAL
SHOWCURSOR
SHOWCUSTCONSHIST
SHOWCUSTHISTORY
SHOWPCTCOMP
SHOWPROCESSINGSCRN
SHOWWRKORDHISTORY
SORTT
STUFFBUF
TEXTCURSOR
TITLEBOX
UBLOG
UNPACKBUFFER
VERTMENU
WAITFORACTION
