 NO METER NUMBERS LIST
 1             2             7             37            42 
 44            46            59            60            61 
 62            66            68            69            70 
 71            72            73            78            79 
 80            81            82            83            90 
 91            92            93            94            97 
 98            101           111           112           114 
 116           117           118           121           123 
 126           134           135           177           179 
 180           181           183           184           188 
 189           190           191           192           193 
 200           206           211           222           224 
 225           244           246           249           251 
 252           255           256           257           259 
 261           266           267           270           272 
 273           278           286           287           288 
 289           292           293           295           297 
 298           301           328           357           421 
 422           425           427           433           434 
 435           441           443           444           449 
 450           451           452           453           455 
 456           458           459           460           461 
 463           465           466           467           468 
 471           472           473           474           476 
 479           482           483           484           485 
 486           489           490           491           492 
 493           498           545           550           552 
 553           555           556           557           558 
 559           560           561           562           563 
 564           565           566           567           568 
 569           570           571           572           573 
 574           575           576           577           580 
 581           582           583           584           586 
 589           594           598           599           600 
 601           602           603           604           606 
 607           608           609           624           726 
 727           984           985           988           995 
 997           1660          1791          1955          2144 
 2145          2147          2148          2150          2152 
 2153          2155          2156          2159          2160 
 2161          2175          2177          2178          2181 
 2184          2185          2186          2187          2188 
 2192          2203          2319          2320          2327 
 2329          2333          2334          2340          2343 
 2345          2351          2352          2353          2354 
 2355          2360          2426          2427          2428 
 2429          2430          2447          2452          2457 
 2665          2856          2861          2867          2889 
 2892          2894          2895          2896          2897 
 3103          3105          3156          3223          3230 
 3239          3240          3241          3242          3247 
 3578          3579          3580          3584          3644 
 3655          3656          3657          3658          3660 
 3662          3724          3782          3909          3910 
 3911          3912          3913          3914          3916 
 3917          3918          3919          3920          3926 
 3927          3928          3929          3930          3933 
 3934          3935          3937          3939          3942 
 3943          3944          3945          3946          3947
 
 NO METER NUMBERS LIST
 3949          3950          3951          3952          3953 
 3955          3959          3960          3961          3962 
 3963          3964          3965          3966          3967 
 3968          3969          3970          3973          3977 
 3978          3979          3983          3989          3990 
 3991          3992          3993          3994          3995 
 3996          3997          3998          4001          4003 
 4005          4006          4010          4011          4012 
 4014          4016          4017          4018          4019 
 4020          4021          4022          4024          4170 
 4176          4177          4180          4182          4183 
 4184          4185          4187          4188          4194 
 4195          4196          4197          4198          4203 
 4204          4205          4207          4208          4212 
 4213          4214          4215          4216          4217 
 4218          4219          4220          4221          4238 
 4548          4549          4550          4552          4554 
 4556          4558          4559          4560          4561 
 4563          4564          4565          4567          4574 
 4695          4696          4697          4698          4699 
 4700          4716          4721          4722          4723 
 4724          4725          4726          4727          4729 
 4730          4731          4735          4736          4745 
 4746          4748          4749          4750          4752 
 4753          4755          4756          4757          4759 
 4761          4763          4765          4767          4768 
 4769          4770          4771          4772          4773 
 4774          4776          4777          4778          4779 
 4809          4810          4813          4814          4818 
 4820          4822          4828          4830          4832 
 4833          4835          4836          4838          4839 
 4840          4842          4843          4844          4845 
 4846          4847          4848          4850          4852 
 4853          4868          4870          4871          4874 
 4878          4883          4885          4886          4887 
 4888          4889          4890          4897          4898 
 4902          4906          4908          4909          4910 
 4911          4913          4914          4917          4920 
 4922          4923          4924          4925          4926 
 4927          4928          4930          4932          4934 
 4935          4936          4940          4942          4947 
 4949          4950          4951          4958          4959 
 4960          4962          4964          4965          4966 
 4970          4971          4972          4973          4974 
 4975          4976          4979          4980          4981 
 4982          4985          4988          4989          4990 
 4991          4992          4993          4995          4997 
 5007          5008          5011          5013          5014 
 5028          5056          5064          5068          5070 
 5071          5082          5085          5086          5087 
 5089          5090          5093          5094          5099 
 5101          5102          5108          5109          5110 
 5112          5118          5119          5120          5121 
 5122          5123          5124          5125          5126 
 5127          5128          5130          5131          5135 
 5137          5138          5140          5144          5148 
 5155          5156          5157          5161          5163 
 5166          5167          5168          5169          5170 
 5179          5181          5190          5194          5224
 
 NO METER NUMBERS LIST
 5225          5226          5230          5231          5232
 5233          5234          5235          5245          5246 
 5278          5279          5281          5282          5283 
 5284          5286          5289          5290          5333 
 5334          5335          5336          5337          5338 
 5340          5342          5344          5345          5346 
 5348          5380          5384          5385          5386 
 5387          5388          5389          5390          5391 
 5392          5394          5397          5398          5399 
 5403          5404          5405          5408          5409 
 5411          5412          5416          5417          5419 
 5420          5421          5424          5425          5429 
 5430          5431          5433          5434          5435 
 5436          5437          5439          5440          5441 
 5446          5447          5448          5458          5459 
 5460          5461          5465          5467          5468 
 5469          5470          5472          5473          5474 
 5476          5477          5480          5481          5482 
 5483          5486          5545          5603          5604 
 5605          5609          5610          5613          5615 
 5618          5619          5620          5622          5625 
 5626          5627          5628          5632          5633 
 5634          5661          5662          5663          5664 
 5665          5666          5667          5669          5670 
 5671          5672          5673          5676          5677 
 5682          5683          5684          5692          5742 
 5743          5744          5745          5746          5747 
 5748          5749          5750          5751          5752 
 5754          5755          5757          5758          5760 
 5761          5764          5766          5767          5768 
 5770          5815          5816          5817          5818 
 5821          5823          5824          5825          5826 
 5827          5828          5829          5830          5831 
 5832          5833          5834          5835          5836 
 5837          5838          5839          5840          5842 
 5843          5845          5846          5847          5848 
 5852          5854          5855          5856          5857 
 5859          5860          5861          5862          5863 
 5864          5865          5866          5867          5868 
 5869          5870          5871          5872          5873 
 5874          5875          5876          5877          5878 
 5879          5880          5881          5882          5883 
 5885          5889          5890          5891          5893 
 5897          5898          5899          5900          5901 
 5903          5904          5905          5906          5909 
 5910          5911          5912          5913          5914 
 5915          5916          5917          5918          5919 
 5920          5921          5922          5924          5925 
 5927          5928          5929          5930          5931 
 5932          5938          5942          5943          5944 
 5949          5951          5952          5953          5954 
 5955          5956          5957          5958          5959 
 5961          5962          5963          5964          5966 
 5967          5968          5970          5972          5973 
 5974          5975          5985          5988          5989 
 5990          5991          5992          5993          6001 
 6005          6008          6014          6015          6017 
 6019          6098          6099          6100          6101 
 6104          6106          6108          6110          6111
 
 NO METER NUMBERS LIST
 6112          6114          6115          6116          6117 
 6118          6136          6139          6174          6185 
 6186          6187          6190          6192          6210 
 6222          6226          6227          6257          6258 
 6259          6260          6261          6263          6265 
 6287          6302          6303          6311          6312 
 6313          6314          6315          6316          6320 
 6322          6332          6338          6374          6382 
 6416          6423          6435          6436          6437 
 6447          6448          6449          6454          6455 
 6456          6457          6458          6459          6460 
 6462          6463          6464          6468          6469 
 6470          6471          6472          6473          6474 
 6475          6478          6482          6483          6484 
 6486          6487          6488          6489          6490 
 6491          6492          6522          6523          6524 
 6525          6527          6528          6529          6542 
 6547          6579          6603          6604          6605 
 6606          6607          6609          6610          6612 
 6614          6616          6618          6619          6620 
 6621          6622          6624          6641          6642 
 6643          6644          6647          6648          6649 
 6650          6651          6652          6653          6655 
 6656          6657          6658          6659          6661 
 6662          6710          6711          6714          6718 
 6737          6738          6756          6757          6758 
 6759          6772          6773          6774          6775 
 6849          6950          6955          7018          7021 
 7025          7032          7034          7158          7159 
 7160          7161          7162          7165          7166 
 7167          7168          7169          7170          7171 
 7172          7173          7174          7175          7177 
 7204          7206          7207          7208          7209 
 7210          7211          7212          7213          7214 
 7215          7216          7217          7218          7219 
 7220          7221          7222          7223          7224 
 7225          7227          7550          7568          7596 
 7606          7642          7643          7670          7732 
 7801          7802          7808          7823          7888 
 7889          7911          7997          7998          7999 
 8000          8001          8002          8003          8004 
 8005          8035          8036          8037          8041 
 8042          8043          8045          8050          8052 
 8053          8054          8060          8068          8071 
 8072          8075          8081          8083          8089 
 8101          8112          8118          8122          8130 
 8137          8138          8140          8141          8142 
 8143          8144          8146          8147          8214
 
