CMDHCOM.LOG                Ver. 2.00        (C) Copyright Husky Computers Ltd. December 1993.
02/05/101 10:59:24  Receive UBCUSTTR.DAT 
02/05/101 10:59:37  ERROR: Receive - Communications Failure.
02/05/101 11:01:30  ERROR: Could not connect to handheld.
02/05/101 11:05:36  ERROR: Could not connect to handheld.
02/05/101 11:14:35  ERROR: Could not connect to handheld.
02/05/101 11:16:03  ERROR: Could not connect to handheld.
02/05/101 11:19:47  ERROR: Could not connect to handheld.
02/05/101 11:22:47  ERROR: Could not connect to handheld.
02/05/101 11:23:46  ERROR: Could not connect to handheld.
02/05/101 11:55:01  ERROR: Could not connect to handheld.
02/05/101 12:47:31  ERROR: Could not connect to handheld.
02/05/101 12:47:54  Receive UBCUSTTR.DAT 
02/05/101 12:50:08  Data transfer completed on handheld.
08/05/101 14:28:15  Transmit UBCUSTTR.DAT 
08/05/101 14:30:08  Data transfer completed on handheld.
21/05/101 14:15:37  Receive UBCUSTTR.DAT 
21/05/101 14:17:35  Data transfer completed on handheld.
21/05/101 14:24:51  Receive UBCUSTTR.DAT 
21/05/101 14:26:49  Data transfer completed on handheld.
25/05/101 10:25:16  Transmit UBCUSTTR.DAT 
25/05/101 10:27:26  Data transfer completed on handheld.
04/06/101 15:20:17  Receive UBCUSTTR.DAT 
04/06/101 15:22:32  Data transfer completed on handheld.
21/06/101 15:28:07  ERROR: Could not connect to handheld.
21/06/101 15:29:44  ERROR: Could not connect to handheld.
21/06/101 15:33:59  ERROR: Could not connect to handheld.
21/06/101 15:36:29  Transmit UBCUSTTR.DAT 
21/06/101 15:38:22  Data transfer completed on handheld.
25/06/101 14:06:48  Receive UBCUSTTR.DAT 
25/06/101 14:08:47  Data transfer completed on handheld.
25/06/101 14:14:07  Receive UBCUSTTR.DAT 
25/06/101 14:16:06  Data transfer completed on handheld.
25/06/101 14:21:50  ERROR: Could not connect to handheld.
25/06/101 14:22:16  Receive UBCUSTTR.DAT 
25/06/101 14:24:15  Data transfer completed on handheld.
26/06/101  5:55:28  Transmit UBCUSTTR.DAT 
26/06/101  5:57:37  Data transfer completed on handheld.
29/06/101  8:27:26  Receive UBCUSTTR.DAT 
29/06/101  8:29:41  Data transfer completed on handheld.
10/07/101 12:49:50  ERROR: Could not connect to handheld.
10/07/101 12:50:49  Transmit UBCUSTTR.DAT 
10/07/101 12:52:42  Data transfer completed on handheld.
17/07/101 16:41:56  Receive UBCUSTTR.DAT 
17/07/101 16:43:54  Data transfer completed on handheld.
19/07/101 16:37:05  Transmit UBCUSTTR.DAT 
19/07/101 16:37:25  Data transfer completed on handheld.
20/07/101  6:53:55  Transmit UBCUSTTR.DAT 
20/07/101  6:56:03  Data transfer completed on handheld.
24/07/101 15:47:47  Transmit UBCUSTTR.DAT 
24/07/101 15:48:07  Data transfer completed on handheld.
25/07/101  7:38:52  Transmit UBCUSTTR.DAT 
25/07/101  7:39:12  Data transfer completed on handheld.
25/07/101  7:42:30  Transmit UBCUSTTR.DAT 
25/07/101  7:42:50  Data transfer completed on handheld.
25/07/101  7:44:27  Transmit UBCUSTTR.DAT 
25/07/101  7:44:47  Data transfer completed on handheld.
25/07/101  7:45:43  ERROR: Could not connect to handheld.
25/07/101  7:46:18  Transmit UBCUSTTR.DAT 
25/07/101  7:46:38  Data transfer completed on handheld.
25/07/101  7:48:05  ERROR: Could not connect to handheld.
25/07/101  7:48:35  ERROR: Could not connect to handheld.
25/07/101  7:49:11  Transmit UBCUSTTR.DAT 
25/07/101  7:49:31  Data transfer completed on handheld.
25/07/101  7:52:55  Transmit UBCUSTTR.DAT 
25/07/101  7:53:11  Data transfer completed on handheld.
25/07/101  7:54:17  Transmit UBCUSTTR.DAT 
25/07/101  7:54:37  Data transfer completed on handheld.
25/07/101  8:42:11  Transmit UBCUSTTR.DAT 
25/07/101  8:44:19  Data transfer completed on handheld.
25/07/101  8:46:10  Transmit UBCUSTTR.DAT 
25/07/101  8:48:18  Data transfer completed on handheld.
03/08/101 13:22:57  ERROR: Could not connect to handheld.
03/08/101 13:23:40  Receive UBCUSTTR.DAT 
03/08/101 13:25:54  Data transfer completed on handheld.
10/08/101  9:56:29  Transmit UBCUSTTR.DAT 
10/08/101  9:58:22  Data transfer completed on handheld.
13/08/101 10:24:20  Transmit UBCUSTTR.DAT 
13/08/101 10:26:13  Data transfer completed on handheld.
20/08/101 10:36:07  Receive UBCUSTTR.DAT 
20/08/101 10:38:08  Data transfer completed on handheld.
24/08/101 15:57:54  Transmit UBCUSTTR.DAT 
24/08/101 16:00:04  Data transfer completed on handheld.
05/09/101 15:23:34  ERROR: Could not connect to handheld.
06/09/101 11:51:52  ERROR: Could not connect to handheld.
06/09/101 11:55:44  ERROR: Could not connect to handheld.
07/09/101  8:50:40  ERROR: Could not connect to handheld.
07/09/101  8:52:49  ERROR: Could not connect to handheld.
07/09/101  8:55:21  ERROR: Could not connect to handheld.
07/09/101  9:01:14  ERROR: Could not connect to handheld.
07/09/101  9:06:33  Receive UBCUSTTR.DAT 
07/09/101  9:07:31  ERROR: Receive - Communications Failure.
07/09/101  9:11:34  Receive UBCUSTTR.DAT 
07/09/101  9:12:54  ERROR: Receive - Communications Failure.
07/09/101 15:32:54  ERROR: Could not connect to handheld.
11/09/101 16:01:18  Transmit UBCUSTTR.DAT 
11/09/101 16:03:11  Data transfer completed on handheld.
19/09/101  8:36:17  Receive UBCUSTTR.DAT 
19/09/101  8:38:15  Data transfer completed on handheld.
27/09/101 10:07:47  ERROR: Could not connect to handheld.
27/09/101 10:14:20  ERROR: Could not connect to handheld.
27/09/101 10:15:31  ERROR: Could not connect to handheld.
27/09/101 10:16:45  ERROR: Could not connect to handheld.
27/09/101 10:17:48  ERROR: Could not connect to handheld.
27/09/101 10:19:40  Transmit UBCUSTTR.DAT 
27/09/101 10:21:50  Data transfer completed on handheld.
05/10/101 10:55:42  Receive UBCUSTTR.DAT 
05/10/101 10:57:58  Data transfer completed on handheld.
15/10/101  8:55:33  ERROR: Could not connect to handheld.
15/10/101  8:56:51  Transmit UBCUSTTR.DAT 
15/10/101  8:58:44  Data transfer completed on handheld.
19/10/101 16:40:49  Receive UBCUSTTR.DAT 
19/10/101 16:42:47  Data transfer completed on handheld.
29/10/101  7:03:47  Transmit UBCUSTTR.DAT 
29/10/101  7:05:58  Data transfer completed on handheld.
01/11/101 13:25:12  Receive UBCUSTTR.DAT 
01/11/101 13:27:28  Data transfer completed on handheld.
10/11/101  8:47:57  Transmit UBCUSTTR.DAT 
10/11/101  8:49:50  Data transfer completed on handheld.
16/11/101 15:07:52  Receive UBCUSTTR.DAT 
16/11/101 15:09:50  Data transfer completed on handheld.
21/11/101 15:08:06  ERROR: Could not connect to handheld.
21/11/101 15:11:15  ERROR: Could not connect to handheld.
21/11/101 15:15:47  ERROR: Could not connect to handheld.
21/11/101 15:22:19  ERROR: Could not connect to handheld.
21/11/101 15:29:59  ERROR: Could not connect to handheld.
21/11/101 15:39:11  ERROR: Could not connect to handheld.
21/11/101 16:08:45  ERROR: Could not connect to handheld.
21/11/101 16:13:46  ERROR: Could not connect to handheld.
21/11/101 16:17:12  ERROR: Could not connect to handheld.
21/11/101 16:20:31  ERROR: Could not connect to handheld.
21/11/101 16:23:52  ERROR: Could not connect to handheld.
21/11/101 16:32:14  ERROR: Could not connect to handheld.
21/11/101 16:38:37  Transmit UBCUSTTR.DAT 
21/11/101 16:40:47  Data transfer completed on handheld.
26/11/101  9:02:55  ERROR: Could not connect to handheld.
26/11/101  9:04:10  ERROR: Could not connect to handheld.
26/11/101  9:07:08  ERROR: Could not connect to handheld.
26/11/101  9:08:44  ERROR: Could not connect to handheld.
26/11/101  9:25:29  ERROR: Could not connect to handheld.
26/11/101  9:26:40  ERROR: Could not connect to handheld.
26/11/101  9:28:25  ERROR: Could not connect to handheld.
26/11/101  9:29:46  ERROR: Could not connect to handheld.
29/11/101 10:13:22  Transmit UBCUSTTR.DAT 
29/11/101 10:13:37  Data transfer completed on handheld.
29/11/101 10:25:12  Receive UBCUSTTR.DAT 
29/11/101 10:27:29  Data transfer completed on handheld.
10/12/101 16:23:22  Transmit UBCUSTTR.DAT 
10/12/101 16:25:16  Data transfer completed on handheld.
18/12/101 15:27:46  Receive UBCUSTTR.DAT 
18/12/101 15:29:45  Data transfer completed on handheld.
27/12/101  8:16:15  Transmit UBCUSTTR.DAT 
27/12/101  8:18:27  Data transfer completed on handheld.
07/01/102 15:32:00  Receive UBCUSTTR.DAT 
07/01/102 15:34:18  Data transfer completed on handheld.
14/01/102  8:32:51  Transmit UBCUSTTR.DAT 
14/01/102  8:34:45  Data transfer completed on handheld.
18/01/102 13:51:43  Receive UBCUSTTR.DAT 
18/01/102 13:53:42  Data transfer completed on handheld.
25/01/102 14:32:51  Transmit UBCUSTTR.DAT 
25/01/102 14:35:05  Data transfer completed on handheld.
07/02/102 14:28:14  Receive UBCUSTTR.DAT 
07/02/102 14:30:35  Data transfer completed on handheld.
