ANDERSON, DOROTHY G               
61-481-02     614810200
70-540-02     705400200
BUCHANAN, GRACE                   
61-481-02     614810200
GARLAND, DONNA R                 
61-481-02     614810200
65-485-02     654850200
GOUGE, SENA MAE                
61-481-02     614810200
BURSE, MELANIE W               
61-481-02     614810200
PHILLIPS, PAULINA B               
61-481-02     614810200
BROOKS, MELANIE K               
61-481-02     614810200
DUNCAN, DONNA K                 
61-481-02     614810200
HOYLE, PATRICIA C              
61-481-02     614810200
BARNETT, MARGARET                
61-481-02     614810200
FOX, GINA D                  
62-482-02     624820200
CRAIN, SUSAN A                 
62-482-02     624820200
PENLAND, BRENDA L                
62-482-02     624820200
PONDER, ELIZABETH               
62-482-02     624820200
HIGGINS, RENEE                   
62-482-02     624820200
WILSON, TRACIE H                
62-482-02     624820200
BRADFORD, LAURA D                 
62-482-02     624820200
HENSLEY, STACIE R                
62-482-02     624820200
WILLIAMS, DONNA                   
62-482-02     624820200
CANNON, SHEILA S                
63-483-02     634830200
RUPARD, DELLA C                 
63-483-02     634830200
WARD, WANDA L                 
63-483-02     634830200
EGGERS, FAY                     
63-483-02     634830200
BURLESON, JEANETTE T              
63-483-02     634830200
CLARK, KIM F                   
63-483-02     634830200
EGGERS, JUDY E                  
63-483-02     634830200
GUY, PAT W                   
63-483-02     634830200
LAWING, ELIZABETH A             
63-483-02     634830200
WINTERS, INA I                   
64-484-02     644840200
OXENDINE, PATRICIA                
64-484-02     644840200
TRICE, BILLIE LEE              
64-484-02     644840200
ARROWOOD, AMANDA C                
64-484-02     644840200
APPLEBY, CAREY D                 
64-484-02     644840200
GARLAND, JENNIFER M              
65-485-02     654850200
VICK, LYNN S                  
65-485-02     654850200
SMITH, JOAN G                  
65-485-02     654850200
BRADFORD, JENNIFER T              
65-485-02     654850200
70-540-02     705400200
ATKINS, GLENDA C                
65-485-02     654850200
WINTERS, MITZI L                 
65-485-02     654850200
PETERSON, SYLVIA                  
65-485-02     654850200
JARVIS, LESA P                  
66-486-02     664860200
SHEPHERD, JENNIFER L              
66-486-02     664860200
PETTY, BARBARA J               
66-486-02     664860200
70-540-02     705400200
TERCYAK, KIRBY D                 
66-486-02     664860200
ANDERS, KATHY L                 
66-486-02     664860200
DUNCAN, AMY K                   
66-486-02     664860200
AYALA, REBECCA J               
67-487-02     674870200
PRESNELL, ALICE                   
63-483-02     634830200
HARRIS, PAULA B                 
65-485-02     654850200
BROOKS, HELEN H                 
61-481-02     614810200
LEDFORD, CORDA B                 
61-481-02     614810200
CROUSE, TINA M                  
66-486-02     664860200
MCMILLAN, JESSICA J               
66-486-02     664860200
FARTHING, JULIE A                 
63-483-02     634830200
MABE, RHONDA                  
66-486-02     664860200
BALDWIN, ANGELA M                
66-486-02     664860200
CHURCH, KERRY A                 
66-486-02     664860200
BILLINGS, CARRIE L                
66-486-02     664860200
MIMBS, SUSAN M                 
66-486-02     664860200
BAILEY, LISA M                  
61-481-02     614810200
HUFF, SHEILA M                
66-486-02     664860200
BANKS, REBECCA                 
62-482-02     624820200
MABE, AMY H                   
66-486-02     664860200
MCINTOSH, CLAUDETTE H             
62-482-02     624820200
BURRIS, VIOLET L                
63-483-02     634830200
64-484-02     644840200
BUCHANAN, WENDY Y                 
65-485-02     654850200
CROUSE, TINA M                  
66-486-02     664860200
GENTRY, CRYSTAL A               
66-486-02     664860200
McMILLAN, JESSICA J               
66-486-02     664860200
NELSON, TAMMARA L               
64-484-02     644840200
FURNELL, BRENDA W                
65-485-02     654850200
WILLIAMSON, JENNIFER A              
63-483-02     634830200
MURDOCK, REGINA L                
70-540-02     705400200
COLVARD, LISA L                  
66-486-02     664860200
WILSON, GLENDA B                
62-482-02     624820200
HENSLEY, LORI G                  
62-482-02     624820200
BLACK, JACQUELENE W            
66-486-02     664860200
TOWNSEND, SHARON E                
66-486-02     664860200
PITMAN, LINDA H                 
65-485-02     654850200
MCKINNEY, ANNE K                  
65-485-02     654850200
NEWTON, AMY C                   
65-485-02     654850200
BANNER, LOU ANN                 
64-484-02     644840200
BALL, MELISSA C               
64-484-02     644840200
63-483-02     634830200
BAUER, MICHELLE C              
63-483-02     634830200
64-484-02     644840200
DALE, JANICE D                
62-482-02     624820200
BALES, TONYA M                 
64-484-02     644840200
63-483-02     634830200
GIPSON, JOANN G                 
64-484-02     644840200
63-483-02     634830200
NEWBERRY, TONIA M                 
61-481-02     614810200
SWANN, DOROTHY                 
66-486-02     664860200
COLVARD, EVELYN L                
66-486-02     664860200
LEWIS, MILLIE H                
62-482-02     624820200
ARMSTRONG, JOHN D                  
65-485-02     654850200
STREET, J DAWN                  
65-485-02     654850200
WALL, REBECCA M               
63-483-02     634830200
HOILMAN, MELISSA G               
61-481-02     614810200
JOHNSON, LISA MARIE              
64-484-02     644840200
BENFIELD, LORI J                  
64-484-02     644840200
SHEPPARD, JOANN B                 
64-484-02     644840200
RAMSEY, BARBARA A               
65-485-02     654850200
HIMMELBERG, SUSIE M                 
65-485-02     654850200
BARNETT, REBEKAH                 
61-481-02     614810200
INGRAM, ANGELIA H               
61-481-02     614810200
BALL, JENNIFER L              
62-482-02     624820200
BURLESON, EYVETTE                 
65-485-02     654850200
MC GRATH, TINA L                  
65-485-02     654850200
PITTMAN, APRIL                   
65-485-02     654850200
SLAGLE, RHONDA C                
65-485-02     654850200
61-481-02     614810200
64-484-02     644840200
62-482-02     624820200
TOWNSEND, TAMMY M                 
66-486-02     664860200
HENSLEY, AMANDA M                
62-482-02     624820200
COSTNER, LANA G                  
63-483-02     634830200
64-484-02     644840200
STAAB, LINDA                   
63-483-02     634830200
OXENDINE, MISTY R                 
64-484-02     644840200
ANDREWS, DOROTHY                 
64-484-02     644840200
CREECH, SUSAN K                 
64-484-02     644840200
63-483-02     634830200
PATTERSON, LISA R                  
64-484-02     644840200
TUCKER, LINDA R                 
64-848-02     648480200
PEIRCE, CHASIDIE L              
64-484-02     644840200
MCMAHAN, MELANIE D               
61-481-02     614810200
HOWARD, BEVERLY                 
63-483-02     634830200
HUGHES, SHELLY                  
64-484-02     644840200
63-483-02     634830200
MOODY, WENDY M                 
64-484-02     644840200
63-483-02     634830200
LINEBERRY, AMY R                   
66-486-02     664860200
SHEHAN, SHEILA J                
61-481-02     614810200
HUGHES, GLENDA M                
62-482-02     624820200
EGGERS, KIMBERLEY R             
63-483-02     634830200
AMMONS, CATHY W                 
61-481-02     614810200
HUGHES, GINGER ANN              
61-481-02     614810200
EDWARDS, PAULA D                 
65-485-02     654850200
HUGHES, GINGER A                
61-481-02     614810200
EDWARDS, PAULA D                 
65-485-02     654850200
HUGHES, GINGER A                
61-481-02     614810200
EDWARDS, P. DIANE                
62-482-02     624820200
DUNCAN, AMY K                   
66-486-02     664860200
JOINES, TINA E                  
66-486-02     664860200
CLARK, TERESA L                
64-484-02     644840200
GREENE, TAMMY R                 
61-481-02     614810200
WRIGHT, SHERRY C                
63-483-02     634830200
64-484-02     644840200
PITTMAN, LEIGH ANN               
65-485-02     654850200
WARREN, FAITH B                 
65-485-02     654850200
MC COURRY, ANNA M                  
61-481-02     614810200
PETERSON, TERESA D                
61-481-02     614810200
EVANS, FAYE C                  
66-486-02     664860200
TIPTON, DEBORAH A               
62-482-02     624820200
THOMAS, WENDY J                 
64-484-02     644840200
GRINDSTAFF, TRACI L                 
63-483-02     634830200
64-484-02     644840200
MC GUIRE, CARRIE L                
63-483-02     634830200
GWYN, WANDA H                 
63-483-02     634830200
64-484-02     644840200
WINTERS, MARQUITA Y              
63-483-02     634830200
64-484-02     644840200
MC KINNEY, A KATHLEEN              
65-485-02     654850200
COOKE, LISA B                  
65-485-02     654850200
HENSLEY, LORI G                  
62-482-02     624820200
HICKS, ALICIA D                
64-484-02     644840200
63-483-02     634830200
FREEMAN, CORRIE A                
61-481-02     614810200
65-485-02     654850200
OSBORNE, AMANDA M                
66-486-02     664860200
SPURLIN, KIMBERLIE L             
66-486-02     664860200
HASH, WANDA E                 
66-486-02     664860200
CHURCH, WAYNETTE W              
66-486-02     664860200
MATHIS, REBA F                  
62-482-02     624820200
HOUSLEY, LISA S                  
61-481-02     614810200
PITTMAN, EDNA D                  
65-485-02     654850200
61-481-02     614810200
CORNETT, CYNTHIA R               
66-486-02     664860200
CROWE, SANDRA K                
66-486-02     664860200
SIMONS, DEBBIE C                
66-486-02     664860200
SPARKS, JEAN C                  
66-486-02     664860200
BENFIELD, LINDA K                 
64-484-02     644840200
63-483-02     634830200
SMITH, LINDA A                 
66-486-02     664860200
BREWER, BETH ANNE               
61-481-02     614810200
WISE, STEPHANIE A             
61-481-02     614810200
SIMMONS, PAULA R                 
62-482-02     624820200
PUCKETT, ANGELA K                
64-484-02     644840200
STREET, J DAWN                  
65-485-02     654850200
61-481-02     614810200
BUCHANAN, NIKKI A                 
65-485-02     654850200
HOWELL, KENDRA D                
66-486-02     664860200
WILLARD, REBECCA H               
66-486-02     664860200
HAMRICK, SHANA M                 
66-486-02     664860200
BRANDL, DARLENE J               
61-481-02     614810200
SHEPPARD, SARAH D                 
63-483-02     634830200
BILLINGS, CARRIE L                
66-486-02     664860200
BILLINGS, OCTAVIA J               
66-486-02     664860200
HALL, KIMBERLY L              
66-486-02     664860200
MURTUZA, SYEDA H                 
66-486-02     664860200
PERRY, MELISSA L               
66-486-02     664860200
LEWIS, HEATHER M               
62-482-02     624820200
BARE, SHARON R                
66-486-02     664860200
MILLER, ELAINE T                
66-486-02     664860200
ATKINS, JANNIE E                
64-484-02     644840200
HODGE, TERESA A                
66-486-02     664860200
LAFFERTY, TAMMY L                 
66-486-02     664860200
YOUNG, KIMBERLY M              
66-486-02     664860200
HALL, KIMBERLY L              
66-486-02     664860200
SINGLETON, JACQUELINE E            
65-485-02     654850200
RAY, SHANNA L                
62-482-02     624820200
VANCE, TRAVIS N                
63-483-02     634830200
FINLEY, DEBBIE H                
65-485-02     654850200
SMITH, WANDA K                 
65-485-02     654850200
61-481-02     614810200
FOX, CHASTITY A              
61-481-02     614810200
TOKAS, MICHELLE K              
61-481-02     614810200
