Post to General Ledger initiated on 10-31-2005 @ 10:57:29
No Posting Errors. Posted Transaction Count: 153
Debits Posted  :   131,008.62
Credits Posted :   131,008.62
------------------------------------------------------------------------------
Post to General Ledger initiated on 07-27-2006 @ 08:56:30
No Posting Errors. Posted Transaction Count:  28
Debits Posted  :     3,790.86
Credits Posted :     3,790.86
------------------------------------------------------------------------------
Post to General Ledger initiated on 07-27-2006 @ 08:59:27
No Posting Errors. Posted Transaction Count:  28
Debits Posted  :     3,790.86
Credits Posted :     3,790.86
------------------------------------------------------------------------------

Removed transactions procedure started @ 01-17-2007 09:31:04
10-570-0900 01-08-07                      0         200                AP010807 
10-201-0000 01-08-07                      200       0                  AP010807 

Transactions removed:  2 
Total Debits removed:  200
Total Credits removed:  200


Removed transactions procedure started @ 01-17-2007 09:32:07
10-570-0900 01-08-07                      0         200                AP010807 
10-201-0000 01-08-07                      200       0                  AP010807 

Transactions removed:  2 
Total Debits removed:  200
Total Credits removed:  200


Removed transactions procedure started @ 01-17-2007 09:33:14
10-570-0900 01-08-07                      0         200                AP010807 
10-201-0000 01-08-07                      200       0                  AP010807 

Transactions removed:  2 
Total Debits removed:  200
Total Credits removed:  200

