Line 21: Class fpBtnAtlLibCtl.fpBtn of control cmdReset was not a loaded control class.
Line 59: Class fpBtnAtlLibCtl.fpBtn of control cmdDisclaimer was not a loaded control class.
Line 96: Class EditLib.fpCurrency of control fpcurrBox17d was not a loaded control class.
Line 195: Class EditLib.fpCurrency of control fpcurrBox12 was not a loaded control class.
Line 294: Class EditLib.fpText of control fptxtSigner was not a loaded control class.
Line 387: Class EditLib.fpMask of control fptxtZip was not a loaded control class.
Line 480: Class fpBtnAtlLibCtl.fpBtn of control cmdExit was not a loaded control class.
Line 517: Class fpBtnAtlLibCtl.fpBtn of control cmdHelp was not a loaded control class.
Line 554: Class fpBtnAtlLibCtl.fpBtn of control cmdPrint was not a loaded control class.
Line 591: Class EditLib.fpText of control fptxtEmpName was not a loaded control class.
Line 684: Class EditLib.fpText of control fptxtAdd1 was not a loaded control class.
Line 777: Class EditLib.fpText of control fptxtAdd2 was not a loaded control class.
Line 870: Class EditLib.fpText of control fptxtCity was not a loaded control class.
Line 963: Class EditLib.fpText of control fptxtState was not a loaded control class.
Line 1056: Class EditLib.fpText of control fptxtNumOfEmps was not a loaded control class.
Line 1149: Class EditLib.fpCurrency of control fpcurrBox2 was not a loaded control class.
Line 1248: Class EditLib.fpCurrency of control fpcurrBox3 was not a loaded control class.
Line 1347: Class EditLib.fpCurrency of control fpcurrBox4 was not a loaded control class.
Line 1446: Class EditLib.fpCurrency of control fpcurrBox5 was not a loaded control class.
Line 1545: Class EditLib.fpCurrency of control fpcurrBox6a was not a loaded control class.
Line 1644: Class EditLib.fpCurrency of control fpcurrBox6b was not a loaded control class.
Line 1743: Class EditLib.fpCurrency of control fpcurrBox6c was not a loaded control class.
Line 1842: Class EditLib.fpCurrency of control fpcurrBox6d was not a loaded control class.
Line 1941: Class EditLib.fpCurrency of control fpcurrBox7a was not a loaded control class.
Line 2040: Class EditLib.fpCurrency of control fpcurrBox7b was not a loaded control class.
Line 2139: Class EditLib.fpCurrency of control fpcurrBox8 was not a loaded control class.
Line 2238: Class EditLib.fpText of control fptxtEmpIDNum was not a loaded control class.
Line 2331: Class EditLib.fpText of control fptxtTradeName was not a loaded control class.
Line 2424: Class EditLib.fpDateTime of control fptxtQtrEnd was not a loaded control class.
Line 2532: Class EditLib.fpCurrency of control fpcurrSickPay was not a loaded control class.
Line 2631: Class EditLib.fpCurrency of control fpcurrFracCents was not a loaded control class.
Line 2730: Class EditLib.fpCurrency of control fpcurrOther was not a loaded control class.
Line 2829: Class EditLib.fpCurrency of control fpcurrBox10 was not a loaded control class.
Line 2928: Class EditLib.fpCurrency of control fpcurrBox11 was not a loaded control class.
Line 3027: Class EditLib.fpCurrency of control fpcurrBox14 was not a loaded control class.
Line 3126: Class EditLib.fpCurrency of control fpcurrBox13 was not a loaded control class.
Line 3225: Class EditLib.fpCurrency of control fpcurrLine16 was not a loaded control class.
Line 3324: Class EditLib.fpCurrency of control fpcurrBox15 was not a loaded control class.
Line 3423: Class EditLib.fpCurrency of control fpcurrBox17a was not a loaded control class.
Line 3522: Class EditLib.fpCurrency of control fpcurrBox17b was not a loaded control class.
Line 3621: Class EditLib.fpCurrency of control fpcurrBox17c was not a loaded control class.
Line 3720: Class EditLib.fpText of control fptxtTitle was not a loaded control class.
Line 3813: Class EditLib.fpCurrency of control fpcurrBox9 was not a loaded control class.
Line 3912: Class fpBtnAtlLibCtl.fpBln of control btnHelp was not a loaded control class.
Line 3987: Class fpBtnAtlLibCtl.fpBtn of control cmdCalc was not a loaded control class.
