Line 31: Class TabproLib.vaTabPro of control vaTabPro1 was not a loaded control class.
Line 86: Class LpLib.fpCombo of control fpcmbAgentCode was not a loaded control class.
Line 205: Class LpLib.fpCombo of control fpcmbTermBusInd was not a loaded control class.
Line 324: Class LpLib.fpCombo of control fpcmbEmprState was not a loaded control class.
Line 443: Class LpLib.fpCombo of control fpcmb3rdSckPay was not a loaded control class.
Line 562: Class EditLib.fpText of control fptxtEmprAgtEIN was not a loaded control class.
Line 655: Class EditLib.fpDateTime of control fptxtTaxYear was not a loaded control class.
Line 763: Class EditLib.fpText of control fptxtAgent4EIN was not a loaded control class.
Line 856: Class EditLib.fpText of control fptxtOtherEIN was not a loaded control class.
Line 949: Class EditLib.fpText of control fptxtEmployerName was not a loaded control class.
Line 1042: Class EditLib.fpText of control fptxtEmprAdd1 was not a loaded control class.
Line 1135: Class EditLib.fpText of control fptxtEmprAdd2 was not a loaded control class.
Line 1228: Class EditLib.fpText of control fptxtEmprCity was not a loaded control class.
Line 1321: Class EditLib.fpText of control fptxtEmprZip was not a loaded control class.
Line 1414: Class EditLib.fpText of control fptxtEmprZipX was not a loaded control class.
Line 1777: Class LpLib.fpCombo of control fpcmbSubState was not a loaded control class.
Line 1896: Class LpLib.fpCombo of control fpcmbState was not a loaded control class.
Line 2015: Class LpLib.fpCombo of control fpcmbPrefMeth was not a loaded control class.
Line 2134: Class LpLib.fpCombo of control fpcmbPrepCode was not a loaded control class.
Line 2253: Class LpLib.fpCombo of control fpcmbResub was not a loaded control class.
Line 2372: Class EditLib.fpText of control fptxtSubAdd2 was not a loaded control class.
Line 2465: Class EditLib.fpText of control fptxtEmpEIN was not a loaded control class.
Line 2558: Class EditLib.fpText of control fptxtPinNum was not a loaded control class.
Line 2651: Class EditLib.fpText of control fptxtTownName was not a loaded control class.
Line 2744: Class EditLib.fpText of control fptxtAdd2 was not a loaded control class.
Line 2837: Class EditLib.fpText of control fptxtAdd1 was not a loaded control class.
Line 2930: Class EditLib.fpText of control fptxtCity was not a loaded control class.
Line 3023: Class EditLib.fpText of control fptxtZip was not a loaded control class.
Line 3116: Class EditLib.fpText of control fptxtZipX was not a loaded control class.
Line 3209: Class EditLib.fpText of control fptxtSubmitterName was not a loaded control class.
Line 3302: Class EditLib.fpText of control fptxtSubAdd1 was not a loaded control class.
Line 3395: Class EditLib.fpText of control fptxtSubCity was not a loaded control class.
Line 3488: Class EditLib.fpText of control fptxtSubZip was not a loaded control class.
Line 3581: Class EditLib.fpText of control fptxtSubZipX was not a loaded control class.
Line 3674: Class EditLib.fpText of control fptxtCntctName was not a loaded control class.
Line 3767: Class EditLib.fpMask of control fptxtPhone was not a loaded control class.
Line 3860: Class EditLib.fpText of control fptxtPhoneX was not a loaded control class.
Line 3953: Class EditLib.fpText of control fptxtCntctEMail was not a loaded control class.
Line 4046: Class EditLib.fpMask of control fptxtCntctFax was not a loaded control class.
Line 4139: Class EditLib.fpText of control fptxtResubWFID was not a loaded control class.
Line 4708: Class fpBtnAtlLibCtl.fpBtn of control cmdSave was not a loaded control class.
Line 4744: Class fpBtnAtlLibCtl.fpBtn of control cmdExit was not a loaded control class.
