Line 32: Class fpBtnAtlLibCtl.fpBtn of control cmdCancel was not a loaded control class.
Line 40: The property name _Version in cmdCancel is invalid.
Line 41: The property name _ExtentX in cmdCancel is invalid.
Line 42: The property name _ExtentY in cmdCancel is invalid.
Line 45: The property name Object.TabStop in cmdCancel is invalid.
Line 46: The property name GrayAreaColor in cmdCancel is invalid.
Line 47: The property name BorderShowDefault in cmdCancel is invalid.
Line 48: The property name ButtonType in cmdCancel is invalid.
Line 49: The property name NoPointerFocus in cmdCancel is invalid.
Line 50: The property name Value in cmdCancel is invalid.
Line 51: The property name GroupID in cmdCancel is invalid.
Line 52: The property name GroupSelect in cmdCancel is invalid.
Line 53: The property name DrawFocusRect in cmdCancel is invalid.
Line 54: The property name DrawFocusRectCell in cmdCancel is invalid.
Line 55: The property name GrayAreaPictureStyle in cmdCancel is invalid.
Line 56: The property name Static in cmdCancel is invalid.
Line 57: The property name BackStyle in cmdCancel is invalid.
Line 59: The property name AutoSizeOffsetTop in cmdCancel is invalid.
Line 60: The property name AutoSizeOffsetBottom in cmdCancel is invalid.
Line 61: The property name AutoSizeOffsetLeft in cmdCancel is invalid.
Line 62: The property name AutoSizeOffsetRight in cmdCancel is invalid.
Line 63: The property name DropShadowOffsetX in cmdCancel is invalid.
Line 64: The property name DropShadowOffsetY in cmdCancel is invalid.
Line 65: The property name DropShadowType in cmdCancel is invalid.
Line 66: The property name DropShadowColor in cmdCancel is invalid.
Line 67: The property name Redraw in cmdCancel is invalid.
Line 68: The property name ButtonDesigner in cmdCancel is invalid.
Line 40: The property name _Version in cmdCancel is invalid.
Line 41: The property name _ExtentX in cmdCancel is invalid.
Line 42: The property name _ExtentY in cmdCancel is invalid.
Line 45: The property name Object.TabStop in cmdCancel is invalid.
Line 46: The property name GrayAreaColor in cmdCancel is invalid.
Line 47: The property name BorderShowDefault in cmdCancel is invalid.
Line 48: The property name ButtonType in cmdCancel is invalid.
Line 49: The property name NoPointerFocus in cmdCancel is invalid.
Line 50: The property name Value in cmdCancel is invalid.
Line 51: The property name GroupID in cmdCancel is invalid.
Line 52: The property name GroupSelect in cmdCancel is invalid.
Line 53: The property name DrawFocusRect in cmdCancel is invalid.
Line 54: The property name DrawFocusRectCell in cmdCancel is invalid.
Line 55: The property name GrayAreaPictureStyle in cmdCancel is invalid.
Line 56: The property name Static in cmdCancel is invalid.
Line 57: The property name BackStyle in cmdCancel is invalid.
Line 59: The property name AutoSizeOffsetTop in cmdCancel is invalid.
Line 60: The property name AutoSizeOffsetBottom in cmdCancel is invalid.
Line 61: The property name AutoSizeOffsetLeft in cmdCancel is invalid.
Line 62: The property name AutoSizeOffsetRight in cmdCancel is invalid.
Line 63: The property name DropShadowOffsetX in cmdCancel is invalid.
Line 64: The property name DropShadowOffsetY in cmdCancel is invalid.
Line 65: The property name DropShadowType in cmdCancel is invalid.
Line 66: The property name DropShadowColor in cmdCancel is invalid.
Line 67: The property name Redraw in cmdCancel is invalid.
Line 68: The property name ButtonDesigner in cmdCancel is invalid.
Line 40: The property name _Version in cmdCancel is invalid.
Line 41: The property name _ExtentX in cmdCancel is invalid.
Line 42: The property name _ExtentY in cmdCancel is invalid.
Line 45: The property name Object.TabStop in cmdCancel is invalid.
Line 46: The property name GrayAreaColor in cmdCancel is invalid.
Line 47: The property name BorderShowDefault in cmdCancel is invalid.
Line 48: The property name ButtonType in cmdCancel is invalid.
Line 49: The property name NoPointerFocus in cmdCancel is invalid.
Line 50: The property name Value in cmdCancel is invalid.
Line 51: The property name GroupID in cmdCancel is invalid.
Line 52: The property name GroupSelect in cmdCancel is invalid.
Line 53: The property name DrawFocusRect in cmdCancel is invalid.
Line 54: The property name DrawFocusRectCell in cmdCancel is invalid.
Line 55: The property name GrayAreaPictureStyle in cmdCancel is invalid.
Line 56: The property name Static in cmdCancel is invalid.
Line 57: The property name BackStyle in cmdCancel is invalid.
Line 59: The property name AutoSizeOffsetTop in cmdCancel is invalid.
Line 60: The property name AutoSizeOffsetBottom in cmdCancel is invalid.
Line 61: The property name AutoSizeOffsetLeft in cmdCancel is invalid.
Line 62: The property name AutoSizeOffsetRight in cmdCancel is invalid.
Line 63: The property name DropShadowOffsetX in cmdCancel is invalid.
Line 64: The property name DropShadowOffsetY in cmdCancel is invalid.
Line 65: The property name DropShadowType in cmdCancel is invalid.
Line 66: The property name DropShadowColor in cmdCancel is invalid.
Line 67: The property name Redraw in cmdCancel is invalid.
Line 68: The property name ButtonDesigner in cmdCancel is invalid.
