1.57|08/13/2008|2008|1|C|1.37|.00|.00|.45|.00|.10|.00|.00|.00|.00|.00|.00|1.02|.00|.00|.00|.00|.00|.00|.00|.00|.00|.00|.00|.00|.00|.00|.00|M Tax Bill #2796|4|50020429|0|0|    .00|9|2796|MP|
1.67|08/17/2007|2007|1|C|1.47|.00|.00|.55|.00|.10|.00|.00|.00|.00|.00|.00|1.02|.00|.00|.00|.00|.00|.00|.00|.00|.00|.00|.00|.00|.00|.00|.00|M Tax Bill #2443|4|50020429|0|0|    .00|9|2443|MP|
1.37|09/08/2010|2010|1|C|1.12|.00|.00|.25|.00|.10|.00|.00|.00|.00|.00|.00|1.02|.00|.00|.00|.00|.00|.00|.00|.00|.00|.00|.00|.00|.00|.00|.00|Tax Bill # 3404|4|50020429||0|    .00|8|3404|MP|
1.49|09/19/2009|2009|1|C|1.12|.00|.00|.37|.00|.10|.00|.00|.00|.00|.00|.00|1.02|.00|.00|.00|.00|.00|.00|.00|.00|.00|.00|.00|.00|.00|.00|.00|Tax Bill # 2979|4|478||0|    .00|8|2979|MP|
203.75|08/13/2008|2008|1|C|181.65|.00|.00|55.16|.00|13.51|.00|.00|.00|.00|.00|.00|135.08|.00|.00|.00|.00|.00|.00|.00|.00|.00|.00|.00|.00|.00|.00|.00|M Tax Bill #4598|29|50058390|0|0|    .00|9|4598|MP|
188.91|08/17/2007|2007|1|C|169.60|.00|.00|59.69|.00|11.75|.00|.00|.00|.00|.00|.00|117.47|.00|.00|.00|.00|.00|.00|.00|.00|.00|.00|.00|.00|.00|.00|.00|M Tax Bill #4174|29|50058390|0|0|    .00|9|4174|MP|
174.49|07/31/2006|2006|1|C|157.57|.00|.00|62.14|.00|10.21|.00|.00|.00|.00|.00|.00|102.14|.00|.00|.00|.00|.00|.00|.00|.00|.00|.00|.00|.00|.00|.00|.00|M Tax Bill #3334|29|50058390|0|0|    .00|9|3334|MP|
234.11|09/08/2010|2010|1|C|196.50|.00|.00|37.61|.00|17.86|.00|.00|.00|.00|.00|.00|178.64|.00|.00|.00|.00|.00|.00|.00|.00|.00|.00|.00|.00|.00|.00|.00|Tax Bill # 4794|29|50058390||0|    .00|8|4794|MP|
219.34|09/19/2009|2009|1|C|170.89|.00|.00|48.45|.00|15.54|.00|.00|.00|.00|.00|.00|155.35|.00|.00|.00|.00|.00|.00|.00|.00|.00|.00|.00|.00|.00|.00|.00|Tax Bill # 4765|29|69||0|    .00|8|4765|MP|
444.12|09/19/2009|2009|1|C|346.43|.00|.00|97.69|.00|31.49|.00|.00|.00|.00|.00|.00|314.94|.00|.00|.00|.00|.00|.00|.00|.00|.00|.00|.00|.00|.00|.00|.00|Tax Bill # 2913|30|39||0|    .00|8|2913|MP|
4.11|09/08/2010|2010|1|C|30.82|.00|.00|4.11|3.84|.00|.00|.00|.00|.00|.00|.00|30.82|26.98|.00|.00|.00|.00|.00|.00|.00|.00|.00|.00|.00|.00|.00|.00|Tax Bill # 1135|40|50065057||0|    .00|8|1135|MP|
5.79|09/08/2010|2010|1|C|4.77|.00|.00|1.02|.00|.00|.00|.00|.00|.00|.00|.00|4.77|.00|.00|.00|.00|.00|.00|.00|.00|.00|.00|.00|.00|.00|.00|.00|Tax Bill # 1439|46|50065702||0|    .00|8|1439|MP|
.18|09/08/2010|2010|1|C|24.64|.00|.00|1.75|1.75|.00|.00|.00|.00|.00|.00|.00|24.64|24.46|.00|.00|.00|.00|.00|.00|.00|.00|.00|.00|.00|.00|.00|.00|Tax Bill # 1831|55|50068198||0|    .00|8|1831|MP|
1.10|09/08/2010|2010|1|C|.85|.00|.00|.25|.00|.00|.00|.00|.00|.00|.00|.00|.85|.00|.00|.00|.00|.00|.00|.00|.00|.00|.00|.00|.00|.00|.00|.00|Tax Bill # 2548|61|50068810||0|    .00|8|2548|MP|
96.74|08/13/2008|2008|1|C|86.19|.00|.00|26.24|.00|6.41|.00|.00|.00|.00|.00|.00|64.09|.00|.00|.00|.00|.00|.00|.00|.00|.00|.00|.00|.00|.00|.00|.00|M Tax Bill #2713|81|50070843|0|0|    .00|9|2713|MP|
89.62|08/17/2007|2007|1|C|80.46|.00|.00|28.32|.00|5.57|.00|.00|.00|.00|.00|.00|55.73|.00|.00|.00|.00|.00|.00|.00|.00|.00|.00|.00|.00|.00|.00|.00|M Tax Bill #2367|81|50070843|0|0|    .00|9|2367|MP|
111.15|09/08/2010|2010|1|C|93.24|.00|.00|17.91|.00|8.48|.00|.00|.00|.00|.00|.00|84.76|.00|.00|.00|.00|.00|.00|.00|.00|.00|.00|.00|.00|.00|.00|.00|Tax Bill # 3290|81|50070843||0|    .00|8|3290|MP|
103.99|09/19/2009|2009|1|C|81.08|.00|.00|22.91|.00|7.37|.00|.00|.00|.00|.00|.00|73.71|.00|.00|.00|.00|.00|.00|.00|.00|.00|.00|.00|.00|.00|.00|.00|Tax Bill # 2886|81|140||0|    .00|8|2886|MP|
450.84|08/13/2008|2008|1|C|401.64|.00|.00|122.30|.00|.00|.00|.00|.00|.00|.00|.00|328.54|.00|.00|.00|.00|.00|.00|.00|.00|.00|.00|.00|.00|.00|.00|.00|M Tax Bill #567|88|50072427|0|0|    .00|9|567|MP|
471.35|09/08/2010|2010|1|C|395.40|.00|.00|75.95|.00|35.95|.00|.00|.00|.00|.00|.00|359.45|.00|.00|.00|.00|.00|.00|.00|.00|.00|.00|.00|.00|.00|.00|.00|Tax Bill # 1020|88|50072427||0|    .00|8|1020|MP|
400.71|09/19/2009|2009|1|C|312.56|.00|.00|88.15|.00|.00|.00|.00|.00|.00|.00|.00|312.56|.00|.00|.00|.00|.00|.00|.00|.00|.00|.00|.00|.00|.00|.00|.00|Tax Bill # 633|88|40||0|    .00|8|633|MP|
.53|09/10/2007|2007|1|C|92.15|.00|.00|22.91|22.91|11.70|11.70|.00|.00|.00|.00|.00|58.51|57.98|.00|.00|.00|.00|.00|.00|.00|.00|.00|.00|.00|.00|.00|.00|M Tax Bill #120|97|50074304|0|0|    .00|9|120|MP|
.35|09/08/2010|2010|1|C|.34|.00|.00|.01|.00|.00|.00|.00|.00|.00|.00|.00|.34|.00|.00|.00|.00|.00|.00|.00|.00|.00|.00|.00|.00|.00|.00|.00|Tax Bill # 678|102|50075666||0|    .00|8|678|MP|
2.54|09/08/2010|2010|1|C|2.04|.00|.00|.50|.00|.00|.00|.00|.00|.00|.00|.00|2.04|.00|.00|.00|.00|.00|.00|.00|.00|.00|.00|.00|.00|.00|.00|.00|Tax Bill # 3721|124|50078974||0|    .00|8|3721|MP|
2.77|09/08/2010|2010|1|C|2.26|.00|.00|.51|.00|.00|.00|.00|.00|.00|.00|.00|2.26|.00|.00|.00|.00|.00|.00|.00|.00|.00|.00|.00|.00|.00|.00|.00|Tax Bill # 3586|125|50079114||0|    .00|8|3586|MP|
8.67|08/13/2008|2008|1|C|7.87|.00|.00|2.23|.00|.59|.00|.00|.00|.00|.00|.00|5.85|.00|.00|.00|.00|.00|.00|.00|.00|.00|.00|.00|.00|.00|.00|.00|M Tax Bill #2480|138|50081884|0|0|    .00|9|2480|MP|
10.23|08/17/2007|2007|1|C|9.23|.00|.00|3.20|.00|.64|.00|.00|.00|.00|.00|.00|6.39|.00|.00|.00|.00|.00|.00|.00|.00|.00|.00|.00|.00|.00|.00|.00|M Tax Bill #2200|138|50081884|0|0|    .00|9|2200|MP|
11.69|07/31/2006|2006|1|C|10.49|.00|.00|4.21|.00|.00|.00|.00|.00|.00|.00|.00|7.48|.00|.00|.00|.00|.00|.00|.00|.00|.00|.00|.00|.00|.00|.00|.00|M Tax Bill #1887|138|50081884|0|0|    .00|9|1887|MP|
6.56|09/08/2010|2010|1|C|5.53|.00|.00|1.03|.00|.50|.00|.00|.00|.00|.00|.00|5.03|.00|.00|.00|.00|.00|.00|.00|.00|.00|.00|.00|.00|.00|.00|.00|Tax Bill # 3067|138|50081884||0|    .00|8|3067|MP|
7.43|09/19/2009|2009|1|C|5.91|.00|.00|1.52|.00|.54|.00|.00|.00|.00|.00|.00|5.37|.00|.00|.00|.00|.00|.00|.00|.00|.00|.00|.00|.00|.00|.00|.00|Tax Bill # 2662|138|389||0|    .00|8|2662|MP|
5.86|08/13/2008|2008|1|C|5.26|.00|.00|1.56|.00|.39|.00|.00|.00|.00|.00|.00|3.91|.00|.00|.00|.00|.00|.00|.00|.00|.00|.00|.00|.00|.00|.00|.00|M Tax Bill #2433|144|50083774|0|0|    .00|9|2433|MP|
5.51|08/17/2007|2007|1|C|4.91|.00|.00|1.77|.00|.34|.00|.00|.00|.00|.00|.00|3.40|.00|.00|.00|.00|.00|.00|.00|.00|.00|.00|.00|.00|.00|.00|.00|M Tax Bill #2165|144|50083774|0|0|    .00|9|2165|MP|
6.72|09/08/2010|2010|1|C|5.69|.00|.00|1.03|.00|.52|.00|.00|.00|.00|.00|.00|5.17|.00|.00|.00|.00|.00|.00|.00|.00|.00|.00|.00|.00|.00|.00|.00|Tax Bill # 3007|144|50083774||0|    .00|8|3007|MP|
6.09|09/19/2009|2009|1|C|4.94|.00|.00|1.15|.00|.45|.00|.00|.00|.00|.00|.00|4.49|.00|.00|.00|.00|.00|.00|.00|.00|.00|.00|.00|.00|.00|.00|.00|Tax Bill # 2608|144|406||0|    .00|8|2608|MP|
.05|09/08/2010|2010|1|C|1.12|.00|.00|.16|.16|.10|.10|.00|.00|.00|.00|.00|1.02|.97|.00|.00|.00|.00|.00|.00|.00|.00|.00|.00|.00|.00|.00|.00|Tax Bill # 2618|192|50090103||0|    .00|8|2618|MP|
8.08|09/19/2009|2009|1|C|6.55|.00|.00|1.53|.00|.60|.00|.00|.00|.00|.00|.00|5.95|.00|.00|.00|.00|.00|.00|.00|.00|.00|.00|.00|.00|.00|.00|.00|Tax Bill # 9|199|380||0|    .00|8|9|MP|
1.36|09/08/2010|2010|1|C|1.11|.00|.00|.25|.00|.00|.00|.00|.00|.00|.00|.00|1.11|.00|.00|.00|.00|.00|.00|.00|.00|.00|.00|.00|.00|.00|.00|.00|Tax Bill # 3642|203|50090825||0|    .00|8|3642|MP|
78.60|08/17/2007|2007|1|C|70.44|.00|.00|24.93|.00|4.88|.00|.00|.00|.00|.00|.00|48.79|.00|.00|.00|.00|.00|.00|.00|.00|.00|.00|.00|.00|.00|.00|.00|M Tax Bill #296|205|50090883|0|0|    .00|9|296|MP|
83.43|07/31/2006|2006|1|C|75.27|.00|.00|29.76|.00|4.88|.00|.00|.00|.00|.00|.00|48.79|.00|.00|.00|.00|.00|.00|.00|.00|.00|.00|.00|.00|.00|.00|.00|M Tax Bill #268|205|50090883|0|0|    .00|9|268|MP|
80.22|09/10/2005|2005|1|C|72.82|.00|.00|31.43|.00|.00|.00|.00|.00|.00|.00|.00|48.79|.00|.00|.00|.00|.00|.00|.00|.00|.00|.00|.00|.00|.00|.00|.00|M Tax Bill #259|205|50090883|0|0|    .00|9|259|MP|
60.06|09/08/2010|2010|1|C|50.57|.00|.00|9.49|.00|4.60|.00|.00|.00|.00|.00|.00|45.97|.00|.00|.00|.00|.00|.00|.00|.00|.00|.00|.00|.00|.00|.00|.00|Tax Bill # 781|205|50090883||0|    .00|8|781|MP|
5.73|08/17/2007|2007|1|C|5.13|.00|.00|1.82|.00|.00|.00|.00|.00|.00|.00|.00|3.91|.00|.00|.00|.00|.00|.00|.00|.00|.00|.00|.00|.00|.00|.00|.00|M Tax Bill #4023|212|50091347|0|0|    .00|9|4023|MP|
23.35|09/10/2005|2005|1|C|21.16|.00|.00|9.17|.00|1.29|.00|.00|.00|.00|.00|.00|12.89|.00|.00|.00|.00|.00|.00|.00|.00|.00|.00|.00|.00|.00|.00|.00|M Tax Bill #2520|212|50091347|0|0|    .00|9|2520|MP|
19.32|10/06/2004|2004|1|C|17.72|.00|.00|8.12|.00|.00|.00|.00|.00|.00|.00|.00|11.20|.00|.00|.00|.00|.00|.00|.00|.00|.00|.00|.00|.00|.00|.00|.00|M Tax Bill #2112|212|50091347|0|0|    .00|9|2112|MP|
74.02|09/08/2010|2010|1|C|62.24|.00|.00|11.78|.00|5.66|.00|.00|.00|.00|.00|.00|56.58|.00|.00|.00|.00|.00|.00|.00|.00|.00|.00|.00|.00|.00|.00|.00|Tax Bill # 4632|212|50091347||0|    .00|8|4632|MP|
213.70|09/19/2009|2009|1|C|252.00|.00|.00|57.69|24.14|22.91|22.91|.00|.00|.00|.00|.00|229.09|48.94|.00|.00|.00|.00|.00|.00|.00|.00|.00|.00|.00|.00|.00|.00|Tax Bill # 346|222|47||0|    .00|8|346|MP|
4.51|09/08/2010|2010|1|C|3.74|.00|.00|.77|.00|.34|.00|.00|.00|.00|.00|.00|3.40|.00|.00|.00|.00|.00|.00|.00|.00|.00|.00|.00|.00|.00|.00|.00|Tax Bill # 5331|231|50092609||0|    .00|8|5331|MP|
5.08|09/08/2010|2010|1|C|4.30|.00|.00|.78|.00|.39|.00|.00|.00|.00|.00|.00|3.91|.00|.00|.00|.00|.00|.00|.00|.00|.00|.00|.00|.00|.00|.00|.00|Tax Bill # 2633|232|50092629||0|    .00|8|2633|MP|
4.87|09/19/2009|2009|1|C|3.74|.00|.00|1.13|.00|.34|.00|.00|.00|.00|.00|.00|3.40|.00|.00|.00|.00|.00|.00|.00|.00|.00|.00|.00|.00|.00|.00|.00|Tax Bill # 2225|232|422||0|    .00|8|2225|MP|
.61|09/08/2010|2010|1|C|17.77|.00|.00|.01|.00|.00|.00|.00|.00|.00|.00|.00|17.77|17.17|.00|.00|.00|.00|.00|.00|.00|.00|.00|.00|.00|.00|.00|.00|Tax Bill # 1580|237|50093018||0|    .00|8|1580|MP|
189.39|09/08/2010|2010|1|C|158.84|.00|.00|30.55|.00|.00|.00|.00|.00|.00|.00|.00|158.84|.00|.00|.00|.00|.00|.00|.00|.00|.00|.00|.00|.00|.00|.00|.00|Tax Bill # 3418|242|50093151||0|    .00|8|3418|MP|
2.66|09/08/2010|2010|1|C|2.16|.00|.00|.50|.00|.00|.00|.00|.00|.00|.00|.00|2.16|.00|.00|.00|.00|.00|.00|.00|.00|.00|.00|.00|.00|.00|.00|.00|Tax Bill # 2370|244|50093240||0|    .00|8|2370|MP|
339.38|08/13/2008|2008|1|C|302.35|.00|.00|92.06|.00|22.48|.00|.00|.00|.00|.00|.00|224.84|.00|.00|.00|.00|.00|.00|.00|.00|.00|.00|.00|.00|.00|.00|.00|M Tax Bill #403|254|50093591|0|0|    .00|9|403|MP|
314.50|08/17/2007|2007|1|C|282.25|.00|.00|99.45|.00|19.55|.00|.00|.00|.00|.00|.00|195.50|.00|.00|.00|.00|.00|.00|.00|.00|.00|.00|.00|.00|.00|.00|.00|M Tax Bill #333|254|50093591|0|0|    .00|9|333|MP|
290.34|07/31/2006|2006|1|C|262.27|.00|.00|103.34|.00|17.00|.00|.00|.00|.00|.00|.00|170.00|.00|.00|.00|.00|.00|.00|.00|.00|.00|.00|.00|.00|.00|.00|.00|M Tax Bill #304|254|50093591|0|0|    .00|9|304|MP|
389.77|09/08/2010|2010|1|C|327.10|.00|.00|62.67|.00|29.74|.00|.00|.00|.00|.00|.00|297.36|.00|.00|.00|.00|.00|.00|.00|.00|.00|.00|.00|.00|.00|.00|.00|Tax Bill # 844|254|50093591||0|    .00|8|844|MP|
364.48|09/19/2009|2009|1|C|284.43|.00|.00|80.05|.00|25.86|.00|.00|.00|.00|.00|.00|258.57|.00|.00|.00|.00|.00|.00|.00|.00|.00|.00|.00|.00|.00|.00|.00|Tax Bill # 458|254|44||0|    .00|8|458|MP|
6.75|08/13/2008|2008|1|C|6.15|.00|.00|1.72|.00|.46|.00|.00|.00|.00|.00|.00|4.57|.00|.00|.00|.00|.00|.00|.00|.00|.00|.00|.00|.00|.00|.00|.00|M Tax Bill #472|256|50093832|0|0|    .00|9|472|MP|
9.87|07/31/2006|2006|1|C|9.07|.00|.00|3.40|.00|.59|.00|.00|.00|.00|.00|.00|5.88|.00|.00|.00|.00|.00|.00|.00|.00|.00|.00|.00|.00|.00|.00|.00|M Tax Bill #359|256|50093832|0|0|    .00|9|359|MP|
.30|09/08/2010|2010|1|C|.29|.00|.00|.01|.00|.03|.00|.00|.00|.00|.00|.00|.26|.00|.00|.00|.00|.00|.00|.00|.00|.00|.00|.00|.00|.00|.00|.00|Tax Bill # 4176|257|50093952||0|    .00|8|4176|MP|
.02|09/08/2010|2010|1|C|2.35|.00|.00|.00|.00|1.06|1.06|.00|.00|.00|.00|.00|10.62|10.60|.00|.00|.00|.00|.00|.00|.00|.00|.00|.00|.00|.00|.00|.00|Tax Bill # 3755|261|50094092||0|    .00|8|3755|MP|
2.96|09/08/2010|2010|1|C|2.45|.00|.00|.51|.00|.00|.00|.00|.00|.00|.00|.00|2.45|.00|.00|.00|.00|.00|.00|.00|.00|.00|.00|.00|.00|.00|.00|.00|Tax Bill # 689|263|50094149||0|    .00|8|689|MP|
10.20|08/13/2008|2008|1|C|9.01|.00|.00|2.83|.00|.67|.00|.00|.00|.00|.00|.00|6.70|.00|.00|.00|.00|.00|.00|.00|.00|.00|.00|.00|.00|.00|.00|.00|M Tax Bill #5240|266|50094237|0|0|    .00|9|5240|MP|
9.19|08/17/2007|2007|1|C|8.39|.00|.00|2.80|.00|.58|.00|.00|.00|.00|.00|.00|5.81|.00|.00|.00|.00|.00|.00|.00|.00|.00|.00|.00|.00|.00|.00|.00|M Tax Bill #4718|266|50094237|0|0|    .00|9|4718|MP|
11.79|09/08/2010|2010|1|C|9.76|.00|.00|2.03|.00|.89|.00|.00|.00|.00|.00|.00|8.87|.00|.00|.00|.00|.00|.00|.00|.00|.00|.00|.00|.00|.00|.00|.00|Tax Bill # 5405|266|50094237||0|    .00|8|5405|MP|
11.10|09/19/2009|2009|1|C|8.49|.00|.00|2.61|.00|.77|.00|.00|.00|.00|.00|.00|7.72|.00|.00|.00|.00|.00|.00|.00|.00|.00|.00|.00|.00|.00|.00|.00|Tax Bill # 5379|266|357||0|    .00|8|5379|MP|
335.16|09/08/2010|2010|1|C|281.20|.00|.00|53.96|.00|25.56|.00|.00|.00|.00|.00|.00|255.64|.00|.00|.00|.00|.00|.00|.00|.00|.00|.00|.00|.00|.00|.00|.00|Tax Bill # 3832|268|50094416||0|    .00|8|3832|MP|
82.52|08/17/2007|2007|1|C|74.12|.00|.00|26.05|.00|.00|.00|.00|.00|.00|.00|.00|56.47|.00|.00|.00|.00|.00|.00|.00|.00|.00|.00|.00|.00|.00|.00|.00|M Tax Bill #1788|276|50095167|0|0|    .00|9|1788|MP|
81.09|07/31/2006|2006|1|C|73.29|.00|.00|28.83|.00|.00|.00|.00|.00|.00|.00|.00|52.26|.00|.00|.00|.00|.00|.00|.00|.00|.00|.00|.00|.00|.00|.00|.00|M Tax Bill #1563|276|50095167|0|0|    .00|9|1563|MP|
152.17|09/08/2010|2010|1|C|127.63|.00|.00|24.54|.00|11.60|.00|.00|.00|.00|.00|.00|116.03|.00|.00|.00|.00|.00|.00|.00|.00|.00|.00|.00|.00|.00|.00|.00|Tax Bill # 4417|276|50095167||0|    .00|8|4417|MP|
1.62|09/08/2010|2010|1|C|1.36|.00|.00|.26|.00|.00|.00|.00|.00|.00|.00|.00|1.36|.00|.00|.00|.00|.00|.00|.00|.00|.00|.00|.00|.00|.00|.00|.00|Tax Bill # 4893|298|50095669||0|    .00|8|4893|MP|
3.08|09/08/2010|2010|1|C|2.57|.00|.00|.51|.00|.00|.00|.00|.00|.00|.00|.00|2.57|.00|.00|.00|.00|.00|.00|.00|.00|.00|.00|.00|.00|.00|.00|.00|Tax Bill # 2504|299|50095718||0|    .00|8|2504|MP|
1.74|08/13/2008|2008|1|C|1.54|.00|.00|.48|.00|.00|.00|.00|.00|.00|.00|.00|1.26|.00|.00|.00|.00|.00|.00|.00|.00|.00|.00|.00|.00|.00|.00|.00|M Tax Bill #4772|303|50095949|0|0|    .00|9|4772|MP|
5.08|09/08/2010|2010|1|C|4.30|.00|.00|.78|.00|.39|.00|.00|.00|.00|.00|.00|3.91|.00|.00|.00|.00|.00|.00|.00|.00|.00|.00|.00|.00|.00|.00|.00|Tax Bill # 4964|303|50095949||0|    .00|8|4964|MP|
4.87|09/19/2009|2009|1|C|3.74|.00|.00|1.13|.00|.34|.00|.00|.00|.00|.00|.00|3.40|.00|.00|.00|.00|.00|.00|.00|.00|.00|.00|.00|.00|.00|.00|.00|Tax Bill # 4922|303|423||0|    .00|8|4922|MP|
28.86|08/13/2008|2008|1|C|25.87|.00|.00|7.70|.00|1.92|.00|.00|.00|.00|.00|.00|19.24|.00|.00|.00|.00|.00|.00|.00|.00|.00|.00|.00|.00|.00|.00|.00|M Tax Bill #3198|310|50096216|0|0|    .00|9|3198|MP|
40.21|09/08/2010|2010|1|C|33.81|.00|.00|6.40|.00|3.07|.00|.00|.00|.00|.00|.00|30.74|.00|.00|.00|.00|.00|.00|.00|.00|.00|.00|.00|.00|.00|.00|.00|Tax Bill # 1611|310|50096216||0|    .00|8|1611|MP|
4.51|09/08/2010|2010|1|C|3.74|.00|.00|.77|.00|.34|.00|.00|.00|.00|.00|.00|3.40|.00|.00|.00|.00|.00|.00|.00|.00|.00|.00|.00|.00|.00|.00|.00|Tax Bill # 1243|313|50096263||0|    .00|8|1243|MP|
9.88|08/13/2008|2008|1|C|8.88|.00|.00|2.62|.00|.66|.00|.00|.00|.00|.00|.00|6.60|.00|.00|.00|.00|.00|.00|.00|.00|.00|.00|.00|.00|.00|.00|.00|M Tax Bill #3453|315|50096331|0|0|    .00|9|3453|MP|
11.59|09/08/2010|2010|1|C|9.57|.00|.00|2.02|.00|.87|.00|.00|.00|.00|.00|.00|8.70|.00|.00|.00|.00|.00|.00|.00|.00|.00|.00|.00|.00|.00|.00|.00|Tax Bill # 4082|315|50096331||0|    .00|8|4082|MP|
6.50|08/13/2008|2008|1|C|5.90|.00|.00|1.67|.00|.44|.00|.00|.00|.00|.00|.00|4.39|.00|.00|.00|.00|.00|.00|.00|.00|.00|.00|.00|.00|.00|.00|.00|M Tax Bill #2975|316|50096332|0|0|    .00|9|2975|MP|
7.41|09/08/2010|2010|1|C|6.36|.00|.00|1.05|.00|.58|.00|.00|.00|.00|.00|.00|5.78|.00|.00|.00|.00|.00|.00|.00|.00|.00|.00|.00|.00|.00|.00|.00|Tax Bill # 3580|316|50096332||0|    .00|8|3580|MP|
158.23|09/19/2009|2009|1|C|123.64|.00|.00|34.59|.00|11.24|.00|.00|.00|.00|.00|.00|112.40|.00|.00|.00|.00|.00|.00|.00|.00|.00|.00|.00|.00|.00|.00|.00|Tax Bill # 5377|318|88||0|    .00|8|5377|MP|
147.39|08/13/2008|2008|1|C|131.46|.00|.00|39.86|.00|9.78|.00|.00|.00|.00|.00|.00|97.75|.00|.00|.00|.00|.00|.00|.00|.00|.00|.00|.00|.00|.00|.00|.00|M Tax Bill #3481|319|50096443|0|0|    .00|9|3481|MP|
136.66|08/17/2007|2007|1|C|122.72|.00|.00|43.16|.00|8.50|.00|.00|.00|.00|.00|.00|85.00|.00|.00|.00|.00|.00|.00|.00|.00|.00|.00|.00|.00|.00|.00|.00|M Tax Bill #3097|319|50096443|0|0|    .00|9|3097|MP|
169.56|09/08/2010|2010|1|C|142.20|.00|.00|27.36|.00|12.93|.00|.00|.00|.00|.00|.00|129.27|.00|.00|.00|.00|.00|.00|.00|.00|.00|.00|.00|.00|.00|.00|.00|Tax Bill # 4132|319|50096443||0|    .00|8|4132|MP|
158.23|09/19/2009|2009|1|C|123.64|.00|.00|34.59|.00|11.24|.00|.00|.00|.00|.00|.00|112.40|.00|.00|.00|.00|.00|.00|.00|.00|.00|.00|.00|.00|.00|.00|.00|Tax Bill # 3658|319|87||0|    .00|8|3658|MP|
74.87|08/13/2008|2008|1|C|66.71|.00|.00|20.30|.00|4.96|.00|.00|.00|.00|.00|.00|49.61|.00|.00|.00|.00|.00|.00|.00|.00|.00|.00|.00|.00|.00|.00|.00|M Tax Bill #2459|320|50096461|0|0|    .00|9|2459|MP|
69.26|08/17/2007|2007|1|C|62.29|.00|.00|21.80|.00|4.31|.00|.00|.00|.00|.00|.00|43.15|.00|.00|.00|.00|.00|.00|.00|.00|.00|.00|.00|.00|.00|.00|.00|M Tax Bill #2181|320|50096461|0|0|    .00|9|2181|MP|
85.99|09/08/2010|2010|1|C|72.18|.00|.00|13.81|.00|6.56|.00|.00|.00|.00|.00|.00|65.62|.00|.00|.00|.00|.00|.00|.00|.00|.00|.00|.00|.00|.00|.00|.00|Tax Bill # 3043|320|50096461||0|    .00|8|3043|MP|
80.42|09/19/2009|2009|1|C|62.76|.00|.00|17.66|.00|5.71|.00|.00|.00|.00|.00|.00|57.05|.00|.00|.00|.00|.00|.00|.00|.00|.00|.00|.00|.00|.00|.00|.00|Tax Bill # 2639|320|167||0|    .00|8|2639|MP|
58.95|08/13/2008|2008|1|C|52.58|.00|.00|15.94|.00|3.91|.00|.00|.00|.00|.00|.00|39.10|.00|.00|.00|.00|.00|.00|.00|.00|.00|.00|.00|.00|.00|.00|.00|M Tax Bill #364|324|50096846|0|0|    .00|9|364|MP|
54.86|08/17/2007|2007|1|C|49.09|.00|.00|17.46|.00|3.40|.00|.00|.00|.00|.00|.00|34.00|.00|.00|.00|.00|.00|.00|.00|.00|.00|.00|.00|.00|.00|.00|.00|M Tax Bill #299|324|50096846|0|0|    .00|9|299|MP|
67.86|09/08/2010|2010|1|C|56.88|.00|.00|10.98|.00|5.17|.00|.00|.00|.00|.00|.00|51.71|.00|.00|.00|.00|.00|.00|.00|.00|.00|.00|.00|.00|.00|.00|.00|Tax Bill # 795|324|50096846||0|    .00|8|795|MP|
137.62|09/19/2009|2009|1|C|107.53|.00|.00|30.09|.00|9.78|.00|.00|.00|.00|.00|.00|97.75|.00|.00|.00|.00|.00|.00|.00|.00|.00|.00|.00|.00|.00|.00|.00|Tax Bill # 601|361|103||0|    .00|8|601|MP|
128.24|08/13/2008|2008|1|C|114.30|.00|.00|34.74|.00|8.50|.00|.00|.00|.00|.00|.00|85.00|.00|.00|.00|.00|.00|.00|.00|.00|.00|.00|.00|.00|.00|.00|.00|M Tax Bill #2272|368|50098971|0|0|    .00|9|2272|MP|
147.19|09/08/2010|2010|1|C|123.64|.00|.00|23.55|.00|11.24|.00|.00|.00|.00|.00|.00|112.40|.00|.00|.00|.00|.00|.00|.00|.00|.00|.00|.00|.00|.00|.00|.00|Tax Bill # 2844|368|50098971||0|    .00|8|2844|MP|
137.62|09/19/2009|2009|1|C|107.53|.00|.00|30.09|.00|9.78|.00|.00|.00|.00|.00|.00|97.75|.00|.00|.00|.00|.00|.00|.00|.00|.00|.00|.00|.00|.00|.00|.00|Tax Bill # 2436|368|101||0|    .00|8|2436|MP|
.20|09/08/2010|2010|1|C|.20|.00|.00|.00|.00|.02|.00|.00|.00|.00|.00|.00|.18|.00|.00|.00|.00|.00|.00|.00|.00|.00|.00|.00|.00|.00|.00|.00|Tax Bill # 3009|371|50098998||0|    .00|8|3009|MP|
127.86|08/13/2008|2008|1|C|113.86|.00|.00|34.72|.00|.00|.00|.00|.00|.00|.00|.00|93.14|.00|.00|.00|.00|.00|.00|.00|.00|.00|.00|.00|.00|.00|.00|.00|M Tax Bill #2610|372|50099019|0|0|    .00|9|2610|MP|
161.35|09/08/2010|2010|1|C|135.50|.00|.00|25.85|.00|12.32|.00|.00|.00|.00|.00|.00|123.18|.00|.00|.00|.00|.00|.00|.00|.00|.00|.00|.00|.00|.00|.00|.00|Tax Bill # 3222|372|50099019||0|    .00|8|3222|MP|
150.88|09/19/2009|2009|1|C|117.81|.00|.00|33.07|.00|10.71|.00|.00|.00|.00|.00|.00|107.10|.00|.00|.00|.00|.00|.00|.00|.00|.00|.00|.00|.00|.00|.00|.00|Tax Bill # 2806|372|91||0|    .00|8|2806|MP|
288.87|08/13/2008|2008|1|C|257.41|.00|.00|78.31|.00|19.14|.00|.00|.00|.00|.00|.00|191.42|.00|.00|.00|.00|.00|.00|.00|.00|.00|.00|.00|.00|.00|.00|.00|M Tax Bill #2912|373|50099040|0|0|    .00|9|2912|MP|
331.93|09/08/2010|2010|1|C|278.48|.00|.00|53.45|.00|25.32|.00|.00|.00|.00|.00|.00|253.16|.00|.00|.00|.00|.00|.00|.00|.00|.00|.00|.00|.00|.00|.00|.00|Tax Bill # 3507|373|50099040||0|    .00|8|3507|MP|
310.54|09/19/2009|2009|1|C|242.17|.00|.00|68.37|.00|22.02|.00|.00|.00|.00|.00|.00|220.15|.00|.00|.00|.00|.00|.00|.00|.00|.00|.00|.00|.00|.00|.00|.00|Tax Bill # 3090|373|51||0|    .00|8|3090|MP|
1.15|09/08/2010|2010|1|C|.90|.00|.00|.25|.00|.00|.00|.00|.00|.00|.00|.00|.90|.00|.00|.00|.00|.00|.00|.00|.00|.00|.00|.00|.00|.00|.00|.00|Tax Bill # 3548|374|50099059||0|    .00|8|3548|MP|
5.58|08/13/2008|2008|1|C|4.98|.00|.00|1.51|.00|.00|.00|.00|.00|.00|.00|.00|4.07|.00|.00|.00|.00|.00|.00|.00|.00|.00|.00|.00|.00|.00|.00|.00|M Tax Bill #3027|376|50099077|0|0|    .00|9|3027|MP|
4.81|09/08/2010|2010|1|C|4.04|.00|.00|.77|.00|.37|.00|.00|.00|.00|.00|.00|3.67|.00|.00|.00|.00|.00|.00|.00|.00|.00|.00|.00|.00|.00|.00|.00|Tax Bill # 3639|376|50099077||0|    .00|8|3639|MP|
4.27|09/19/2009|2009|1|C|3.50|.00|.00|.77|.00|.32|.00|.00|.00|.00|.00|.00|3.18|.00|.00|.00|.00|.00|.00|.00|.00|.00|.00|.00|.00|.00|.00|.00|Tax Bill # 3220|376|428||0|    .00|8|3220|MP|
4.51|09/08/2010|2010|1|C|3.74|.00|.00|.77|.00|.34|.00|.00|.00|.00|.00|.00|3.40|.00|.00|.00|.00|.00|.00|.00|.00|.00|.00|.00|.00|.00|.00|.00|Tax Bill # 3674|377|50099086||0|    .00|8|3674|MP|
2.01|09/08/2010|2010|1|C|1.75|.00|.00|.26|.00|.16|.00|.00|.00|.00|.00|.00|1.59|.00|.00|.00|.00|.00|.00|.00|.00|.00|.00|.00|.00|.00|.00|.00|Tax Bill # 4380|378|50099124||0|    .00|8|4380|MP|
143.55|08/13/2008|2008|1|C|128.02|.00|.00|38.83|.00|9.52|.00|.00|.00|.00|.00|.00|95.20|.00|.00|.00|.00|.00|.00|.00|.00|.00|.00|.00|.00|.00|.00|.00|M Tax Bill #4226|379|50099132|0|0|    .00|9|4226|MP|
164.86|09/08/2010|2010|1|C|138.49|.00|.00|26.37|.00|12.59|.00|.00|.00|.00|.00|.00|125.90|.00|.00|.00|.00|.00|.00|.00|.00|.00|.00|.00|.00|.00|.00|.00|Tax Bill # 4436|379|50099132||0|    .00|8|4436|MP|
154.26|09/19/2009|2009|1|C|120.43|.00|.00|33.83|.00|10.95|.00|.00|.00|.00|.00|.00|109.48|.00|.00|.00|.00|.00|.00|.00|.00|.00|.00|.00|.00|.00|.00|.00|Tax Bill # 4367|379|90||0|    .00|8|4367|MP|
25.65|08/13/2008|2008|1|C|22.86|.00|.00|6.95|.00|1.70|.00|.00|.00|.00|.00|.00|17.00|.00|.00|.00|.00|.00|.00|.00|.00|.00|.00|.00|.00|.00|.00|.00|M Tax Bill #4736|381|50099208|0|0|    .00|9|4736|MP|
29.57|09/08/2010|2010|1|C|24.72|.00|.00|4.85|.00|2.25|.00|.00|.00|.00|.00|.00|22.47|.00|.00|.00|.00|.00|.00|.00|.00|.00|.00|.00|.00|.00|.00|.00|Tax Bill # 4936|381|50099208||0|    .00|8|4936|MP|
27.53|09/19/2009|2009|1|C|21.51|.00|.00|6.02|.00|1.96|.00|.00|.00|.00|.00|.00|19.55|.00|.00|.00|.00|.00|.00|.00|.00|.00|.00|.00|.00|.00|.00|.00|Tax Bill # 4896|381|271||0|    .00|8|4896|MP|
55.04|09/19/2009|2009|1|C|43.01|.00|.00|12.03|.00|3.91|.00|.00|.00|.00|.00|.00|39.10|.00|.00|.00|.00|.00|.00|.00|.00|.00|.00|.00|.00|.00|.00|.00|Tax Bill # 5346|382|201||0|    .00|8|5346|MP|
76.94|08/13/2008|2008|1|C|68.58|.00|.00|20.84|.00|5.10|.00|.00|.00|.00|.00|.00|51.00|.00|.00|.00|.00|.00|.00|.00|.00|.00|.00|.00|.00|.00|.00|.00|M Tax Bill #568|386|50099448|0|0|    .00|9|568|MP|
88.53|09/08/2010|2010|1|C|74.21|.00|.00|14.32|.00|6.75|.00|.00|.00|.00|.00|.00|67.46|.00|.00|.00|.00|.00|.00|.00|.00|.00|.00|.00|.00|.00|.00|.00|Tax Bill # 1021|386|50099448||0|    .00|8|1021|MP|
82.57|09/19/2009|2009|1|C|64.52|.00|.00|18.05|.00|5.87|.00|.00|.00|.00|.00|.00|58.65|.00|.00|.00|.00|.00|.00|.00|.00|.00|.00|.00|.00|.00|.00|.00|Tax Bill # 634|386|163||0|    .00|8|634|MP|
3.31|08/13/2008|2008|1|C|2.91|.00|.00|.93|.00|.00|.00|.00|.00|.00|.00|.00|2.38|.00|.00|.00|.00|.00|.00|.00|.00|.00|.00|.00|.00|.00|.00|.00|M Tax Bill #3525|388|50099453|0|0|    .00|9|3525|MP|
137.62|09/19/2009|2009|1|C|107.53|.00|.00|30.09|.00|9.78|.00|.00|.00|.00|.00|.00|97.75|.00|.00|.00|.00|.00|.00|.00|.00|.00|.00|.00|.00|.00|.00|.00|Tax Bill # 5177|389|106||0|    .00|8|5177|MP|
137.62|09/19/2009|2009|1|C|107.53|.00|.00|30.09|.00|9.78|.00|.00|.00|.00|.00|.00|97.75|.00|.00|.00|.00|.00|.00|.00|.00|.00|.00|.00|.00|.00|.00|.00|Tax Bill # 5186|390|107||0|    .00|8|5186|MP|
668.33|09/08/2010|2010|1|C|560.89|.00|.00|107.44|.00|50.99|.00|.00|.00|.00|.00|.00|509.90|.00|.00|.00|.00|.00|.00|.00|.00|.00|.00|.00|.00|.00|.00|.00|Tax Bill # 3034|394|50099459||0|    .00|8|3034|MP|
281.73|09/08/2010|2010|1|C|236.45|.00|.00|45.28|.00|21.50|.00|.00|.00|.00|.00|.00|214.95|.00|.00|.00|.00|.00|.00|.00|.00|.00|.00|.00|.00|.00|.00|.00|Tax Bill # 3033|395|50099460||0|    .00|8|3033|MP|
88.53|09/08/2010|2010|1|C|74.21|.00|.00|14.32|.00|6.75|.00|.00|.00|.00|.00|.00|67.46|.00|.00|.00|.00|.00|.00|.00|.00|.00|.00|.00|.00|.00|.00|.00|Tax Bill # 2492|398|50099463||0|    .00|8|2492|MP|
82.57|09/19/2009|2009|1|C|64.52|.00|.00|18.05|.00|5.87|.00|.00|.00|.00|.00|.00|58.65|.00|.00|.00|.00|.00|.00|.00|.00|.00|.00|.00|.00|.00|.00|.00|Tax Bill # 2088|398|164||0|    .00|8|2088|MP|
255.94|08/12/2008|2008|1|C|220.33|3.97|.00|68.44|.00|.00|.00|.00|.00|.00|.00|.00|147.53|.00|.00|.00|.00|.00|.00|.00|.00|.00|36.00|.00|.00|.00|.00|.00|M Tax Bill #3306|677|0|0511005802|0|    .00|9|3306|MR|
95.26|08/17/2007|2007|1|C|74.41|1.86|.00|29.55|.00|.00|.00|.00|.00|.00|.00|.00|27.85|.00|.00|.00|.00|.00|.00|.00|.00|.00|36.00|.00|.00|.00|.00|.00|M Tax Bill #2942|677|0|0511005802|0|    .00|9|2942|MR|
45.24|07/20/2006|2006|1|C|41.04|1.98|.00|15.41|.00|.00|.00|.00|.00|.00|.00|.00|27.85|.00|.00|.00|.00|.00|.00|.00|.00|.00|.00|.00|.00|.00|.00|.00|M Tax Bill #2573|677|0|0511005802|0|    .00|9|2573|MR|
48.77|09/11/2005|2005|1|C|44.57|3.00|.00|17.92|.00|.00|.00|.00|.00|.00|.00|.00|27.85|.00|.00|.00|.00|.00|.00|.00|.00|.00|.00|.00|.00|.00|.00|.00|M Tax Bill #2044|677|0|0511005802|0|    .00|9|2044|MR|
51.27|10/06/2004|2004|1|C|47.07|3.00|.00|20.42|.00|.00|.00|.00|.00|.00|.00|.00|27.85|.00|.00|.00|.00|.00|.00|.00|.00|.00|.00|.00|.00|.00|.00|.00|M Tax Bill #1828|677|0|0511005802|0|    .00|9|1828|MR|
33.65|08/25/2003|2003|1|C|31.25|3.40|.00|13.60|.00|.00|.00|.00|.00|.00|.00|.00|16.65|.00|.00|.00|.00|.00|.00|.00|.00|.00|.00|.00|.00|.00|.00|.00|M Tax Bill #1738|677|0|0511005802|0|    .00|9|1738|MR|
37.67|08/06/2002|2002|1|C|35.27|5.92|.00|15.10|.00|.00|.00|.00|.00|.00|.00|.00|16.65|.00|.00|.00|.00|.00|.00|.00|.00|.00|.00|.00|.00|.00|.00|.00|M Tax Bill #1436|677|0|0511005802|0|    .00|9|1436|MR|
36.44|08/01/2001|2001|1|C|34.04|3.20|.00|16.59|.00|.00|.00|.00|.00|.00|.00|.00|16.65|.00|.00|.00|.00|.00|.00|.00|.00|.00|.00|.00|.00|.00|.00|.00|M Tax Bill #1253|677|0|-1|0|    .00|9|1253|MR|
39.47|09/18/2000|2000|1|C|37.07|4.73|.00|18.09|.00|.00|.00|.00|.00|.00|.00|.00|16.65|.00|.00|.00|.00|.00|.00|.00|.00|.00|.00|.00|.00|.00|.00|.00|M Tax Bill #1087|677|0|-1|0|    .00|8|1087|MR|
135.71|10/13/2011|2011|1|C|118.80|4.74|.00|12.17|.00|.00|.00|.00|.00|.00|.00|.00|118.80|.00|.00|.00|.00|.00|.00|.00|.00|.00|.00|.00|.00|.00|.00|.00|Tax Bill # 1150|1655||05138016 02|0|    .00|8|1150|MR|
4.65|08/12/2008|2008|1|C|149.20|3.97|3.97|35.63|35.33|.00|.00|.00|.00|.00|.00|.00|118.80|114.45|.00|.00|.00|.00|.00|.00|.00|.00|.00|.00|.00|.00|.00|.00|M Tax Bill #4542|1655|0|05138016 02|0|    .00|9|4542|MR|
144.52|09/08/2010|2010|1|C|118.80|2.85|.00|22.87|.00|.00|.00|.00|.00|.00|.00|.00|118.80|.00|.00|.00|.00|.00|.00|.00|.00|.00|.00|.00|.00|.00|.00|.00|Tax Bill # 4730|1655||05138016 02|0|    .00|8|4730|MR|
155.62|09/19/2009|2009|1|C|118.80|3.25|.00|33.57|.00|.00|.00|.00|.00|.00|.00|.00|118.80|.00|.00|.00|.00|.00|.00|.00|.00|.00|.00|.00|.00|.00|.00|.00|Tax Bill # 4701|1655||05138016 02|0|    .00|8|4701|MR|
135.71|10/13/2011|2011|1|C|118.80|4.74|.00|12.17|.00|.00|.00|.00|.00|.00|.00|.00|118.80|.00|.00|.00|.00|.00|.00|.00|.00|.00|.00|.00|.00|.00|.00|.00|Tax Bill # 1151|1656||05138016 03|0|    .00|8|1151|MR|
167.00|08/12/2008|2008|1|C|149.20|3.97|.00|44.23|.00|.00|.00|.00|.00|.00|.00|.00|118.80|.00|.00|.00|.00|.00|.00|.00|.00|.00|.00|.00|.00|.00|.00|.00|M Tax Bill #4884|1656|0|05138016 03|0|    .00|9|4884|MR|
74.62|08/17/2007|2007|1|C|55.97|1.86|.00|22.96|.00|.00|.00|.00|.00|.00|.00|.00|13.80|.00|.00|.00|.00|.00|.00|.00|.00|.00|36.00|.00|.00|.00|.00|.00|M Tax Bill #4406|1656|0|05138016 03|0|    .00|9|4406|MR|
23.33|07/20/2006|2006|1|C|21.33|1.98|.00|7.55|.00|.00|.00|.00|.00|.00|.00|.00|13.80|.00|.00|.00|.00|.00|.00|.00|.00|.00|.00|.00|.00|.00|.00|.00|M Tax Bill #3499|1656|0|05138016 03|0|    .00|9|3499|MR|
144.52|09/08/2010|2010|1|C|118.80|2.85|.00|22.87|.00|.00|.00|.00|.00|.00|.00|.00|118.80|.00|.00|.00|.00|.00|.00|.00|.00|.00|.00|.00|.00|.00|.00|.00|Tax Bill # 5040|1656||05138016 03|0|    .00|8|5040|MR|
155.62|09/19/2009|2009|1|C|118.80|3.25|.00|33.57|.00|.00|.00|.00|.00|.00|.00|.00|118.80|.00|.00|.00|.00|.00|.00|.00|.00|.00|.00|.00|.00|.00|.00|.00|Tax Bill # 5026|1656||05138016 03|0|    .00|8|5026|MR|
135.71|10/13/2011|2011|1|C|118.80|4.74|.00|12.17|.00|.00|.00|.00|.00|.00|.00|.00|118.80|.00|.00|.00|.00|.00|.00|.00|.00|.00|.00|.00|.00|.00|.00|.00|Tax Bill # 1152|1657||05138016 04|0|    .00|8|1152|MR|
167.00|08/12/2008|2008|1|C|149.20|3.97|.00|44.23|.00|.00|.00|.00|.00|.00|.00|.00|118.80|.00|.00|.00|.00|.00|.00|.00|.00|.00|.00|.00|.00|.00|.00|.00|M Tax Bill #4540|1657|0|05138016 04|0|    .00|9|4540|MR|
74.62|08/17/2007|2007|1|C|55.97|1.86|.00|22.96|.00|.00|.00|.00|.00|.00|.00|.00|13.80|.00|.00|.00|.00|.00|.00|.00|.00|.00|36.00|.00|.00|.00|.00|.00|M Tax Bill #4124|1657|0|05138016 04|0|    .00|9|4124|MR|
23.33|07/20/2006|2006|1|C|21.33|1.98|.00|7.55|.00|.00|.00|.00|.00|.00|.00|.00|13.80|.00|.00|.00|.00|.00|.00|.00|.00|.00|.00|.00|.00|.00|.00|.00|M Tax Bill #3291|1657|0|05138016 04|0|    .00|9|3291|MR|
144.52|09/08/2010|2010|1|C|118.80|2.85|.00|22.87|.00|.00|.00|.00|.00|.00|.00|.00|118.80|.00|.00|.00|.00|.00|.00|.00|.00|.00|.00|.00|.00|.00|.00|.00|Tax Bill # 4728|1657||05138016 04|0|    .00|8|4728|MR|
155.62|09/19/2009|2009|1|C|118.80|3.25|.00|33.57|.00|.00|.00|.00|.00|.00|.00|.00|118.80|.00|.00|.00|.00|.00|.00|.00|.00|.00|.00|.00|.00|.00|.00|.00|Tax Bill # 4699|1657||05138016 04|0|    .00|8|4699|MR|
135.71|10/13/2011|2011|1|C|118.80|4.74|.00|12.17|.00|.00|.00|.00|.00|.00|.00|.00|118.80|.00|.00|.00|.00|.00|.00|.00|.00|.00|.00|.00|.00|.00|.00|.00|Tax Bill # 1153|1658||05138016 05|0|    .00|8|1153|MR|
167.00|08/12/2008|2008|1|C|149.20|3.97|.00|44.23|.00|.00|.00|.00|.00|.00|.00|.00|118.80|.00|.00|.00|.00|.00|.00|.00|.00|.00|.00|.00|.00|.00|.00|.00|M Tax Bill #4539|1658|0|05138016 05|0|    .00|9|4539|MR|
74.62|08/17/2007|2007|1|C|55.97|1.86|.00|22.96|.00|.00|.00|.00|.00|.00|.00|.00|13.80|.00|.00|.00|.00|.00|.00|.00|.00|.00|36.00|.00|.00|.00|.00|.00|M Tax Bill #4123|1658|0|05138016 05|0|    .00|9|4123|MR|
23.33|07/20/2006|2006|1|C|21.33|1.98|.00|7.55|.00|.00|.00|.00|.00|.00|.00|.00|13.80|.00|.00|.00|.00|.00|.00|.00|.00|.00|.00|.00|.00|.00|.00|.00|M Tax Bill #3290|1658|0|05138016 05|0|    .00|9|3290|MR|
144.52|09/08/2010|2010|1|C|118.80|2.85|.00|22.87|.00|.00|.00|.00|.00|.00|.00|.00|118.80|.00|.00|.00|.00|.00|.00|.00|.00|.00|.00|.00|.00|.00|.00|.00|Tax Bill # 4727|1658||05138016 05|0|    .00|8|4727|MR|
155.62|09/19/2009|2009|1|C|118.80|3.25|.00|33.57|.00|.00|.00|.00|.00|.00|.00|.00|118.80|.00|.00|.00|.00|.00|.00|.00|.00|.00|.00|.00|.00|.00|.00|.00|Tax Bill # 4698|1658||05138016 05|0|    .00|8|4698|MR|
135.71|10/13/2011|2011|1|C|118.80|4.74|.00|12.17|.00|.00|.00|.00|.00|.00|.00|.00|118.80|.00|.00|.00|.00|.00|.00|.00|.00|.00|.00|.00|.00|.00|.00|.00|Tax Bill # 1154|1659||05138016 06|0|    .00|8|1154|MR|
124.05|08/12/2008|2008|1|C|149.20|3.97|3.97|44.03|35.33|.00|.00|.00|.00|.00|.00|.00|118.80|3.45|.00|.00|.00|.00|.00|.00|.00|.00|.00|.00|.00|.00|.00|.00|M Tax Bill #1607|1659|0|05138016 06|0|    .00|9|1607|MR|
144.52|09/08/2010|2010|1|C|118.80|2.85|.00|22.87|.00|.00|.00|.00|.00|.00|.00|.00|118.80|.00|.00|.00|.00|.00|.00|.00|.00|.00|.00|.00|.00|.00|.00|.00|Tax Bill # 2124|1659||05138016 06|0|    .00|8|2124|MR|
155.62|09/19/2009|2009|1|C|118.80|3.25|.00|33.57|.00|.00|.00|.00|.00|.00|.00|.00|118.80|.00|.00|.00|.00|.00|.00|.00|.00|.00|.00|.00|.00|.00|.00|.00|Tax Bill # 1721|1659||05138016 06|0|    .00|8|1721|MR|
1.92|09/08/2010|2010|1|C|1.66|.00|.00|.26|.00|.00|.00|.00|.00|.00|.00|.00|1.66|.00|.00|.00|.00|.00|.00|.00|.00|.00|.00|.00|.00|.00|.00|.00|Tax Bill # 3968|5296|50066621||0|    .00|8|3968|MP|
.28|09/08/2010|2010|1|C|.27|.00|.00|.01|.00|.00|.00|.00|.00|.00|.00|.00|.27|.00|.00|.00|.00|.00|.00|.00|.00|.00|.00|.00|.00|.00|.00|.00|Tax Bill # 2452|5300|50072702||0|    .00|8|2452|MP|
36.93|09/08/2010|2010|1|C|31.04|.00|.00|5.89|.00|2.82|.00|.00|.00|.00|.00|.00|28.22|.00|.00|.00|.00|.00|.00|.00|.00|.00|.00|.00|.00|.00|.00|.00|Tax Bill # 4823|5307|50092863||0|    .00|8|4823|MP|
34.53|09/19/2009|2009|1|C|27.01|.00|.00|7.52|.00|2.46|.00|.00|.00|.00|.00|.00|24.55|.00|.00|.00|.00|.00|.00|.00|.00|.00|.00|.00|.00|.00|.00|.00|Tax Bill # 4791|5307|246||0|    .00|8|4791|MP|
4.51|09/08/2010|2010|1|C|3.74|.00|.00|.77|.00|.34|.00|.00|.00|.00|.00|.00|3.40|.00|.00|.00|.00|.00|.00|.00|.00|.00|.00|.00|.00|.00|.00|.00|Tax Bill # 2046|5313|50098908||0|    .00|8|2046|MP|
.30|09/08/2010|2010|1|C|21.51|.00|.00|1.54|1.54|1.96|1.96|.00|.00|.00|.00|.00|19.55|19.25|.00|.00|.00|.00|.00|.00|.00|.00|.00|.00|.00|.00|.00|.00|Tax Bill # 827|5317|50099783||0|    .00|8|827|MP|
3.23|09/08/2010|2010|1|C|2.72|.00|.00|.51|.00|.00|.00|.00|.00|.00|.00|.00|2.72|.00|.00|.00|.00|.00|.00|.00|.00|.00|.00|.00|.00|.00|.00|.00|Tax Bill # 2345|5320|50100653||0|    .00|8|2345|MP|
4.51|09/08/2010|2010|1|C|3.74|.00|.00|.77|.00|.34|.00|.00|.00|.00|.00|.00|3.40|.00|.00|.00|.00|.00|.00|.00|.00|.00|.00|.00|.00|.00|.00|.00|Tax Bill # 4946|5328|50101034||0|    .00|8|4946|MP|
2.07|09/19/2009|2009|1|C|18.70|.00|.00|.37|.00|1.70|.00|.00|.00|.00|.00|.00|17.00|17.00|.00|.00|.00|.00|.00|.00|.00|.00|.00|.00|.00|.00|.00|.00|Tax Bill # 3158|5335|283||0|    .00|8|3158|MP|
48.27|09/19/2009|2009|1|C|37.40|.00|.00|10.87|.00|3.40|.00|.00|.00|.00|.00|.00|34.00|.00|.00|.00|.00|.00|.00|.00|.00|.00|.00|.00|.00|.00|.00|.00|Tax Bill # 5185|5341|214||0|    .00|8|5185|MP|
128.02|09/08/2010|2010|1|C|107.53|.00|.00|20.49|.00|9.78|.00|.00|.00|.00|.00|.00|97.75|.00|.00|.00|.00|.00|.00|.00|.00|.00|.00|.00|.00|.00|.00|.00|Tax Bill # 2819|5342|50101425||0|    .00|8|2819|MP|
119.81|09/19/2009|2009|1|C|93.50|.00|.00|26.31|.00|8.50|.00|.00|.00|.00|.00|.00|85.00|.00|.00|.00|.00|.00|.00|.00|.00|.00|.00|.00|.00|.00|.00|.00|Tax Bill # 2411|5342|121||0|    .00|8|2411|MP|
37.35|09/08/2010|2010|1|C|31.45|.00|.00|5.90|.00|2.86|.00|.00|.00|.00|.00|.00|28.59|.00|.00|.00|.00|.00|.00|.00|.00|.00|.00|.00|.00|.00|.00|.00|Tax Bill # 2741|5345|50101436||0|    .00|8|2741|MP|
35.24|09/19/2009|2009|1|C|27.36|.00|.00|7.88|.00|2.49|.00|.00|.00|.00|.00|.00|24.87|.00|.00|.00|.00|.00|.00|.00|.00|.00|.00|.00|.00|.00|.00|.00|Tax Bill # 2338|5345|242||0|    .00|8|2338|MP|
128.02|09/08/2010|2010|1|C|107.53|.00|.00|20.49|.00|9.78|.00|.00|.00|.00|.00|.00|97.75|.00|.00|.00|.00|.00|.00|.00|.00|.00|.00|.00|.00|.00|.00|.00|Tax Bill # 2479|5346|50101445||0|    .00|8|2479|MP|
119.81|09/19/2009|2009|1|C|93.50|.00|.00|26.31|.00|8.50|.00|.00|.00|.00|.00|.00|85.00|.00|.00|.00|.00|.00|.00|.00|.00|.00|.00|.00|.00|.00|.00|.00|Tax Bill # 2075|5346|118||0|    .00|8|2075|MP|
1.86|09/08/2010|2010|1|C|1.60|.00|.00|.26|.00|.00|.00|.00|.00|.00|.00|.00|1.60|.00|.00|.00|.00|.00|.00|.00|.00|.00|.00|.00|.00|.00|.00|.00|Tax Bill # 4077|5348|50101449||0|    .00|8|4077|MP|
.21|09/08/2010|2010|1|C|.21|.00|.00|.00|.00|.02|.00|.00|.00|.00|.00|.00|.19|.00|.00|.00|.00|.00|.00|.00|.00|.00|.00|.00|.00|.00|.00|.00|Tax Bill # 2244|5355|50101476||0|    .00|8|2244|MP|
119.81|09/19/2009|2009|1|C|93.50|.00|.00|26.31|.00|8.50|.00|.00|.00|.00|.00|.00|85.00|.00|.00|.00|.00|.00|.00|.00|.00|.00|.00|.00|.00|.00|.00|.00|Tax Bill # 4481|5363|122||0|    .00|8|4481|MP|
.99|09/08/2010|2010|1|C|.75|.00|.00|.24|.00|.07|.00|.00|.00|.00|.00|.00|.68|.00|.00|.00|.00|.00|.00|.00|.00|.00|.00|.00|.00|.00|.00|.00|Tax Bill # 4033|5364|50101540||0|    .00|8|4033|MP|
917.10|09/19/2009|2009|1|C|715.20|.00|.00|201.90|.00|.00|.00|.00|.00|.00|.00|.00|715.20|.00|.00|.00|.00|.00|.00|.00|.00|.00|.00|.00|.00|.00|.00|.00|Tax Bill # 357|5365|15||0|    .00|8|357|MP|
48.27|09/19/2009|2009|1|C|37.40|.00|.00|10.87|.00|3.40|.00|.00|.00|.00|.00|.00|34.00|.00|.00|.00|.00|.00|.00|.00|.00|.00|.00|.00|.00|.00|.00|.00|Tax Bill # 3651|5366|215||0|    .00|8|3651|MP|
209.28|11/19/2009|2009|1|C|163.31|.00|.00|45.97|.00|.00|.00|.00|.00|.00|.00|.00|163.31|.00|.00|.00|.00|.00|.00|.00|.00|.00|.00|.00|.00|.00|.00|.00|Tax Bill # 5602|5369|549||0|    .00|8|5602|MP|
48.33|09/19/2009|2009|1|C|1.61|.00|.00|10.29|.00|36.43|.00|.00|.00|.00|.00|.00|1.61|.00|.00|.00|.00|.00|.00|.00|.00|.00|.00|.00|.00|.00|.00|.00|Tax Bill # 4920|5369|459||0|    .00|8|4920|MP|
128.02|09/08/2010|2010|1|C|107.53|.00|.00|20.49|.00|9.78|.00|.00|.00|.00|.00|.00|97.75|.00|.00|.00|.00|.00|.00|.00|.00|.00|.00|.00|.00|.00|.00|.00|Tax Bill # 3004|5370|50101617||0|    .00|8|3004|MP|
119.81|09/19/2009|2009|1|C|93.50|.00|.00|26.31|.00|8.50|.00|.00|.00|.00|.00|.00|85.00|.00|.00|.00|.00|.00|.00|.00|.00|.00|.00|.00|.00|.00|.00|.00|Tax Bill # 2606|5370|120||0|    .00|8|2606|MP|
1.24|09/08/2010|2010|1|C|.99|.00|.00|.25|.00|.00|.00|.00|.00|.00|.00|.00|.99|.00|.00|.00|.00|.00|.00|.00|.00|.00|.00|.00|.00|.00|.00|.00|Tax Bill # 4027|5372|50101620||0|    .00|8|4027|MP|
119.81|09/19/2009|2009|1|C|93.50|.00|.00|26.31|.00|8.50|.00|.00|.00|.00|.00|.00|85.00|.00|.00|.00|.00|.00|.00|.00|.00|.00|.00|.00|.00|.00|.00|.00|Tax Bill # 2560|5379|117||0|    .00|8|2560|MP|
128.02|09/08/2010|2010|1|C|107.53|.00|.00|20.49|.00|9.78|.00|.00|.00|.00|.00|.00|97.75|.00|.00|.00|.00|.00|.00|.00|.00|.00|.00|.00|.00|.00|.00|.00|Tax Bill # 2028|5382|50101670||0|    .00|8|2028|MP|
119.81|09/19/2009|2009|1|C|93.50|.00|.00|26.31|.00|8.50|.00|.00|.00|.00|.00|.00|85.00|.00|.00|.00|.00|.00|.00|.00|.00|.00|.00|.00|.00|.00|.00|.00|Tax Bill # 1623|5382|128||0|    .00|8|1623|MP|
1.37|09/08/2010|2010|1|C|1.12|.00|.00|.25|.00|.10|.00|.00|.00|.00|.00|.00|1.02|.00|.00|.00|.00|.00|.00|.00|.00|.00|.00|.00|.00|.00|.00|.00|Tax Bill # 3167|5383|50101700||0|    .00|8|3167|MP|
1.49|09/19/2009|2009|1|C|1.12|.00|.00|.37|.00|.10|.00|.00|.00|.00|.00|.00|1.02|.00|.00|.00|.00|.00|.00|.00|.00|.00|.00|.00|.00|.00|.00|.00|Tax Bill # 2748|5383|477||0|    .00|8|2748|MP|
4.61|09/08/2010|2010|1|C|3.84|.00|.00|.77|.00|.00|.00|.00|.00|.00|.00|.00|3.84|.00|.00|.00|.00|.00|.00|.00|.00|.00|.00|.00|.00|.00|.00|.00|Tax Bill # 2581|5384|50101748||0|    .00|8|2581|MP|
4.99|09/08/2010|2010|1|C|4.22|.00|.00|.77|.00|.00|.00|.00|.00|.00|.00|.00|4.22|.00|.00|.00|.00|.00|.00|.00|.00|.00|.00|.00|.00|.00|.00|.00|Tax Bill # 5236|5402|50102418||0|    .00|8|5236|MP|
.15|09/08/2010|2010|1|C|.15|.00|.00|.00|.00|.00|.00|.00|.00|.00|.00|.00|.15|.00|.00|.00|.00|.00|.00|.00|.00|.00|.00|.00|.00|.00|.00|.00|Tax Bill # 1668|5411|50102588||0|    .00|8|1668|MP|
5.10|09/08/2010|2010|1|C|4.32|.00|.00|.78|.00|.00|.00|.00|.00|.00|.00|.00|4.32|.00|.00|.00|.00|.00|.00|.00|.00|.00|.00|.00|.00|.00|.00|.00|Tax Bill # 1982|5420|50102780||0|    .00|8|1982|MP|
75.01|02/26/2010|2009|1|C|61.71|.00|.00|13.30|.00|5.61|.00|.00|.00|.00|.00|.00|56.10|.00|.00|.00|.00|.00|.00|.00|.00|.00|.00|.00|.00|.00|.00|.00|M Tax Bill #5603|5603|50093560|0|0|    .00|8|5603|MP|
3.90|09/08/2010|2010|1|C|3.37|.00|.00|.53|.00|.31|.00|.00|.00|.00|.00|.00|3.06|.00|.00|.00|.00|.00|.00|.00|.00|.00|.00|.00|.00|.00|.00|.00|Tax Bill # 4300|5607|50105111||0|    .00|8|4300|MP|
5.33|09/08/2010|2010|1|C|4.55|.00|.00|.78|.00|.41|.00|.00|.00|.00|.00|.00|4.14|.00|.00|.00|.00|.00|.00|.00|.00|.00|.00|.00|.00|.00|.00|.00|Tax Bill # 3531|5608|50103210||0|    .00|8|3531|MP|
30.07|09/08/2010|2010|1|C|25.21|.00|.00|4.86|.00|2.29|.00|.00|.00|.00|.00|.00|22.92|.00|.00|.00|.00|.00|.00|.00|.00|.00|.00|.00|.00|.00|.00|.00|Tax Bill # 4642|5619|50105141||0|    .00|8|4642|MP|
45.05|09/08/2010|2010|1|C|37.66|.00|.00|7.39|.00|3.42|.00|.00|.00|.00|.00|.00|34.24|.00|.00|.00|.00|.00|.00|.00|.00|.00|.00|.00|.00|.00|.00|.00|Tax Bill # 4080|5630|50105095||0|    .00|8|4080|MP|
66.84|09/08/2010|2010|1|C|56.10|.00|.00|10.74|.00|5.10|.00|.00|.00|.00|.00|.00|51.00|.00|.00|.00|.00|.00|.00|.00|.00|.00|.00|.00|.00|.00|.00|.00|Tax Bill # 1849|5633|50104556||0|    .00|8|1849|MP|
206.83|09/08/2010|2010|1|C|173.57|.00|.00|33.26|.00|15.78|.00|.00|.00|.00|.00|.00|157.79|.00|.00|.00|.00|.00|.00|.00|.00|.00|.00|.00|.00|.00|.00|.00|Tax Bill # 2919|5644|50093672||0|    .00|8|2919|MP|
.33|09/08/2010|2010|1|C|12.07|.00|.00|.33|.33|.00|.00|.00|.00|.00|.00|.00|12.40|12.07|.00|.00|.00|.00|.00|.00|.00|.00|.00|.00|.00|.00|.00|.00|Tax Bill # 4136|5661|50105205||0|    .00|8|4136|MP|
3.71|09/08/2010|2010|1|C|3.19|.00|.00|.52|.00|.00|.00|.00|.00|.00|.00|.00|3.19|.00|.00|.00|.00|.00|.00|.00|.00|.00|.00|.00|.00|.00|.00|.00|Tax Bill # 3289|5670|50104908||0|    .00|8|3289|MP|
3.36|09/08/2010|2010|1|C|2.84|.00|.00|.52|.00|.00|.00|.00|.00|.00|.00|.00|2.84|.00|.00|.00|.00|.00|.00|.00|.00|.00|.00|.00|.00|.00|.00|.00|Tax Bill # 956|5672|50103035||0|    .00|8|956|MP|
3.33|09/08/2010|2010|1|C|2.81|.00|.00|.52|.00|.00|.00|.00|.00|.00|.00|.00|2.81|.00|.00|.00|.00|.00|.00|.00|.00|.00|.00|.00|.00|.00|.00|.00|Tax Bill # 5211|5673|50102715||0|    .00|8|5211|MP|
2.51|09/08/2010|2010|1|C|2.01|.00|.00|.50|.00|.00|.00|.00|.00|.00|.00|.00|2.01|.00|.00|.00|.00|.00|.00|.00|.00|.00|.00|.00|.00|.00|.00|.00|Tax Bill # 1184|5674|50105354||0|    .00|8|1184|MP|
2.23|09/08/2010|2010|1|C|1.96|.00|.00|.27|.00|.00|.00|.00|.00|.00|.00|.00|1.96|.00|.00|.00|.00|.00|.00|.00|.00|.00|.00|.00|.00|.00|.00|.00|Tax Bill # 2778|5675|50103971||0|    .00|8|2778|MP|
1.78|09/08/2010|2010|1|C|1.52|.00|.00|.26|.00|.00|.00|.00|.00|.00|.00|.00|1.52|.00|.00|.00|.00|.00|.00|.00|.00|.00|.00|.00|.00|.00|.00|.00|Tax Bill # 4622|5678|50103276||0|    .00|8|4622|MP|
1.60|09/08/2010|2010|1|C|1.34|.00|.00|.26|.00|.00|.00|.00|.00|.00|.00|.00|1.34|.00|.00|.00|.00|.00|.00|.00|.00|.00|.00|.00|.00|.00|.00|.00|Tax Bill # 3|5680|50103594||0|    .00|8|3|MP|
1.37|09/08/2010|2010|1|C|1.12|.00|.00|.25|.00|.00|.00|.00|.00|.00|.00|.00|1.12|.00|.00|.00|.00|.00|.00|.00|.00|.00|.00|.00|.00|.00|.00|.00|Tax Bill # 895|5681|50104439||0|    .00|8|895|MP|
1.17|09/08/2010|2010|1|C|.92|.00|.00|.25|.00|.00|.00|.00|.00|.00|.00|.00|.92|.00|.00|.00|.00|.00|.00|.00|.00|.00|.00|.00|.00|.00|.00|.00|Tax Bill # 3858|5682|50104645||0|    .00|8|3858|MP|
1.08|09/08/2010|2010|1|C|.83|.00|.00|.25|.00|.00|.00|.00|.00|.00|.00|.00|.83|.00|.00|.00|.00|.00|.00|.00|.00|.00|.00|.00|.00|.00|.00|.00|Tax Bill # 4073|5683|50104315||0|    .00|8|4073|MP|
111.41|12/07/2010|2010|1|C|93.50|.00|.00|17.91|.00|8.50|.00|.00|.00|.00|.00|.00|85.00|.00|.00|.00|.00|.00|.00|.00|.00|.00|.00|.00|.00|.00|.00|.00|M Tax Bill #331207|5712|50104297|0|0|    .00|8|331207|MP|
48.63|08/01/2001|2001|1|C|45.03|.00|.00|24.32|.00|.00|.00|.00|.00|.00|.00|.00|24.31|.00|.00|.00|.00|.00|.00|.00|.00|.00|.00|.00|.00|.00|.00|.00|M Tax Bill #1381|5714|50025181|0|0|    .00|9|1381|MP|
52.38|09/18/2000|2000|1|C|48.58|.00|.00|27.37|.00|.00|.00|.00|.00|.00|.00|.00|25.01|.00|.00|.00|.00|.00|.00|.00|.00|.00|.00|.00|.00|.00|.00|.00|M Tax Bill #1251|5714|50025181|0|0|    .00|8|1251|MP|
67.59|10/02/2002|2002|1|C|62.41|.00|.00|32.18|.00|3.22|.00|.00|.00|.00|.00|.00|32.19|.00|.00|.00|.00|.00|.00|.00|.00|.00|.00|.00|.00|.00|.00|.00|M Tax Bill #2119|5715|50082378|0|0|    .00|9|2119|MP|
67.99|08/01/2001|2001|1|C|62.81|.00|.00|32.73|.00|2.94|.00|.00|.00|.00|.00|.00|32.32|.00|.00|.00|.00|.00|.00|.00|.00|.00|.00|.00|.00|.00|.00|.00|M Tax Bill #1877|5715|50082378|0|0|    .00|9|1877|MP|
20.59|09/18/2002|2002|1|C|19.00|.00|.00|9.81|.00|.98|.00|.00|.00|.00|.00|.00|9.80|.00|.00|.00|.00|.00|.00|.00|.00|.00|.00|.00|.00|.00|.00|.00|M Tax Bill #2108|5717|50084426|0|0|    .00|9|2108|MP|
23.56|08/18/2001|2001|1|C|21.77|.00|.00|11.34|.00|1.02|.00|.00|.00|.00|.00|.00|11.20|.00|.00|.00|.00|.00|.00|.00|.00|.00|.00|.00|.00|.00|.00|.00|M Tax Bill #1917|5717|50084426|0|0|    .00|9|1917|MP|
85.26|08/25/2003|2003|1|C|78.29|.00|.00|38.45|.00|4.26|.00|.00|.00|.00|.00|.00|42.55|.00|.00|.00|.00|.00|.00|.00|.00|.00|.00|.00|.00|.00|.00|.00|M Tax Bill #42|5718|50083745|0|0|    .00|9|42|MP|
77.90|08/06/2002|2002|1|C|71.73|.00|.00|37.20|.00|3.70|.00|.00|.00|.00|.00|.00|37.00|.00|.00|.00|.00|.00|.00|.00|.00|.00|.00|.00|.00|.00|.00|.00|M Tax Bill #38|5718|50083745|0|0|    .00|9|38|MP|
253.61|07/31/2006|2006|1|C|229.32|.00|.00|90.10|.00|14.86|.00|.00|.00|.00|.00|.00|148.65|.00|.00|.00|.00|.00|.00|.00|.00|.00|.00|.00|.00|.00|.00|.00|M Tax Bill #497|5720|50082554|0|0|    .00|9|497|MP|
233.53|09/10/2005|2005|1|C|212.23|.00|.00|91.33|.00|12.93|.00|.00|.00|.00|.00|.00|129.27|.00|.00|.00|.00|.00|.00|.00|.00|.00|.00|.00|.00|.00|.00|.00|M Tax Bill #537|5720|50082554|0|0|    .00|9|537|MP|
213.98|10/06/2004|2004|1|C|195.66|.00|.00|90.34|.00|11.24|.00|.00|.00|.00|.00|.00|112.40|.00|.00|.00|.00|.00|.00|.00|.00|.00|.00|.00|.00|.00|.00|.00|M Tax Bill #381|5720|50082554|0|0|    .00|9|381|MP|
213.24|08/25/2003|2003|1|C|195.72|.00|.00|96.22|.00|10.64|.00|.00|.00|.00|.00|.00|106.38|.00|.00|.00|.00|.00|.00|.00|.00|.00|.00|.00|.00|.00|.00|.00|M Tax Bill #307|5720|50082554|0|0|    .00|9|307|MP|
194.46|08/06/2002|2002|1|C|179.33|.00|.00|92.71|.00|9.25|.00|.00|.00|.00|.00|.00|92.50|.00|.00|.00|.00|.00|.00|.00|.00|.00|.00|.00|.00|.00|.00|.00|M Tax Bill #268|5720|50082554|0|0|    .00|9|268|MP|
11.32|05/18/2004|2002|1|C|10.52|.00|.00|5.35|.00|.54|.00|.00|.00|.00|.00|.00|5.43|.00|.00|.00|.00|.00|.00|.00|.00|.00|.00|.00|.00|.00|.00|.00|M Tax Bill #334|5721|50083760|0|0|    .00|9|334|MP|
194.46|08/06/2002|2002|1|C|179.33|.00|.00|92.71|.00|9.25|.00|.00|.00|.00|.00|.00|92.50|.00|.00|.00|.00|.00|.00|.00|.00|.00|.00|.00|.00|.00|.00|.00|M Tax Bill #371|5722|50082639|0|0|    .00|9|371|MP|
44.46|08/25/2003|2003|1|C|40.68|.00|.00|20.14|.00|2.21|.00|.00|.00|.00|.00|.00|22.11|.00|.00|.00|.00|.00|.00|.00|.00|.00|.00|.00|.00|.00|.00|.00|M Tax Bill #1703|5723|50074999|0|0|    .00|9|1703|MP|
40.27|08/06/2002|2002|1|C|37.28|.00|.00|19.12|.00|1.92|.00|.00|.00|.00|.00|.00|19.23|.00|.00|.00|.00|.00|.00|.00|.00|.00|.00|.00|.00|.00|.00|.00|M Tax Bill #1404|5723|50074999|0|0|    .00|9|1404|MP|
2.48|10/01/2002|2002|1|C|110.83|.00|.00|56.86|56.84|5.72|5.72|.00|.00|.00|.00|.00|57.16|54.70|.00|.00|.00|.00|.00|.00|.00|.00|.00|.00|.00|.00|.00|.00|M Tax Bill #2114|5724|50070045|0|0|    .00|9|2114|MP|
4.45|08/25/2003|2003|1|C|4.05|.00|.00|2.03|.00|.22|.00|.00|.00|.00|.00|.00|2.20|.00|.00|.00|.00|.00|.00|.00|.00|.00|.00|.00|.00|.00|.00|.00|M Tax Bill #1962|5725|50073405|0|0|    .00|9|1962|MP|
3.92|08/06/2002|2002|1|C|3.72|.00|.00|1.81|.00|.19|.00|.00|.00|.00|.00|.00|1.92|.00|.00|.00|.00|.00|.00|.00|.00|.00|.00|.00|.00|.00|.00|.00|M Tax Bill #1700|5725|50073405|0|0|    .00|9|1700|MP|
33.86|10/02/2002|2002|1|C|31.27|.00|.00|16.12|.00|1.61|.00|.00|.00|.00|.00|.00|16.13|.00|.00|.00|.00|.00|.00|.00|.00|.00|.00|.00|.00|.00|.00|.00|M Tax Bill #2124|5726|50080221|0|0|    .00|9|2124|MP|
2.98|10/02/2002|2002|1|C|2.78|.00|.00|1.40|.00|.14|.00|.00|.00|.00|.00|.00|1.44|.00|.00|.00|.00|.00|.00|.00|.00|.00|.00|.00|.00|.00|.00|.00|M Tax Bill #2125|5727|50026308|0|0|    .00|9|2125|MP|
38.45|07/31/2006|2006|1|C|34.67|.00|.00|13.73|.00|2.25|.00|.00|.00|.00|.00|.00|22.47|.00|.00|.00|.00|.00|.00|.00|.00|.00|.00|.00|.00|.00|.00|.00|M Tax Bill #3428|5728|50083099|0|0|    .00|9|3428|MP|
35.29|09/10/2005|2005|1|C|32.10|.00|.00|13.78|.00|1.96|.00|.00|.00|.00|.00|.00|19.55|.00|.00|.00|.00|.00|.00|.00|.00|.00|.00|.00|.00|.00|.00|.00|M Tax Bill #2762|5728|50083099|0|0|    .00|9|2762|MP|
32.38|10/06/2004|2004|1|C|29.59|.00|.00|13.68|.00|1.70|.00|.00|.00|.00|.00|.00|17.00|.00|.00|.00|.00|.00|.00|.00|.00|.00|.00|.00|.00|.00|.00|.00|M Tax Bill #2333|5728|50083099|0|0|    .00|9|2333|MP|
213.24|08/25/2003|2003|1|C|195.72|.00|.00|96.22|.00|10.64|.00|.00|.00|.00|.00|.00|106.38|.00|.00|.00|.00|.00|.00|.00|.00|.00|.00|.00|.00|.00|.00|.00|M Tax Bill #2189|5728|50083099|0|0|    .00|9|2189|MP|
194.46|08/06/2002|2002|1|C|179.33|.00|.00|92.71|.00|9.25|.00|.00|.00|.00|.00|.00|92.50|.00|.00|.00|.00|.00|.00|.00|.00|.00|.00|.00|.00|.00|.00|.00|M Tax Bill #1849|5728|50083099|0|0|    .00|9|1849|MP|
154.21|09/11/2005|2005|1|C|140.41|3.00|.00|59.14|.00|.00|.00|.00|.00|.00|.00|.00|92.07|.00|.00|.00|.00|.00|.00|.00|.00|.00|.00|.00|.00|.00|.00|.00|M Tax Bill #2647|5730|0|05138016|0|    .00|9|2647|MR|
162.50|10/06/2004|2004|1|C|148.70|3.00|.00|67.43|.00|.00|.00|.00|.00|.00|.00|.00|92.07|.00|.00|.00|.00|.00|.00|.00|.00|.00|.00|.00|.00|.00|.00|.00|M Tax Bill #2251|5730|0|05138016|0|    .00|9|2251|MR|
112.90|08/25/2003|2003|1|C|103.90|3.40|.00|49.41|.00|.00|.00|.00|.00|.00|.00|.00|60.09|.00|.00|.00|.00|.00|.00|.00|.00|.00|.00|.00|.00|.00|.00|.00|M Tax Bill #2106|5730|0|05138016|0|    .00|9|2106|MR|
120.83|08/06/2002|2002|1|C|111.83|5.92|.00|54.82|.00|.00|.00|.00|.00|.00|.00|.00|60.09|.00|.00|.00|.00|.00|.00|.00|.00|.00|.00|.00|.00|.00|.00|.00|M Tax Bill #1778|5730|0|05138016|0|    .00|9|1778|MR|
121.88|10/06/2004|2004|1|C|111.33|.00|.00|51.53|.00|6.40|.00|.00|.00|.00|.00|.00|63.95|.00|.00|.00|.00|.00|.00|.00|.00|.00|.00|.00|.00|.00|.00|.00|M Tax Bill #85|5733|50028637|0|0|    .00|9|85|MP|
121.31|08/25/2003|2003|1|C|111.36|.00|.00|54.73|.00|6.05|.00|.00|.00|.00|.00|.00|60.53|.00|.00|.00|.00|.00|.00|.00|.00|.00|.00|.00|.00|.00|.00|.00|M Tax Bill #35|5733|50028637|0|0|    .00|9|35|MP|
21.41|09/10/2005|2005|1|C|19.42|.00|.00|8.40|.00|1.18|.00|.00|.00|.00|.00|.00|11.83|.00|.00|.00|.00|.00|.00|.00|.00|.00|.00|.00|.00|.00|.00|.00|M Tax Bill #114|5735|50068780|0|0|    .00|9|114|MP|
19.72|10/06/2004|2004|1|C|17.93|.00|.00|8.39|.00|1.03|.00|.00|.00|.00|.00|.00|10.30|.00|.00|.00|.00|.00|.00|.00|.00|.00|.00|.00|.00|.00|.00|.00|M Tax Bill #129|5735|50068780|0|0|    .00|9|129|MP|
19.54|08/25/2003|2003|1|C|17.95|.00|.00|8.81|.00|.98|.00|.00|.00|.00|.00|.00|9.75|.00|.00|.00|.00|.00|.00|.00|.00|.00|.00|.00|.00|.00|.00|.00|M Tax Bill #69|5735|50068780|0|0|    .00|9|69|MP|
9.98|08/25/2003|2003|1|C|9.18|.00|.00|4.49|.00|.00|.00|.00|.00|.00|.00|.00|5.49|.00|.00|.00|.00|.00|.00|.00|.00|.00|.00|.00|.00|.00|.00|.00|M Tax Bill #355|5737|50067303|0|0|    .00|9|355|MP|
18.62|02/16/2003|2003|1|C|17.03|.00|.00|8.44|.00|.93|.00|.00|.00|.00|.00|.00|9.25|.00|.00|.00|.00|.00|.00|.00|.00|.00|.00|.00|.00|.00|.00|.00|M Tax Bill #2489|5739|50084338|0|0|    .00|9|2489|MP|
131.11|08/17/2007|2007|1|C|283.83|.00|.00|92.02|82.01|19.66|19.66|.00|.00|.00|.00|.00|196.59|75.49|.00|.00|.00|.00|.00|.00|.00|.00|.00|.00|.00|.00|.00|.00|M Tax Bill #1719|5741|50074844|0|0|    .00|9|1719|MP|
6.02|02/16/2003|2003|1|C|5.62|.00|.00|2.66|.00|.31|.00|.00|.00|.00|.00|.00|3.05|.00|.00|.00|.00|.00|.00|.00|.00|.00|.00|.00|.00|.00|.00|.00|M Tax Bill #2482|5743|50082075|0|0|    .00|9|2482|MP|
11.90|10/06/2004|2004|1|C|10.90|.00|.00|5.01|.00|.63|.00|.00|.00|.00|.00|.00|6.26|.00|.00|.00|.00|.00|.00|.00|.00|.00|.00|.00|.00|.00|.00|.00|M Tax Bill #2100|5744|50089076|0|0|    .00|9|2100|MP|
17.04|02/16/2003|2003|1|C|15.65|.00|.00|7.68|.00|.85|.00|.00|.00|.00|.00|.00|8.51|.00|.00|.00|.00|.00|.00|.00|.00|.00|.00|.00|.00|.00|.00|.00|M Tax Bill #2496|5744|50089076|0|0|    .00|9|2496|MP|
38.45|07/31/2006|2006|1|C|34.67|.00|.00|13.73|.00|2.25|.00|.00|.00|.00|.00|.00|22.47|.00|.00|.00|.00|.00|.00|.00|.00|.00|.00|.00|.00|.00|.00|.00|M Tax Bill #254|5746|50090667|0|0|    .00|9|254|MP|
35.29|09/10/2005|2005|1|C|32.10|.00|.00|13.78|.00|1.96|.00|.00|.00|.00|.00|.00|19.55|.00|.00|.00|.00|.00|.00|.00|.00|.00|.00|.00|.00|.00|.00|.00|M Tax Bill #245|5746|50090667|0|0|    .00|9|245|MP|
32.38|10/06/2004|2004|1|C|29.59|.00|.00|13.68|.00|1.70|.00|.00|.00|.00|.00|.00|17.00|.00|.00|.00|.00|.00|.00|.00|.00|.00|.00|.00|.00|.00|.00|.00|M Tax Bill #225|5746|50090667|0|0|    .00|9|225|MP|
1.97|10/06/2004|2004|1|C|1.77|.00|.00|.85|.00|.10|.00|.00|.00|.00|.00|.00|1.02|.00|.00|.00|.00|.00|.00|.00|.00|.00|.00|.00|.00|.00|.00|.00|M Tax Bill #404|5747|50090704|0|0|    .00|9|404|MP|
18.48|09/10/2005|2005|1|C|16.88|.00|.00|7.17|.00|.00|.00|.00|.00|.00|.00|.00|11.31|.00|.00|.00|.00|.00|.00|.00|.00|.00|.00|.00|.00|.00|.00|.00|M Tax Bill #746|5748|50089927|0|0|    .00|9|746|MP|
21.48|10/06/2004|2004|1|C|19.69|.00|.00|9.04|.00|1.13|.00|.00|.00|.00|.00|.00|11.31|.00|.00|.00|.00|.00|.00|.00|.00|.00|.00|.00|.00|.00|.00|.00|M Tax Bill #625|5748|50089927|0|0|    .00|9|625|MP|
32.38|10/06/2004|2004|1|C|29.59|.00|.00|13.68|.00|1.70|.00|.00|.00|.00|.00|.00|17.00|.00|.00|.00|.00|.00|.00|.00|.00|.00|.00|.00|.00|.00|.00|.00|M Tax Bill #643|5750|50090952|0|0|    .00|9|643|MP|
38.45|07/31/2006|2006|1|C|34.67|.00|.00|13.73|.00|2.25|.00|.00|.00|.00|.00|.00|22.47|.00|.00|.00|.00|.00|.00|.00|.00|.00|.00|.00|.00|.00|.00|.00|M Tax Bill #3353|5754|50090486|0|0|    .00|9|3353|MP|
35.29|09/10/2005|2005|1|C|32.10|.00|.00|13.78|.00|1.96|.00|.00|.00|.00|.00|.00|19.55|.00|.00|.00|.00|.00|.00|.00|.00|.00|.00|.00|.00|.00|.00|.00|M Tax Bill #2697|5754|50090486|0|0|    .00|9|2697|MP|
32.38|10/06/2004|2004|1|C|29.59|.00|.00|13.68|.00|1.70|.00|.00|.00|.00|.00|.00|17.00|.00|.00|.00|.00|.00|.00|.00|.00|.00|.00|.00|.00|.00|.00|.00|M Tax Bill #2294|5754|50090486|0|0|    .00|9|2294|MP|
25.10|10/06/2004|2004|1|C|22.91|.00|.00|10.62|.00|1.32|.00|.00|.00|.00|.00|.00|13.16|.00|.00|.00|.00|.00|.00|.00|.00|.00|.00|.00|.00|.00|.00|.00|M Tax Bill #2557|5755|50073419|0|0|    .00|9|2557|MP|
31.37|08/17/2007|2007|1|C|28.18|.00|.00|9.90|.00|1.95|.00|.00|.00|.00|.00|.00|19.52|.00|.00|.00|.00|.00|.00|.00|.00|.00|.00|.00|.00|.00|.00|.00|M Tax Bill #209|5756|50091783|0|0|    .00|9|209|MP|
35.95|07/31/2006|2006|1|C|32.37|.00|.00|12.87|.00|2.10|.00|.00|.00|.00|.00|.00|20.98|.00|.00|.00|.00|.00|.00|.00|.00|.00|.00|.00|.00|.00|.00|.00|M Tax Bill #193|5756|50091783|0|0|    .00|9|193|MP|
50.27|09/10/2005|2005|1|C|45.69|.00|.00|19.66|.00|2.78|.00|.00|.00|.00|.00|.00|27.83|.00|.00|.00|.00|.00|.00|.00|.00|.00|.00|.00|.00|.00|.00|.00|M Tax Bill #159|5756|50091783|0|0|    .00|9|159|MP|
31.24|09/10/2005|2005|1|C|28.45|.00|.00|12.18|.00|1.73|.00|.00|.00|.00|.00|.00|17.33|.00|.00|.00|.00|.00|.00|.00|.00|.00|.00|.00|.00|.00|.00|.00|M Tax Bill #669|5757|50089437|0|0|    .00|9|669|MP|
109.67|09/10/2005|2005|1|C|99.67|.00|.00|42.89|.00|.00|.00|.00|.00|.00|.00|.00|66.78|.00|.00|.00|.00|.00|.00|.00|.00|.00|.00|.00|.00|.00|.00|.00|M Tax Bill #672|5758|50087539|0|0|    .00|9|672|MP|
68.41|09/10/2005|2005|1|C|62.21|.00|.00|26.73|.00|.00|.00|.00|.00|.00|.00|.00|41.68|.00|.00|.00|.00|.00|.00|.00|.00|.00|.00|.00|.00|.00|.00|.00|M Tax Bill #2174|5759|50069480|0|0|    .00|9|2174|MP|
166.74|07/31/2006|2006|1|C|150.81|.00|.00|59.21|.00|9.78|.00|.00|.00|.00|.00|.00|97.75|.00|.00|.00|.00|.00|.00|.00|.00|.00|.00|.00|.00|.00|.00|.00|M Tax Bill #3215|5760|50092940|0|0|    .00|9|3215|MP|
153.49|09/10/2005|2005|1|C|139.55|.00|.00|59.99|.00|8.50|.00|.00|.00|.00|.00|.00|85.00|.00|.00|.00|.00|.00|.00|.00|.00|.00|.00|.00|.00|.00|.00|.00|M Tax Bill #2508|5760|50092940|0|0|    .00|9|2508|MP|
41.48|08/17/2007|2007|1|C|37.30|.00|.00|13.06|.00|2.58|.00|.00|.00|.00|.00|.00|25.84|.00|.00|.00|.00|.00|.00|.00|.00|.00|.00|.00|.00|.00|.00|.00|M Tax Bill #4541|5761|50083067|0|0|    .00|9|4541|MP|
35.29|09/10/2005|2005|1|C|32.10|.00|.00|13.78|.00|1.96|.00|.00|.00|.00|.00|.00|19.55|.00|.00|.00|.00|.00|.00|.00|.00|.00|.00|.00|.00|.00|.00|.00|M Tax Bill #2974|5761|50083067|0|0|    .00|9|2974|MP|
140.53|09/10/2005|2005|1|C|127.73|.00|.00|54.95|.00|.00|.00|.00|.00|.00|.00|.00|85.58|.00|.00|.00|.00|.00|.00|.00|.00|.00|.00|.00|.00|.00|.00|.00|M Tax Bill #3040|5762|50088498|0|0|    .00|9|3040|MP|
34.98|09/10/2005|2005|1|C|31.79|.00|.00|13.68|.00|1.94|.00|.00|.00|.00|.00|.00|19.36|.00|.00|.00|.00|.00|.00|.00|.00|.00|.00|.00|.00|.00|.00|.00|M Tax Bill #1122|5763|50068373|0|0|    .00|9|1122|MP|
.15|07/31/2006|2006|1|C|27.85|.00|.00|9.64|9.64|.00|.00|.00|.00|.00|.00|.00|19.86|19.71|.00|.00|.00|.00|.00|.00|.00|.00|.00|.00|.00|.00|.00|.00|M Tax Bill #21|5766|50074255|0|0|    .00|9|21|MP|
11.53|07/31/2006|2006|1|C|10.34|.00|.00|4.16|.00|.67|.00|.00|.00|.00|.00|.00|6.70|.00|.00|.00|.00|.00|.00|.00|.00|.00|.00|.00|.00|.00|.00|.00|M Tax Bill #273|5768|50088930|0|0|    .00|9|273|MP|
26.60|08/13/2008|2008|1|C|23.81|.00|.00|7.12|.00|1.77|.00|.00|.00|.00|.00|.00|17.71|.00|.00|.00|.00|.00|.00|.00|.00|.00|.00|.00|.00|.00|.00|.00|M Tax Bill #833|5769|50087781|0|0|    .00|9|833|MP|
22.61|08/17/2007|2007|1|C|20.21|.00|.00|7.21|.00|.00|.00|.00|.00|.00|.00|.00|15.40|.00|.00|.00|.00|.00|.00|.00|.00|.00|.00|.00|.00|.00|.00|.00|M Tax Bill #699|5769|50087781|0|0|    .00|9|699|MP|
27.77|07/31/2006|2006|1|C|25.17|.00|.00|9.82|.00|.00|.00|.00|.00|.00|.00|.00|17.95|.00|.00|.00|.00|.00|.00|.00|.00|.00|.00|.00|.00|.00|.00|.00|M Tax Bill #664|5769|50087781|0|0|    .00|9|664|MP|
7.16|08/13/2008|2008|1|C|6.36|.00|.00|1.96|.00|.47|.00|.00|.00|.00|.00|.00|4.73|.00|.00|.00|.00|.00|.00|.00|.00|.00|.00|.00|.00|.00|.00|.00|M Tax Bill #1145|5770|50095600|0|0|    .00|9|1145|MP|
8.12|08/17/2007|2007|1|C|7.32|.00|.00|2.54|.00|.51|.00|.00|.00|.00|.00|.00|5.07|.00|.00|.00|.00|.00|.00|.00|.00|.00|.00|.00|.00|.00|.00|.00|M Tax Bill #974|5770|50095600|0|0|    .00|9|974|MP|
10.66|07/31/2006|2006|1|C|9.66|.00|.00|3.77|.00|.63|.00|.00|.00|.00|.00|.00|6.26|.00|.00|.00|.00|.00|.00|.00|.00|.00|.00|.00|.00|.00|.00|.00|M Tax Bill #848|5770|50095600|0|0|    .00|9|848|MP|
169.47|08/13/2008|2008|1|C|151.15|.00|.00|45.83|.00|11.24|.00|.00|.00|.00|.00|.00|112.40|.00|.00|.00|.00|.00|.00|.00|.00|.00|.00|.00|.00|.00|.00|.00|M Tax Bill #1439|5772|50094482|0|0|    .00|9|1439|MP|
157.06|08/17/2007|2007|1|C|141.13|.00|.00|49.53|.00|9.78|.00|.00|.00|.00|.00|.00|97.75|.00|.00|.00|.00|.00|.00|.00|.00|.00|.00|.00|.00|.00|.00|.00|M Tax Bill #1155|5772|50094482|0|0|    .00|9|1155|MP|
145.07|07/31/2006|2006|1|C|131.13|.00|.00|51.57|.00|8.50|.00|.00|.00|.00|.00|.00|85.00|.00|.00|.00|.00|.00|.00|.00|.00|.00|.00|.00|.00|.00|.00|.00|M Tax Bill #1002|5772|50094482|0|0|    .00|9|1002|MP|
166.74|07/31/2006|2006|1|C|150.81|.00|.00|59.21|.00|9.78|.00|.00|.00|.00|.00|.00|97.75|.00|.00|.00|.00|.00|.00|.00|.00|.00|.00|.00|.00|.00|.00|.00|M Tax Bill #1006|5773|50092283|0|0|    .00|9|1006|MP|
38.18|07/31/2006|2006|1|C|34.40|.00|.00|13.65|.00|2.23|.00|.00|.00|.00|.00|.00|22.30|.00|.00|.00|.00|.00|.00|.00|.00|.00|.00|.00|.00|.00|.00|.00|M Tax Bill #1391|5777|50091757|0|0|    .00|9|1391|MP|
119.71|07/31/2006|2006|1|C|108.16|.00|.00|42.59|.00|7.01|.00|.00|.00|.00|.00|.00|70.11|.00|.00|.00|.00|.00|.00|.00|.00|.00|.00|.00|.00|.00|.00|.00|M Tax Bill #3167|5779|50095879|0|0|    .00|9|3167|MP|
34.00|08/13/2008|2008|1|C|30.22|.00|.00|9.28|.00|2.25|.00|.00|.00|.00|.00|.00|22.47|.00|.00|.00|.00|.00|.00|.00|.00|.00|.00|.00|.00|.00|.00|.00|M Tax Bill #4395|5780|50092845|0|0|    .00|9|4395|MP|
31.42|08/17/2007|2007|1|C|28.23|.00|.00|9.91|.00|1.96|.00|.00|.00|.00|.00|.00|19.55|.00|.00|.00|.00|.00|.00|.00|.00|.00|.00|.00|.00|.00|.00|.00|M Tax Bill #3984|5780|50092845|0|0|    .00|9|3984|MP|
29.02|07/31/2006|2006|1|C|26.23|.00|.00|10.32|.00|1.70|.00|.00|.00|.00|.00|.00|17.00|.00|.00|.00|.00|.00|.00|.00|.00|.00|.00|.00|.00|.00|.00|.00|M Tax Bill #3193|5780|50092845|0|0|    .00|9|3193|MP|
157.35|08/17/2007|2007|1|C|141.42|.00|.00|49.60|.00|9.80|.00|.00|.00|.00|.00|.00|97.95|.00|.00|.00|.00|.00|.00|.00|.00|.00|.00|.00|.00|.00|.00|.00|M Tax Bill #4022|5781|50092260|0|0|    .00|9|4022|MP|
132.25|07/31/2006|2006|1|C|119.45|.00|.00|47.08|.00|.00|.00|.00|.00|.00|.00|.00|85.17|.00|.00|.00|.00|.00|.00|.00|.00|.00|.00|.00|.00|.00|.00|.00|M Tax Bill #3223|5781|50092260|0|0|    .00|9|3223|MP|
34.00|08/13/2008|2008|1|C|30.22|.00|.00|9.28|.00|2.25|.00|.00|.00|.00|.00|.00|22.47|.00|.00|.00|.00|.00|.00|.00|.00|.00|.00|.00|.00|.00|.00|.00|M Tax Bill #4730|5782|50094223|0|0|    .00|9|4730|MP|
31.42|08/17/2007|2007|1|C|28.23|.00|.00|9.91|.00|1.96|.00|.00|.00|.00|.00|.00|19.55|.00|.00|.00|.00|.00|.00|.00|.00|.00|.00|.00|.00|.00|.00|.00|M Tax Bill #4261|5782|50094223|0|0|    .00|9|4261|MP|
29.02|07/31/2006|2006|1|C|26.23|.00|.00|10.32|.00|1.70|.00|.00|.00|.00|.00|.00|17.00|.00|.00|.00|.00|.00|.00|.00|.00|.00|.00|.00|.00|.00|.00|.00|M Tax Bill #3402|5782|50094223|0|0|    .00|9|3402|MP|
166.74|07/31/2006|2006|1|C|150.81|.00|.00|59.21|.00|9.78|.00|.00|.00|.00|.00|.00|97.75|.00|.00|.00|.00|.00|.00|.00|.00|.00|.00|.00|.00|.00|.00|.00|M Tax Bill #3478|5783|50091944|0|0|    .00|9|3478|MP|
121.94|07/31/2006|2006|1|C|110.19|.00|.00|43.37|.00|7.14|.00|.00|.00|.00|.00|.00|71.43|.00|.00|.00|.00|.00|.00|.00|.00|.00|.00|.00|.00|.00|.00|.00|M Tax Bill #3593|5784|50091533|0|0|    .00|9|3593|MP|
157.06|08/17/2007|2007|1|C|141.13|.00|.00|49.53|.00|9.78|.00|.00|.00|.00|.00|.00|97.75|.00|.00|.00|.00|.00|.00|.00|.00|.00|.00|.00|.00|.00|.00|.00|M Tax Bill #136|5786|50093578|0|0|    .00|9|136|MP|
145.07|07/31/2006|2006|1|C|131.13|.00|.00|51.57|.00|8.50|.00|.00|.00|.00|.00|.00|85.00|.00|.00|.00|.00|.00|.00|.00|.00|.00|.00|.00|.00|.00|.00|.00|M Tax Bill #135|5786|50093578|0|0|    .00|9|135|MP|
7.76|08/13/2008|2008|1|C|6.96|.00|.00|2.07|.00|.52|.00|.00|.00|.00|.00|.00|5.17|.00|.00|.00|.00|.00|.00|.00|.00|.00|.00|.00|.00|.00|.00|.00|M Tax Bill #9|5787|50090638|0|0|    .00|9|9|MP|
7.08|08/17/2007|2007|1|C|6.48|.00|.00|2.14|.00|.45|.00|.00|.00|.00|.00|.00|4.49|.00|.00|.00|.00|.00|.00|.00|.00|.00|.00|.00|.00|.00|.00|.00|M Tax Bill #6|5787|50090638|0|0|    .00|9|6|MP|
2.90|08/17/2007|2007|1|C|2.70|.00|.00|.84|.00|.19|.00|.00|.00|.00|.00|.00|1.87|.00|.00|.00|.00|.00|.00|.00|.00|.00|.00|.00|.00|.00|.00|.00|M Tax Bill #14|5788|50087995|0|0|    .00|9|14|MP|
7.82|08/17/2007|2007|1|C|7.02|.00|.00|2.47|.00|.49|.00|.00|.00|.00|.00|.00|4.86|.00|.00|.00|.00|.00|.00|.00|.00|.00|.00|.00|.00|.00|.00|.00|M Tax Bill #1081|5790|50092429|0|0|    .00|9|1081|MP|
123.48|08/17/2007|2007|1|C|110.74|.00|.00|39.11|.00|7.67|.00|.00|.00|.00|.00|.00|76.70|.00|.00|.00|.00|.00|.00|.00|.00|.00|.00|.00|.00|.00|.00|.00|M Tax Bill #1274|5792|50097893|0|0|    .00|9|1274|MP|
5.51|08/17/2007|2007|1|C|4.91|.00|.00|1.77|.00|.34|.00|.00|.00|.00|.00|.00|3.40|.00|.00|.00|.00|.00|.00|.00|.00|.00|.00|.00|.00|.00|.00|.00|M Tax Bill #1951|5794|50070061|0|0|    .00|9|1951|MP|
.36|08/17/2007|2007|1|C|63.77|.00|.00|17.31|17.31|4.42|4.42|.00|.00|.00|.00|.00|44.17|43.81|.00|.00|.00|.00|.00|.00|.00|.00|.00|.00|.00|.00|.00|.00|M Tax Bill #2897|5796|50093754|0|0|    .00|9|2897|MP|
6.74|08/17/2007|2007|1|C|6.14|.00|.00|2.06|.00|.43|.00|.00|.00|.00|.00|.00|4.25|.00|.00|.00|.00|.00|.00|.00|.00|.00|.00|.00|.00|.00|.00|.00|M Tax Bill #3343|5799|50083840|0|0|    .00|9|3343|MP|
4.59|08/17/2007|2007|1|C|8.35|.00|.00|1.32|.00|.00|.00|.00|.00|.00|.00|.00|3.27|.00|.00|.00|.00|.00|.00|.00|.00|.00|.00|.00|.00|.00|.00|.00|M Tax Bill #4717|5804|50096397|0|0|    .00|9|4717|MP|
128.24|08/13/2008|2008|1|C|114.30|.00|.00|34.74|.00|8.50|.00|.00|.00|.00|.00|.00|85.00|.00|.00|.00|.00|.00|.00|.00|.00|.00|.00|.00|.00|.00|.00|.00|M Tax Bill #536|5805|50098748|0|0|    .00|9|536|MP|
128.24|08/13/2008|2008|1|C|114.30|.00|.00|34.74|.00|8.50|.00|.00|.00|.00|.00|.00|85.00|.00|.00|.00|.00|.00|.00|.00|.00|.00|.00|.00|.00|.00|.00|.00|M Tax Bill #2139|5806|50099318|0|0|    .00|9|2139|MP|
3.33|08/13/2008|2008|1|C|2.93|.00|.00|.93|.00|.00|.00|.00|.00|.00|.00|.00|2.40|.00|.00|.00|.00|.00|.00|.00|.00|.00|.00|.00|.00|.00|.00|.00|M Tax Bill #4236|5808|50099452|0|0|    .00|9|4236|MP|
14.24|08/13/2008|2008|1|C|12.64|.00|.00|3.90|.00|.00|.00|.00|.00|.00|.00|.00|10.34|.00|.00|.00|.00|.00|.00|.00|.00|.00|.00|.00|.00|.00|.00|.00|M Tax Bill #4561|5810|50094197|0|0|    .00|9|4561|MP|
51.49|08/13/2008|2008|1|C|45.72|.00|.00|14.09|.00|3.40|.00|.00|.00|.00|.00|.00|34.00|.00|.00|.00|.00|.00|.00|.00|.00|.00|.00|.00|.00|.00|.00|.00|M Tax Bill #4849|5812|50099641|0|0|    .00|9|4849|MP|
51.49|08/13/2008|2008|1|C|45.72|.00|.00|14.09|.00|3.40|.00|.00|.00|.00|.00|.00|34.00|.00|.00|.00|.00|.00|.00|.00|.00|.00|.00|.00|.00|.00|.00|.00|M Tax Bill #5211|5813|50099267|0|0|    .00|9|5211|MP|
103.07|10/13/2011|2011|1|C|93.50|.00|.00|9.57|.00|8.50|.00|.00|.00|.00|.00|.00|85.00|.00|.00|.00|.00|.00|.00|.00|.00|.00|.00|.00|.00|.00|.00|.00|Tax Bill # 4776|5823|2344||0|    .00|8|4776|MP|
101.01|10/13/2011|2011|1|C|139.42|.00|.00|11.59|5.91|12.66|12.66|.00|.00|.00|.00|.00|126.76|31.43|.00|.00|.00|.00|.00|.00|.00|.00|.00|.00|.00|.00|.00|.00|Tax Bill # 4783|5834|3786||0|    .00|8|4783|MP|
.29|10/13/2011|2011|1|C|37.40|.00|.00|1.33|1.33|3.40|3.40|.00|.00|.00|.00|.00|34.00|33.71|.00|.00|.00|.00|.00|.00|.00|.00|.00|.00|.00|.00|.00|.00|Tax Bill # 4808|5862|3910||0|    .00|8|4808|MP|
55.65|10/13/2011|2011|1|C|50.57|.00|.00|5.08|.00|4.60|.00|.00|.00|.00|.00|.00|45.97|.00|.00|.00|.00|.00|.00|.00|.00|.00|.00|.00|.00|.00|.00|.00|Tax Bill # 4822|5878|3291||0|    .00|8|4822|MP|
62.74|10/13/2011|2011|1|C|56.88|.00|.00|5.86|.00|5.17|.00|.00|.00|.00|.00|.00|51.71|.00|.00|.00|.00|.00|.00|.00|.00|.00|.00|.00|.00|.00|.00|.00|Tax Bill # 4824|5880|3911||0|    .00|8|4824|MP|
360.59|10/13/2011|2011|1|C|327.10|.00|.00|33.49|.00|29.74|.00|.00|.00|.00|.00|.00|297.36|.00|.00|.00|.00|.00|.00|.00|.00|.00|.00|.00|.00|.00|.00|.00|Tax Bill # 4828|5886|4999||0|    .00|8|4828|MP|
322.80|11/11/2011|2011|1|C|292.74|.00|.00|30.06|.00|48.79|.00|.00|.00|.00|.00|.00|243.95|.00|.00|.00|.00|.00|.00|.00|.00|.00|.00|.00|.00|.00|.00|.00|M Tax Bill #3333|5890|2533|0|0|    .00|8|3333|MP|
280.67|10/13/2011|2011|1|C|326.19|.00|.00|26.10|.00|52.79|29.65|.00|.00|.00|.00|.00|527.97|296.54|.00|.00|.00|.00|.00|.00|.00|.00|.00|.00|.00|.00|.00|.00|Tax Bill # 4829|5890|2533||0|    .00|8|4829|MP|
20.61|10/13/2011|2011|1|C|18.70|.00|.00|1.91|.00|1.70|.00|.00|.00|.00|.00|.00|17.00|.00|.00|.00|.00|.00|.00|.00|.00|.00|.00|.00|.00|.00|.00|.00|Tax Bill # 4834|5901|1827||0|    .00|8|4834|MP|
118.55|10/13/2011|2011|1|C|107.49|.00|.00|11.06|.00|.00|.00|.00|.00|.00|.00|.00|107.49|.00|.00|.00|.00|.00|.00|.00|.00|.00|.00|.00|.00|.00|.00|.00|Tax Bill # 4836|5903|2503||0|    .00|8|4836|MP|
81.86|10/13/2011|2011|1|C|74.21|.00|.00|7.65|.00|6.75|.00|.00|.00|.00|.00|.00|67.46|.00|.00|.00|.00|.00|.00|.00|.00|.00|.00|.00|.00|.00|.00|.00|Tax Bill # 4837|5904|4600||0|    .00|8|4837|MP|
43.50|10/13/2011|2011|1|C|39.41|.00|.00|4.09|.00|3.58|.00|.00|.00|.00|.00|.00|35.83|.00|.00|.00|.00|.00|.00|.00|.00|.00|.00|.00|.00|.00|.00|.00|Tax Bill # 4869|5940|1483||0|    .00|8|4869|MP|
37.23|10/13/2011|2011|1|C|33.81|.00|.00|3.42|.00|3.07|.00|.00|.00|.00|.00|.00|30.74|.00|.00|.00|.00|.00|.00|.00|.00|.00|.00|.00|.00|.00|.00|.00|Tax Bill # 4882|5955|5495||0|    .00|8|4882|MP|
20.61|10/13/2011|2011|1|C|18.70|.00|.00|1.91|.00|1.70|.00|.00|.00|.00|.00|.00|17.00|.00|.00|.00|.00|.00|.00|.00|.00|.00|.00|.00|.00|.00|.00|.00|Tax Bill # 4894|5973|1734||0|    .00|8|4894|MP|
1.50|10/13/2011|2011|1|C|187.00|.00|.00|6.65|6.56|17.00|17.00|.00|.00|.00|.00|.00|170.00|168.59|.00|.00|.00|.00|.00|.00|.00|.00|.00|.00|.00|.00|.00|.00|Tax Bill # 4900|5982|2507||0|    .00|8|4900|MP|
20.61|10/13/2011|2011|1|C|18.70|.00|.00|1.91|.00|1.70|.00|.00|.00|.00|.00|.00|17.00|.00|.00|.00|.00|.00|.00|.00|.00|.00|.00|.00|.00|.00|.00|.00|Tax Bill # 4904|5986|2203||0|    .00|8|4904|MP|
20.61|10/13/2011|2011|1|C|18.70|.00|.00|1.91|.00|1.70|.00|.00|.00|.00|.00|.00|17.00|.00|.00|.00|.00|.00|.00|.00|.00|.00|.00|.00|.00|.00|.00|.00|Tax Bill # 4914|5999|2353||0|    .00|8|4914|MP|
118.49|10/13/2011|2011|1|C|107.53|.00|.00|10.96|.00|9.78|.00|.00|.00|.00|.00|.00|97.75|.00|.00|.00|.00|.00|.00|.00|.00|.00|.00|.00|.00|.00|.00|.00|Tax Bill # 4940|6033|4197||0|    .00|8|4940|MP|
3.45|10/13/2011|2011|1|C|93.50|.00|.00|3.45|3.27|8.50|8.50|.00|.00|.00|.00|.00|85.00|81.73|.00|.00|.00|.00|.00|.00|.00|.00|.00|.00|.00|.00|.00|.00|Tax Bill # 4950|6046|5187||0|    .00|8|4950|MP|
20.61|10/13/2011|2011|1|C|18.70|.00|.00|1.91|.00|1.70|.00|.00|.00|.00|.00|.00|17.00|.00|.00|.00|.00|.00|.00|.00|.00|.00|.00|.00|.00|.00|.00|.00|Tax Bill # 4953|6050|1774||0|    .00|8|4953|MP|
206.25|10/13/2011|2011|1|C|187.00|.00|.00|19.25|.00|17.00|.00|.00|.00|.00|.00|.00|170.00|.00|.00|.00|.00|.00|.00|.00|.00|.00|.00|.00|.00|.00|.00|.00|Tax Bill # 4962|6064|1792||0|    .00|8|4962|MP|
20.61|10/13/2011|2011|1|C|18.70|.00|.00|1.91|.00|1.70|.00|.00|.00|.00|.00|.00|17.00|.00|.00|.00|.00|.00|.00|.00|.00|.00|.00|.00|.00|.00|.00|.00|Tax Bill # 4969|6072|2311||0|    .00|8|4969|MP|
34.61|10/13/2011|2011|1|C|31.45|.00|.00|3.16|.00|2.86|.00|.00|.00|.00|.00|.00|28.59|.00|.00|.00|.00|.00|.00|.00|.00|.00|.00|.00|.00|.00|.00|.00|Tax Bill # 4972|6076|4842||0|    .00|8|4972|MP|
118.49|10/13/2011|2011|1|C|107.53|.00|.00|10.96|.00|9.78|.00|.00|.00|.00|.00|.00|97.75|.00|.00|.00|.00|.00|.00|.00|.00|.00|.00|.00|.00|.00|.00|.00|Tax Bill # 4973|6081|3932||0|    .00|8|4973|MP|
136.23|10/13/2011|2011|1|C|123.64|.00|.00|12.59|.00|11.24|.00|.00|.00|.00|.00|.00|112.40|.00|.00|.00|.00|.00|.00|.00|.00|.00|.00|.00|.00|.00|.00|.00|Tax Bill # 4975|6083|3631||0|    .00|8|4975|MP|
572.20|10/13/2011|2011|1|C|519.03|.00|.00|53.17|.00|47.18|.00|.00|.00|.00|.00|.00|471.85|.00|.00|.00|.00|.00|.00|.00|.00|.00|.00|.00|.00|.00|.00|.00|Tax Bill # 4976|6084|3514||0|    .00|8|4976|MP|
191.35|10/13/2011|2011|1|C|173.57|.00|.00|17.78|.00|15.78|.00|.00|.00|.00|.00|.00|157.79|.00|.00|.00|.00|.00|.00|.00|.00|.00|.00|.00|.00|.00|.00|.00|Tax Bill # 4981|6089|3683||0|    .00|8|4981|MP|
.14|10/13/2011|2011|1|C|2,407.33|.00|.00|66.34|66.34|218.85|218.85|.00|.00|.00|.00|.00|2,188.48|2,188.34|.00|.00|.00|.00|.00|.00|.00|.00|.00|.00|.00|.00|.00|.00|Tax Bill # 4982|6090|2492||0|    .00|8|4982|MP|
118.49|10/13/2011|2011|1|C|107.53|.00|.00|10.96|.00|9.78|.00|.00|.00|.00|.00|.00|97.75|.00|.00|.00|.00|.00|.00|.00|.00|.00|.00|.00|.00|.00|.00|.00|Tax Bill # 4986|6095|5512||0|    .00|8|4986|MP|
6.24|10/13/2011|2011|1|C|5.69|.00|.00|.55|.00|.52|.00|.00|.00|.00|.00|.00|5.17|.00|.00|.00|.00|.00|.00|.00|.00|.00|.00|.00|.00|.00|.00|.00|Tax Bill # 4987|6096|1357||0|    .00|8|4987|MP|
260.65|10/13/2011|2011|1|C|236.45|.00|.00|24.20|.00|21.50|.00|.00|.00|.00|.00|.00|214.95|.00|.00|.00|.00|.00|.00|.00|.00|.00|.00|.00|.00|.00|.00|.00|Tax Bill # 4989|6100|532||0|    .00|8|4989|MP|
618.31|10/13/2011|2011|1|C|560.89|.00|.00|57.42|.00|50.99|.00|.00|.00|.00|.00|.00|509.90|.00|.00|.00|.00|.00|.00|.00|.00|.00|.00|.00|.00|.00|.00|.00|Tax Bill # 4990|6101|5744||0|    .00|8|4990|MP|
79.56|10/13/2011|2011|1|C|72.18|.00|.00|7.38|.00|6.56|.00|.00|.00|.00|.00|.00|65.62|.00|.00|.00|.00|.00|.00|.00|.00|.00|.00|.00|.00|.00|.00|.00|Tax Bill # 4991|6103|4881||0|    .00|8|4991|MP|
6.08|10/13/2011|2011|1|C|5.53|.00|.00|.55|.00|.50|.00|.00|.00|.00|.00|.00|5.03|.00|.00|.00|.00|.00|.00|.00|.00|.00|.00|.00|.00|.00|.00|.00|Tax Bill # 4997|6109|2563||0|    .00|8|4997|MP|
102.81|10/13/2011|2011|1|C|93.24|.00|.00|9.57|.00|8.48|.00|.00|.00|.00|.00|.00|84.76|.00|.00|.00|.00|.00|.00|.00|.00|.00|.00|.00|.00|.00|.00|.00|Tax Bill # 5005|6119|794||0|    .00|8|5005|MP|
.42|10/13/2011|2011|1|C|5.69|.00|.00|.27|.27|.52|.52|.00|.00|.00|.00|.00|5.17|4.75|.00|.00|.00|.00|.00|.00|.00|.00|.00|.00|.00|.00|.00|.00|Tax Bill # 5008|6124|1358||0|    .00|8|5008|MP|
156.82|10/13/2011|2011|1|C|142.20|.00|.00|14.62|.00|12.93|.00|.00|.00|.00|.00|.00|129.27|.00|.00|.00|.00|.00|.00|.00|.00|.00|.00|.00|.00|.00|.00|.00|Tax Bill # 5055|6190|4401||0|    .00|8|5055|MP|
.40|10/13/2011|2011|1|C|20.02|.00|.00|.40|.40|.00|.00|.00|.00|.00|.00|.00|20.02|19.62|.00|.00|.00|.00|.00|.00|.00|.00|.00|.00|.00|.00|.00|.00|Tax Bill # 5056|6192|3731||0|    .00|8|5056|MP|
103.07|10/13/2011|2011|1|C|93.50|.00|.00|9.57|.00|8.50|.00|.00|.00|.00|.00|.00|85.00|.00|.00|.00|.00|.00|.00|.00|.00|.00|.00|.00|.00|.00|.00|.00|Tax Bill # 5057|6193|5157||0|    .00|8|5057|MP|
29.02|10/13/2011|2011|1|C|26.29|.00|.00|2.73|.00|2.39|.00|.00|.00|.00|.00|.00|23.90|.00|.00|.00|.00|.00|.00|.00|.00|.00|.00|.00|.00|.00|.00|.00|Tax Bill # 5069|6208|5420||0|    .00|8|5069|MP|
120.16|10/13/2011|2011|1|C|109.07|.00|.00|11.09|.00|9.92|.00|.00|.00|.00|.00|.00|99.15|.00|.00|.00|.00|.00|.00|.00|.00|.00|.00|.00|.00|.00|.00|.00|Tax Bill # 5074|6215|4921||0|    .00|8|5074|MP|
152.59|10/13/2011|2011|1|C|138.49|.00|.00|14.10|.00|12.59|.00|.00|.00|.00|.00|.00|125.90|.00|.00|.00|.00|.00|.00|.00|.00|.00|.00|.00|.00|.00|.00|.00|Tax Bill # 5076|6218|4152||0|    .00|8|5076|MP|
41.34|10/13/2011|2011|1|C|37.40|.00|.00|3.94|.00|3.40|.00|.00|.00|.00|.00|.00|34.00|.00|.00|.00|.00|.00|.00|.00|.00|.00|.00|.00|.00|.00|.00|.00|Tax Bill # 5078|6223|1831||0|    .00|8|5078|MP|
.89|10/13/2011|2011|1|C|107.53|.00|.00|3.85|3.76|9.78|9.78|.00|.00|.00|.00|.00|97.75|96.95|.00|.00|.00|.00|.00|.00|.00|.00|.00|.00|.00|.00|.00|.00|Tax Bill # 5088|6234|4596||0|    .00|8|5088|MP|
27.80|10/13/2011|2011|1|C|25.20|.00|.00|2.60|.00|2.29|.00|.00|.00|.00|.00|.00|22.91|.00|.00|.00|.00|.00|.00|.00|.00|.00|.00|.00|.00|.00|.00|.00|Tax Bill # 5094|6244|1175||0|    .00|8|5094|MP|
34.19|10/13/2011|2011|1|C|31.04|.00|.00|3.15|.00|2.82|.00|.00|.00|.00|.00|.00|28.22|.00|.00|.00|.00|.00|.00|.00|.00|.00|.00|.00|.00|.00|.00|.00|Tax Bill # 5108|6260|4453||0|    .00|8|5108|MP|
22.52|10/13/2011|2011|1|C|20.46|.00|.00|2.06|.00|1.87|.00|.00|.00|.00|.00|.00|18.59|.00|.00|.00|.00|.00|.00|.00|.00|.00|.00|.00|.00|.00|.00|.00|Tax Bill # 5109|6261|1518||0|    .00|8|5109|MP|
103.07|10/13/2011|2011|1|C|93.50|.00|.00|9.57|.00|8.50|.00|.00|.00|.00|.00|.00|85.00|.00|.00|.00|.00|.00|.00|.00|.00|.00|.00|.00|.00|.00|.00|.00|Tax Bill # 5123|6278|2328||0|    .00|8|5123|MP|
27.31|10/13/2011|2011|1|C|24.72|.00|.00|2.59|.00|2.25|.00|.00|.00|.00|.00|.00|22.47|.00|.00|.00|.00|.00|.00|.00|.00|.00|.00|.00|.00|.00|.00|.00|Tax Bill # 5131|6288|5651||0|    .00|8|5131|MP|
.29|10/13/2011|2011|1|C|37.40|.00|.00|1.33|1.33|3.40|3.40|.00|.00|.00|.00|.00|34.00|33.71|.00|.00|.00|.00|.00|.00|.00|.00|.00|.00|.00|.00|.00|.00|Tax Bill # 5134|6294|2330||0|    .00|8|5134|MP|
14.20|10/13/2011|2011|1|C|12.85|.00|.00|1.35|.00|1.17|.00|.00|.00|.00|.00|.00|11.68|.00|.00|.00|.00|.00|.00|.00|.00|.00|.00|.00|.00|.00|.00|.00|Tax Bill # 5160|6324|1306||0|    .00|8|5160|MP|
56.36|10/13/2011|2011|1|C|51.16|.00|.00|5.20|.00|4.65|.00|.00|.00|.00|.00|.00|46.51|.00|.00|.00|.00|.00|.00|.00|.00|.00|.00|.00|.00|.00|.00|.00|Tax Bill # 5161|6325|1353||0|    .00|8|5161|MP|
1.69|10/13/2011|2011|1|C|94.54|.00|.00|2.69|2.59|8.60|8.60|.00|.00|.00|.00|.00|85.94|84.35|.00|.00|.00|.00|.00|.00|.00|.00|.00|.00|.00|.00|.00|.00|Tax Bill # 5172|6339|5888||0|    .00|8|5172|MP|
10.84|10/13/2011|2011|1|C|9.76|.00|.00|1.08|.00|.89|.00|.00|.00|.00|.00|.00|8.87|.00|.00|.00|.00|.00|.00|.00|.00|.00|.00|.00|.00|.00|.00|.00|Tax Bill # 5174|6341|3969||0|    .00|8|5174|MP|
