Line 25: Property Icon in frmCustAddEdit had an invalid file reference.
Line 85: Property TabCaption in vaTabPro1 had an invalid file reference.
Line 86: Property PageEarMarkPictureNext in vaTabPro1 had an invalid file reference.
Line 87: Property PageEarMarkPicturePrev in vaTabPro1 had an invalid file reference.
Line 88: Property EarMarkPictureNext in vaTabPro1 had an invalid file reference.
Line 89: Property EarMarkPicturePrev in vaTabPro1 had an invalid file reference.
Line 113: Property Picture in vaImprint4 had an invalid file reference.
Line 231: Property ColDesigner in fpLocUnit had an invalid file reference.
Line 350: Property ColDesigner in fpLocMType had an invalid file reference.
Line 469: Property ColDesigner in fpLocMType had an invalid file reference.
Line 588: Property ColDesigner in fpLocMType had an invalid file reference.
Line 707: Property ColDesigner in fpLocMType had an invalid file reference.
Line 826: Property ColDesigner in fpLocMType had an invalid file reference.
Line 945: Property ColDesigner in fpLocMType had an invalid file reference.
Line 1064: Property ColDesigner in fpLocMType had an invalid file reference.
Line 1183: Property ColDesigner in fpLocUnit had an invalid file reference.
Line 1302: Property ColDesigner in fpLocUnit had an invalid file reference.
Line 1421: Property ColDesigner in fpLocUnit had an invalid file reference.
Line 1540: Property ColDesigner in fpLocUnit had an invalid file reference.
Line 1659: Property ColDesigner in fpLocUnit had an invalid file reference.
Line 1778: Property ColDesigner in fpLocUnit had an invalid file reference.
Line 2108: Property ButtonDesigner in fpBtn4 had an invalid file reference.
Line 2145: Property ButtonDesigner in fpBtn6 had an invalid file reference.
Line 8046: Property Picture in vaImprint3 had an invalid file reference.
Line 8164: Property ColDesigner in fpServMType had an invalid file reference.
Line 8283: Property ColDesigner in fpServMType had an invalid file reference.
Line 8402: Property ColDesigner in fpServMType had an invalid file reference.
Line 8521: Property ColDesigner in fpServMType had an invalid file reference.
Line 8640: Property ColDesigner in fpServMType had an invalid file reference.
Line 8759: Property ColDesigner in fpServMType had an invalid file reference.
Line 8878: Property ColDesigner in fpServMType had an invalid file reference.
Line 8997: Property ColDesigner in fpServMType had an invalid file reference.
Line 9116: Property ColDesigner in fpServMType had an invalid file reference.
Line 9235: Property ColDesigner in fpServMType had an invalid file reference.
Line 9354: Property ColDesigner in fpServMType had an invalid file reference.
Line 9473: Property ColDesigner in fpServMType had an invalid file reference.
Line 9592: Property ColDesigner in fpServMType had an invalid file reference.
Line 9711: Property ColDesigner in fpServMType had an invalid file reference.
Line 9830: Property ColDesigner in fpServMType had an invalid file reference.
Line 9949: Property ColDesigner in fpServCode had an invalid file reference.
Line 10068: Property ColDesigner in fpServCode had an invalid file reference.
Line 10187: Property ColDesigner in fpServCode had an invalid file reference.
Line 10306: Property ColDesigner in fpServCode had an invalid file reference.
Line 10425: Property ColDesigner in fpServCode had an invalid file reference.
Line 10544: Property ColDesigner in fpServCode had an invalid file reference.
Line 10663: Property ColDesigner in fpServCode had an invalid file reference.
Line 10782: Property ColDesigner in fpServCode had an invalid file reference.
Line 10901: Property ColDesigner in fpServCode had an invalid file reference.
Line 11020: Property ColDesigner in fpServCode had an invalid file reference.
Line 11139: Property ColDesigner in fpServCode had an invalid file reference.
Line 11258: Property ColDesigner in fpServCode had an invalid file reference.
Line 11377: Property ColDesigner in fpServCode had an invalid file reference.
Line 11496: Property ColDesigner in fpServCode had an invalid file reference.
Line 11615: Property ColDesigner in fpServCode had an invalid file reference.
Line 12028: Property ButtonDesigner in fpBtn3 had an invalid file reference.
Line 12065: Property ButtonDesigner in fpBtn5 had an invalid file reference.
Line 12478: Property ButtonDesigner in fpBtn7 had an invalid file reference.
Line 14331: Property Picture in vaImprint2 had an invalid file reference.
Line 14457: Property ButtonDesigner in fpBtn2 had an invalid file reference.
Line 14494: Property ButtonDesigner in fpBtn1 had an invalid file reference.
Line 16549: Property Picture in vaImprint1 had an invalid file reference.
Line 16666: Property ColDesigner in fpStatus had an invalid file reference.
Line 16994: Property ButtonDesigner in btnPages had an invalid file reference.
Line 17217: Property ButtonDesigner in btnPageInfo had an invalid file reference.
Line 19495: Property ButtonDesigner in btnPgUp had an invalid file reference.
Line 19532: Property ButtonDesigner in btnPgDn had an invalid file reference.
Line 19569: Property ButtonDesigner in fpCmdSave had an invalid file reference.
Line 19606: Property ButtonDesigner in fpCmdExit had an invalid file reference.
Line 19643: Property ButtonDesigner in fpCmdOwner had an invalid file reference.
Line 19680: Property ButtonDesigner in fpCmdConHist had an invalid file reference.
Line 19717: Property ButtonDesigner in fpCmfTranHist had an invalid file reference.
Line 19754: Property ButtonDesigner in fpCmdWorkHist had an invalid file reference.
Line 19791: Property ButtonDesigner in fpCmdHHC had an invalid file reference.
Line 19869: Property ButtonDesigner in fpCmdMsg had an invalid file reference.
